[2016.01.05-20.55.58:985][  0]Log file open, 01/05/16 14:55:58
[2016.01.05-20.55.58:985][  0]LogInit:Display: Running engine for game: Project0Zero
[2016.01.05-20.55.58:985][  0]LogPlatformFile: Not using cached read wrapper
[2016.01.05-20.55.58:985][  0]LogInit:Display: RandInit(529441296) SRandInit(529441317).
[2016.01.05-20.55.58:985][  0]LogTaskGraph: Started task graph with 4 named threads and 7 total threads.
[2016.01.05-20.55.58:985][  0]LogStats: Stats thread started at 0.093958
[2016.01.05-20.55.58:985][  0]LogInit: Version: 4.10.1-2791327+++depot+UE4-Releases+4.10
[2016.01.05-20.55.58:985][  0]LogInit: API Version: 2758231
[2016.01.05-20.55.58:985][  0]LogInit: Compiled (64-bit): Dec  4 2015 19:44:40
[2016.01.05-20.55.58:985][  0]LogInit: Compiled with Visual C++: 19.00.23026.00
[2016.01.05-20.55.58:985][  0]LogInit: Build Configuration: Development
[2016.01.05-20.55.58:985][  0]LogInit: Branch Name: ++depot+UE4-Releases+4.10
[2016.01.05-20.55.58:985][  0]LogInit: Command line:  
[2016.01.05-20.55.58:985][  0]LogInit: Base directory: C:/Program Files/Epic Games/4.10/Engine/Binaries/Win64/
[2016.01.05-20.55.58:985][  0]LogInit: Rocket: 1
[2016.01.05-20.55.58:998][  0]LogInit: Using libcurl 7.41.0
[2016.01.05-20.55.58:999][  0]LogInit:  - built for x86_64-pc-win32
[2016.01.05-20.55.58:999][  0]LogInit:  - supports SSL with WinSSL
[2016.01.05-20.55.58:999][  0]LogInit:  - other features:
[2016.01.05-20.55.58:999][  0]LogInit:      CURL_VERSION_SSL
[2016.01.05-20.55.58:999][  0]LogInit:      CURL_VERSION_IPV6
[2016.01.05-20.55.58:999][  0]LogInit:      CURL_VERSION_ASYNCHDNS
[2016.01.05-20.55.58:999][  0]LogInit:      CURL_VERSION_LARGEFILE
[2016.01.05-20.55.58:999][  0]LogInit:      CURL_VERSION_IDN
[2016.01.05-20.55.58:999][  0]LogInit:  CurlRequestOptions (configurable via config and command line):
[2016.01.05-20.55.58:999][  0]LogInit:  - bVerifyPeer = true  - Libcurl will verify peer certificate
[2016.01.05-20.55.58:999][  0]LogInit:  - bUseHttpProxy = false  - Libcurl will NOT use HTTP proxy
[2016.01.05-20.55.58:999][  0]LogInit:  - bDontReuseConnections = false  - Libcurl will reuse connections
[2016.01.05-20.55.58:999][  0]LogInit:  - CertBundlePath = nullptr  - Libcurl will use whatever was configured at build time.
[2016.01.05-20.55.59:008][  0]LogInit: Presizing for 0 objects not considered by GC, pre-allocating 0 bytes.
[2016.01.05-20.55.59:017][  0]LogInit: Object subsystem initialized
[2016.01.05-20.55.59:018][  0]LogInit: Selected Device Profile: [Windows]
[2016.01.05-20.55.59:018][  0]LogInit: Applying CVar settings loaded from the selected device profile: [Windows]
[2016.01.05-20.55.59:136][  0]LogInit: Computer: COMPUTER_
[2016.01.05-20.55.59:136][  0]LogInit: User: seths000
[2016.01.05-20.55.59:136][  0]LogInit: CPU Page size=4096, Cores=4
[2016.01.05-20.55.59:136][  0]LogInit: High frequency timer resolution =14.318180 MHz
[2016.01.05-20.55.59:136][  0]LogMemory: Memory total: Physical=8.0GB (8GB approx)
[2016.01.05-20.55.59:136][  0]LogMemory: Platform Memory Stats for Windows
[2016.01.05-20.55.59:136][  0]LogMemory: Process Physical Memory: 56.39 MB used, 56.39 MB peak
[2016.01.05-20.55.59:136][  0]LogMemory: Process Virtual Memory: 56.86 MB used, 56.86 MB peak
[2016.01.05-20.55.59:136][  0]LogMemory: Physical Memory: 6180.33 MB used, 8173.55 MB total
[2016.01.05-20.55.59:136][  0]LogMemory: Virtual Memory: 378.86 MB used, 134217728.00 MB total
[2016.01.05-20.55.59:391][  0]LogTextLocalizationManager: No specific translations for ('en-US') exist, so ('en') translations will be used.
[2016.01.05-20.56.00:505][  0]LogD3D11RHI: Found D3D11 adapter 0: AMD Radeon HD 7900 Series (Feature Level 11_0)
[2016.01.05-20.56.00:505][  0]LogD3D11RHI: Adapter has 3054MB of dedicated video memory, 0MB of dedicated system memory, and 4086MB of shared system memory, 1 output[s]
[2016.01.05-20.56.00:507][  0]LogD3D11RHI: Found D3D11 adapter 1: Microsoft Basic Render Driver (Feature Level 11_0)
[2016.01.05-20.56.00:507][  0]LogD3D11RHI: Adapter has 0MB of dedicated video memory, 0MB of dedicated system memory, and 4086MB of shared system memory, 0 output[s]
[2016.01.05-20.56.00:507][  0]LogD3D11RHI: Chosen D3D11 Adapter Id = 0
[2016.01.05-20.56.00:516][  0]LogD3D11RHI: !Direct3DDevice
[2016.01.05-20.56.00:516][  0]LogRHI: Texture pool is 1361 MB (70% of 1945 MB)
[2016.01.05-20.56.00:525][  0]LogD3D11RHI: Async texture creation disabled: no driver support
[2016.01.05-20.56.00:536][  0]LogShaderCompilers: Guid format shader working directory is -38 characters bigger than the processId version (../../../../../../Users/seths_000/Dropbox (Project0)/Project0 Team Folder/Project0Zero/Intermediate/Shaders/WorkingDirectory/23088/).
[2016.01.05-20.56.00:536][  0]LogShaderCompilers: Cleaned the shader compiler working directory 'C:/Users/SETHS_~1/AppData/Local/Temp/UnrealShaderWorkingDir/C43D0B1E48D8386A1A233F880EEB6BDF/'.
[2016.01.05-20.56.00:536][  0]LogShaderCompilers:Display: Using Local Shader Compiler.
[2016.01.05-20.56.10:608][  0]LogTemp:Display: Loaded TP AllDesktopTargetPlatform
[2016.01.05-20.56.10:614][  0]LogTemp:Display: Loaded TP WindowsClientTargetPlatform
[2016.01.05-20.56.10:622][  0]LogTemp:Display: Loaded TP WindowsNoEditorTargetPlatform
[2016.01.05-20.56.10:629][  0]LogTemp:Display: Loaded TP WindowsServerTargetPlatform
[2016.01.05-20.56.10:635][  0]LogTemp:Display: Loaded TP WindowsTargetPlatform
[2016.01.05-20.56.10:642][  0]LogTemp:Display: Loaded TP AndroidTargetPlatform
[2016.01.05-20.56.10:646][  0]LogTemp:Display: Loaded TP Android_ASTCTargetPlatform
[2016.01.05-20.56.10:650][  0]LogTemp:Display: Loaded TP Android_ATCTargetPlatform
[2016.01.05-20.56.10:657][  0]LogTemp:Display: Loaded TP Android_DXTTargetPlatform
[2016.01.05-20.56.10:664][  0]LogTemp:Display: Loaded TP Android_ETC1TargetPlatform
[2016.01.05-20.56.10:669][  0]LogTemp:Display: Loaded TP Android_ETC2TargetPlatform
[2016.01.05-20.56.10:680][  0]LogTemp:Display: Loaded TP Android_MultiTargetPlatform
[2016.01.05-20.56.10:681][  0]LogTemp:Display: Loaded TP Android_PVRTCTargetPlatform
[2016.01.05-20.56.10:682][  0]LogTemp:Display: Loaded TP HTML5TargetPlatform
[2016.01.05-20.56.10:705][  0]LogTemp:Display: Loaded TP IOSTargetPlatform
[2016.01.05-20.56.10:709][  0]LogTemp:Display: Loaded TP LinuxNoEditorTargetPlatform
[2016.01.05-20.56.10:714][  0]LogTemp:Display: Loaded TP LinuxServerTargetPlatform
[2016.01.05-20.56.10:734][  0]LogTemp:Display: Loaded TP LinuxTargetPlatform
[2016.01.05-20.56.10:734][  0]LogTargetPlatformManager:Display: Building Assets For Windows
[2016.01.05-20.56.10:844][  0]LogDerivedDataCache:Display: Max Cache Size: 512 MB
[2016.01.05-20.56.10:953][  0]LogDerivedDataCache: Loaded boot cache 0.11s 41MB C:/Users/seths_000/AppData/Local/UnrealEngine/4.10/DerivedDataCache/Boot.ddc.
[2016.01.05-20.56.10:953][  0]LogDerivedDataCache:Display: Loaded Boot cache: C:/Users/seths_000/AppData/Local/UnrealEngine/4.10/DerivedDataCache/Boot.ddc
[2016.01.05-20.56.10:954][  0]LogDerivedDataCache: FDerivedDataBackendGraph:  Pak pak cache file ../../../../../../Users/seths_000/Dropbox (Project0)/Project0 Team Folder/Project0Zero/DerivedDataCache/DDC.ddp not found, will not use a pak cache.
[2016.01.05-20.56.10:954][  0]LogDerivedDataCache: Unable to find inner node Pak for hierarchical cache Hierarchy.
[2016.01.05-20.56.10:954][  0]LogDerivedDataCache: FDerivedDataBackendGraph:  CompressedPak pak cache file ../../../../../../Users/seths_000/Dropbox (Project0)/Project0 Team Folder/Project0Zero/DerivedDataCache/Compressed.ddp not found, will not use a pak cache.
[2016.01.05-20.56.10:954][  0]LogDerivedDataCache: Unable to find inner node CompressedPak for hierarchical cache Hierarchy.
[2016.01.05-20.56.11:082][  0]LogDerivedDataCache:Display: Pak cache opened for reading ../../../Engine/DerivedDataCache/Compressed.ddp.
[2016.01.05-20.56.11:095][  0]LogDerivedDataCache: Using Local data cache path C:/Users/seths_000/AppData/Local/UnrealEngine/Common/DerivedDataCache: Writable
[2016.01.05-20.56.11:876][  0]LogInit: Selected Device Profile: [Windows]
[2016.01.05-20.56.11:880][  0]LogContentStreaming: Texture pool size is 0.000000MB
[2016.01.05-20.56.12:389][  0]LogMeshUtilities: No automatic mesh reduction module available
[2016.01.05-20.56.12:389][  0]LogMeshUtilities: No automatic mesh merging module available
[2016.01.05-20.56.16:245][  0]LogInit: WinSock: version 1.1 (2.2), MaxSocks=32767, MaxUdp=65467
[2016.01.05-20.56.51:138][  0]UdpMessaging: Initializing bridge on interface 0.0.0.0:0 to multicast group 230.0.0.1:6666.
[2016.01.05-20.56.51:757][  0]LogAssetRegistry: FAssetRegistry took 0.0120 seconds to start up
[2016.01.05-20.56.53:154][  0]SourceControl: Info Source control is disabled
[2016.01.05-20.56.53:898][  0]SourceControl: Info Source control is disabled
[2016.01.05-20.56.53:916][  0]SourceControl: Info Source control is disabled
[2016.01.05-20.56.53:936][  0]SourceControl: Info Source control is disabled
[2016.01.05-20.56.55:673][  0]LogObj: 28633 objects as part of root set at end of initial load.
[2016.01.05-20.56.55:673][  0]LogUObjectAllocator: 6099744 out of 0 bytes used by permanent object pool.
[2016.01.05-20.56.55:792][  0]LogEngine: Initializing Engine...
[2016.01.05-20.56.55:797][  0]LogHMD: Can't find Oculus library dev build: is proper Runtime installed? Version: 0.8.0.0
[2016.01.05-20.56.55:805][  0]LogHMD: SteamVR failed to initialize.  Err: 108
[2016.01.05-20.56.56:550][  0]LogAIModule: Creating AISystem for world NewWorld
[2016.01.05-20.56.56:583][  0]LogInit: XAudio2 using 'Speakers (5- Logitech G35 Headset)' : 2 channels at 44.1 kHz using 16 bits per sample (channel mask 0x3)
[2016.01.05-20.56.56:598][  0]LogInit: FAudioDevice initialized.
[2016.01.05-20.56.56:657][  0]LogDerivedDataCache: Saved boot cache 0.06s 41MB C:/Users/seths_000/AppData/Local/UnrealEngine/4.10/DerivedDataCache/Boot.ddc.
[2016.01.05-20.56.56:680][  0]LogInit: Texture streaming: Enabled
[2016.01.05-20.56.56:710][  0]LogAnalytics: Creating configured Analytics provider AnalyticsET
[2016.01.05-20.56.56:711][  0]LogAnalytics: [UEEditor.Rocket.Release] APIServer = http://et2.epicgames.com/ET2/. AppVersion = 4.10.1-2791327+++depot+UE4-Releases+4.10
[2016.01.05-20.56.56:711][  0]LogAnalytics: [UEEditor.Rocket.Release] SetUserId d2d90c3d496d435247748b8a862ba2f4|29c3d26b1a8645a790439f2c686e792d|d2c3fc38-7c6d-41c3-b91c-9e8c3168caa7
[2016.01.05-20.56.56:711][  0]LogAnalytics: [UEEditor.Rocket.Release] AnalyticsET::StartSession
[2016.01.05-20.56.56:797][  0]LogInit: Transaction tracking system initialized
[2016.01.05-20.56.57:120][  0]BlueprintLog: New page: Editor Load
[2016.01.05-20.56.59:346][  0]LocalizationService: Info Localization service is disabled
[2016.01.05-20.57.04:319][  0]LogConsoleResponse:Display: 
[2016.01.05-20.57.08:303][  0]LogFileCache: Scanning file cache for directory 'C:/Users/seths_000/Dropbox (Project0)/Project0 Team Folder/Project0Zero/Content/' took 0.02s
[2016.01.05-20.57.08:303][  0]LogCook:Display: Done creating registry. It took  0.00s.
[2016.01.05-20.57.09:726][  0]SourceControl: Info Source control is disabled
[2016.01.05-20.57.09:726][  0]Cmd: MAP LOAD FILE="../../../Engine/Content/Maps/Templates/Template_Default.umap" TEMPLATE=1 SHOWPROGRESS=1 FEATURELEVEL=3
[2016.01.05-20.57.10:120][  0]LightingResults: New page: Lighting Build
[2016.01.05-20.57.10:129][  0]MapCheck: New page: Map Check
[2016.01.05-20.57.10:129][  0]LightingResults: New page: Lighting Build
[2016.01.05-20.57.10:150][  0]LogParticles: Destroying 0 GPU particle simulations for FXSystem 0x00000036C7BC2160
[2016.01.05-20.57.11:625][  0]LogAIModule: Creating AISystem for world Untitled_1
[2016.01.05-20.57.11:713][  0]LogEditorServer: Finished looking for orphan Actors (0.000 secs)
[2016.01.05-20.57.11:754][  0]Cmd: MAP CHECKDEP NOCLEARLOG
[2016.01.05-20.57.11:813][  0]MapCheck: Info Map check complete: 0 Error(s), 0 Warning(s), took 58.995ms to complete.
[2016.01.05-20.57.11:813][  0]LogFileHelpers: Loading map 'Template_Default' took 2.087
[2016.01.05-20.57.12:894][  0]LogCollectionManager: Loaded 0 collections in 0.003040 seconds
[2016.01.05-20.57.12:942][  0]LogFileCache: Scanning file cache for directory 'C:/Users/seths_000/Dropbox (Project0)/Project0 Team Folder/Project0Zero/Saved/Collections/' took 0.01s
[2016.01.05-20.57.12:942][  0]LogFileCache: Scanning file cache for directory 'C:/Users/seths_000/Dropbox (Project0)/Project0 Team Folder/Project0Zero/Content/Developers/seths000/Collections/' took 0.01s
[2016.01.05-20.57.12:942][  0]LogFileCache: Scanning file cache for directory 'C:/Users/seths_000/Dropbox (Project0)/Project0 Team Folder/Project0Zero/Content/Collections/' took 0.01s
[2016.01.05-20.57.12:942][  0]LogCollectionManager: Rebuilt the GUID cache for 0 collections in 0.000005 seconds
[2016.01.05-20.57.12:952][  0]LogContentBrowser: Native class hierarchy populated in 0.0103 seconds. Added 1893 classes and 338 folders.
[2016.01.05-20.57.12:963][  0]LogContentBrowser: Native class hierarchy updated for 'WidgetCarousel' in 0.0006 seconds. Added 0 classes and 0 folders.
[2016.01.05-20.57.25:685][  0]LogContentBrowser: Native class hierarchy updated for 'AddContentDialog' in 0.0006 seconds. Added 0 classes and 0 folders.
[2016.01.05-20.57.25:749][  0]LogContentBrowser: Native class hierarchy updated for 'SceneOutliner' in 0.0006 seconds. Added 1 classes and 2 folders.
[2016.01.05-20.57.26:145][  0]LogCrashTracker: Crashtracker disabled due to settings.
[2016.01.05-20.57.26:153][  0]LogUObjectGlobals:Warning: Failed to find object 'Class None.'
[2016.01.05-20.57.26:177][  0]LogLoad: Full Startup: 88.78 seconds (BP compile: 0.14 seconds)
[2016.01.05-20.57.26:520][  0]LogOcInput: Can't find Oculus library dev build: is proper Runtime installed? Version: 0.8.0.0
[2016.01.05-20.57.27:838][  0]LogContentStreaming: Texture pool size now 1000 MB
[2016.01.05-20.57.28:238][  0]LogRenderer: Reallocating scene render targets to support 732x364 (Frame:2).
[2016.01.05-20.57.29:113][  3]LogAssetRegistry: Asset discovery search completed in 37.3684 seconds
[2016.01.05-20.57.29:113][  3]LogCollectionManager: Rebuilt the object cache for 0 collections in 0.000002 seconds (found 0 objects)
[2016.01.05-20.57.29:113][  3]LogCollectionManager: Fixed up redirectors for 0 collections in 0.000046 seconds (updated 0 objects)
[2016.01.05-21.08.59:623][310]LogSavePackage: Save=35.629738ms
[2016.01.05-21.08.59:623][310]LogSavePackage: Moving '../../../../../../Users/seths_000/Dropbox (Project0)/Project0 Team Folder/Project0Zero/Saved/UEDPCUntitled_1D44E405749B929FADCB9B7ADF9655305.tmp' to '../../../../../../Users/seths_000/Dropbox (Project0)/Project0 Team Folder/Project0Zero/Saved/Autosaves/Temp/UEDPCUntitled_1.umap'
[2016.01.05-21.08.59:663][310]LogSavePackage: Total save time: 80.159210ms
[2016.01.05-21.08.59:663][310]LogSavePackage:Display: Finished SavePackage ../../../../../../Users/seths_000/Dropbox (Project0)/Project0 Team Folder/Project0Zero/Saved/Autosaves/Temp/UEDPCUntitled_1.umap
[2016.01.05-21.10.06:496][714]LogTexture:Display: Building textures: HQ_Lightmap0_12 (AutoDXT)
[2016.01.05-21.10.06:512][714]LogTexture:Display: Building textures: HQ_Lightmap0_13 (AutoDXT)
[2016.01.05-21.10.06:535][714]LogTexture:Display: Building textures: HQ_Lightmap0_2 (AutoDXT)
[2016.01.05-21.10.06:537][714]LogTexture:Display: Building textures: HQ_Lightmap0_21 (AutoDXT)
[2016.01.05-21.10.06:561][714]LogTexture:Display: Building textures: HQ_Lightmap0_22 (AutoDXT)
[2016.01.05-21.10.06:584][714]LogTexture:Display: Building textures: HQ_Lightmap0_23 (AutoDXT)
[2016.01.05-21.10.06:608][714]LogTexture:Display: Building textures: HQ_Lightmap0_24 (AutoDXT)
[2016.01.05-21.10.06:621][714]LogTexture:Display: Building textures: HQ_Lightmap0_30 (AutoDXT)
[2016.01.05-21.10.06:645][714]LogTexture:Display: Building textures: HQ_Lightmap0_31 (AutoDXT)
[2016.01.05-21.10.06:668][714]LogTexture:Display: Building textures: HQ_Lightmap0_32 (AutoDXT)
[2016.01.05-21.10.06:692][714]LogTexture:Display: Building textures: HQ_Lightmap0_33 (AutoDXT)
[2016.01.05-21.10.06:711][714]LogTexture:Display: Building textures: HQ_Lightmap0_40 (AutoDXT)
[2016.01.05-21.10.06:732][714]LogTexture:Display: Building textures: HQ_Lightmap0_41 (AutoDXT)
[2016.01.05-21.10.06:752][714]LogTexture:Display: Building textures: HQ_Lightmap0_65 (AutoDXT)
[2016.01.05-21.10.06:753][714]LogTexture:Display: Building textures: HQ_Lightmap1_1 (AutoDXT)
[2016.01.05-21.10.06:754][714]LogTexture:Display: Building textures: HQ_Lightmap1_10 (AutoDXT)
[2016.01.05-21.10.06:756][714]LogTexture:Display: Building textures: HQ_Lightmap1_11 (AutoDXT)
[2016.01.05-21.10.06:758][714]LogTexture:Display: Building textures: HQ_Lightmap1_14 (AutoDXT)
[2016.01.05-21.10.06:760][714]LogTexture:Display: Building textures: HQ_Lightmap1_15 (AutoDXT)
[2016.01.05-21.10.06:777][714]LogTexture:Display: Building textures: HQ_Lightmap1_16 (AutoDXT)
[2016.01.05-21.10.06:787][714]LogTexture:Display: Building textures: HQ_Lightmap1_17 (AutoDXT)
[2016.01.05-21.10.06:789][714]LogTexture:Display: Building textures: HQ_Lightmap1_18 (AutoDXT)
[2016.01.05-21.10.06:792][714]LogTexture:Display: Building textures: HQ_Lightmap1_19 (AutoDXT)
[2016.01.05-21.10.06:794][714]LogTexture:Display: Building textures: HQ_Lightmap1_20 (AutoDXT)
[2016.01.05-21.10.06:804][714]LogTexture:Display: Building textures: HQ_Lightmap1_25 (AutoDXT)
[2016.01.05-21.10.06:806][714]LogTexture:Display: Building textures: HQ_Lightmap1_26 (AutoDXT)
[2016.01.05-21.10.06:809][714]LogTexture:Display: Building textures: HQ_Lightmap1_27 (AutoDXT)
[2016.01.05-21.10.06:811][714]LogTexture:Display: Building textures: HQ_Lightmap1_28 (AutoDXT)
[2016.01.05-21.10.06:813][714]LogTexture:Display: Building textures: HQ_Lightmap1_29 (AutoDXT)
[2016.01.05-21.10.06:825][714]LogTexture:Display: Building textures: HQ_Lightmap1_3 (AutoDXT)
[2016.01.05-21.10.06:827][714]LogTexture:Display: Building textures: HQ_Lightmap1_34 (AutoDXT)
[2016.01.05-21.10.06:831][714]LogTexture:Display: Building textures: HQ_Lightmap1_35 (AutoDXT)
[2016.01.05-21.10.06:833][714]LogTexture:Display: Building textures: HQ_Lightmap1_36 (AutoDXT)
[2016.01.05-21.10.06:835][714]LogTexture:Display: Building textures: HQ_Lightmap1_37 (AutoDXT)
[2016.01.05-21.10.06:837][714]LogTexture:Display: Building textures: HQ_Lightmap1_38 (AutoDXT)
[2016.01.05-21.10.06:839][714]LogTexture:Display: Building textures: HQ_Lightmap1_39 (AutoDXT)
[2016.01.05-21.10.06:851][714]LogTexture:Display: Building textures: HQ_Lightmap1_4 (AutoDXT)
[2016.01.05-21.10.06:853][714]LogTexture:Display: Building textures: HQ_Lightmap1_42 (AutoDXT)
[2016.01.05-21.10.06:865][714]LogTexture:Display: Building textures: HQ_Lightmap1_43 (AutoDXT)
[2016.01.05-21.10.06:868][714]LogTexture:Display: Building textures: HQ_Lightmap1_44 (AutoDXT)
[2016.01.05-21.10.06:871][714]LogTexture:Display: Building textures: HQ_Lightmap1_45 (AutoDXT)
[2016.01.05-21.10.06:873][714]LogTexture:Display: Building textures: HQ_Lightmap1_46 (AutoDXT)
[2016.01.05-21.10.06:875][714]LogTexture:Display: Building textures: HQ_Lightmap1_47 (AutoDXT)
[2016.01.05-21.10.06:878][714]LogTexture:Display: Building textures: HQ_Lightmap1_48 (AutoDXT)
[2016.01.05-21.10.06:880][714]LogTexture:Display: Building textures: HQ_Lightmap1_49 (AutoDXT)
[2016.01.05-21.10.06:883][714]LogTexture:Display: Building textures: HQ_Lightmap1_5 (AutoDXT)
[2016.01.05-21.10.06:885][714]LogTexture:Display: Building textures: HQ_Lightmap1_50 (AutoDXT)
[2016.01.05-21.10.06:892][714]LogTexture:Display: Building textures: HQ_Lightmap1_51 (AutoDXT)
[2016.01.05-21.10.06:897][714]LogTexture:Display: Building textures: HQ_Lightmap1_52 (AutoDXT)
[2016.01.05-21.10.06:900][714]LogTexture:Display: Building textures: HQ_Lightmap1_53 (AutoDXT)
[2016.01.05-21.10.06:904][714]LogTexture:Display: Building textures: HQ_Lightmap1_54 (AutoDXT)
[2016.01.05-21.10.06:907][714]LogTexture:Display: Building textures: HQ_Lightmap1_55 (AutoDXT)
[2016.01.05-21.10.06:909][714]LogTexture:Display: Building textures: HQ_Lightmap1_56 (AutoDXT)
[2016.01.05-21.10.06:911][714]LogTexture:Display: Building textures: HQ_Lightmap1_57 (AutoDXT)
[2016.01.05-21.10.06:915][714]LogTexture:Display: Building textures: HQ_Lightmap1_58 (AutoDXT)
[2016.01.05-21.10.06:917][714]LogTexture:Display: Building textures: HQ_Lightmap1_59 (AutoDXT)
[2016.01.05-21.10.06:919][714]LogTexture:Display: Building textures: HQ_Lightmap1_6 (AutoDXT)
[2016.01.05-21.10.06:922][714]LogTexture:Display: Building textures: HQ_Lightmap1_60 (AutoDXT)
[2016.01.05-21.10.06:924][714]LogTexture:Display: Building textures: HQ_Lightmap1_61 (AutoDXT)
[2016.01.05-21.10.06:927][714]LogTexture:Display: Building textures: HQ_Lightmap1_62 (AutoDXT)
[2016.01.05-21.10.06:929][714]LogTexture:Display: Building textures: HQ_Lightmap1_63 (AutoDXT)
[2016.01.05-21.10.06:931][714]LogTexture:Display: Building textures: HQ_Lightmap1_64 (AutoDXT)
[2016.01.05-21.10.06:933][714]LogTexture:Display: Building textures: HQ_Lightmap1_7 (AutoDXT)
[2016.01.05-21.10.06:938][714]LogTexture:Display: Building textures: HQ_Lightmap1_8 (AutoDXT)
[2016.01.05-21.10.06:940][714]LogTexture:Display: Building textures: HQ_Lightmap1_9 (AutoDXT)
[2016.01.05-21.10.06:943][714]LogTexture:Display: Building textures: LQ_Lightmap_0_12 (DXT1)
[2016.01.05-21.10.06:954][714]LogTexture:Display: Building textures: LQ_Lightmap_0_13 (DXT1)
[2016.01.05-21.10.06:970][714]LogTexture:Display: Building textures: LQ_Lightmap_0_2 (DXT1)
[2016.01.05-21.10.06:971][714]LogTexture:Display: Building textures: LQ_Lightmap_0_21 (DXT1)
[2016.01.05-21.10.06:992][714]LogTexture:Display: Building textures: LQ_Lightmap_0_22 (DXT1)
[2016.01.05-21.10.07:014][714]LogTexture:Display: Building textures: LQ_Lightmap_0_23 (DXT1)
[2016.01.05-21.10.07:035][714]LogTexture:Display: Building textures: LQ_Lightmap_0_24 (DXT1)
[2016.01.05-21.10.07:044][714]LogTexture:Display: Building textures: LQ_Lightmap_0_30 (DXT1)
[2016.01.05-21.10.07:064][714]LogTexture:Display: Building textures: LQ_Lightmap_0_31 (DXT1)
[2016.01.05-21.10.07:085][714]LogTexture:Display: Building textures: LQ_Lightmap_0_32 (DXT1)
[2016.01.05-21.10.07:109][714]LogTexture:Display: Building textures: LQ_Lightmap_0_33 (DXT1)
[2016.01.05-21.10.07:126][714]LogTexture:Display: Building textures: LQ_Lightmap_0_40 (DXT1)
[2016.01.05-21.10.07:140][714]LogTexture:Display: Building textures: LQ_Lightmap_0_41 (DXT1)
[2016.01.05-21.10.07:159][714]LogTexture:Display: Building textures: LQ_Lightmap_0_65 (DXT1)
[2016.01.05-21.10.07:160][714]LogTexture:Display: Building textures: LQ_Lightmap_1_1 (DXT1)
[2016.01.05-21.10.07:161][714]LogTexture:Display: Building textures: LQ_Lightmap_1_10 (DXT1)
[2016.01.05-21.10.07:162][714]LogTexture:Display: Building textures: LQ_Lightmap_1_11 (DXT1)
[2016.01.05-21.10.07:164][714]LogTexture:Display: Building textures: LQ_Lightmap_1_14 (DXT1)
[2016.01.05-21.10.07:165][714]LogTexture:Display: Building textures: LQ_Lightmap_1_15 (DXT1)
[2016.01.05-21.10.07:176][714]LogTexture:Display: Building textures: LQ_Lightmap_1_16 (DXT1)
[2016.01.05-21.10.07:183][714]LogTexture:Display: Building textures: LQ_Lightmap_1_17 (DXT1)
[2016.01.05-21.10.07:185][714]LogTexture:Display: Building textures: LQ_Lightmap_1_18 (DXT1)
[2016.01.05-21.10.07:186][714]LogTexture:Display: Building textures: LQ_Lightmap_1_19 (DXT1)
[2016.01.05-21.10.07:187][714]LogTexture:Display: Building textures: LQ_Lightmap_1_20 (DXT1)
[2016.01.05-21.10.07:195][714]LogTexture:Display: Building textures: LQ_Lightmap_1_25 (DXT1)
[2016.01.05-21.10.07:196][714]LogTexture:Display: Building textures: LQ_Lightmap_1_26 (DXT1)
[2016.01.05-21.10.07:197][714]LogTexture:Display: Building textures: LQ_Lightmap_1_27 (DXT1)
[2016.01.05-21.10.07:198][714]LogTexture:Display: Building textures: LQ_Lightmap_1_28 (DXT1)
[2016.01.05-21.10.07:200][714]LogTexture:Display: Building textures: LQ_Lightmap_1_29 (DXT1)
[2016.01.05-21.10.07:208][714]LogTexture:Display: Building textures: LQ_Lightmap_1_3 (DXT1)
[2016.01.05-21.10.07:209][714]LogTexture:Display: Building textures: LQ_Lightmap_1_34 (DXT1)
[2016.01.05-21.10.07:213][714]LogTexture:Display: Building textures: LQ_Lightmap_1_35 (DXT1)
[2016.01.05-21.10.07:215][714]LogTexture:Display: Building textures: LQ_Lightmap_1_36 (DXT1)
[2016.01.05-21.10.07:216][714]LogTexture:Display: Building textures: LQ_Lightmap_1_37 (DXT1)
[2016.01.05-21.10.07:218][714]LogTexture:Display: Building textures: LQ_Lightmap_1_38 (DXT1)
[2016.01.05-21.10.07:220][714]LogTexture:Display: Building textures: LQ_Lightmap_1_39 (DXT1)
[2016.01.05-21.10.07:230][714]LogTexture:Display: Building textures: LQ_Lightmap_1_4 (DXT1)
[2016.01.05-21.10.07:232][714]LogTexture:Display: Building textures: LQ_Lightmap_1_42 (DXT1)
[2016.01.05-21.10.07:240][714]LogTexture:Display: Building textures: LQ_Lightmap_1_43 (DXT1)
[2016.01.05-21.10.07:246][714]LogTexture:Display: Building textures: LQ_Lightmap_1_44 (DXT1)
[2016.01.05-21.10.07:247][714]LogTexture:Display: Building textures: LQ_Lightmap_1_45 (DXT1)
[2016.01.05-21.10.07:249][714]LogTexture:Display: Building textures: LQ_Lightmap_1_46 (DXT1)
[2016.01.05-21.10.07:250][714]LogTexture:Display: Building textures: LQ_Lightmap_1_47 (DXT1)
[2016.01.05-21.10.07:252][714]LogTexture:Display: Building textures: LQ_Lightmap_1_48 (DXT1)
[2016.01.05-21.10.07:253][714]LogTexture:Display: Building textures: LQ_Lightmap_1_49 (DXT1)
[2016.01.05-21.10.07:254][714]LogTexture:Display: Building textures: LQ_Lightmap_1_5 (DXT1)
[2016.01.05-21.10.07:256][714]LogTexture:Display: Building textures: LQ_Lightmap_1_50 (DXT1)
[2016.01.05-21.10.07:262][714]LogTexture:Display: Building textures: LQ_Lightmap_1_51 (DXT1)
[2016.01.05-21.10.07:268][714]LogTexture:Display: Building textures: LQ_Lightmap_1_52 (DXT1)
[2016.01.05-21.10.07:278][714]LogTexture:Display: Building textures: LQ_Lightmap_1_53 (DXT1)
[2016.01.05-21.10.07:284][714]LogTexture:Display: Building textures: LQ_Lightmap_1_54 (DXT1)
[2016.01.05-21.10.07:286][714]LogTexture:Display: Building textures: LQ_Lightmap_1_55 (DXT1)
[2016.01.05-21.10.07:287][714]LogTexture:Display: Building textures: LQ_Lightmap_1_56 (DXT1)
[2016.01.05-21.10.07:289][714]LogTexture:Display: Building textures: LQ_Lightmap_1_57 (DXT1)
[2016.01.05-21.10.07:293][714]LogTexture:Display: Building textures: LQ_Lightmap_1_58 (DXT1)
[2016.01.05-21.10.07:295][714]LogTexture:Display: Building textures: LQ_Lightmap_1_59 (DXT1)
[2016.01.05-21.10.07:296][714]LogTexture:Display: Building textures: LQ_Lightmap_1_6 (DXT1)
[2016.01.05-21.10.07:297][714]LogTexture:Display: Building textures: LQ_Lightmap_1_60 (DXT1)
[2016.01.05-21.10.07:299][714]LogTexture:Display: Building textures: LQ_Lightmap_1_61 (DXT1)
[2016.01.05-21.10.07:306][714]LogTexture:Display: Building textures: LQ_Lightmap_1_62 (DXT1)
[2016.01.05-21.10.07:323][714]LogTexture:Display: Building textures: LQ_Lightmap_1_63 (DXT1)
[2016.01.05-21.10.07:325][714]LogTexture:Display: Building textures: LQ_Lightmap_1_64 (DXT1)
[2016.01.05-21.10.07:326][714]LogTexture:Display: Building textures: LQ_Lightmap_1_7 (DXT1)
[2016.01.05-21.10.07:332][714]LogTexture:Display: Building textures: LQ_Lightmap_1_8 (DXT1)
[2016.01.05-21.10.07:334][714]LogTexture:Display: Building textures: LQ_Lightmap_1_9 (DXT1)
[2016.01.05-21.10.07:341][714]LogAIModule: Creating AISystem for world Untitled
[2016.01.05-21.10.07:394][714]Cmd: MAP LOAD FILE="../../../../../../Users/seths_000/Dropbox (Project0)/Project0 Team Folder/Project0Zero/Content/Maps/Untitled.umap" TEMPLATE=0 SHOWPROGRESS=1 FEATURELEVEL=3
[2016.01.05-21.10.07:394][714]LightingResults: New page: Lighting Build
[2016.01.05-21.10.07:417][714]LoadErrors: New page: Loading map: Untitled.umap
[2016.01.05-21.10.07:418][714]MapCheck: New page: Map Check
[2016.01.05-21.10.07:418][714]LightingResults: New page: Lighting Build
[2016.01.05-21.10.07:443][714]LogParticles: Destroying 0 GPU particle simulations for FXSystem 0x00000036B7ACB100
[2016.01.05-21.10.09:243][714]LogEditorServer: Finished looking for orphan Actors (0.000 secs)
[2016.01.05-21.10.09:295][714]Cmd: MAP CHECKDEP NOCLEARLOG
[2016.01.05-21.10.09:361][714]MapCheck: Info Map check complete: 0 Error(s), 0 Warning(s), took 65.582ms to complete.
[2016.01.05-21.10.09:361][714]LogFileHelpers: Loading map 'Untitled' took 1.970
[2016.01.05-21.10.09:395][715]Cmd: UpdateLandscapeEditorData -warnings
[2016.01.05-21.10.09:398][715]Cmd: UpdateLandscapeEditorData
[2016.01.05-21.10.14:936][180]LogLinker:Warning: Asset '../../../Engine/Content/ArtTools/RenderToTexture/Macros/RenderToTextureMacros.uasset' has been saved with empty engine version. The asset will be loaded but may be incompatible.
[2016.01.05-21.10.15:572][180]LogContentBrowser: Native class hierarchy updated for 'BlueprintGraph' in 0.0011 seconds. Added 107 classes and 0 folders.
[2016.01.05-21.15.54:268][770]BlueprintLog: New page: Compile Default_Player
[2016.01.05-21.15.54:395][770]LogParticles: Destroying 0 GPU particle simulations for FXSystem 0x00000036B7877240
[2016.01.05-21.15.54:396][770]LogParticles: Destroying 0 GPU particle simulations for FXSystem 0x00000036F957B420
[2016.01.05-21.15.54:411][770]BlueprintEditorCompileResults: Info [1197.01] Compile of Default_Player successful! [in 142 ms]
[2016.01.05-21.15.59:284][118]Cmd: OBJ SAVEPACKAGE PACKAGE="/Game/Default_Player" FILE="../../../../../../Users/seths_000/Dropbox (Project0)/Project0 Team Folder/Project0Zero/Content/Default_Player.uasset" SILENT=true
[2016.01.05-21.15.59:442][118]LogSavePackage: Save=111.938461ms
[2016.01.05-21.15.59:442][118]LogSavePackage: Moving '../../../../../../Users/seths_000/Dropbox (Project0)/Project0 Team Folder/Project0Zero/Saved/Default_Player3CE232F34EB963C2F2A3598935F76A43.tmp' to '../../../../../../Users/seths_000/Dropbox (Project0)/Project0 Team Folder/Project0Zero/Content/Default_Player.uasset'
[2016.01.05-21.15.59:447][118]LogSavePackage: Total save time: 159.492686ms
[2016.01.05-21.15.59:447][118]LogSavePackage:Display: Finished SavePackage ../../../../../../Users/seths_000/Dropbox (Project0)/Project0 Team Folder/Project0Zero/Content/Default_Player.uasset
[2016.01.05-21.16.00:127][118]LogSavePackage: Save=577.783142ms
[2016.01.05-21.16.00:127][118]LogSavePackage: Moving '../../../../../../Users/seths_000/Dropbox (Project0)/Project0 Team Folder/Project0Zero/Saved/UEDPCUntitled839529A34B9A1CA1FE679E99CF8E955F.tmp' to '../../../../../../Users/seths_000/Dropbox (Project0)/Project0 Team Folder/Project0Zero/Saved/Autosaves/Game/Maps/UEDPCUntitled.umap'
[2016.01.05-21.16.00:131][118]LogSavePackage: Total save time: 601.090435ms
[2016.01.05-21.16.00:131][118]LogSavePackage:Display: Finished SavePackage ../../../../../../Users/seths_000/Dropbox (Project0)/Project0 Team Folder/Project0Zero/Saved/Autosaves/Game/Maps/UEDPCUntitled.umap
[2016.01.05-21.17.02:208][ 44]LogTemp: Dropped isSprinting on Category Sprinting
[2016.01.05-21.21.42:581][512]LogFileHelpers: Editor autosave (incl. sublevels) for '/Game/Maps/Untitled' took 0.059
[2016.01.05-21.21.42:591][512]OBJ SavePackage: Generating thumbnails for [0] asset(s) in package [/Game/Default_Player] ([1] browsable assets)...
[2016.01.05-21.21.42:591][512]OBJ SavePackage: Finished generating thumbnails for package [/Game/Default_Player]
[2016.01.05-21.21.42:773][512]LogSavePackage: Save=157.643219ms
[2016.01.05-21.21.42:773][512]LogSavePackage: Moving '../../../../../../Users/seths_000/Dropbox (Project0)/Project0 Team Folder/Project0Zero/Saved/Default_Player_Auto1E209AAA14285D8750837DA8B2EEADA7E.tmp' to '../../../../../../Users/seths_000/Dropbox (Project0)/Project0 Team Folder/Project0Zero/Saved/Autosaves/Game/Default_Player_Auto1.uasset'
[2016.01.05-21.21.42:776][512]LogSavePackage: Total save time: 180.850782ms
[2016.01.05-21.21.42:776][512]LogSavePackage:Display: Finished SavePackage ../../../../../../Users/seths_000/Dropbox (Project0)/Project0 Team Folder/Project0Zero/Saved/Autosaves/Game/Default_Player_Auto1.uasset
[2016.01.05-21.21.42:776][512]LogFileHelpers: Auto-saving content packages took 0.192
[2016.01.05-21.33.08:311][919]BlueprintLog: New page: Compile Default_Player
[2016.01.05-21.33.08:457][919]BlueprintEditorCompileResults: Info [2231.06] Compile of Default_Player successful! [in 145 ms]
[2016.01.05-21.33.46:333][367]Cmd: TRANSACTION UNDO
[2016.01.05-21.33.46:333][367]LogEditorTransaction: Undo Add new track
[2016.01.05-21.34.40:046][368]LogFileHelpers: Editor autosave (incl. sublevels) for '/Game/Maps/Untitled' took 0.068
[2016.01.05-21.34.40:059][368]OBJ SavePackage: Generating thumbnails for [0] asset(s) in package [/Game/Default_Player] ([1] browsable assets)...
[2016.01.05-21.34.40:059][368]OBJ SavePackage: Finished generating thumbnails for package [/Game/Default_Player]
[2016.01.05-21.34.40:233][368]LogSavePackage: Save=146.159714ms
[2016.01.05-21.34.40:233][368]LogSavePackage: Moving '../../../../../../Users/seths_000/Dropbox (Project0)/Project0 Team Folder/Project0Zero/Saved/Default_Player_Auto20E968509486FD3737442A9B219BD12D3.tmp' to '../../../../../../Users/seths_000/Dropbox (Project0)/Project0 Team Folder/Project0Zero/Saved/Autosaves/Game/Default_Player_Auto2.uasset'
[2016.01.05-21.34.40:235][368]LogSavePackage: Total save time: 172.149532ms
[2016.01.05-21.34.40:235][368]LogSavePackage:Display: Finished SavePackage ../../../../../../Users/seths_000/Dropbox (Project0)/Project0 Team Folder/Project0Zero/Saved/Autosaves/Game/Default_Player_Auto2.uasset
[2016.01.05-21.34.40:235][368]LogFileHelpers: Auto-saving content packages took 0.187
[2016.01.05-21.44.40:838][713]LogFileHelpers: Editor autosave (incl. sublevels) for '/Game/Maps/Untitled' took 0.056
[2016.01.05-21.44.40:846][713]OBJ SavePackage: Generating thumbnails for [0] asset(s) in package [/Game/Default_Player] ([1] browsable assets)...
[2016.01.05-21.44.40:847][713]OBJ SavePackage: Finished generating thumbnails for package [/Game/Default_Player]
[2016.01.05-21.44.40:989][713]LogSavePackage: Save=113.547394ms
[2016.01.05-21.44.40:989][713]LogSavePackage: Moving '../../../../../../Users/seths_000/Dropbox (Project0)/Project0 Team Folder/Project0Zero/Saved/Default_Player_Auto3067BE0DA441AC668F1D71A858EBDE814.tmp' to '../../../../../../Users/seths_000/Dropbox (Project0)/Project0 Team Folder/Project0Zero/Saved/Autosaves/Game/Default_Player_Auto3.uasset'
[2016.01.05-21.44.41:037][713]LogSavePackage: Total save time: 187.235180ms
[2016.01.05-21.44.41:037][713]LogSavePackage:Display: Finished SavePackage ../../../../../../Users/seths_000/Dropbox (Project0)/Project0 Team Folder/Project0Zero/Saved/Autosaves/Game/Default_Player_Auto3.uasset
[2016.01.05-21.44.41:037][713]LogFileHelpers: Auto-saving content packages took 0.197
[2016.01.05-22.23.20:036][687]LogFileHelpers: Editor autosave (incl. sublevels) for '/Game/Maps/Untitled' took 0.158
[2016.01.05-22.23.20:043][687]OBJ SavePackage: Generating thumbnails for [0] asset(s) in package [/Game/Default_Player] ([1] browsable assets)...
[2016.01.05-22.23.20:043][687]OBJ SavePackage: Finished generating thumbnails for package [/Game/Default_Player]
[2016.01.05-22.23.20:218][687]LogSavePackage: Save=152.358337ms
[2016.01.05-22.23.20:218][687]LogSavePackage: Moving '../../../../../../Users/seths_000/Dropbox (Project0)/Project0 Team Folder/Project0Zero/Saved/Default_Player_Auto432AD841D4DE0E256746D438413D61F32.tmp' to '../../../../../../Users/seths_000/Dropbox (Project0)/Project0 Team Folder/Project0Zero/Saved/Autosaves/Game/Default_Player_Auto4.uasset'
[2016.01.05-22.23.20:221][687]LogSavePackage: Total save time: 176.017623ms
[2016.01.05-22.23.20:221][687]LogSavePackage:Display: Finished SavePackage ../../../../../../Users/seths_000/Dropbox (Project0)/Project0 Team Folder/Project0Zero/Saved/Autosaves/Game/Default_Player_Auto4.uasset
[2016.01.05-22.23.20:221][687]LogFileHelpers: Auto-saving content packages took 0.184
[2016.01.05-22.24.10:296][133]BlueprintLog: New page: Compile Default_Player
[2016.01.05-22.24.10:501][133]BlueprintEditorCompileResults: Info [5293.10] Compile of Default_Player successful! [in 204 ms]
[2016.01.05-22.24.35:215][736]BlueprintLog: New page: Compile Default_Player
[2016.01.05-22.24.35:376][736]BlueprintEditorCompileResults: Info [5317.98] Compile of Default_Player successful! [in 161 ms]
[2016.01.05-22.24.41:431][342]LogEditorTransaction: Undo Move Node
[2016.01.05-22.24.41:936][365]LogEditorTransaction: Undo Move Node
[2016.01.05-22.24.42:371][396]LogEditorTransaction: Undo Move Node
[2016.01.05-22.24.42:868][433]LogEditorTransaction: Undo Create Pin Link
[2016.01.05-22.24.43:487][482]LogEditorTransaction: Undo Move Node
[2016.01.05-22.24.44:021][522]LogEditorTransaction: Undo Paste clipboard contents
[2016.01.05-22.27.23:455][462]BlueprintLog: New page: Compile Default_Player
[2016.01.05-22.27.23:623][462]BlueprintEditorCompileResults: Info [5486.23] Compile of Default_Player successful! [in 167 ms]
[2016.01.05-22.27.25:862][683]BlueprintLog: New page: Compile Default_Player
[2016.01.05-22.27.26:018][683]BlueprintEditorCompileResults: Info [5488.62] Compile of Default_Player successful! [in 156 ms]
[2016.01.05-22.27.26:459][734]BlueprintLog: New page: Compile Default_Player
[2016.01.05-22.27.26:606][734]BlueprintEditorCompileResults: Info [5489.21] Compile of Default_Player successful! [in 147 ms]
[2016.01.05-22.27.26:805][756]BlueprintLog: New page: Compile Default_Player
[2016.01.05-22.27.26:944][756]BlueprintEditorCompileResults: Info [5489.55] Compile of Default_Player successful! [in 138 ms]
[2016.01.05-22.27.27:165][780]BlueprintLog: New page: Compile Default_Player
[2016.01.05-22.27.27:313][780]BlueprintEditorCompileResults: Info [5489.92] Compile of Default_Player successful! [in 147 ms]
[2016.01.05-22.27.27:448][794]BlueprintLog: New page: Compile Default_Player
[2016.01.05-22.27.27:597][794]BlueprintEditorCompileResults: Info [5490.20] Compile of Default_Player successful! [in 149 ms]
[2016.01.05-22.27.27:621][795]BlueprintLog: New page: Compile Default_Player
[2016.01.05-22.27.27:773][795]BlueprintEditorCompileResults: Info [5490.38] Compile of Default_Player successful! [in 151 ms]
[2016.01.05-22.27.27:798][796]BlueprintLog: New page: Compile Default_Player
[2016.01.05-22.27.27:932][796]BlueprintEditorCompileResults: Info [5490.53] Compile of Default_Player successful! [in 133 ms]
[2016.01.05-22.27.27:932][796]BlueprintLog: New page: Compile Default_Player
[2016.01.05-22.27.28:076][796]BlueprintEditorCompileResults: Info [5490.68] Compile of Default_Player successful! [in 143 ms]
[2016.01.05-22.27.28:076][796]BlueprintLog: New page: Compile Default_Player
[2016.01.05-22.27.28:206][796]BlueprintEditorCompileResults: Info [5490.81] Compile of Default_Player successful! [in 129 ms]
[2016.01.05-22.27.28:240][797]BlueprintLog: New page: Compile Default_Player
[2016.01.05-22.27.28:383][797]BlueprintEditorCompileResults: Info [5490.99] Compile of Default_Player successful! [in 142 ms]
[2016.01.05-22.32.04:413][ 94]BlueprintLog: New page: Compile Default_Player
[2016.01.05-22.32.04:559][ 94]BlueprintEditorCompileResults: Info [5767.16] Compile of Default_Player successful! [in 145 ms]
[2016.01.05-22.32.09:143][387]Cmd: OBJ SAVEPACKAGE PACKAGE="/Game/Default_Player" FILE="../../../../../../Users/seths_000/Dropbox (Project0)/Project0 Team Folder/Project0Zero/Content/Default_Player.uasset" SILENT=true
[2016.01.05-22.32.09:277][387]LogSavePackage: Save=114.624413ms
[2016.01.05-22.32.09:277][387]LogSavePackage: Moving '../../../../../../Users/seths_000/Dropbox (Project0)/Project0 Team Folder/Project0Zero/Saved/Default_PlayerBA4C3E584ABD6D985BA4289D206B9C08.tmp' to '../../../../../../Users/seths_000/Dropbox (Project0)/Project0 Team Folder/Project0Zero/Content/Default_Player.uasset'
[2016.01.05-22.32.09:281][387]LogSavePackage: Total save time: 135.809440ms
[2016.01.05-22.32.09:281][387]LogSavePackage:Display: Finished SavePackage ../../../../../../Users/seths_000/Dropbox (Project0)/Project0 Team Folder/Project0Zero/Content/Default_Player.uasset
[2016.01.05-22.32.09:944][387]LogSavePackage: Save=543.083740ms
[2016.01.05-22.32.09:944][387]LogSavePackage: Moving '../../../../../../Users/seths_000/Dropbox (Project0)/Project0 Team Folder/Project0Zero/Saved/UEDPCUntitled2693D7314DA5136F15027683C86F18AD.tmp' to '../../../../../../Users/seths_000/Dropbox (Project0)/Project0 Team Folder/Project0Zero/Saved/Autosaves/Game/Maps/UEDPCUntitled.umap'
[2016.01.05-22.32.09:949][387]LogSavePackage: Total save time: 569.311675ms
[2016.01.05-22.32.09:949][387]LogSavePackage:Display: Finished SavePackage ../../../../../../Users/seths_000/Dropbox (Project0)/Project0 Team Folder/Project0Zero/Saved/Autosaves/Game/Maps/UEDPCUntitled.umap
[2016.01.05-22.33.53:227][334]BlueprintLog: New page: Compile Default_Player
[2016.01.05-22.33.53:366][334]BlueprintEditorCompileResults: Info [5875.97] Compile of Default_Player successful! [in 138 ms]
[2016.01.05-22.33.57:121][592]Cmd: OBJ SAVEPACKAGE PACKAGE="/Game/Default_Player" FILE="../../../../../../Users/seths_000/Dropbox (Project0)/Project0 Team Folder/Project0Zero/Content/Default_Player.uasset" SILENT=true
[2016.01.05-22.33.57:261][592]LogSavePackage: Save=123.725571ms
[2016.01.05-22.33.57:261][592]LogSavePackage: Moving '../../../../../../Users/seths_000/Dropbox (Project0)/Project0 Team Folder/Project0Zero/Saved/Default_Player3215E8AC4DC4AC973FCD0492B220DA17.tmp' to '../../../../../../Users/seths_000/Dropbox (Project0)/Project0 Team Folder/Project0Zero/Content/Default_Player.uasset'
[2016.01.05-22.33.57:266][592]LogSavePackage: Total save time: 142.595217ms
[2016.01.05-22.33.57:267][592]LogSavePackage:Display: Finished SavePackage ../../../../../../Users/seths_000/Dropbox (Project0)/Project0 Team Folder/Project0Zero/Content/Default_Player.uasset
[2016.01.05-22.33.57:882][592]LogSavePackage: Save=518.625610ms
[2016.01.05-22.33.57:882][592]LogSavePackage: Moving '../../../../../../Users/seths_000/Dropbox (Project0)/Project0 Team Folder/Project0Zero/Saved/UEDPCUntitledFFA3830F437B31D719C6D4A668577A54.tmp' to '../../../../../../Users/seths_000/Dropbox (Project0)/Project0 Team Folder/Project0Zero/Saved/Autosaves/Game/Maps/UEDPCUntitled.umap'
[2016.01.05-22.33.57:887][592]LogSavePackage: Total save time: 532.051001ms
[2016.01.05-22.33.57:887][592]LogSavePackage:Display: Finished SavePackage ../../../../../../Users/seths_000/Dropbox (Project0)/Project0 Team Folder/Project0Zero/Saved/Autosaves/Game/Maps/UEDPCUntitled.umap
[2016.01.05-22.38.55:252][120]LogFileHelpers: Editor autosave (incl. sublevels) for '/Game/Maps/Untitled' took 0.078
[2016.01.05-22.38.55:268][120]OBJ SavePackage: Generating thumbnails for [0] asset(s) in package [/Game/Default_Player] ([1] browsable assets)...
[2016.01.05-22.38.55:268][120]OBJ SavePackage: Finished generating thumbnails for package [/Game/Default_Player]
[2016.01.05-22.38.55:429][120]LogSavePackage: Save=134.092468ms
[2016.01.05-22.38.55:429][120]LogSavePackage: Moving '../../../../../../Users/seths_000/Dropbox (Project0)/Project0 Team Folder/Project0Zero/Saved/Default_Player_Auto5D5C28A194463A9F1903F4883322968AA.tmp' to '../../../../../../Users/seths_000/Dropbox (Project0)/Project0 Team Folder/Project0Zero/Saved/Autosaves/Game/Default_Player_Auto5.uasset'
[2016.01.05-22.38.55:433][120]LogSavePackage: Total save time: 162.232909ms
[2016.01.05-22.38.55:433][120]LogSavePackage:Display: Finished SavePackage ../../../../../../Users/seths_000/Dropbox (Project0)/Project0 Team Folder/Project0Zero/Saved/Autosaves/Game/Default_Player_Auto5.uasset
[2016.01.05-22.38.55:433][120]LogFileHelpers: Auto-saving content packages took 0.177
[2016.01.05-22.40.12:191][314]Cmd: OBJ SAVEPACKAGE PACKAGE="/Game/Default_Player" FILE="../../../../../../Users/seths_000/Dropbox (Project0)/Project0 Team Folder/Project0Zero/Content/Default_Player.uasset" SILENT=true
[2016.01.05-22.40.12:325][314]LogSavePackage: Save=122.140106ms
[2016.01.05-22.40.12:325][314]LogSavePackage: Moving '../../../../../../Users/seths_000/Dropbox (Project0)/Project0 Team Folder/Project0Zero/Saved/Default_Player5A521409448F9277FD4D08926DBF371E.tmp' to '../../../../../../Users/seths_000/Dropbox (Project0)/Project0 Team Folder/Project0Zero/Content/Default_Player.uasset'
[2016.01.05-22.40.12:329][314]LogSavePackage: Total save time: 135.687705ms
[2016.01.05-22.40.12:329][314]LogSavePackage:Display: Finished SavePackage ../../../../../../Users/seths_000/Dropbox (Project0)/Project0 Team Folder/Project0Zero/Content/Default_Player.uasset
[2016.01.05-22.40.12:952][314]LogSavePackage: Save=524.755310ms
[2016.01.05-22.40.12:953][314]LogSavePackage: Moving '../../../../../../Users/seths_000/Dropbox (Project0)/Project0 Team Folder/Project0Zero/Saved/UEDPCUntitledE4496F05450753C996CBCC8F9679E4F7.tmp' to '../../../../../../Users/seths_000/Dropbox (Project0)/Project0 Team Folder/Project0Zero/Saved/Autosaves/Game/Maps/UEDPCUntitled.umap'
[2016.01.05-22.40.12:957][314]LogSavePackage: Total save time: 549.255006ms
[2016.01.05-22.40.12:957][314]LogSavePackage:Display: Finished SavePackage ../../../../../../Users/seths_000/Dropbox (Project0)/Project0 Team Folder/Project0Zero/Saved/Autosaves/Game/Maps/UEDPCUntitled.umap
[2016.01.05-22.41.05:627][771]BlueprintLog: New page: Compile Default_Player
[2016.01.05-22.41.05:772][771]BlueprintEditorCompileResults: Info [6308.38] Compile of Default_Player successful! [in 144 ms]
[2016.01.05-22.41.06:745][879]Cmd: OBJ SAVEPACKAGE PACKAGE="/Game/Default_Player" FILE="../../../../../../Users/seths_000/Dropbox (Project0)/Project0 Team Folder/Project0Zero/Content/Default_Player.uasset" SILENT=true
[2016.01.05-22.41.06:874][879]LogSavePackage: Save=114.777924ms
[2016.01.05-22.41.06:874][879]LogSavePackage: Moving '../../../../../../Users/seths_000/Dropbox (Project0)/Project0 Team Folder/Project0Zero/Saved/Default_PlayerBB47A97441B8163DE28FBD8FDBA1648D.tmp' to '../../../../../../Users/seths_000/Dropbox (Project0)/Project0 Team Folder/Project0Zero/Content/Default_Player.uasset'
[2016.01.05-22.41.06:875][879]LogSavePackage: Total save time: 129.250016ms
[2016.01.05-22.41.06:875][879]LogSavePackage:Display: Finished SavePackage ../../../../../../Users/seths_000/Dropbox (Project0)/Project0 Team Folder/Project0Zero/Content/Default_Player.uasset
[2016.01.05-22.41.12:275][477]LogParticles: Destroying 0 GPU particle simulations for FXSystem 0x00000036E8B298A0
[2016.01.05-22.41.13:559][478]Cmd: QUIT_EDITOR
[2016.01.05-22.41.13:944][478]LogWindowsTextInputMethodSystem:Display: IME system now deactivated.
[2016.01.05-22.41.14:048][478]LogExit: Preparing to exit.
[2016.01.05-22.41.15:341][478]LogExit: Editor shut down
[2016.01.05-22.41.15:343][478]LogExit: Transaction tracking system shut down
[2016.01.05-22.41.15:345][478]LogParticles: Destroying 0 GPU particle simulations for FXSystem 0x00000036E8ACC360
[2016.01.05-22.41.15:357][478]LogParticles: Destroying 0 GPU particle simulations for FXSystem 0x00000036C8D7A480
[2016.01.05-22.41.15:357][478]LogParticles: Destroying 0 GPU particle simulations for FXSystem 0x00000036C8D7A7A0
[2016.01.05-22.41.15:367][478]LogParticles: Destroying 0 GPU particle simulations for FXSystem 0x00000036FD7ABEC0
[2016.01.05-22.41.16:034][478]LogExit: Object subsystem successfully closed.
[2016.01.05-22.41.16:073][478]LogD3D11RHI: Shutdown
[2016.01.05-22.41.16:073][478]LogD3D11RHI: CleanupD3DDevice
[2016.01.05-22.41.16:266][478]LogD3D11RHI: ~FD3D11DynamicRHI
[2016.01.05-22.41.17:719][478]LogModuleManager: Shutting down and abandoning module BlueprintGraph (200)
[2016.01.05-22.41.17:719][478]LogModuleManager: Shutting down and abandoning module CookingStats (199)
[2016.01.05-22.41.17:720][478]LogModuleManager: Shutting down and abandoning module CrashTracker (198)
[2016.01.05-22.41.17:720][478]LogModuleManager: Shutting down and abandoning module SceneOutliner (197)
[2016.01.05-22.41.17:720][478]LogModuleManager: Shutting down and abandoning module SuperSearch (196)
[2016.01.05-22.41.17:720][478]LogModuleManager: Shutting down and abandoning module WidgetCarousel (195)
[2016.01.05-22.41.17:726][478]LogModuleManager: Shutting down and abandoning module AddContentDialog (194)
[2016.01.05-22.41.17:783][478]LogModuleManager: Shutting down and abandoning module EditorWidgets (193)
[2016.01.05-22.41.17:783][478]LogModuleManager: Shutting down and abandoning module CollectionManager (192)
[2016.01.05-22.41.17:855][478]LogModuleManager: Shutting down and abandoning module StatsViewer (191)
[2016.01.05-22.41.17:865][478]LogModuleManager: Shutting down and abandoning module FoliageEdit (190)
[2016.01.05-22.41.17:912][478]LogModuleManager: Shutting down and abandoning module LandscapeEditor (189)
[2016.01.05-22.41.17:926][478]LogModuleManager: Shutting down and abandoning module ActorPickerMode (188)
[2016.01.05-22.41.17:927][478]LogModuleManager: Shutting down and abandoning module GeometryMode (187)
[2016.01.05-22.41.17:927][478]LogModuleManager: Shutting down and abandoning module TextureAlignMode (186)
[2016.01.05-22.41.17:927][478]LogModuleManager: Shutting down and abandoning module BspMode (185)
[2016.01.05-22.41.17:927][478]LogModuleManager: Shutting down and abandoning module PlacementMode (184)
[2016.01.05-22.41.17:927][478]LogModuleManager: Shutting down and abandoning module AutomationWorker (183)
[2016.01.05-22.41.17:927][478]LogModuleManager: Shutting down and abandoning module CharacterAI (182)
[2016.01.05-22.41.17:927][478]LogModuleManager: Shutting down and abandoning module SmartSnapping (181)
[2016.01.05-22.41.17:927][478]LogModuleManager: Shutting down and abandoning module ViewportSnapping (180)
[2016.01.05-22.41.17:927][478]LogModuleManager: Shutting down and abandoning module LogVisualizer (179)
[2016.01.05-22.41.17:947][478]LogModuleManager: Shutting down and abandoning module GameProjectGeneration (178)
[2016.01.05-22.41.17:969][478]LogModuleManager: Shutting down and abandoning module IntroTutorials (177)
[2016.01.05-22.41.17:999][478]LogModuleManager: Shutting down and abandoning module EditorLiveStreaming (176)
[2016.01.05-22.41.17:999][478]LogModuleManager: Shutting down and abandoning module IOSPlatformEditor (175)
[2016.01.05-22.41.18:011][478]LogModuleManager: Shutting down and abandoning module HTML5PlatformEditor (174)
[2016.01.05-22.41.18:011][478]LogModuleManager: Shutting down and abandoning module AndroidDeviceDetection (173)
[2016.01.05-22.41.18:013][478]LogModuleManager: Shutting down and abandoning module AndroidPlatformEditor (172)
[2016.01.05-22.41.18:013][478]LogModuleManager: Shutting down and abandoning module IOSRuntimeSettings (171)
[2016.01.05-22.41.18:013][478]LogModuleManager: Shutting down and abandoning module AndroidRuntimeSettings (170)
[2016.01.05-22.41.18:013][478]LogModuleManager: Shutting down and abandoning module MergeActors (169)
[2016.01.05-22.41.18:020][478]LogModuleManager: Shutting down and abandoning module SizeMap (168)
[2016.01.05-22.41.18:020][478]LogModuleManager: Shutting down and abandoning module TreeMap (167)
[2016.01.05-22.41.18:027][478]LogModuleManager: Shutting down and abandoning module ReferenceViewer (166)
[2016.01.05-22.41.18:032][478]LogModuleManager: Shutting down and abandoning module LocalizationService (165)
[2016.01.05-22.41.18:038][478]LogModuleManager: Shutting down and abandoning module LocalizationDashboard (164)
[2016.01.05-22.41.18:048][478]LogModuleManager: Shutting down and abandoning module HardwareTargeting (163)
[2016.01.05-22.41.18:061][478]LogModuleManager: Shutting down and abandoning module DeviceProfileEditor (162)
[2016.01.05-22.41.18:074][478]LogModuleManager: Shutting down and abandoning module UndoHistory (161)
[2016.01.05-22.41.18:079][478]LogModuleManager: Shutting down and abandoning module GameplayTagsEditor (160)
[2016.01.05-22.41.18:088][478]LogModuleManager: Shutting down and abandoning module UserFeedback (159)
[2016.01.05-22.41.18:088][478]LogModuleManager: Shutting down and abandoning module XmlParser (158)
[2016.01.05-22.41.18:088][478]LogModuleManager: Shutting down and abandoning module Blutility (157)
[2016.01.05-22.41.18:088][478]LogModuleManager: Shutting down and abandoning module ProjectTargetPlatformEditor (156)
[2016.01.05-22.41.18:094][478]LogModuleManager: Shutting down and abandoning module ProjectSettingsViewer (155)
[2016.01.05-22.41.18:094][478]LogModuleManager: Shutting down and abandoning module InputBindingEditor (154)
[2016.01.05-22.41.18:115][478]LogModuleManager: Shutting down and abandoning module EditorSettingsViewer (153)
[2016.01.05-22.41.18:115][478]LogModuleManager: Shutting down and abandoning module SettingsEditor (152)
[2016.01.05-22.41.18:127][478]LogModuleManager: Shutting down and abandoning module ProjectLauncher (151)
[2016.01.05-22.41.18:154][478]LogModuleManager: Shutting down and abandoning module SessionFrontend (150)
[2016.01.05-22.41.18:165][478]LogModuleManager: Shutting down and abandoning module ProfilerClient (149)
[2016.01.05-22.41.18:178][478]LogModuleManager: Shutting down and abandoning module TargetDeviceServices (148)
[2016.01.05-22.41.18:178][478]LogModuleManager: Shutting down and abandoning module DeviceManager (147)
[2016.01.05-22.41.18:203][478]LogModuleManager: Shutting down and abandoning module AutomationController (146)
[2016.01.05-22.41.18:203][478]LogModuleManager: Shutting down and abandoning module AutomationWindow (145)
[2016.01.05-22.41.18:217][478]LogModuleManager: Shutting down and abandoning module Layers (144)
[2016.01.05-22.41.18:238][478]LogModuleManager: Shutting down and abandoning module ComponentVisualizers (143)
[2016.01.05-22.41.18:238][478]LogModuleManager: Shutting down and abandoning module DetailCustomizations (142)
[2016.01.05-22.41.18:238][478]LogModuleManager: Shutting down and abandoning module PackagesDialog (141)
[2016.01.05-22.41.18:239][478]LogModuleManager: Shutting down and abandoning module Persona (140)
[2016.01.05-22.41.18:281][478]LogModuleManager: Shutting down and abandoning module Kismet (139)
[2016.01.05-22.41.18:291][478]LogModuleManager: Shutting down and abandoning module GraphEditor (138)
[2016.01.05-22.41.18:291][478]LogModuleManager: Shutting down and abandoning module ClassViewer (137)
[2016.01.05-22.41.18:298][478]LogModuleManager: Shutting down and abandoning module Toolbox (136)
[2016.01.05-22.41.18:298][478]LogModuleManager: Shutting down and abandoning module ModuleUI (135)
[2016.01.05-22.41.18:309][478]LogModuleManager: Shutting down and abandoning module MovieSceneTools (134)
[2016.01.05-22.41.18:354][478]LogModuleManager: Shutting down and abandoning module OutputLog (133)
[2016.01.05-22.41.18:354][478]LogModuleManager: Shutting down and abandoning module GammaUI (132)
[2016.01.05-22.41.18:367][478]LogModuleManager: Shutting down and abandoning module Documentation (131)
[2016.01.05-22.41.18:369][478]LogModuleManager: Shutting down and abandoning module GameLiveStreaming (130)
[2016.01.05-22.41.18:369][478]LogModuleManager: Shutting down and abandoning module StreamingPauseRendering (129)
[2016.01.05-22.41.18:369][478]LogModuleManager: Shutting down and abandoning module AnalyticsET (128)
[2016.01.05-22.41.18:369][478]LogModuleManager: Shutting down and abandoning module Analytics (127)
[2016.01.05-22.41.18:369][478]LogModuleManager: Shutting down and abandoning module AITestSuite (126)
[2016.01.05-22.41.18:369][478]LogModuleManager: Shutting down and abandoning module GameplayDebugger (125)
[2016.01.05-22.41.18:369][478]LogModuleManager: Shutting down and abandoning module AIModule (124)
[2016.01.05-22.41.18:369][478]LogModuleManager: Shutting down and abandoning module ProfilerService (123)
[2016.01.05-22.41.18:537][478]LogModuleManager: Shutting down and abandoning module TaskGraph (122)
[2016.01.05-22.41.18:537][478]LogModuleManager: Shutting down and abandoning module SlateRemote (121)
[2016.01.05-22.41.18:537][478]LogModuleManager: Shutting down and abandoning module SteamVRController (120)
[2016.01.05-22.41.18:537][478]LogModuleManager: Shutting down and abandoning module SteamVR (119)
[2016.01.05-22.41.18:537][478]LogModuleManager: Shutting down and abandoning module ProceduralMeshComponent (118)
[2016.01.05-22.41.18:537][478]LogModuleManager: Shutting down and abandoning module OculusLibrary (117)
[2016.01.05-22.41.18:537][478]LogModuleManager: Shutting down and abandoning module OculusInput (116)
[2016.01.05-22.41.18:537][478]LogModuleManager: Shutting down and abandoning module LeapMotionController (115)
[2016.01.05-22.41.18:572][478]LogModuleManager: Shutting down and abandoning module CustomMeshComponent (114)
[2016.01.05-22.41.18:572][478]LogModuleManager: Shutting down and abandoning module CableComponent (113)
[2016.01.05-22.41.18:572][478]LogModuleManager: Shutting down and abandoning module ArchVisCharacter (112)
[2016.01.05-22.41.18:572][478]LogModuleManager: Shutting down and abandoning module MessagingDebugger (111)
[2016.01.05-22.41.18:705][478]LogModuleManager: Shutting down and abandoning module MediaPlayerEditor (110)
[2016.01.05-22.41.18:714][478]LogModuleManager: Shutting down and abandoning module HTML5Networking (109)
[2016.01.05-22.41.18:714][478]LogModuleManager: Shutting down and abandoning module SpeedTreeImporter (108)
[2016.01.05-22.41.18:714][478]LogModuleManager: Shutting down and abandoning module PluginBrowser (107)
[2016.01.05-22.41.18:725][478]LogModuleManager: Shutting down and abandoning module EpicSurvey (106)
[2016.01.05-22.41.18:758][478]LogModuleManager: Shutting down and abandoning module DesktopPlatform (105)
[2016.01.05-22.41.18:758][478]LogModuleManager: Shutting down and abandoning module VisualStudioSourceCodeAccess (104)
[2016.01.05-22.41.18:758][478]LogModuleManager: Shutting down and abandoning module UObjectPlugin (103)
[2016.01.05-22.41.18:758][478]LogModuleManager: Shutting down and abandoning module SubversionSourceControl (102)
[2016.01.05-22.41.18:758][478]LogModuleManager: Shutting down and abandoning module PerforceSourceControl (101)
[2016.01.05-22.41.18:758][478]LogModuleManager: Shutting down and abandoning module SourceControl (100)
[2016.01.05-22.41.18:758][478]LogModuleManager: Shutting down and abandoning module GitSourceControl (99)
[2016.01.05-22.41.18:776][478]LogModuleManager: Shutting down and abandoning module LightPropagationVolumeEditor (98)
[2016.01.05-22.41.18:776][478]LogModuleManager: Shutting down and abandoning module PaperTiledImporter (97)
[2016.01.05-22.41.18:809][478]LogModuleManager: Shutting down and abandoning module PaperSpriteSheetImporter (96)
[2016.01.05-22.41.18:809][478]LogModuleManager: Shutting down and abandoning module MeshPaint (95)
[2016.01.05-22.41.18:809][478]LogModuleManager: Shutting down and abandoning module SlateReflector (94)
[2016.01.05-22.41.18:827][478]LogModuleManager: Shutting down and abandoning module HotReload (93)
[2016.01.05-22.41.18:827][478]LogModuleManager: Shutting down and abandoning module MainFrame (92)
[2016.01.05-22.41.18:828][478]LogModuleManager: Shutting down and abandoning module LevelEditor (91)
[2016.01.05-22.41.18:875][478]LogModuleManager: Shutting down and abandoning module DirectoryWatcher (90)
[2016.01.05-22.41.18:881][478]LogModuleManager: Shutting down and abandoning module AssetRegistry (89)
[2016.01.05-22.41.19:056][478]LogModuleManager: Shutting down and abandoning module ContentBrowser (88)
[2016.01.05-22.41.19:058][478]LogModuleManager: Shutting down and abandoning module Paper2DEditor (87)
[2016.01.05-22.41.19:161][478]LogModuleManager: Shutting down and abandoning module UdpMessaging (86)
[2016.01.05-22.41.19:261][478]LogModuleManager: Shutting down and abandoning module LightPropagationVolumeRuntime (85)
[2016.01.05-22.41.19:261][478]LogModuleManager: Shutting down and abandoning module Paper2D (84)
[2016.01.05-22.41.19:261][478]LogModuleManager: Shutting down and abandoning module WindowsMoviePlayer (83)
[2016.01.05-22.41.19:268][478]LogModuleManager: Shutting down and abandoning module Media (82)
[2016.01.05-22.41.19:268][478]LogModuleManager: Shutting down and abandoning module WmfMedia (81)
[2016.01.05-22.41.19:268][478]LogModuleManager: Shutting down and abandoning module OnlineBlueprintSupport (80)
[2016.01.05-22.41.19:268][478]LogModuleManager: Shutting down and abandoning module GameplayTasksEditor (79)
[2016.01.05-22.41.19:268][478]LogModuleManager: Shutting down and abandoning module PropertyEditor (78)
[2016.01.05-22.41.19:268][478]LogModuleManager: Shutting down and abandoning module BehaviorTreeEditor (77)
[2016.01.05-22.41.19:269][478]LogModuleManager: Shutting down and abandoning module FunctionalTesting (76)
[2016.01.05-22.41.19:269][478]LogModuleManager: Shutting down and abandoning module CollisionAnalyzer (75)
[2016.01.05-22.41.19:269][478]LogModuleManager: Shutting down and abandoning module WorkspaceMenuStructure (74)
[2016.01.05-22.41.19:269][478]LogModuleManager: Shutting down and abandoning module MessageLog (73)
[2016.01.05-22.41.19:269][478]LogModuleManager: Shutting down and abandoning module Sequencer (72)
[2016.01.05-22.41.19:295][478]LogModuleManager: Shutting down and abandoning module AssetTools (71)
[2016.01.05-22.41.19:295][478]LogModuleManager: Shutting down and abandoning module UMGEditor (70)
[2016.01.05-22.41.19:295][478]LogModuleManager: Shutting down and abandoning module UMG (69)
[2016.01.05-22.41.19:296][478]LogModuleManager: Shutting down and abandoning module Slate (68)
[2016.01.05-22.41.19:296][478]LogModuleManager: Shutting down and abandoning module EditorStyle (67)
[2016.01.05-22.41.19:301][478]LogModuleManager: Shutting down and abandoning module SessionServices (66)
[2016.01.05-22.41.19:301][478]LogModuleManager: Shutting down and abandoning module SourceCodeAccess (65)
[2016.01.05-22.41.19:301][478]LogModuleManager: Shutting down and abandoning module HeadMountedDisplay (64)
[2016.01.05-22.41.19:301][478]LogModuleManager: Shutting down and abandoning module XAudio2 (63)
[2016.01.05-22.41.19:301][478]LogModuleManager: Shutting down and abandoning module Networking (61)
[2016.01.05-22.41.19:301][478]LogModuleManager: Shutting down and abandoning module Core (60)
[2016.01.05-22.41.19:301][478]LogModuleManager: Shutting down and abandoning module KismetCompiler (59)
[2016.01.05-22.41.19:301][478]LogModuleManager: Shutting down and abandoning module PhysXFormats (58)
[2016.01.05-22.41.19:301][478]LogModuleManager: Shutting down and abandoning module MeshUtilities (57)
[2016.01.05-22.41.19:301][478]LogModuleManager: Shutting down and abandoning module DerivedDataCache (56)
[2016.01.05-22.41.19:338][478]LogDerivedDataCache: Shutdown
[2016.01.05-22.41.19:338][478]LogModuleManager: Shutting down and abandoning module ShaderFormatOpenGL (55)
[2016.01.05-22.41.19:338][478]LogModuleManager: Shutting down and abandoning module ShaderFormatD3D (54)
[2016.01.05-22.41.19:338][478]LogModuleManager: Shutting down and abandoning module MetalShaderFormat (53)
[2016.01.05-22.41.19:338][478]LogModuleManager: Shutting down and abandoning module TextureFormatUncompressed (52)
[2016.01.05-22.41.19:338][478]LogModuleManager: Shutting down and abandoning module TextureFormatPVR (51)
[2016.01.05-22.41.19:338][478]LogModuleManager: Shutting down and abandoning module TextureFormatIntelISPCTexComp (50)
[2016.01.05-22.41.19:338][478]LogModuleManager: Shutting down and abandoning module TextureFormatDXT (49)
[2016.01.05-22.41.19:338][478]LogModuleManager: Shutting down and abandoning module ImageWrapper (48)
[2016.01.05-22.41.19:338][478]LogModuleManager: Shutting down and abandoning module TextureFormatASTC (47)
[2016.01.05-22.41.19:338][478]LogModuleManager: Shutting down and abandoning module TextureFormatAndroid (46)
[2016.01.05-22.41.19:338][478]LogModuleManager: Shutting down and abandoning module AudioFormatOpus (45)
[2016.01.05-22.41.19:338][478]LogModuleManager: Shutting down and abandoning module AudioFormatOgg (44)
[2016.01.05-22.41.19:338][478]LogModuleManager: Shutting down and abandoning module AudioFormatADPCM (43)
[2016.01.05-22.41.19:338][478]LogModuleManager: Shutting down and abandoning module LinuxTargetPlatform (42)
[2016.01.05-22.41.19:338][478]LogModuleManager: Shutting down and abandoning module LinuxServerTargetPlatform (41)
[2016.01.05-22.41.19:338][478]LogModuleManager: Shutting down and abandoning module LinuxNoEditorTargetPlatform (40)
[2016.01.05-22.41.19:338][478]LogModuleManager: Shutting down and abandoning module Messaging (39)
[2016.01.05-22.41.19:338][478]LogModuleManager: Shutting down and abandoning module IOSTargetPlatform (38)
[2016.01.05-22.41.19:338][478]LogModuleManager: Shutting down and abandoning module HTML5TargetPlatform (37)
[2016.01.05-22.41.19:338][478]LogModuleManager: Shutting down and abandoning module Android_PVRTCTargetPlatform (36)
[2016.01.05-22.41.19:338][478]LogModuleManager: Shutting down and abandoning module Android_MultiTargetPlatform (35)
[2016.01.05-22.41.19:338][478]LogModuleManager: Shutting down and abandoning module Android_ETC2TargetPlatform (34)
[2016.01.05-22.41.19:338][478]LogModuleManager: Shutting down and abandoning module Android_ETC1TargetPlatform (33)
[2016.01.05-22.41.19:339][478]LogModuleManager: Shutting down and abandoning module Android_DXTTargetPlatform (32)
[2016.01.05-22.41.19:339][478]LogModuleManager: Shutting down and abandoning module Android_ATCTargetPlatform (31)
[2016.01.05-22.41.19:339][478]LogModuleManager: Shutting down and abandoning module Android_ASTCTargetPlatform (30)
[2016.01.05-22.41.19:339][478]LogModuleManager: Shutting down and abandoning module AndroidTargetPlatform (29)
[2016.01.05-22.41.19:339][478]LogModuleManager: Shutting down and abandoning module WindowsTargetPlatform (28)
[2016.01.05-22.41.19:339][478]LogModuleManager: Shutting down and abandoning module WindowsServerTargetPlatform (27)
[2016.01.05-22.41.19:339][478]LogModuleManager: Shutting down and abandoning module WindowsNoEditorTargetPlatform (26)
[2016.01.05-22.41.19:339][478]LogModuleManager: Shutting down and abandoning module WindowsClientTargetPlatform (25)
[2016.01.05-22.41.19:339][478]LogModuleManager: Shutting down and abandoning module AllDesktopTargetPlatform (24)
[2016.01.05-22.41.19:339][478]LogModuleManager: Shutting down and abandoning module TargetPlatform (23)
[2016.01.05-22.41.19:339][478]LogModuleManager: Shutting down and abandoning module InputCore (22)
[2016.01.05-22.41.19:339][478]LogModuleManager: Shutting down and abandoning module Settings (21)
[2016.01.05-22.41.19:339][478]LogModuleManager: Shutting down and abandoning module OnlineSubsystem (19)
[2016.01.05-22.41.19:339][478]LogModuleManager: Shutting down and abandoning module HTTP (18)
[2016.01.05-22.41.20:341][478]LogModuleManager: Shutting down and abandoning module XMPP (17)
[2016.01.05-22.41.20:341][478]LogModuleManager: Shutting down and abandoning module OculusRift (16)
[2016.01.05-22.41.20:341][478]LogModuleManager: Shutting down and abandoning module ExampleDeviceProfileSelector (15)
[2016.01.05-22.41.20:341][478]LogModuleManager: Shutting down and abandoning module TextureCompressor (14)
[2016.01.05-22.41.20:341][478]LogModuleManager: Shutting down and abandoning module ShaderCore (13)
[2016.01.05-22.41.20:341][478]LogModuleManager: Shutting down and abandoning module Landscape (12)
[2016.01.05-22.41.20:341][478]LogModuleManager: Shutting down and abandoning module SlateRHIRenderer (11)
[2016.01.05-22.41.20:357][478]LogModuleManager: Shutting down and abandoning module OpenGLDrv (10)
[2016.01.05-22.41.20:357][478]LogModuleManager: Shutting down and abandoning module D3D11RHI (9)
[2016.01.05-22.41.20:357][478]LogModuleManager: Shutting down and abandoning module AnimGraphRuntime (8)
[2016.01.05-22.41.20:357][478]LogModuleManager: Shutting down and abandoning module Renderer (7)
[2016.01.05-22.41.20:357][478]LogModuleManager: Shutting down and abandoning module Engine (6)
[2016.01.05-22.41.20:357][478]LogModuleManager: Shutting down and abandoning module CoreUObject (5)
[2016.01.05-22.41.20:357][478]LogModuleManager: Shutting down and abandoning module NetworkFile (4)
[2016.01.05-22.41.20:357][478]LogModuleManager: Shutting down and abandoning module StreamingFile (3)
[2016.01.05-22.41.20:357][478]LogModuleManager: Shutting down and abandoning module SandboxFile (2)
[2016.01.05-22.41.20:357][478]LogModuleManager: Shutting down and abandoning module PakFile (1)
[2016.01.05-22.41.20:359][478]LogExit: Exiting.
[2016.01.05-22.41.20:388][478]Log file closed, 01/05/16 16:41:20
