[2016.01.10-16.41.28:070][  0]Log file open, 01/10/16 10:41:28
[2016.01.10-16.41.28:070][  0]LogInit:Display: Running engine for game: Project0Zero
[2016.01.10-16.41.28:070][  0]LogPlatformFile: Not using cached read wrapper
[2016.01.10-16.41.28:070][  0]LogInit:Display: RandInit(-455666990) SRandInit(-455666988).
[2016.01.10-16.41.28:070][  0]LogTaskGraph: Started task graph with 4 named threads and 7 total threads.
[2016.01.10-16.41.28:070][  0]LogStats: Stats thread started at 0.081210
[2016.01.10-16.41.28:070][  0]LogInit: Version: 4.10.1-2791327+++depot+UE4-Releases+4.10
[2016.01.10-16.41.28:070][  0]LogInit: API Version: 2758231
[2016.01.10-16.41.28:070][  0]LogInit: Compiled (64-bit): Dec  4 2015 19:44:40
[2016.01.10-16.41.28:070][  0]LogInit: Compiled with Visual C++: 19.00.23026.00
[2016.01.10-16.41.28:070][  0]LogInit: Build Configuration: Development
[2016.01.10-16.41.28:070][  0]LogInit: Branch Name: ++depot+UE4-Releases+4.10
[2016.01.10-16.41.28:070][  0]LogInit: Command line: 
[2016.01.10-16.41.28:070][  0]LogInit: Base directory: C:/Program Files (x86)/Epic Games/4.10/Engine/Binaries/Win64/
[2016.01.10-16.41.28:070][  0]LogInit: Rocket: 1
[2016.01.10-16.41.28:083][  0]LogInit: Using libcurl 7.41.0
[2016.01.10-16.41.28:083][  0]LogInit:  - built for x86_64-pc-win32
[2016.01.10-16.41.28:083][  0]LogInit:  - supports SSL with WinSSL
[2016.01.10-16.41.28:083][  0]LogInit:  - other features:
[2016.01.10-16.41.28:083][  0]LogInit:      CURL_VERSION_SSL
[2016.01.10-16.41.28:083][  0]LogInit:      CURL_VERSION_IPV6
[2016.01.10-16.41.28:083][  0]LogInit:      CURL_VERSION_ASYNCHDNS
[2016.01.10-16.41.28:083][  0]LogInit:      CURL_VERSION_LARGEFILE
[2016.01.10-16.41.28:083][  0]LogInit:      CURL_VERSION_IDN
[2016.01.10-16.41.28:083][  0]LogInit:  CurlRequestOptions (configurable via config and command line):
[2016.01.10-16.41.28:083][  0]LogInit:  - bVerifyPeer = true  - Libcurl will verify peer certificate
[2016.01.10-16.41.28:083][  0]LogInit:  - bUseHttpProxy = false  - Libcurl will NOT use HTTP proxy
[2016.01.10-16.41.28:083][  0]LogInit:  - bDontReuseConnections = false  - Libcurl will reuse connections
[2016.01.10-16.41.28:083][  0]LogInit:  - CertBundlePath = nullptr  - Libcurl will use whatever was configured at build time.
[2016.01.10-16.41.28:090][  0]LogInit: Presizing for 0 objects not considered by GC, pre-allocating 0 bytes.
[2016.01.10-16.41.28:098][  0]LogInit: Object subsystem initialized
[2016.01.10-16.41.28:099][  0]LogInit: Selected Device Profile: [Windows]
[2016.01.10-16.41.28:099][  0]LogInit: Applying CVar settings loaded from the selected device profile: [Windows]
[2016.01.10-16.41.28:110][  0]LogInit: Computer: JESUS-PC
[2016.01.10-16.41.28:110][  0]LogInit: User: Jesus
[2016.01.10-16.41.28:110][  0]LogInit: CPU Page size=4096, Cores=4
[2016.01.10-16.41.28:110][  0]LogInit: High frequency timer resolution =3.417988 MHz
[2016.01.10-16.41.28:110][  0]LogMemory: Memory total: Physical=15.9GB (16GB approx)
[2016.01.10-16.41.28:110][  0]LogMemory: Platform Memory Stats for Windows
[2016.01.10-16.41.28:110][  0]LogMemory: Process Physical Memory: 56.24 MB used, 56.24 MB peak
[2016.01.10-16.41.28:110][  0]LogMemory: Process Virtual Memory: 58.79 MB used, 58.79 MB peak
[2016.01.10-16.41.28:110][  0]LogMemory: Physical Memory: 7649.66 MB used, 16268.07 MB total
[2016.01.10-16.41.28:110][  0]LogMemory: Virtual Memory: 385.68 MB used, 134217728.00 MB total
[2016.01.10-16.41.28:142][  0]LogTextLocalizationManager: No specific translations for ('en-US') exist, so ('en') translations will be used.
[2016.01.10-16.41.28:575][  0]LogD3D11RHI: Found D3D11 adapter 0: NVIDIA GeForce GTX 670 (Feature Level 11_0)
[2016.01.10-16.41.28:575][  0]LogD3D11RHI: Adapter has 1989MB of dedicated video memory, 0MB of dedicated system memory, and 8134MB of shared system memory, 2 output[s]
[2016.01.10-16.41.28:579][  0]LogD3D11RHI: Found D3D11 adapter 1: Intel(R) HD Graphics 4000 (Feature Level 11_0)
[2016.01.10-16.41.28:579][  0]LogD3D11RHI: Adapter has 32MB of dedicated video memory, 0MB of dedicated system memory, and 1760MB of shared system memory, 0 output[s]
[2016.01.10-16.41.28:581][  0]LogD3D11RHI: Found D3D11 adapter 2: Microsoft Basic Render Driver (Feature Level 11_0)
[2016.01.10-16.41.28:581][  0]LogD3D11RHI: Adapter has 0MB of dedicated video memory, 0MB of dedicated system memory, and 8134MB of shared system memory, 0 output[s]
[2016.01.10-16.41.28:581][  0]LogD3D11RHI: Chosen D3D11 Adapter Id = 0
[2016.01.10-16.41.28:587][  0]LogD3D11RHI: !Direct3DDevice
[2016.01.10-16.41.28:587][  0]LogRHI: Texture pool is 1361 MB (70% of 1945 MB)
[2016.01.10-16.41.28:606][  0]LogD3D11RHI: Async texture creation enabled
[2016.01.10-16.41.28:622][  0]LogShaderCompilers: Guid format shader working directory is -37 characters bigger than the processId version (../../../../../../Users/Jesus/Dropbox (Project0)/Project0 Team Folder/Project0Zero/Intermediate/Shaders/WorkingDirectory/16208/).
[2016.01.10-16.41.28:622][  0]LogShaderCompilers: Cleaned the shader compiler working directory 'C:/Users/Jesus/AppData/Local/Temp/UnrealShaderWorkingDir/6068EC3744F10D2C87499CB225123E52/'.
[2016.01.10-16.41.28:622][  0]LogShaderCompilers:Display: Using Local Shader Compiler.
[2016.01.10-16.41.29:551][  0]LogTemp:Display: Loaded TP AllDesktopTargetPlatform
[2016.01.10-16.41.29:556][  0]LogTemp:Display: Loaded TP WindowsClientTargetPlatform
[2016.01.10-16.41.29:561][  0]LogTemp:Display: Loaded TP WindowsNoEditorTargetPlatform
[2016.01.10-16.41.29:565][  0]LogTemp:Display: Loaded TP WindowsServerTargetPlatform
[2016.01.10-16.41.29:569][  0]LogTemp:Display: Loaded TP WindowsTargetPlatform
[2016.01.10-16.41.29:572][  0]LogTemp:Display: Loaded TP AndroidTargetPlatform
[2016.01.10-16.41.29:575][  0]LogTemp:Display: Loaded TP Android_ASTCTargetPlatform
[2016.01.10-16.41.29:578][  0]LogTemp:Display: Loaded TP Android_ATCTargetPlatform
[2016.01.10-16.41.29:581][  0]LogTemp:Display: Loaded TP Android_DXTTargetPlatform
[2016.01.10-16.41.29:583][  0]LogTemp:Display: Loaded TP Android_ETC1TargetPlatform
[2016.01.10-16.41.29:586][  0]LogTemp:Display: Loaded TP Android_ETC2TargetPlatform
[2016.01.10-16.41.29:593][  0]LogTemp:Display: Loaded TP Android_MultiTargetPlatform
[2016.01.10-16.41.29:593][  0]LogTemp:Display: Loaded TP Android_PVRTCTargetPlatform
[2016.01.10-16.41.29:593][  0]LogTemp:Display: Loaded TP HTML5TargetPlatform
[2016.01.10-16.41.29:610][  0]LogTemp:Display: Loaded TP IOSTargetPlatform
[2016.01.10-16.41.29:612][  0]LogTemp:Display: Loaded TP LinuxNoEditorTargetPlatform
[2016.01.10-16.41.29:615][  0]LogTemp:Display: Loaded TP LinuxServerTargetPlatform
[2016.01.10-16.41.29:618][  0]LogTemp:Display: Loaded TP LinuxTargetPlatform
[2016.01.10-16.41.29:618][  0]LogTargetPlatformManager:Display: Building Assets For Windows
[2016.01.10-16.41.29:706][  0]LogDerivedDataCache:Display: Max Cache Size: 512 MB
[2016.01.10-16.41.29:750][  0]LogDerivedDataCache: Loaded boot cache 0.04s 41MB C:/Users/Jesus/AppData/Local/UnrealEngine/4.10/DerivedDataCache/Boot.ddc.
[2016.01.10-16.41.29:751][  0]LogDerivedDataCache:Display: Loaded Boot cache: C:/Users/Jesus/AppData/Local/UnrealEngine/4.10/DerivedDataCache/Boot.ddc
[2016.01.10-16.41.29:751][  0]LogDerivedDataCache: FDerivedDataBackendGraph:  Pak pak cache file ../../../../../../Users/Jesus/Dropbox (Project0)/Project0 Team Folder/Project0Zero/DerivedDataCache/DDC.ddp not found, will not use a pak cache.
[2016.01.10-16.41.29:751][  0]LogDerivedDataCache: Unable to find inner node Pak for hierarchical cache Hierarchy.
[2016.01.10-16.41.29:751][  0]LogDerivedDataCache: FDerivedDataBackendGraph:  CompressedPak pak cache file ../../../../../../Users/Jesus/Dropbox (Project0)/Project0 Team Folder/Project0Zero/DerivedDataCache/Compressed.ddp not found, will not use a pak cache.
[2016.01.10-16.41.29:751][  0]LogDerivedDataCache: Unable to find inner node CompressedPak for hierarchical cache Hierarchy.
[2016.01.10-16.41.29:808][  0]LogDerivedDataCache:Display: Pak cache opened for reading ../../../Engine/DerivedDataCache/Compressed.ddp.
[2016.01.10-16.41.29:819][  0]LogDerivedDataCache: Using Local data cache path C:/Users/Jesus/AppData/Local/UnrealEngine/Common/DerivedDataCache: Writable
[2016.01.10-16.41.30:018][  0]LogInit: Selected Device Profile: [Windows]
[2016.01.10-16.41.30:021][  0]LogContentStreaming: Texture pool size is 0.000000MB
[2016.01.10-16.41.30:133][  0]LogMeshUtilities: No automatic mesh reduction module available
[2016.01.10-16.41.30:133][  0]LogMeshUtilities: No automatic mesh merging module available
[2016.01.10-16.41.30:354][  0]LogInit: WinSock: version 1.1 (2.2), MaxSocks=32767, MaxUdp=65467
[2016.01.10-16.41.31:080][  0]UdpMessaging: Initializing bridge on interface 0.0.0.0:0 to multicast group 230.0.0.1:6666.
[2016.01.10-16.41.31:197][  0]LogAssetRegistry: FAssetRegistry took 0.0110 seconds to start up
[2016.01.10-16.41.31:370][  0]SourceControl: Info Source control is disabled
[2016.01.10-16.41.31:371][  0]SourceControl: Info Source control is disabled
[2016.01.10-16.41.31:387][  0]SourceControl: Info Source control is disabled
[2016.01.10-16.41.31:400][  0]SourceControl: Info Source control is disabled
[2016.01.10-16.41.31:668][  0]LogObj: 28633 objects as part of root set at end of initial load.
[2016.01.10-16.41.31:668][  0]LogUObjectAllocator: 6099752 out of 0 bytes used by permanent object pool.
[2016.01.10-16.41.31:724][  0]LogEngine: Initializing Engine...
[2016.01.10-16.41.31:727][  0]LogHMD: Can't find Oculus library dev build: is proper Runtime installed? Version: 0.8.0.0
[2016.01.10-16.41.31:728][  0]LogHMD: SteamVR failed to initialize.  Err: 110
[2016.01.10-16.41.31:848][  0]LogAIModule: Creating AISystem for world NewWorld
[2016.01.10-16.41.31:856][  0]LogInit: XAudio2 using 'Speakers (2- Wireless Stereo Headset)' : 2 channels at 44.1 kHz using 16 bits per sample (channel mask 0x3)
[2016.01.10-16.41.31:865][  0]LogInit: FAudioDevice initialized.
[2016.01.10-16.41.31:890][  0]LogDerivedDataCache: Saved boot cache 0.03s 41MB C:/Users/Jesus/AppData/Local/UnrealEngine/4.10/DerivedDataCache/Boot.ddc.
[2016.01.10-16.41.31:896][  0]LogInit: Texture streaming: Enabled
[2016.01.10-16.41.31:902][  0]LogAnalytics: Creating configured Analytics provider AnalyticsET
[2016.01.10-16.41.31:902][  0]LogAnalytics: [UEEditor.Rocket.Release] APIServer = http://et2.epicgames.com/ET2/. AppVersion = 4.10.1-2791327+++depot+UE4-Releases+4.10
[2016.01.10-16.41.31:902][  0]LogAnalytics: [UEEditor.Rocket.Release] SetUserId 23a9019d435a13faa8443d84a757bc1f|ec12d995b3f24d5f8f13e00808a805ff|59957613-4f4e-4b76-9029-d7b3a19fea7b
[2016.01.10-16.41.31:902][  0]LogAnalytics: [UEEditor.Rocket.Release] AnalyticsET::StartSession
[2016.01.10-16.41.31:932][  0]LogInit: Transaction tracking system initialized
[2016.01.10-16.41.31:961][  0]BlueprintLog: New page: Editor Load
[2016.01.10-16.41.32:046][  0]LocalizationService: Info Localization service is disabled
[2016.01.10-16.41.32:133][  0]LogConsoleResponse:Display: 
[2016.01.10-16.41.32:243][  0]LogCook:Display: Done creating registry. It took  0.00s.
[2016.01.10-16.41.32:317][  0]LogFileCache: Scanning file cache for directory 'C:/Users/Jesus/Dropbox (Project0)/Project0 Team Folder/Project0Zero/Content/' took 0.01s
[2016.01.10-16.41.32:317][  0]SourceControl: Info Source control is disabled
[2016.01.10-16.41.32:317][  0]Cmd: MAP LOAD FILE="../../../Engine/Content/Maps/Templates/Template_Default.umap" TEMPLATE=1 SHOWPROGRESS=1 FEATURELEVEL=3
[2016.01.10-16.41.32:318][  0]LightingResults: New page: Lighting Build
[2016.01.10-16.41.32:321][  0]MapCheck: New page: Map Check
[2016.01.10-16.41.32:321][  0]LightingResults: New page: Lighting Build
[2016.01.10-16.41.32:333][  0]LogParticles: Destroying 0 GPU particle simulations for FXSystem 0x000001D768D63420
[2016.01.10-16.41.32:626][  0]LogAIModule: Creating AISystem for world Untitled_1
[2016.01.10-16.41.32:631][  0]LogEditorServer: Finished looking for orphan Actors (0.000 secs)
[2016.01.10-16.41.32:637][  0]Cmd: MAP CHECKDEP NOCLEARLOG
[2016.01.10-16.41.32:689][  0]MapCheck: Info Map check complete: 0 Error(s), 0 Warning(s), took 51.95ms to complete.
[2016.01.10-16.41.32:689][  0]LogFileHelpers: Loading map 'Template_Default' took 0.372
[2016.01.10-16.41.32:801][  0]LogCollectionManager: Loaded 0 collections in 0.002525 seconds
[2016.01.10-16.41.32:844][  0]LogFileCache: Scanning file cache for directory 'C:/Users/Jesus/Dropbox (Project0)/Project0 Team Folder/Project0Zero/Saved/Collections/' took 0.01s
[2016.01.10-16.41.32:844][  0]LogFileCache: Scanning file cache for directory 'C:/Users/Jesus/Dropbox (Project0)/Project0 Team Folder/Project0Zero/Content/Developers/Jesus/Collections/' took 0.01s
[2016.01.10-16.41.32:844][  0]LogFileCache: Scanning file cache for directory 'C:/Users/Jesus/Dropbox (Project0)/Project0 Team Folder/Project0Zero/Content/Collections/' took 0.01s
[2016.01.10-16.41.32:844][  0]LogCollectionManager: Rebuilt the GUID cache for 0 collections in 0.000002 seconds
[2016.01.10-16.41.32:852][  0]LogContentBrowser: Native class hierarchy populated in 0.0081 seconds. Added 1893 classes and 338 folders.
[2016.01.10-16.41.32:860][  0]LogContentBrowser: Native class hierarchy updated for 'WidgetCarousel' in 0.0003 seconds. Added 0 classes and 0 folders.
[2016.01.10-16.41.32:906][  0]LogContentBrowser: Native class hierarchy updated for 'AddContentDialog' in 0.0003 seconds. Added 0 classes and 0 folders.
[2016.01.10-16.41.32:911][  0]LogContentBrowser: Native class hierarchy updated for 'SceneOutliner' in 0.0004 seconds. Added 1 classes and 2 folders.
[2016.01.10-16.41.32:934][  0]LogCrashTracker: Crashtracker disabled due to settings.
[2016.01.10-16.41.32:940][  0]LogUObjectGlobals:Warning: Failed to find object 'Class None.'
[2016.01.10-16.41.32:963][  0]LogLoad: Full Startup: 5.34 seconds (BP compile: 0.04 seconds)
[2016.01.10-16.41.33:305][  0]LogOcInput: Can't find Oculus library dev build: is proper Runtime installed? Version: 0.8.0.0
[2016.01.10-16.41.33:358][  0]LogContentStreaming: Texture pool size now 1000 MB
[2016.01.10-16.41.33:522][  0]LogRenderer: Reallocating scene render targets to support 1208x572 (Frame:2).
[2016.01.10-16.41.34:314][  3]LogAssetRegistry: Asset discovery search completed in 3.1284 seconds
[2016.01.10-16.41.34:314][  3]LogCollectionManager: Rebuilt the object cache for 0 collections in 0.000001 seconds (found 0 objects)
[2016.01.10-16.41.34:314][  3]LogCollectionManager: Fixed up redirectors for 0 collections in 0.000018 seconds (updated 0 objects)
[2016.01.10-16.43.01:355][253]Cmd: MAP LOAD FILE="../../../../../../Users/Jesus/Dropbox (Project0)/Project0 Team Folder/Project0Zero/Content/Maps/Untitled.umap" TEMPLATE=0 SHOWPROGRESS=1 FEATURELEVEL=3
[2016.01.10-16.43.01:378][253]LightingResults: New page: Lighting Build
[2016.01.10-16.43.01:395][253]LoadErrors: New page: Loading map: Untitled.umap
[2016.01.10-16.43.01:395][253]MapCheck: New page: Map Check
[2016.01.10-16.43.01:395][253]LightingResults: New page: Lighting Build
[2016.01.10-16.43.01:409][253]LogParticles: Destroying 0 GPU particle simulations for FXSystem 0x000001D7598732E0
[2016.01.10-16.43.01:443][253]LogAIModule: Creating AISystem for world Untitled
[2016.01.10-16.43.01:461][253]LogEditorServer: Finished looking for orphan Actors (0.000 secs)
[2016.01.10-16.43.01:512][253]Cmd: MAP CHECKDEP NOCLEARLOG
[2016.01.10-16.43.01:556][253]MapCheck: Info Map check complete: 0 Error(s), 0 Warning(s), took 44.182ms to complete.
[2016.01.10-16.43.01:556][253]LogFileHelpers: Loading map 'Untitled' took 0.202
[2016.01.10-16.43.17:137][ 90]LogEditorViewport: Clicking on Actor (LMB): StaticMeshActor (grenade)
[2016.01.10-16.43.17:434][118]LogEditorViewport: Clicking on Actor (context menu): StaticMeshActor (grenade)
[2016.01.10-16.43.18:315][218]LogEditorViewport: Clicking on Actor (LMB): StaticMeshActor (grenade)
[2016.01.10-16.53.02:075][790]LogSavePackage: Save=28.266630ms
[2016.01.10-16.53.02:075][790]LogSavePackage: Moving '../../../../../../Users/Jesus/Dropbox (Project0)/Project0 Team Folder/Project0Zero/Saved/Untitled_Auto1B9CFB049417129E825D61592E088DF06.tmp' to '../../../../../../Users/Jesus/Dropbox (Project0)/Project0 Team Folder/Project0Zero/Saved/Autosaves/Game/Maps/Untitled_Auto1.umap'
[2016.01.10-16.53.02:077][790]LogSavePackage: Total save time: 54.224003ms
[2016.01.10-16.53.02:077][790]LogSavePackage:Display: Finished SavePackage ../../../../../../Users/Jesus/Dropbox (Project0)/Project0 Team Folder/Project0Zero/Saved/Autosaves/Game/Maps/Untitled_Auto1.umap
[2016.01.10-16.53.02:078][790]LogFileHelpers: Editor autosave (incl. sublevels) for '/Game/Maps/Untitled' took 0.082
[2016.01.10-16.53.02:078][790]LogFileHelpers: Editor autosave (incl. sublevels) for all levels took 0.082
[2016.01.10-17.49.39:543][ 99]LogEditorViewport: Clicking on Actor (LMB): StaticMeshActor (eagle)
[2016.01.10-17.49.48:736][107]LogEditorViewport: Clicking on Actor (LMB): StaticMeshActor (grenade)
[2016.01.10-17.50.32:742][757]LogSavePackage: Save=27.707235ms
[2016.01.10-17.50.32:742][757]LogSavePackage: Moving '../../../../../../Users/Jesus/Dropbox (Project0)/Project0 Team Folder/Project0Zero/Saved/Untitled_Auto2CC86F1E644E592CF0E02C59639D7D0B4.tmp' to '../../../../../../Users/Jesus/Dropbox (Project0)/Project0 Team Folder/Project0Zero/Saved/Autosaves/Game/Maps/Untitled_Auto2.umap'
[2016.01.10-17.50.32:744][757]LogSavePackage: Total save time: 50.960682ms
[2016.01.10-17.50.32:744][757]LogSavePackage:Display: Finished SavePackage ../../../../../../Users/Jesus/Dropbox (Project0)/Project0 Team Folder/Project0Zero/Saved/Autosaves/Game/Maps/Untitled_Auto2.umap
[2016.01.10-17.50.32:747][757]LogFileHelpers: Editor autosave (incl. sublevels) for '/Game/Maps/Untitled' took 0.074
[2016.01.10-17.50.32:747][757]LogFileHelpers: Editor autosave (incl. sublevels) for all levels took 0.074
[2016.01.10-18.04.28:504][559]LogEditorViewport: Clicking on Actor (context menu): BP_Sky_Sphere_C (Sky Sphere)
[2016.01.10-18.05.12:887][753]LogPlayLevel: PlayLevel: No blueprints needed recompiling
[2016.01.10-18.05.12:924][753]PIE: New page: PIE session: Untitled (Jan 10, 2016, 6:05:12 AM)
[2016.01.10-18.05.13:052][753]LogPlayLevel: Creating play world package: /Game/Maps/UEDPIE_0_Untitled
[2016.01.10-18.05.13:189][753]LogPlayLevel: PIE: StaticDuplicateObject took: (0.137106s)
[2016.01.10-18.05.13:189][753]LogAIModule: Creating AISystem for world Untitled
[2016.01.10-18.05.13:189][753]LogPlayLevel: PIE: World Init took: (0.000767s)
[2016.01.10-18.05.13:190][753]LogPlayLevel: PIE: Created PIE world by copying editor world from /Game/Maps/Untitled.Untitled to /Game/Maps/UEDPIE_0_Untitled.Untitled (0.210605s)
[2016.01.10-18.05.13:226][753]LogInit: XAudio2 using 'Speakers (2- Wireless Stereo Headset)' : 2 channels at 44.1 kHz using 16 bits per sample (channel mask 0x3)
[2016.01.10-18.05.13:239][753]LogInit: FAudioDevice initialized.
[2016.01.10-18.05.14:590][753]LogBlueprint:Warning: [compiler Ue4ASP_Character] Warning Input Axis Event references unknown Axis 'LookUp' for  InputAxis LookUp 
[2016.01.10-18.05.14:590][753]LogBlueprint:Warning: [compiler Ue4ASP_Character] Warning Input Axis Event references unknown Axis 'Turn' for  InputAxis Turn 
[2016.01.10-18.05.14:590][753]LogBlueprint:Warning: [compiler Ue4ASP_Character] Warning Input Axis Event references unknown Axis 'MoveRight' for  InputAxis MoveRight 
[2016.01.10-18.05.14:591][753]LogBlueprint:Warning: [compiler Ue4ASP_Character] Warning Input Axis Event references unknown Axis 'MoveForward' for  InputAxis MoveForward 
[2016.01.10-18.05.14:619][753]LogBlueprint:Warning: [compiler Ue4ASP_Character] Warning [5027.00] Compile of Ue4ASP_Character successful, but with 4 Warning(s) [in 41 ms]
[2016.01.10-18.05.14:619][753]LogBlueprint:Warning: [compiler Ue4ASP_Character] Warning [5027.00] Compile of Ue4ASP_Character successful, but with 5 Warning(s) [in 0 ms]
[2016.01.10-18.05.14:619][753]LogBlueprint:Warning: [compiler Ue4ASP_Character] Warning [5027.00] Compile of Ue4ASP_Character successful, but with 6 Warning(s) [in 0 ms]
[2016.01.10-18.05.14:901][753]LogBlueprint:Warning: [compiler Ue4ASP_Character] Warning Input Axis Event references unknown Axis 'LookUp' for  InputAxis LookUp 
[2016.01.10-18.05.14:901][753]LogBlueprint:Warning: [compiler Ue4ASP_Character] Warning Input Axis Event references unknown Axis 'Turn' for  InputAxis Turn 
[2016.01.10-18.05.14:902][753]LogBlueprint:Warning: [compiler Ue4ASP_Character] Warning Input Axis Event references unknown Axis 'MoveRight' for  InputAxis MoveRight 
[2016.01.10-18.05.14:903][753]LogBlueprint:Warning: [compiler Ue4ASP_Character] Warning Input Axis Event references unknown Axis 'MoveForward' for  InputAxis MoveForward 
[2016.01.10-18.05.14:908][753]LogBlueprint:Warning: [compiler Ue4ASP_Character] Warning [5027.29] Compile of Ue4ASP_Character successful, but with 4 Warning(s) [in 16 ms]
[2016.01.10-18.05.14:908][753]LogBlueprint:Warning: [compiler Ue4ASP_Character] Warning [5027.29] Compile of Ue4ASP_Character successful, but with 5 Warning(s) [in 0 ms]
[2016.01.10-18.05.14:909][753]LogBlueprint:Warning: [compiler Ue4ASP_Character] Warning [5027.29] Compile of Ue4ASP_Character successful, but with 6 Warning(s) [in 0 ms]
[2016.01.10-18.05.15:455][753]LogTexture:Display: Building textures: T_ML_Rubber_Blue_01_D (DXT1)
[2016.01.10-18.05.15:679][753]LogTexture:Display: Building textures: T_ML_Rubber_Blue_01_N (BC5)
[2016.01.10-18.05.15:743][753]LogTexture:Display: Building textures: T_ML_Aluminum01 (DXT1)
[2016.01.10-18.05.15:935][753]LogTexture:Display: Building textures: T_ML_Aluminum01_N (BC5)
[2016.01.10-18.05.15:979][753]LogTexture:Display: Building textures: UE4_Mannequin_MAT_MASKA (AutoDXT)
[2016.01.10-18.05.16:251][753]LogTexture:Display: Building textures: UE4_Mannequin__normals (BC5)
[2016.01.10-18.05.16:731][753]LogTexture:Display: Building textures: UE4_Mannequin_occlusion_Mobile (DXT1)
[2016.01.10-18.05.16:858][753]LogMaterial: Missing cached shader map for material M_UE4Man_Body, compiling. 
[2016.01.10-18.05.16:942][753]LogTexture:Display: Building textures: UE4Man_Logo_N (BC5)
[2016.01.10-18.05.16:974][753]LogMaterial: Missing cached shader map for material M_UE4Man_Body, compiling. 
[2016.01.10-18.05.17:025][753]LogWorld: Game class is 'Sandbox_C'
[2016.01.10-18.05.17:128][753]LogWorld: Bringing World /Game/Maps/UEDPIE_0_Untitled.Untitled up for play (max tick rate 0) at 2016.01.10-12.05.17
[2016.01.10-18.05.17:128][753]LogActor:Warning: GameSession /Game/Maps/UEDPIE_0_Untitled.Untitled:PersistentLevel.GameSession_0 has natively added scene component(s), but none of them were set as the actor's RootComponent - picking one arbitrarily
[2016.01.10-18.05.17:129][753]LogActor:Warning: GameNetworkManager /Game/Maps/UEDPIE_0_Untitled.Untitled:PersistentLevel.GameNetworkManager_0 has natively added scene component(s), but none of them were set as the actor's RootComponent - picking one arbitrarily
[2016.01.10-18.05.17:136][753]LogWorld: Bringing up level for play took: 0.009109
[2016.01.10-18.05.17:418][753]PIE: Info Play in editor start time for /Game/Maps/UEDPIE_0_Untitled 4.267
[2016.01.10-18.09.25:742][890]LogParticles: Destroying 0 GPU particle simulations for FXSystem 0x000001D7594AFD80
[2016.01.10-18.09.45:840][156]LogSavePackage: Save=24.990433ms
[2016.01.10-18.09.45:840][156]LogSavePackage: Moving '../../../../../../Users/Jesus/Dropbox (Project0)/Project0 Team Folder/Project0Zero/Saved/Untitled_Auto36F00EAA448E852621D5208A99C0CF7EA.tmp' to '../../../../../../Users/Jesus/Dropbox (Project0)/Project0 Team Folder/Project0Zero/Saved/Autosaves/Game/Maps/Untitled_Auto3.umap'
[2016.01.10-18.09.45:842][156]LogSavePackage: Total save time: 44.819057ms
[2016.01.10-18.09.45:842][156]LogSavePackage:Display: Finished SavePackage ../../../../../../Users/Jesus/Dropbox (Project0)/Project0 Team Folder/Project0Zero/Saved/Autosaves/Game/Maps/Untitled_Auto3.umap
[2016.01.10-18.09.45:843][156]LogFileHelpers: Editor autosave (incl. sublevels) for '/Game/Maps/Untitled' took 0.065
[2016.01.10-18.09.45:843][156]LogFileHelpers: Editor autosave (incl. sublevels) for all levels took 0.065
[2016.01.10-19.22.23:847][758]LogSavePackage: Save=25.870483ms
[2016.01.10-19.22.23:847][758]LogSavePackage: Moving '../../../../../../Users/Jesus/Dropbox (Project0)/Project0 Team Folder/Project0Zero/Saved/Untitled83B5D9494A5960F7492D64B2C431CA8D.tmp' to '../../../../../../Users/Jesus/Dropbox (Project0)/Project0 Team Folder/Project0Zero/Content/Maps/Untitled.umap'
[2016.01.10-19.22.23:851][758]LogSavePackage: Total save time: 46.319354ms
[2016.01.10-19.22.23:851][758]LogSavePackage:Display: Finished SavePackage ../../../../../../Users/Jesus/Dropbox (Project0)/Project0 Team Folder/Project0Zero/Content/Maps/Untitled.umap
[2016.01.10-19.22.23:887][758]LogFileHelpers: Saving map 'Untitled' took 0.634
[2016.01.10-19.22.24:195][759]Cmd: QUIT_EDITOR
[2016.01.10-19.22.25:101][759]LogWindowsTextInputMethodSystem:Display: IME system now deactivated.
[2016.01.10-19.22.25:101][759]LogWindowsTextInputMethodSystem:Display: IME system now deactivated.
[2016.01.10-19.22.25:157][759]LogExit: Preparing to exit.
[2016.01.10-19.22.25:796][759]LogExit: Editor shut down
[2016.01.10-19.22.25:797][759]LogExit: Transaction tracking system shut down
[2016.01.10-19.22.25:798][759]LogParticles: Destroying 0 GPU particle simulations for FXSystem 0x000001D75D5A0360
[2016.01.10-19.22.25:799][759]LogParticles: Destroying 0 GPU particle simulations for FXSystem 0x000001D75D5ECAE0
[2016.01.10-19.22.25:799][759]LogParticles: Destroying 0 GPU particle simulations for FXSystem 0x000001D772E0B880
[2016.01.10-19.22.25:800][759]LogParticles: Destroying 0 GPU particle simulations for FXSystem 0x000001D7757F1D00
[2016.01.10-19.22.25:924][759]LogExit: Object subsystem successfully closed.
[2016.01.10-19.22.25:942][759]LogD3D11RHI: Shutdown
[2016.01.10-19.22.25:942][759]LogD3D11RHI: CleanupD3DDevice
[2016.01.10-19.22.25:983][759]LogD3D11RHI: ~FD3D11DynamicRHI
[2016.01.10-19.22.25:998][759]LogModuleManager: Shutting down and abandoning module CookingStats (199)
[2016.01.10-19.22.25:998][759]LogModuleManager: Shutting down and abandoning module CrashTracker (198)
[2016.01.10-19.22.25:998][759]LogModuleManager: Shutting down and abandoning module SceneOutliner (197)
[2016.01.10-19.22.25:998][759]LogModuleManager: Shutting down and abandoning module SuperSearch (196)
[2016.01.10-19.22.25:998][759]LogModuleManager: Shutting down and abandoning module WidgetCarousel (195)
[2016.01.10-19.22.25:998][759]LogModuleManager: Shutting down and abandoning module AddContentDialog (194)
[2016.01.10-19.22.26:000][759]LogModuleManager: Shutting down and abandoning module EditorWidgets (193)
[2016.01.10-19.22.26:000][759]LogModuleManager: Shutting down and abandoning module CollectionManager (192)
[2016.01.10-19.22.26:000][759]LogModuleManager: Shutting down and abandoning module StatsViewer (191)
[2016.01.10-19.22.26:000][759]LogModuleManager: Shutting down and abandoning module FoliageEdit (190)
[2016.01.10-19.22.26:000][759]LogModuleManager: Shutting down and abandoning module LandscapeEditor (189)
[2016.01.10-19.22.26:000][759]LogModuleManager: Shutting down and abandoning module ActorPickerMode (188)
[2016.01.10-19.22.26:001][759]LogModuleManager: Shutting down and abandoning module GeometryMode (187)
[2016.01.10-19.22.26:001][759]LogModuleManager: Shutting down and abandoning module TextureAlignMode (186)
[2016.01.10-19.22.26:001][759]LogModuleManager: Shutting down and abandoning module BspMode (185)
[2016.01.10-19.22.26:001][759]LogModuleManager: Shutting down and abandoning module PlacementMode (184)
[2016.01.10-19.22.26:001][759]LogModuleManager: Shutting down and abandoning module AutomationWorker (183)
[2016.01.10-19.22.26:001][759]LogModuleManager: Shutting down and abandoning module CharacterAI (182)
[2016.01.10-19.22.26:001][759]LogModuleManager: Shutting down and abandoning module SmartSnapping (181)
[2016.01.10-19.22.26:001][759]LogModuleManager: Shutting down and abandoning module ViewportSnapping (180)
[2016.01.10-19.22.26:001][759]LogModuleManager: Shutting down and abandoning module LogVisualizer (179)
[2016.01.10-19.22.26:001][759]LogModuleManager: Shutting down and abandoning module GameProjectGeneration (178)
[2016.01.10-19.22.26:001][759]LogModuleManager: Shutting down and abandoning module IntroTutorials (177)
[2016.01.10-19.22.26:001][759]LogModuleManager: Shutting down and abandoning module EditorLiveStreaming (176)
[2016.01.10-19.22.26:001][759]LogModuleManager: Shutting down and abandoning module IOSPlatformEditor (175)
[2016.01.10-19.22.26:001][759]LogModuleManager: Shutting down and abandoning module HTML5PlatformEditor (174)
[2016.01.10-19.22.26:001][759]LogModuleManager: Shutting down and abandoning module AndroidDeviceDetection (173)
[2016.01.10-19.22.26:199][759]LogModuleManager: Shutting down and abandoning module AndroidPlatformEditor (172)
[2016.01.10-19.22.26:200][759]LogModuleManager: Shutting down and abandoning module IOSRuntimeSettings (171)
[2016.01.10-19.22.26:200][759]LogModuleManager: Shutting down and abandoning module AndroidRuntimeSettings (170)
[2016.01.10-19.22.26:200][759]LogModuleManager: Shutting down and abandoning module MergeActors (169)
[2016.01.10-19.22.26:200][759]LogModuleManager: Shutting down and abandoning module SizeMap (168)
[2016.01.10-19.22.26:200][759]LogModuleManager: Shutting down and abandoning module TreeMap (167)
[2016.01.10-19.22.26:200][759]LogModuleManager: Shutting down and abandoning module ReferenceViewer (166)
[2016.01.10-19.22.26:200][759]LogModuleManager: Shutting down and abandoning module LocalizationService (165)
[2016.01.10-19.22.26:200][759]LogModuleManager: Shutting down and abandoning module LocalizationDashboard (164)
[2016.01.10-19.22.26:200][759]LogModuleManager: Shutting down and abandoning module HardwareTargeting (163)
[2016.01.10-19.22.26:200][759]LogModuleManager: Shutting down and abandoning module DeviceProfileEditor (162)
[2016.01.10-19.22.26:200][759]LogModuleManager: Shutting down and abandoning module UndoHistory (161)
[2016.01.10-19.22.26:200][759]LogModuleManager: Shutting down and abandoning module GameplayTagsEditor (160)
[2016.01.10-19.22.26:200][759]LogModuleManager: Shutting down and abandoning module UserFeedback (159)
[2016.01.10-19.22.26:200][759]LogModuleManager: Shutting down and abandoning module XmlParser (158)
[2016.01.10-19.22.26:200][759]LogModuleManager: Shutting down and abandoning module Blutility (157)
[2016.01.10-19.22.26:200][759]LogModuleManager: Shutting down and abandoning module ProjectTargetPlatformEditor (156)
[2016.01.10-19.22.26:200][759]LogModuleManager: Shutting down and abandoning module ProjectSettingsViewer (155)
[2016.01.10-19.22.26:200][759]LogModuleManager: Shutting down and abandoning module InputBindingEditor (154)
[2016.01.10-19.22.26:200][759]LogModuleManager: Shutting down and abandoning module EditorSettingsViewer (153)
[2016.01.10-19.22.26:200][759]LogModuleManager: Shutting down and abandoning module SettingsEditor (152)
[2016.01.10-19.22.26:200][759]LogModuleManager: Shutting down and abandoning module ProjectLauncher (151)
[2016.01.10-19.22.26:200][759]LogModuleManager: Shutting down and abandoning module SessionFrontend (150)
[2016.01.10-19.22.26:200][759]LogModuleManager: Shutting down and abandoning module ProfilerClient (149)
[2016.01.10-19.22.26:200][759]LogModuleManager: Shutting down and abandoning module TargetDeviceServices (148)
[2016.01.10-19.22.26:200][759]LogModuleManager: Shutting down and abandoning module DeviceManager (147)
[2016.01.10-19.22.26:200][759]LogModuleManager: Shutting down and abandoning module AutomationController (146)
[2016.01.10-19.22.26:200][759]LogModuleManager: Shutting down and abandoning module AutomationWindow (145)
[2016.01.10-19.22.26:200][759]LogModuleManager: Shutting down and abandoning module Layers (144)
[2016.01.10-19.22.26:200][759]LogModuleManager: Shutting down and abandoning module ComponentVisualizers (143)
[2016.01.10-19.22.26:200][759]LogModuleManager: Shutting down and abandoning module DetailCustomizations (142)
[2016.01.10-19.22.26:200][759]LogModuleManager: Shutting down and abandoning module PackagesDialog (141)
[2016.01.10-19.22.26:200][759]LogModuleManager: Shutting down and abandoning module Persona (140)
[2016.01.10-19.22.26:200][759]LogModuleManager: Shutting down and abandoning module Kismet (139)
[2016.01.10-19.22.26:200][759]LogModuleManager: Shutting down and abandoning module GraphEditor (138)
[2016.01.10-19.22.26:201][759]LogModuleManager: Shutting down and abandoning module ClassViewer (137)
[2016.01.10-19.22.26:201][759]LogModuleManager: Shutting down and abandoning module Toolbox (136)
[2016.01.10-19.22.26:201][759]LogModuleManager: Shutting down and abandoning module ModuleUI (135)
[2016.01.10-19.22.26:201][759]LogModuleManager: Shutting down and abandoning module MovieSceneTools (134)
[2016.01.10-19.22.26:201][759]LogModuleManager: Shutting down and abandoning module OutputLog (133)
[2016.01.10-19.22.26:201][759]LogModuleManager: Shutting down and abandoning module GammaUI (132)
[2016.01.10-19.22.26:201][759]LogModuleManager: Shutting down and abandoning module Documentation (131)
[2016.01.10-19.22.26:201][759]LogModuleManager: Shutting down and abandoning module GameLiveStreaming (130)
[2016.01.10-19.22.26:201][759]LogModuleManager: Shutting down and abandoning module StreamingPauseRendering (129)
[2016.01.10-19.22.26:201][759]LogModuleManager: Shutting down and abandoning module AnalyticsET (128)
[2016.01.10-19.22.26:201][759]LogModuleManager: Shutting down and abandoning module Analytics (127)
[2016.01.10-19.22.26:201][759]LogModuleManager: Shutting down and abandoning module AITestSuite (126)
[2016.01.10-19.22.26:201][759]LogModuleManager: Shutting down and abandoning module GameplayDebugger (125)
[2016.01.10-19.22.26:201][759]LogModuleManager: Shutting down and abandoning module AIModule (124)
[2016.01.10-19.22.26:201][759]LogModuleManager: Shutting down and abandoning module ProfilerService (123)
[2016.01.10-19.22.26:220][759]LogModuleManager: Shutting down and abandoning module TaskGraph (122)
[2016.01.10-19.22.26:220][759]LogModuleManager: Shutting down and abandoning module SlateRemote (121)
[2016.01.10-19.22.26:220][759]LogModuleManager: Shutting down and abandoning module SteamVRController (120)
[2016.01.10-19.22.26:220][759]LogModuleManager: Shutting down and abandoning module SteamVR (119)
[2016.01.10-19.22.26:220][759]LogModuleManager: Shutting down and abandoning module ProceduralMeshComponent (118)
[2016.01.10-19.22.26:220][759]LogModuleManager: Shutting down and abandoning module OculusLibrary (117)
[2016.01.10-19.22.26:220][759]LogModuleManager: Shutting down and abandoning module OculusInput (116)
[2016.01.10-19.22.26:220][759]LogModuleManager: Shutting down and abandoning module LeapMotionController (115)
[2016.01.10-19.22.26:240][759]LogModuleManager: Shutting down and abandoning module CustomMeshComponent (114)
[2016.01.10-19.22.26:240][759]LogModuleManager: Shutting down and abandoning module CableComponent (113)
[2016.01.10-19.22.26:240][759]LogModuleManager: Shutting down and abandoning module ArchVisCharacter (112)
[2016.01.10-19.22.26:240][759]LogModuleManager: Shutting down and abandoning module MessagingDebugger (111)
[2016.01.10-19.22.26:240][759]LogModuleManager: Shutting down and abandoning module MediaPlayerEditor (110)
[2016.01.10-19.22.26:240][759]LogModuleManager: Shutting down and abandoning module HTML5Networking (109)
[2016.01.10-19.22.26:240][759]LogModuleManager: Shutting down and abandoning module SpeedTreeImporter (108)
[2016.01.10-19.22.26:240][759]LogModuleManager: Shutting down and abandoning module PluginBrowser (107)
[2016.01.10-19.22.26:240][759]LogModuleManager: Shutting down and abandoning module EpicSurvey (106)
[2016.01.10-19.22.26:240][759]LogModuleManager: Shutting down and abandoning module DesktopPlatform (105)
[2016.01.10-19.22.26:240][759]LogModuleManager: Shutting down and abandoning module VisualStudioSourceCodeAccess (104)
[2016.01.10-19.22.26:240][759]LogModuleManager: Shutting down and abandoning module UObjectPlugin (103)
[2016.01.10-19.22.26:240][759]LogModuleManager: Shutting down and abandoning module SubversionSourceControl (102)
[2016.01.10-19.22.26:240][759]LogModuleManager: Shutting down and abandoning module PerforceSourceControl (101)
[2016.01.10-19.22.26:240][759]LogModuleManager: Shutting down and abandoning module SourceControl (100)
[2016.01.10-19.22.26:240][759]LogModuleManager: Shutting down and abandoning module GitSourceControl (99)
[2016.01.10-19.22.26:240][759]LogModuleManager: Shutting down and abandoning module LightPropagationVolumeEditor (98)
[2016.01.10-19.22.26:240][759]LogModuleManager: Shutting down and abandoning module PaperTiledImporter (97)
[2016.01.10-19.22.26:240][759]LogModuleManager: Shutting down and abandoning module PaperSpriteSheetImporter (96)
[2016.01.10-19.22.26:240][759]LogModuleManager: Shutting down and abandoning module MeshPaint (95)
[2016.01.10-19.22.26:240][759]LogModuleManager: Shutting down and abandoning module SlateReflector (94)
[2016.01.10-19.22.26:240][759]LogModuleManager: Shutting down and abandoning module HotReload (93)
[2016.01.10-19.22.26:241][759]LogModuleManager: Shutting down and abandoning module MainFrame (92)
[2016.01.10-19.22.26:241][759]LogModuleManager: Shutting down and abandoning module LevelEditor (91)
[2016.01.10-19.22.26:241][759]LogModuleManager: Shutting down and abandoning module DirectoryWatcher (90)
[2016.01.10-19.22.26:243][759]LogModuleManager: Shutting down and abandoning module AssetRegistry (89)
[2016.01.10-19.22.26:355][759]LogModuleManager: Shutting down and abandoning module ContentBrowser (88)
[2016.01.10-19.22.26:356][759]LogModuleManager: Shutting down and abandoning module Paper2DEditor (87)
[2016.01.10-19.22.26:356][759]LogModuleManager: Shutting down and abandoning module UdpMessaging (86)
[2016.01.10-19.22.26:456][759]LogModuleManager: Shutting down and abandoning module LightPropagationVolumeRuntime (85)
[2016.01.10-19.22.26:456][759]LogModuleManager: Shutting down and abandoning module Paper2D (84)
[2016.01.10-19.22.26:456][759]LogModuleManager: Shutting down and abandoning module WindowsMoviePlayer (83)
[2016.01.10-19.22.26:461][759]LogModuleManager: Shutting down and abandoning module Media (82)
[2016.01.10-19.22.26:461][759]LogModuleManager: Shutting down and abandoning module WmfMedia (81)
[2016.01.10-19.22.26:461][759]LogModuleManager: Shutting down and abandoning module OnlineBlueprintSupport (80)
[2016.01.10-19.22.26:461][759]LogModuleManager: Shutting down and abandoning module GameplayTasksEditor (79)
[2016.01.10-19.22.26:461][759]LogModuleManager: Shutting down and abandoning module PropertyEditor (78)
[2016.01.10-19.22.26:461][759]LogModuleManager: Shutting down and abandoning module BehaviorTreeEditor (77)
[2016.01.10-19.22.26:461][759]LogModuleManager: Shutting down and abandoning module FunctionalTesting (76)
[2016.01.10-19.22.26:461][759]LogModuleManager: Shutting down and abandoning module CollisionAnalyzer (75)
[2016.01.10-19.22.26:461][759]LogModuleManager: Shutting down and abandoning module WorkspaceMenuStructure (74)
[2016.01.10-19.22.26:461][759]LogModuleManager: Shutting down and abandoning module MessageLog (73)
[2016.01.10-19.22.26:461][759]LogModuleManager: Shutting down and abandoning module Sequencer (72)
[2016.01.10-19.22.26:461][759]LogModuleManager: Shutting down and abandoning module AssetTools (71)
[2016.01.10-19.22.26:462][759]LogModuleManager: Shutting down and abandoning module UMGEditor (70)
[2016.01.10-19.22.26:462][759]LogModuleManager: Shutting down and abandoning module UMG (69)
[2016.01.10-19.22.26:462][759]LogModuleManager: Shutting down and abandoning module Slate (68)
[2016.01.10-19.22.26:462][759]LogModuleManager: Shutting down and abandoning module EditorStyle (67)
[2016.01.10-19.22.26:466][759]LogModuleManager: Shutting down and abandoning module SessionServices (66)
[2016.01.10-19.22.26:466][759]LogModuleManager: Shutting down and abandoning module SourceCodeAccess (65)
[2016.01.10-19.22.26:466][759]LogModuleManager: Shutting down and abandoning module HeadMountedDisplay (64)
[2016.01.10-19.22.26:466][759]LogModuleManager: Shutting down and abandoning module XAudio2 (63)
[2016.01.10-19.22.26:466][759]LogModuleManager: Shutting down and abandoning module Networking (61)
[2016.01.10-19.22.26:466][759]LogModuleManager: Shutting down and abandoning module Core (60)
[2016.01.10-19.22.26:466][759]LogModuleManager: Shutting down and abandoning module KismetCompiler (59)
[2016.01.10-19.22.26:466][759]LogModuleManager: Shutting down and abandoning module PhysXFormats (58)
[2016.01.10-19.22.26:466][759]LogModuleManager: Shutting down and abandoning module MeshUtilities (57)
[2016.01.10-19.22.26:466][759]LogModuleManager: Shutting down and abandoning module DerivedDataCache (56)
[2016.01.10-19.22.26:560][759]LogDerivedDataCache: Shutdown
[2016.01.10-19.22.26:560][759]LogModuleManager: Shutting down and abandoning module ShaderFormatOpenGL (55)
[2016.01.10-19.22.26:560][759]LogModuleManager: Shutting down and abandoning module ShaderFormatD3D (54)
[2016.01.10-19.22.26:560][759]LogModuleManager: Shutting down and abandoning module MetalShaderFormat (53)
[2016.01.10-19.22.26:560][759]LogModuleManager: Shutting down and abandoning module TextureFormatUncompressed (52)
[2016.01.10-19.22.26:560][759]LogModuleManager: Shutting down and abandoning module TextureFormatPVR (51)
[2016.01.10-19.22.26:560][759]LogModuleManager: Shutting down and abandoning module TextureFormatIntelISPCTexComp (50)
[2016.01.10-19.22.26:560][759]LogModuleManager: Shutting down and abandoning module TextureFormatDXT (49)
[2016.01.10-19.22.26:560][759]LogModuleManager: Shutting down and abandoning module ImageWrapper (48)
[2016.01.10-19.22.26:560][759]LogModuleManager: Shutting down and abandoning module TextureFormatASTC (47)
[2016.01.10-19.22.26:560][759]LogModuleManager: Shutting down and abandoning module TextureFormatAndroid (46)
[2016.01.10-19.22.26:560][759]LogModuleManager: Shutting down and abandoning module AudioFormatOpus (45)
[2016.01.10-19.22.26:560][759]LogModuleManager: Shutting down and abandoning module AudioFormatOgg (44)
[2016.01.10-19.22.26:561][759]LogModuleManager: Shutting down and abandoning module AudioFormatADPCM (43)
[2016.01.10-19.22.26:561][759]LogModuleManager: Shutting down and abandoning module LinuxTargetPlatform (42)
[2016.01.10-19.22.26:561][759]LogModuleManager: Shutting down and abandoning module LinuxServerTargetPlatform (41)
[2016.01.10-19.22.26:561][759]LogModuleManager: Shutting down and abandoning module LinuxNoEditorTargetPlatform (40)
[2016.01.10-19.22.26:561][759]LogModuleManager: Shutting down and abandoning module Messaging (39)
[2016.01.10-19.22.26:561][759]LogModuleManager: Shutting down and abandoning module IOSTargetPlatform (38)
[2016.01.10-19.22.26:561][759]LogModuleManager: Shutting down and abandoning module HTML5TargetPlatform (37)
[2016.01.10-19.22.26:561][759]LogModuleManager: Shutting down and abandoning module Android_PVRTCTargetPlatform (36)
[2016.01.10-19.22.26:561][759]LogModuleManager: Shutting down and abandoning module Android_MultiTargetPlatform (35)
[2016.01.10-19.22.26:561][759]LogModuleManager: Shutting down and abandoning module Android_ETC2TargetPlatform (34)
[2016.01.10-19.22.26:561][759]LogModuleManager: Shutting down and abandoning module Android_ETC1TargetPlatform (33)
[2016.01.10-19.22.26:561][759]LogModuleManager: Shutting down and abandoning module Android_DXTTargetPlatform (32)
[2016.01.10-19.22.26:561][759]LogModuleManager: Shutting down and abandoning module Android_ATCTargetPlatform (31)
[2016.01.10-19.22.26:561][759]LogModuleManager: Shutting down and abandoning module Android_ASTCTargetPlatform (30)
[2016.01.10-19.22.26:561][759]LogModuleManager: Shutting down and abandoning module AndroidTargetPlatform (29)
[2016.01.10-19.22.26:561][759]LogModuleManager: Shutting down and abandoning module WindowsTargetPlatform (28)
[2016.01.10-19.22.26:561][759]LogModuleManager: Shutting down and abandoning module WindowsServerTargetPlatform (27)
[2016.01.10-19.22.26:561][759]LogModuleManager: Shutting down and abandoning module WindowsNoEditorTargetPlatform (26)
[2016.01.10-19.22.26:561][759]LogModuleManager: Shutting down and abandoning module WindowsClientTargetPlatform (25)
[2016.01.10-19.22.26:561][759]LogModuleManager: Shutting down and abandoning module AllDesktopTargetPlatform (24)
[2016.01.10-19.22.26:561][759]LogModuleManager: Shutting down and abandoning module TargetPlatform (23)
[2016.01.10-19.22.26:561][759]LogModuleManager: Shutting down and abandoning module InputCore (22)
[2016.01.10-19.22.26:561][759]LogModuleManager: Shutting down and abandoning module Settings (21)
[2016.01.10-19.22.26:561][759]LogModuleManager: Shutting down and abandoning module OnlineSubsystem (19)
[2016.01.10-19.22.26:561][759]LogModuleManager: Shutting down and abandoning module HTTP (18)
[2016.01.10-19.22.28:563][759]LogModuleManager: Shutting down and abandoning module XMPP (17)
[2016.01.10-19.22.28:563][759]LogModuleManager: Shutting down and abandoning module OculusRift (16)
[2016.01.10-19.22.28:563][759]LogModuleManager: Shutting down and abandoning module ExampleDeviceProfileSelector (15)
[2016.01.10-19.22.28:563][759]LogModuleManager: Shutting down and abandoning module TextureCompressor (14)
[2016.01.10-19.22.28:563][759]LogModuleManager: Shutting down and abandoning module ShaderCore (13)
[2016.01.10-19.22.28:563][759]LogModuleManager: Shutting down and abandoning module Landscape (12)
[2016.01.10-19.22.28:563][759]LogModuleManager: Shutting down and abandoning module SlateRHIRenderer (11)
[2016.01.10-19.22.28:565][759]LogModuleManager: Shutting down and abandoning module OpenGLDrv (10)
[2016.01.10-19.22.28:565][759]LogModuleManager: Shutting down and abandoning module D3D11RHI (9)
[2016.01.10-19.22.28:565][759]LogModuleManager: Shutting down and abandoning module AnimGraphRuntime (8)
[2016.01.10-19.22.28:565][759]LogModuleManager: Shutting down and abandoning module Renderer (7)
[2016.01.10-19.22.28:565][759]LogModuleManager: Shutting down and abandoning module Engine (6)
[2016.01.10-19.22.28:565][759]LogModuleManager: Shutting down and abandoning module CoreUObject (5)
[2016.01.10-19.22.28:565][759]LogModuleManager: Shutting down and abandoning module NetworkFile (4)
[2016.01.10-19.22.28:565][759]LogModuleManager: Shutting down and abandoning module StreamingFile (3)
[2016.01.10-19.22.28:565][759]LogModuleManager: Shutting down and abandoning module SandboxFile (2)
[2016.01.10-19.22.28:565][759]LogModuleManager: Shutting down and abandoning module PakFile (1)
[2016.01.10-19.22.28:566][759]LogExit: Exiting.
[2016.01.10-19.22.28:585][759]Log file closed, 01/10/16 13:22:28
