[2016.01.06-22.58.30:903][  0]Log file open, 01/06/16 16:58:30
[2016.01.06-22.58.30:903][  0]LogInit:Display: Running engine for game: Project0Zero
[2016.01.06-22.58.30:903][  0]LogPlatformFile: Not using cached read wrapper
[2016.01.06-22.58.30:903][  0]LogInit:Display: RandInit(-894775728) SRandInit(-894775693).
[2016.01.06-22.58.30:903][  0]LogTaskGraph: Started task graph with 4 named threads and 7 total threads.
[2016.01.06-22.58.30:903][  0]LogStats: Stats thread started at 0.127158
[2016.01.06-22.58.30:903][  0]LogInit: Version: 4.10.1-2791327+++depot+UE4-Releases+4.10
[2016.01.06-22.58.30:903][  0]LogInit: API Version: 2758231
[2016.01.06-22.58.30:903][  0]LogInit: Compiled (64-bit): Dec  4 2015 19:44:40
[2016.01.06-22.58.30:903][  0]LogInit: Compiled with Visual C++: 19.00.23026.00
[2016.01.06-22.58.30:903][  0]LogInit: Build Configuration: Development
[2016.01.06-22.58.30:903][  0]LogInit: Branch Name: ++depot+UE4-Releases+4.10
[2016.01.06-22.58.30:903][  0]LogInit: Command line:  /Temp/Autosaves/Game/Maps/UEDPCUntitled -game -PIEVIACONSOLE -ResX=1280 -ResY=720  -Multiprocess 
[2016.01.06-22.58.30:903][  0]LogInit: Base directory: C:/Program Files/Epic Games/4.10/Engine/Binaries/Win64/
[2016.01.06-22.58.30:903][  0]LogInit: Rocket: 1
[2016.01.06-22.58.30:928][  0]LogInit: Using libcurl 7.41.0
[2016.01.06-22.58.30:928][  0]LogInit:  - built for x86_64-pc-win32
[2016.01.06-22.58.30:928][  0]LogInit:  - supports SSL with WinSSL
[2016.01.06-22.58.30:928][  0]LogInit:  - other features:
[2016.01.06-22.58.30:928][  0]LogInit:      CURL_VERSION_SSL
[2016.01.06-22.58.30:928][  0]LogInit:      CURL_VERSION_IPV6
[2016.01.06-22.58.30:928][  0]LogInit:      CURL_VERSION_ASYNCHDNS
[2016.01.06-22.58.30:928][  0]LogInit:      CURL_VERSION_LARGEFILE
[2016.01.06-22.58.30:928][  0]LogInit:      CURL_VERSION_IDN
[2016.01.06-22.58.30:928][  0]LogInit:  CurlRequestOptions (configurable via config and command line):
[2016.01.06-22.58.30:928][  0]LogInit:  - bVerifyPeer = true  - Libcurl will verify peer certificate
[2016.01.06-22.58.30:928][  0]LogInit:  - bUseHttpProxy = false  - Libcurl will NOT use HTTP proxy
[2016.01.06-22.58.30:928][  0]LogInit:  - bDontReuseConnections = false  - Libcurl will reuse connections
[2016.01.06-22.58.30:928][  0]LogInit:  - CertBundlePath = nullptr  - Libcurl will use whatever was configured at build time.
[2016.01.06-22.58.30:941][  0]LogInit: Presizing for 0 objects not considered by GC, pre-allocating 0 bytes.
[2016.01.06-22.58.30:951][  0]LogInit: Object subsystem initialized
[2016.01.06-22.58.30:952][  0]LogInit: Selected Device Profile: [Windows]
[2016.01.06-22.58.30:952][  0]LogInit: Applying CVar settings loaded from the selected device profile: [Windows]
[2016.01.06-22.58.30:959][  0]LogInit: Computer: COMPUTER_
[2016.01.06-22.58.30:959][  0]LogInit: User: seths000
[2016.01.06-22.58.30:959][  0]LogInit: CPU Page size=4096, Cores=4
[2016.01.06-22.58.30:959][  0]LogInit: High frequency timer resolution =14.318180 MHz
[2016.01.06-22.58.30:959][  0]LogMemory: Memory total: Physical=8.0GB (8GB approx)
[2016.01.06-22.58.30:959][  0]LogMemory: Platform Memory Stats for Windows
[2016.01.06-22.58.30:959][  0]LogMemory: Process Physical Memory: 56.07 MB used, 56.07 MB peak
[2016.01.06-22.58.30:959][  0]LogMemory: Process Virtual Memory: 56.89 MB used, 56.89 MB peak
[2016.01.06-22.58.30:959][  0]LogMemory: Physical Memory: 5120.56 MB used, 8173.55 MB total
[2016.01.06-22.58.30:959][  0]LogMemory: Virtual Memory: 379.86 MB used, 134217728.00 MB total
[2016.01.06-22.58.31:015][  0]LogTextLocalizationManager: No specific translations for ('en-US') exist, so ('en') translations will be used.
[2016.01.06-22.58.31:664][  0]LogD3D11RHI: Found D3D11 adapter 0: AMD Radeon HD 7900 Series (Feature Level 11_0)
[2016.01.06-22.58.31:664][  0]LogD3D11RHI: Adapter has 3054MB of dedicated video memory, 0MB of dedicated system memory, and 4086MB of shared system memory, 1 output[s]
[2016.01.06-22.58.31:669][  0]LogD3D11RHI: Found D3D11 adapter 1: Microsoft Basic Render Driver (Feature Level 11_0)
[2016.01.06-22.58.31:669][  0]LogD3D11RHI: Adapter has 0MB of dedicated video memory, 0MB of dedicated system memory, and 4086MB of shared system memory, 0 output[s]
[2016.01.06-22.58.31:669][  0]LogD3D11RHI: Chosen D3D11 Adapter Id = 0
[2016.01.06-22.58.31:686][  0]LogD3D11RHI: !Direct3DDevice
[2016.01.06-22.58.31:686][  0]LogRHI: Texture pool is 1361 MB (70% of 1945 MB)
[2016.01.06-22.58.31:696][  0]LogD3D11RHI: Async texture creation disabled: no driver support
[2016.01.06-22.58.31:709][  0]LogShaderCompilers: Guid format shader working directory is -38 characters bigger than the processId version (../../../../../../Users/seths_000/Dropbox (Project0)/Project0 Team Folder/Project0Zero/Intermediate/Shaders/WorkingDirectory/24412/).
[2016.01.06-22.58.31:710][  0]LogShaderCompilers: Cleaned the shader compiler working directory 'C:/Users/SETHS_~1/AppData/Local/Temp/UnrealShaderWorkingDir/6200A2524C30B2DCD5635293785D4052/'.
[2016.01.06-22.58.31:710][  0]LogShaderCompilers:Display: Using Local Shader Compiler.
[2016.01.06-22.58.33:190][  0]LogTemp:Display: Loaded TP AllDesktopTargetPlatform
[2016.01.06-22.58.33:199][  0]LogTemp:Display: Loaded TP WindowsClientTargetPlatform
[2016.01.06-22.58.33:209][  0]LogTemp:Display: Loaded TP WindowsNoEditorTargetPlatform
[2016.01.06-22.58.33:215][  0]LogTemp:Display: Loaded TP WindowsServerTargetPlatform
[2016.01.06-22.58.33:225][  0]LogTemp:Display: Loaded TP WindowsTargetPlatform
[2016.01.06-22.58.33:231][  0]LogTemp:Display: Loaded TP AndroidTargetPlatform
[2016.01.06-22.58.33:243][  0]LogTemp:Display: Loaded TP Android_ASTCTargetPlatform
[2016.01.06-22.58.33:249][  0]LogTemp:Display: Loaded TP Android_ATCTargetPlatform
[2016.01.06-22.58.33:256][  0]LogTemp:Display: Loaded TP Android_DXTTargetPlatform
[2016.01.06-22.58.33:260][  0]LogTemp:Display: Loaded TP Android_ETC1TargetPlatform
[2016.01.06-22.58.33:265][  0]LogTemp:Display: Loaded TP Android_ETC2TargetPlatform
[2016.01.06-22.58.33:277][  0]LogTemp:Display: Loaded TP Android_MultiTargetPlatform
[2016.01.06-22.58.33:277][  0]LogTemp:Display: Loaded TP Android_PVRTCTargetPlatform
[2016.01.06-22.58.33:278][  0]LogTemp:Display: Loaded TP HTML5TargetPlatform
[2016.01.06-22.58.33:301][  0]LogTemp:Display: Loaded TP IOSTargetPlatform
[2016.01.06-22.58.33:308][  0]LogTemp:Display: Loaded TP LinuxNoEditorTargetPlatform
[2016.01.06-22.58.33:312][  0]LogTemp:Display: Loaded TP LinuxServerTargetPlatform
[2016.01.06-22.58.33:320][  0]LogTemp:Display: Loaded TP LinuxTargetPlatform
[2016.01.06-22.58.33:320][  0]LogTargetPlatformManager:Display: Building Assets For Windows
[2016.01.06-22.58.33:461][  0]LogDerivedDataCache:Display: Max Cache Size: 512 MB
[2016.01.06-22.58.33:628][  0]LogDerivedDataCache: Loaded boot cache 0.17s 41MB C:/Users/seths_000/AppData/Local/UnrealEngine/4.10/DerivedDataCache/Boot.ddc.
[2016.01.06-22.58.33:628][  0]LogDerivedDataCache:Display: Loaded Boot cache: C:/Users/seths_000/AppData/Local/UnrealEngine/4.10/DerivedDataCache/Boot.ddc
[2016.01.06-22.58.33:628][  0]LogDerivedDataCache: FDerivedDataBackendGraph:  Pak pak cache file ../../../../../../Users/seths_000/Dropbox (Project0)/Project0 Team Folder/Project0Zero/DerivedDataCache/DDC.ddp not found, will not use a pak cache.
[2016.01.06-22.58.33:628][  0]LogDerivedDataCache: Unable to find inner node Pak for hierarchical cache Hierarchy.
[2016.01.06-22.58.33:628][  0]LogDerivedDataCache: FDerivedDataBackendGraph:  CompressedPak pak cache file ../../../../../../Users/seths_000/Dropbox (Project0)/Project0 Team Folder/Project0Zero/DerivedDataCache/Compressed.ddp not found, will not use a pak cache.
[2016.01.06-22.58.33:628][  0]LogDerivedDataCache: Unable to find inner node CompressedPak for hierarchical cache Hierarchy.
[2016.01.06-22.58.33:735][  0]LogDerivedDataCache:Display: Pak cache opened for reading ../../../Engine/DerivedDataCache/Compressed.ddp.
[2016.01.06-22.58.33:752][  0]LogDerivedDataCache: Using Local data cache path C:/Users/seths_000/AppData/Local/UnrealEngine/Common/DerivedDataCache: Writable
[2016.01.06-22.58.34:085][  0]LogInit: Selected Device Profile: [Windows]
[2016.01.06-22.58.34:091][  0]LogContentStreaming: Texture pool size is 1000.000000MB
[2016.01.06-22.58.34:254][  0]LogMeshUtilities: No automatic mesh reduction module available
[2016.01.06-22.58.34:254][  0]LogMeshUtilities: No automatic mesh merging module available
[2016.01.06-22.58.34:705][  0]LogInit: WinSock: version 1.1 (2.2), MaxSocks=32767, MaxUdp=65467
[2016.01.06-22.58.35:020][  0]LogWindowsMoviePlayer: Unable to load movie: ../../../../../../Users/seths_000/Dropbox (Project0)/Project0 Team Folder/Project0Zero/Content/Movies/Default_Startup.mp4
[2016.01.06-22.58.35:179][  0]SourceControl: Info Source control is disabled
[2016.01.06-22.58.35:179][  0]SourceControl: Info Source control is disabled
[2016.01.06-22.58.35:195][  0]SourceControl: Info Source control is disabled
[2016.01.06-22.58.35:508][  0]LogObj: 27935 objects as part of root set at end of initial load.
[2016.01.06-22.58.35:508][  0]LogUObjectAllocator: 5830072 out of 0 bytes used by permanent object pool.
[2016.01.06-22.58.35:613][  0]LogEngine: Initializing Engine...
[2016.01.06-22.58.35:618][  0]LogHMD: Can't find Oculus library dev build: is proper Runtime installed? Version: 0.8.0.0
[2016.01.06-22.58.35:626][  0]LogHMD: SteamVR failed to initialize.  Err: 108
[2016.01.06-22.58.35:854][  0]LogInit: XAudio2 using 'Speakers (5- Logitech G35 Headset)' : 2 channels at 44.1 kHz using 16 bits per sample (channel mask 0x3)
[2016.01.06-22.58.35:873][  0]LogInit: FAudioDevice initialized.
[2016.01.06-22.58.35:893][  0]LogInit: Texture streaming: Enabled
[2016.01.06-22.58.36:017][  0]LogNet: Browse: /Temp/Autosaves/Game/Maps/UEDPCUntitled?Name=Player
[2016.01.06-22.58.36:018][  0]LogLoad: LoadMap: /Temp/Autosaves/Game/Maps/UEDPCUntitled?Name=Player
[2016.01.06-22.58.36:041][  0]LogParticles: Destroying 0 GPU particle simulations for FXSystem 0x000000C1ECF66F20
[2016.01.06-22.58.36:065][  0]LogMemory: Platform Memory Stats for Windows
[2016.01.06-22.58.36:065][  0]LogMemory: Process Physical Memory: 368.33 MB used, 368.33 MB peak
[2016.01.06-22.58.36:065][  0]LogMemory: Process Virtual Memory: 446.79 MB used, 446.79 MB peak
[2016.01.06-22.58.36:065][  0]LogMemory: Physical Memory: 5379.95 MB used, 8173.55 MB total
[2016.01.06-22.58.36:065][  0]LogMemory: Virtual Memory: 1020.19 MB used, 134217728.00 MB total
[2016.01.06-22.58.36:065][  0]LogMemory: 
[2016.01.06-22.58.36:065][  0]Allocator Stats for TBB: (not implemented)
[2016.01.06-22.58.36:510][  0]LogLinker:Warning: Can't find file '/Game/Models/Material'
[2016.01.06-22.58.36:510][  0]LoadErrors: Info Failed to load /Game/Models/Material.Material Referenced by ReallyPlainHouseForVeryFirstGamev2
[2016.01.06-22.58.36:510][  0]LogUObjectGlobals:Warning: Failed to load '/Game/Models/Material': Can't find file '/Game/Models/Material'
[2016.01.06-22.58.36:510][  0]LogLinker:Warning: Can't find file for asset '/Game/Models/Material' while loading NULL.
[2016.01.06-22.58.36:511][  0]LoadErrors: Info Failed to load /Game/Models/Material.Material Referenced by ReallyPlainHouseForVeryFirstGamev2
[2016.01.06-22.58.36:511][  0]LogUObjectGlobals:Warning: Failed to load '/Game/Models/Material': Can't find file for asset '/Game/Models/Material' while loading NULL.
[2016.01.06-22.58.36:665][  0]LogAIModule: Creating AISystem for world Untitled
[2016.01.06-22.58.36:665][  0]LogWorld: Game class is 'Sandbox_C'
[2016.01.06-22.58.36:677][  0]LogWorld: Bringing World /Temp/Autosaves/Game/Maps/UEDPCUntitled.Untitled up for play (max tick rate 0) at 2016.01.06-16.58.36
[2016.01.06-22.58.36:678][  0]LogWorld: Bringing up level for play took: 0.009323
[2016.01.06-22.58.36:680][  0]LogInit:Display: Game Engine Initialized.
[2016.01.06-22.58.36:910][  0]LogLoad: Full Startup: 6.49 seconds (BP compile: 0.11 seconds)
[2016.01.06-22.58.36:931][  0]LogOcInput: Can't find Oculus library dev build: is proper Runtime installed? Version: 0.8.0.0
[2016.01.06-22.58.37:059][  2]LogRenderer: Reallocating scene render targets to support 1280x720 (Frame:2).
[2016.01.06-22.58.51:114][820]LogRenderer: Reallocating scene render targets to support 1360x716 (Frame:823).
[2016.01.06-22.58.58:397][269]LogCharacterMovement: Default_Player_C_0 is stuck and failed to move!
[2016.01.06-22.58.58:413][270]LogCharacterMovement: Default_Player_C_0 is stuck and failed to move!
[2016.01.06-22.58.58:494][275]LogCharacterMovement: Default_Player_C_0 is stuck and failed to move!
[2016.01.06-22.58.58:510][276]LogCharacterMovement: Default_Player_C_0 is stuck and failed to move!
[2016.01.06-22.58.58:526][277]LogCharacterMovement: Default_Player_C_0 is stuck and failed to move!
[2016.01.06-22.58.58:558][279]LogCharacterMovement: Default_Player_C_0 is stuck and failed to move!
[2016.01.06-22.58.58:574][280]LogCharacterMovement: Default_Player_C_0 is stuck and failed to move!
[2016.01.06-22.58.58:655][285]LogCharacterMovement: Default_Player_C_0 is stuck and failed to move!
[2016.01.06-22.58.58:671][286]LogCharacterMovement: Default_Player_C_0 is stuck and failed to move!
[2016.01.06-22.58.58:687][287]LogCharacterMovement: Default_Player_C_0 is stuck and failed to move!
[2016.01.06-22.58.58:719][289]LogCharacterMovement: Default_Player_C_0 is stuck and failed to move!
[2016.01.06-22.58.58:736][290]LogCharacterMovement: Default_Player_C_0 is stuck and failed to move!
[2016.01.06-22.58.58:752][291]LogCharacterMovement: Default_Player_C_0 is stuck and failed to move!
[2016.01.06-22.58.58:768][292]LogCharacterMovement: Default_Player_C_0 is stuck and failed to move!
[2016.01.06-22.58.58:784][293]LogCharacterMovement: Default_Player_C_0 is stuck and failed to move!
[2016.01.06-22.58.58:800][294]LogCharacterMovement: Default_Player_C_0 is stuck and failed to move!
[2016.01.06-22.58.58:816][295]LogCharacterMovement: Default_Player_C_0 is stuck and failed to move!
[2016.01.06-22.58.58:832][296]LogCharacterMovement: Default_Player_C_0 is stuck and failed to move!
[2016.01.06-22.58.58:849][297]LogCharacterMovement: Default_Player_C_0 is stuck and failed to move!
[2016.01.06-22.58.58:865][298]LogCharacterMovement: Default_Player_C_0 is stuck and failed to move!
[2016.01.06-22.58.58:881][299]LogCharacterMovement: Default_Player_C_0 is stuck and failed to move!
[2016.01.06-22.58.58:897][300]LogCharacterMovement: Default_Player_C_0 is stuck and failed to move!
[2016.01.06-22.58.58:913][301]LogCharacterMovement: Default_Player_C_0 is stuck and failed to move!
[2016.01.06-22.58.58:929][302]LogCharacterMovement: Default_Player_C_0 is stuck and failed to move!
[2016.01.06-22.58.58:945][303]LogCharacterMovement: Default_Player_C_0 is stuck and failed to move!
[2016.01.06-22.58.58:962][304]LogCharacterMovement: Default_Player_C_0 is stuck and failed to move!
[2016.01.06-22.58.58:977][305]LogCharacterMovement: Default_Player_C_0 is stuck and failed to move!
[2016.01.06-22.58.58:994][306]LogCharacterMovement: Default_Player_C_0 is stuck and failed to move!
[2016.01.06-22.58.59:010][307]LogCharacterMovement: Default_Player_C_0 is stuck and failed to move!
[2016.01.06-22.58.59:026][308]LogCharacterMovement: Default_Player_C_0 is stuck and failed to move!
[2016.01.06-22.58.59:042][309]LogCharacterMovement: Default_Player_C_0 is stuck and failed to move!
[2016.01.06-22.58.59:058][310]LogCharacterMovement: Default_Player_C_0 is stuck and failed to move!
[2016.01.06-22.58.59:074][311]LogCharacterMovement: Default_Player_C_0 is stuck and failed to move!
[2016.01.06-22.58.59:091][312]LogCharacterMovement: Default_Player_C_0 is stuck and failed to move!
[2016.01.06-22.58.59:107][313]LogCharacterMovement: Default_Player_C_0 is stuck and failed to move!
[2016.01.06-22.58.59:123][314]LogCharacterMovement: Default_Player_C_0 is stuck and failed to move!
[2016.01.06-22.58.59:139][315]LogCharacterMovement: Default_Player_C_0 is stuck and failed to move!
[2016.01.06-22.58.59:155][316]LogCharacterMovement: Default_Player_C_0 is stuck and failed to move!
[2016.01.06-22.59.01:849][483]LogCharacterMovement: Default_Player_C_0 is stuck and failed to move!
[2016.01.06-22.59.01:865][484]LogCharacterMovement: Default_Player_C_0 is stuck and failed to move!
[2016.01.06-22.59.01:882][485]LogCharacterMovement: Default_Player_C_0 is stuck and failed to move!
[2016.01.06-22.59.01:898][486]LogCharacterMovement: Default_Player_C_0 is stuck and failed to move!
[2016.01.06-22.59.01:914][487]LogCharacterMovement: Default_Player_C_0 is stuck and failed to move!
[2016.01.06-22.59.01:930][488]LogCharacterMovement: Default_Player_C_0 is stuck and failed to move!
[2016.01.06-22.59.01:946][489]LogCharacterMovement: Default_Player_C_0 is stuck and failed to move!
[2016.01.06-22.59.01:962][490]LogCharacterMovement: Default_Player_C_0 is stuck and failed to move!
[2016.01.06-22.59.01:978][491]LogCharacterMovement: Default_Player_C_0 is stuck and failed to move!
[2016.01.06-22.59.01:994][492]LogCharacterMovement: Default_Player_C_0 is stuck and failed to move!
[2016.01.06-22.59.02:010][493]LogCharacterMovement: Default_Player_C_0 is stuck and failed to move!
[2016.01.06-22.59.02:026][494]LogCharacterMovement: Default_Player_C_0 is stuck and failed to move!
[2016.01.06-22.59.02:043][495]LogCharacterMovement: Default_Player_C_0 is stuck and failed to move!
[2016.01.06-22.59.02:059][496]LogCharacterMovement: Default_Player_C_0 is stuck and failed to move!
[2016.01.06-22.59.02:075][497]LogCharacterMovement: Default_Player_C_0 is stuck and failed to move!
[2016.01.06-22.59.02:091][498]LogCharacterMovement: Default_Player_C_0 is stuck and failed to move!
[2016.01.06-22.59.02:107][499]LogCharacterMovement: Default_Player_C_0 is stuck and failed to move!
[2016.01.06-22.59.02:123][500]LogCharacterMovement: Default_Player_C_0 is stuck and failed to move!
[2016.01.06-22.59.02:139][501]LogCharacterMovement: Default_Player_C_0 is stuck and failed to move!
[2016.01.06-22.59.02:156][502]LogCharacterMovement: Default_Player_C_0 is stuck and failed to move!
[2016.01.06-22.59.02:172][503]LogCharacterMovement: Default_Player_C_0 is stuck and failed to move!
[2016.01.06-22.59.02:188][504]LogCharacterMovement: Default_Player_C_0 is stuck and failed to move!
[2016.01.06-22.59.02:204][505]LogCharacterMovement: Default_Player_C_0 is stuck and failed to move!
[2016.01.06-22.59.02:220][506]LogCharacterMovement: Default_Player_C_0 is stuck and failed to move!
[2016.01.06-22.59.02:236][507]LogCharacterMovement: Default_Player_C_0 is stuck and failed to move!
[2016.01.06-22.59.02:252][508]LogCharacterMovement: Default_Player_C_0 is stuck and failed to move!
[2016.01.06-22.59.02:269][509]LogCharacterMovement: Default_Player_C_0 is stuck and failed to move!
[2016.01.06-22.59.02:284][510]LogCharacterMovement: Default_Player_C_0 is stuck and failed to move!
[2016.01.06-22.59.02:300][511]LogCharacterMovement: Default_Player_C_0 is stuck and failed to move!
[2016.01.06-22.59.02:317][512]LogCharacterMovement: Default_Player_C_0 is stuck and failed to move!
[2016.01.06-22.59.02:333][513]LogCharacterMovement: Default_Player_C_0 is stuck and failed to move!
[2016.01.06-22.59.02:349][514]LogCharacterMovement: Default_Player_C_0 is stuck and failed to move!
[2016.01.06-22.59.02:365][515]LogCharacterMovement: Default_Player_C_0 is stuck and failed to move!
[2016.01.06-22.59.02:381][516]LogCharacterMovement: Default_Player_C_0 is stuck and failed to move!
[2016.01.06-22.59.02:398][517]LogCharacterMovement: Default_Player_C_0 is stuck and failed to move!
[2016.01.06-22.59.02:414][518]LogCharacterMovement: Default_Player_C_0 is stuck and failed to move!
[2016.01.06-22.59.02:430][519]LogCharacterMovement: Default_Player_C_0 is stuck and failed to move!
[2016.01.06-22.59.02:446][520]LogCharacterMovement: Default_Player_C_0 is stuck and failed to move!
[2016.01.06-22.59.02:462][521]LogCharacterMovement: Default_Player_C_0 is stuck and failed to move!
[2016.01.06-22.59.03:430][581]LogCharacterMovement: Default_Player_C_0 is stuck and failed to move!
[2016.01.06-22.59.03:446][582]LogCharacterMovement: Default_Player_C_0 is stuck and failed to move!
[2016.01.06-22.59.03:462][583]LogCharacterMovement: Default_Player_C_0 is stuck and failed to move!
[2016.01.06-22.59.03:479][584]LogCharacterMovement: Default_Player_C_0 is stuck and failed to move!
[2016.01.06-22.59.03:495][585]LogCharacterMovement: Default_Player_C_0 is stuck and failed to move!
[2016.01.06-22.59.03:511][586]LogCharacterMovement: Default_Player_C_0 is stuck and failed to move!
[2016.01.06-22.59.03:527][587]LogCharacterMovement: Default_Player_C_0 is stuck and failed to move!
[2016.01.06-22.59.03:543][588]LogCharacterMovement: Default_Player_C_0 is stuck and failed to move!
[2016.01.06-22.59.03:559][589]LogCharacterMovement: Default_Player_C_0 is stuck and failed to move!
[2016.01.06-22.59.03:575][590]LogCharacterMovement: Default_Player_C_0 is stuck and failed to move!
[2016.01.06-22.59.03:591][591]LogCharacterMovement: Default_Player_C_0 is stuck and failed to move!
[2016.01.06-22.59.03:607][592]LogCharacterMovement: Default_Player_C_0 is stuck and failed to move!
[2016.01.06-22.59.03:624][593]LogCharacterMovement: Default_Player_C_0 is stuck and failed to move!
[2016.01.06-22.59.03:640][594]LogCharacterMovement: Default_Player_C_0 is stuck and failed to move!
[2016.01.06-22.59.03:834][606]LogCharacterMovement: Default_Player_C_0 is stuck and failed to move!
[2016.01.06-22.59.03:850][607]LogCharacterMovement: Default_Player_C_0 is stuck and failed to move!
[2016.01.06-22.59.03:866][608]LogCharacterMovement: Default_Player_C_0 is stuck and failed to move!
[2016.01.06-22.59.03:882][609]LogCharacterMovement: Default_Player_C_0 is stuck and failed to move!
[2016.01.06-22.59.03:898][610]LogCharacterMovement: Default_Player_C_0 is stuck and failed to move!
[2016.01.06-22.59.04:301][635]LogCharacterMovement: Default_Player_C_0 is stuck and failed to move!
[2016.01.06-22.59.04:318][636]LogCharacterMovement: Default_Player_C_0 is stuck and failed to move!
[2016.01.06-22.59.04:333][637]LogCharacterMovement: Default_Player_C_0 is stuck and failed to move!
[2016.01.06-22.59.04:350][638]LogCharacterMovement: Default_Player_C_0 is stuck and failed to move!
[2016.01.06-22.59.04:366][639]LogCharacterMovement: Default_Player_C_0 is stuck and failed to move!
[2016.01.06-22.59.04:382][640]LogCharacterMovement: Default_Player_C_0 is stuck and failed to move!
[2016.01.06-22.59.04:398][641]LogCharacterMovement: Default_Player_C_0 is stuck and failed to move!
[2016.01.06-22.59.04:414][642]LogCharacterMovement: Default_Player_C_0 is stuck and failed to move!
[2016.01.06-22.59.04:430][643]LogCharacterMovement: Default_Player_C_0 is stuck and failed to move!
[2016.01.06-22.59.04:446][644]LogCharacterMovement: Default_Player_C_0 is stuck and failed to move!
[2016.01.06-22.59.04:463][645]LogCharacterMovement: Default_Player_C_0 is stuck and failed to move!
[2016.01.06-22.59.04:479][646]LogCharacterMovement: Default_Player_C_0 is stuck and failed to move!
[2016.01.06-22.59.04:495][647]LogCharacterMovement: Default_Player_C_0 is stuck and failed to move!
[2016.01.06-22.59.04:511][648]LogCharacterMovement: Default_Player_C_0 is stuck and failed to move!
[2016.01.06-22.59.04:527][649]LogCharacterMovement: Default_Player_C_0 is stuck and failed to move!
[2016.01.06-22.59.04:543][650]LogCharacterMovement: Default_Player_C_0 is stuck and failed to move!
[2016.01.06-22.59.04:559][651]LogCharacterMovement: Default_Player_C_0 is stuck and failed to move!
[2016.01.06-22.59.04:575][652]LogCharacterMovement: Default_Player_C_0 is stuck and failed to move!
[2016.01.06-22.59.04:591][653]LogCharacterMovement: Default_Player_C_0 is stuck and failed to move!
[2016.01.06-22.59.04:607][654]LogCharacterMovement: Default_Player_C_0 is stuck and failed to move!
[2016.01.06-22.59.04:624][655]LogCharacterMovement: Default_Player_C_0 is stuck and failed to move!
[2016.01.06-22.59.04:640][656]LogCharacterMovement: Default_Player_C_0 is stuck and failed to move!
[2016.01.06-22.59.04:656][657]LogCharacterMovement: Default_Player_C_0 is stuck and failed to move!
[2016.01.06-22.59.04:673][658]LogCharacterMovement: Default_Player_C_0 is stuck and failed to move!
[2016.01.06-22.59.04:688][659]LogCharacterMovement: Default_Player_C_0 is stuck and failed to move!
[2016.01.06-22.59.04:704][660]LogCharacterMovement: Default_Player_C_0 is stuck and failed to move!
[2016.01.06-22.59.04:721][661]LogCharacterMovement: Default_Player_C_0 is stuck and failed to move!
[2016.01.06-22.59.04:737][662]LogCharacterMovement: Default_Player_C_0 is stuck and failed to move!
[2016.01.06-22.59.04:753][663]LogCharacterMovement: Default_Player_C_0 is stuck and failed to move!
[2016.01.06-22.59.04:769][664]LogCharacterMovement: Default_Player_C_0 is stuck and failed to move!
[2016.01.06-22.59.04:785][665]LogCharacterMovement: Default_Player_C_0 is stuck and failed to move!
[2016.01.06-22.59.04:801][666]LogCharacterMovement: Default_Player_C_0 is stuck and failed to move!
[2016.01.06-22.59.04:817][667]LogCharacterMovement: Default_Player_C_0 is stuck and failed to move!
[2016.01.06-22.59.04:833][668]LogCharacterMovement: Default_Player_C_0 is stuck and failed to move!
[2016.01.06-22.59.04:849][669]LogCharacterMovement: Default_Player_C_0 is stuck and failed to move!
[2016.01.06-22.59.06:269][757]LogCharacterMovement: Default_Player_C_0 is stuck and failed to move!
[2016.01.06-22.59.06:286][758]LogCharacterMovement: Default_Player_C_0 is stuck and failed to move!
[2016.01.06-22.59.06:301][759]LogCharacterMovement: Default_Player_C_0 is stuck and failed to move!
[2016.01.06-22.59.08:028][866]LogCharacterMovement: Default_Player_C_0 is stuck and failed to move!
[2016.01.06-22.59.08:044][867]LogCharacterMovement: Default_Player_C_0 is stuck and failed to move!
[2016.01.06-22.59.08:060][868]LogCharacterMovement: Default_Player_C_0 is stuck and failed to move!
[2016.01.06-22.59.09:254][942]LogCharacterMovement: Default_Player_C_0 is stuck and failed to move!
[2016.01.06-22.59.09:270][943]LogCharacterMovement: Default_Player_C_0 is stuck and failed to move!
[2016.01.06-22.59.09:286][944]LogCharacterMovement: Default_Player_C_0 is stuck and failed to move!
[2016.01.06-22.59.09:302][945]LogCharacterMovement: Default_Player_C_0 is stuck and failed to move!
[2016.01.06-22.59.09:319][946]LogCharacterMovement: Default_Player_C_0 is stuck and failed to move!
[2016.01.06-22.59.09:335][947]LogCharacterMovement: Default_Player_C_0 is stuck and failed to move!
[2016.01.06-22.59.09:351][948]LogCharacterMovement: Default_Player_C_0 is stuck and failed to move!
[2016.01.06-22.59.09:367][949]LogCharacterMovement: Default_Player_C_0 is stuck and failed to move!
[2016.01.06-22.59.09:383][950]LogCharacterMovement: Default_Player_C_0 is stuck and failed to move!
[2016.01.06-22.59.09:399][951]LogCharacterMovement: Default_Player_C_0 is stuck and failed to move!
[2016.01.06-22.59.09:415][952]LogCharacterMovement: Default_Player_C_0 is stuck and failed to move!
[2016.01.06-22.59.09:431][953]LogCharacterMovement: Default_Player_C_0 is stuck and failed to move!
[2016.01.06-22.59.09:447][954]LogCharacterMovement: Default_Player_C_0 is stuck and failed to move!
[2016.01.06-22.59.09:464][955]LogCharacterMovement: Default_Player_C_0 is stuck and failed to move!
[2016.01.06-22.59.09:722][971]LogCharacterMovement: Default_Player_C_0 is stuck and failed to move!
[2016.01.06-22.59.09:738][972]LogCharacterMovement: Default_Player_C_0 is stuck and failed to move!
[2016.01.06-22.59.09:754][973]LogCharacterMovement: Default_Player_C_0 is stuck and failed to move!
[2016.01.06-22.59.09:770][974]LogCharacterMovement: Default_Player_C_0 is stuck and failed to move!
[2016.01.06-22.59.09:786][975]LogCharacterMovement: Default_Player_C_0 is stuck and failed to move!
[2016.01.06-22.59.09:802][976]LogCharacterMovement: Default_Player_C_0 is stuck and failed to move!
[2016.01.06-22.59.09:819][977]LogCharacterMovement: Default_Player_C_0 is stuck and failed to move!
[2016.01.06-22.59.09:835][978]LogCharacterMovement: Default_Player_C_0 is stuck and failed to move!
[2016.01.06-22.59.09:851][979]LogCharacterMovement: Default_Player_C_0 is stuck and failed to move!
[2016.01.06-22.59.09:867][980]LogCharacterMovement: Default_Player_C_0 is stuck and failed to move!
[2016.01.06-22.59.09:883][981]LogCharacterMovement: Default_Player_C_0 is stuck and failed to move!
[2016.01.06-22.59.09:900][982]LogCharacterMovement: Default_Player_C_0 is stuck and failed to move!
[2016.01.06-22.59.09:915][983]LogCharacterMovement: Default_Player_C_0 is stuck and failed to move!
[2016.01.06-22.59.09:932][984]LogCharacterMovement: Default_Player_C_0 is stuck and failed to move!
[2016.01.06-22.59.09:948][985]LogCharacterMovement: Default_Player_C_0 is stuck and failed to move!
[2016.01.06-22.59.09:964][986]LogCharacterMovement: Default_Player_C_0 is stuck and failed to move!
[2016.01.06-22.59.09:980][987]LogCharacterMovement: Default_Player_C_0 is stuck and failed to move!
[2016.01.06-22.59.09:996][988]LogCharacterMovement: Default_Player_C_0 is stuck and failed to move!
[2016.01.06-22.59.10:012][989]LogCharacterMovement: Default_Player_C_0 is stuck and failed to move!
[2016.01.06-22.59.10:206][  1]LogCharacterMovement: Default_Player_C_0 is stuck and failed to move!
[2016.01.06-22.59.10:222][  2]LogCharacterMovement: Default_Player_C_0 is stuck and failed to move!
[2016.01.06-22.59.10:238][  3]LogCharacterMovement: Default_Player_C_0 is stuck and failed to move!
[2016.01.06-22.59.10:254][  4]LogCharacterMovement: Default_Player_C_0 is stuck and failed to move!
[2016.01.06-22.59.10:270][  5]LogCharacterMovement: Default_Player_C_0 is stuck and failed to move!
[2016.01.06-22.59.10:303][  7]LogCharacterMovement: Default_Player_C_0 is stuck and failed to move!
[2016.01.06-22.59.10:319][  8]LogCharacterMovement: Default_Player_C_0 is stuck and failed to move!
[2016.01.06-22.59.10:351][ 10]LogCharacterMovement: Default_Player_C_0 is stuck and failed to move!
[2016.01.06-22.59.10:383][ 12]LogCharacterMovement: Default_Player_C_0 is stuck and failed to move!
[2016.01.06-22.59.10:787][ 37]LogCharacterMovement: Default_Player_C_0 is stuck and failed to move!
[2016.01.06-22.59.10:803][ 38]LogCharacterMovement: Default_Player_C_0 is stuck and failed to move!
[2016.01.06-22.59.10:819][ 39]LogCharacterMovement: Default_Player_C_0 is stuck and failed to move!
[2016.01.06-22.59.10:835][ 40]LogCharacterMovement: Default_Player_C_0 is stuck and failed to move!
[2016.01.06-22.59.10:851][ 41]LogCharacterMovement: Default_Player_C_0 is stuck and failed to move!
[2016.01.06-22.59.10:867][ 42]LogCharacterMovement: Default_Player_C_0 is stuck and failed to move!
[2016.01.06-22.59.10:884][ 43]LogCharacterMovement: Default_Player_C_0 is stuck and failed to move!
[2016.01.06-22.59.10:900][ 44]LogCharacterMovement: Default_Player_C_0 is stuck and failed to move!
[2016.01.06-22.59.10:916][ 45]LogCharacterMovement: Default_Player_C_0 is stuck and failed to move!
[2016.01.06-22.59.10:932][ 46]LogCharacterMovement: Default_Player_C_0 is stuck and failed to move!
[2016.01.06-22.59.10:948][ 47]LogCharacterMovement: Default_Player_C_0 is stuck and failed to move!
[2016.01.06-22.59.10:964][ 48]LogCharacterMovement: Default_Player_C_0 is stuck and failed to move!
[2016.01.06-22.59.10:980][ 49]LogCharacterMovement: Default_Player_C_0 is stuck and failed to move!
[2016.01.06-22.59.10:997][ 50]LogCharacterMovement: Default_Player_C_0 is stuck and failed to move!
[2016.01.06-22.59.11:013][ 51]LogCharacterMovement: Default_Player_C_0 is stuck and failed to move!
[2016.01.06-22.59.11:029][ 52]LogCharacterMovement: Default_Player_C_0 is stuck and failed to move!
[2016.01.06-22.59.12:415][138]Closing by request
[2016.01.06-22.59.12:415][138]LogWindows: FPlatformMisc::RequestExit(0)
[2016.01.06-22.59.12:662][139]LogWindowsTextInputMethodSystem:Display: IME system now deactivated.
[2016.01.06-22.59.12:677][139]LogExit: Preparing to exit.
[2016.01.06-22.59.12:766][139]LogExit: Game engine shut down
[2016.01.06-22.59.12:768][139]LogParticles: Destroying 0 GPU particle simulations for FXSystem 0x000000C1F093D4E0
[2016.01.06-22.59.12:956][139]LogExit: Object subsystem successfully closed.
[2016.01.06-22.59.12:970][139]LogD3D11RHI: Shutdown
[2016.01.06-22.59.12:970][139]LogD3D11RHI: CleanupD3DDevice
[2016.01.06-22.59.13:052][139]LogD3D11RHI: ~FD3D11DynamicRHI
[2016.01.06-22.59.13:066][139]LogModuleManager: Shutting down and abandoning module AndroidDeviceDetection (117)
[2016.01.06-22.59.13:931][139]LogModuleManager: Shutting down and abandoning module AutomationController (116)
[2016.01.06-22.59.13:932][139]LogModuleManager: Shutting down and abandoning module AutomationWorker (115)
[2016.01.06-22.59.13:932][139]LogModuleManager: Shutting down and abandoning module CharacterAI (114)
[2016.01.06-22.59.13:932][139]LogModuleManager: Shutting down and abandoning module AITestSuite (113)
[2016.01.06-22.59.13:932][139]LogModuleManager: Shutting down and abandoning module GameplayDebugger (112)
[2016.01.06-22.59.13:932][139]LogModuleManager: Shutting down and abandoning module AIModule (111)
[2016.01.06-22.59.13:932][139]LogModuleManager: Shutting down and abandoning module MovieSceneCapture (110)
[2016.01.06-22.59.13:932][139]LogModuleManager: Shutting down and abandoning module GameLiveStreaming (109)
[2016.01.06-22.59.13:932][139]LogModuleManager: Shutting down and abandoning module StreamingPauseRendering (108)
[2016.01.06-22.59.13:932][139]LogModuleManager: Shutting down and abandoning module ProfilerService (107)
[2016.01.06-22.59.14:037][139]LogModuleManager: Shutting down and abandoning module TaskGraph (106)
[2016.01.06-22.59.14:037][139]LogModuleManager: Shutting down and abandoning module SlateRemote (105)
[2016.01.06-22.59.14:038][139]LogModuleManager: Shutting down and abandoning module SteamVRController (104)
[2016.01.06-22.59.14:038][139]LogModuleManager: Shutting down and abandoning module SteamVR (103)
[2016.01.06-22.59.14:038][139]LogModuleManager: Shutting down and abandoning module ProceduralMeshComponent (102)
[2016.01.06-22.59.14:038][139]LogModuleManager: Shutting down and abandoning module OculusLibrary (101)
[2016.01.06-22.59.14:038][139]LogModuleManager: Shutting down and abandoning module OculusInput (100)
[2016.01.06-22.59.14:038][139]LogModuleManager: Shutting down and abandoning module LeapMotionController (99)
[2016.01.06-22.59.14:080][139]LogModuleManager: Shutting down and abandoning module CustomMeshComponent (98)
[2016.01.06-22.59.14:081][139]LogModuleManager: Shutting down and abandoning module CableComponent (97)
[2016.01.06-22.59.14:081][139]LogModuleManager: Shutting down and abandoning module ArchVisCharacter (96)
[2016.01.06-22.59.14:081][139]LogModuleManager: Shutting down and abandoning module HTML5Networking (95)
[2016.01.06-22.59.14:081][139]LogModuleManager: Shutting down and abandoning module DesktopPlatform (94)
[2016.01.06-22.59.14:081][139]LogModuleManager: Shutting down and abandoning module DirectoryWatcher (93)
[2016.01.06-22.59.14:081][139]LogModuleManager: Shutting down and abandoning module HotReload (92)
[2016.01.06-22.59.14:081][139]LogModuleManager: Shutting down and abandoning module VisualStudioSourceCodeAccess (91)
[2016.01.06-22.59.14:081][139]LogModuleManager: Shutting down and abandoning module UObjectPlugin (90)
[2016.01.06-22.59.14:081][139]LogModuleManager: Shutting down and abandoning module SubversionSourceControl (89)
[2016.01.06-22.59.14:081][139]LogModuleManager: Shutting down and abandoning module SourceControl (88)
[2016.01.06-22.59.14:081][139]LogModuleManager: Shutting down and abandoning module PerforceSourceControl (87)
[2016.01.06-22.59.14:081][139]LogModuleManager: Shutting down and abandoning module UdpMessaging (86)
[2016.01.06-22.59.14:081][139]LogModuleManager: Shutting down and abandoning module LightPropagationVolumeRuntime (85)
[2016.01.06-22.59.14:081][139]LogModuleManager: Shutting down and abandoning module Paper2D (84)
[2016.01.06-22.59.14:081][139]LogModuleManager: Shutting down and abandoning module WindowsMoviePlayer (83)
[2016.01.06-22.59.14:084][139]LogModuleManager: Shutting down and abandoning module Media (82)
[2016.01.06-22.59.14:084][139]LogModuleManager: Shutting down and abandoning module WmfMedia (81)
[2016.01.06-22.59.14:084][139]LogModuleManager: Shutting down and abandoning module OnlineBlueprintSupport (80)
[2016.01.06-22.59.14:084][139]LogModuleManager: Shutting down and abandoning module GameplayTasksEditor (79)
[2016.01.06-22.59.14:084][139]LogModuleManager: Shutting down and abandoning module PropertyEditor (78)
[2016.01.06-22.59.14:084][139]LogModuleManager: Shutting down and abandoning module BehaviorTreeEditor (77)
[2016.01.06-22.59.14:084][139]LogModuleManager: Shutting down and abandoning module FunctionalTesting (76)
[2016.01.06-22.59.14:084][139]LogModuleManager: Shutting down and abandoning module CollisionAnalyzer (75)
[2016.01.06-22.59.14:084][139]LogModuleManager: Shutting down and abandoning module WorkspaceMenuStructure (74)
[2016.01.06-22.59.14:084][139]LogModuleManager: Shutting down and abandoning module MessageLog (73)
[2016.01.06-22.59.14:084][139]LogModuleManager: Shutting down and abandoning module Sequencer (72)
[2016.01.06-22.59.14:085][139]LogModuleManager: Shutting down and abandoning module AssetTools (71)
[2016.01.06-22.59.14:085][139]LogModuleManager: Shutting down and abandoning module UMGEditor (70)
[2016.01.06-22.59.14:085][139]LogModuleManager: Shutting down and abandoning module UMG (69)
[2016.01.06-22.59.14:085][139]LogModuleManager: Shutting down and abandoning module Slate (68)
[2016.01.06-22.59.14:085][139]LogModuleManager: Shutting down and abandoning module EditorStyle (67)
[2016.01.06-22.59.14:087][139]LogModuleManager: Shutting down and abandoning module SessionServices (66)
[2016.01.06-22.59.14:087][139]LogModuleManager: Shutting down and abandoning module SourceCodeAccess (65)
[2016.01.06-22.59.14:088][139]LogModuleManager: Shutting down and abandoning module HeadMountedDisplay (64)
[2016.01.06-22.59.14:088][139]LogModuleManager: Shutting down and abandoning module XAudio2 (63)
[2016.01.06-22.59.14:088][139]LogModuleManager: Shutting down and abandoning module Networking (61)
[2016.01.06-22.59.14:088][139]LogModuleManager: Shutting down and abandoning module Core (60)
[2016.01.06-22.59.14:088][139]LogModuleManager: Shutting down and abandoning module KismetCompiler (59)
[2016.01.06-22.59.14:088][139]LogModuleManager: Shutting down and abandoning module PhysXFormats (58)
[2016.01.06-22.59.14:088][139]LogModuleManager: Shutting down and abandoning module MeshUtilities (57)
[2016.01.06-22.59.14:088][139]LogModuleManager: Shutting down and abandoning module DerivedDataCache (56)
[2016.01.06-22.59.14:256][139]LogDerivedDataCache: Shutdown
[2016.01.06-22.59.14:256][139]LogModuleManager: Shutting down and abandoning module ShaderFormatOpenGL (55)
[2016.01.06-22.59.14:256][139]LogModuleManager: Shutting down and abandoning module ShaderFormatD3D (54)
[2016.01.06-22.59.14:256][139]LogModuleManager: Shutting down and abandoning module MetalShaderFormat (53)
[2016.01.06-22.59.14:256][139]LogModuleManager: Shutting down and abandoning module TextureFormatUncompressed (52)
[2016.01.06-22.59.14:256][139]LogModuleManager: Shutting down and abandoning module TextureFormatPVR (51)
[2016.01.06-22.59.14:256][139]LogModuleManager: Shutting down and abandoning module TextureFormatIntelISPCTexComp (50)
[2016.01.06-22.59.14:256][139]LogModuleManager: Shutting down and abandoning module TextureFormatDXT (49)
[2016.01.06-22.59.14:256][139]LogModuleManager: Shutting down and abandoning module ImageWrapper (48)
[2016.01.06-22.59.14:256][139]LogModuleManager: Shutting down and abandoning module TextureFormatASTC (47)
[2016.01.06-22.59.14:256][139]LogModuleManager: Shutting down and abandoning module TextureFormatAndroid (46)
[2016.01.06-22.59.14:256][139]LogModuleManager: Shutting down and abandoning module AudioFormatOpus (45)
[2016.01.06-22.59.14:256][139]LogModuleManager: Shutting down and abandoning module AudioFormatOgg (44)
[2016.01.06-22.59.14:256][139]LogModuleManager: Shutting down and abandoning module AudioFormatADPCM (43)
[2016.01.06-22.59.14:256][139]LogModuleManager: Shutting down and abandoning module LinuxTargetPlatform (42)
[2016.01.06-22.59.14:256][139]LogModuleManager: Shutting down and abandoning module LinuxServerTargetPlatform (41)
[2016.01.06-22.59.14:256][139]LogModuleManager: Shutting down and abandoning module LinuxNoEditorTargetPlatform (40)
[2016.01.06-22.59.14:257][139]LogModuleManager: Shutting down and abandoning module Messaging (39)
[2016.01.06-22.59.14:257][139]LogModuleManager: Shutting down and abandoning module IOSTargetPlatform (38)
[2016.01.06-22.59.14:257][139]LogModuleManager: Shutting down and abandoning module HTML5TargetPlatform (37)
[2016.01.06-22.59.14:257][139]LogModuleManager: Shutting down and abandoning module Android_PVRTCTargetPlatform (36)
[2016.01.06-22.59.14:257][139]LogModuleManager: Shutting down and abandoning module Android_MultiTargetPlatform (35)
[2016.01.06-22.59.14:257][139]LogModuleManager: Shutting down and abandoning module Android_ETC2TargetPlatform (34)
[2016.01.06-22.59.14:257][139]LogModuleManager: Shutting down and abandoning module Android_ETC1TargetPlatform (33)
[2016.01.06-22.59.14:257][139]LogModuleManager: Shutting down and abandoning module Android_DXTTargetPlatform (32)
[2016.01.06-22.59.14:257][139]LogModuleManager: Shutting down and abandoning module Android_ATCTargetPlatform (31)
[2016.01.06-22.59.14:257][139]LogModuleManager: Shutting down and abandoning module Android_ASTCTargetPlatform (30)
[2016.01.06-22.59.14:257][139]LogModuleManager: Shutting down and abandoning module AndroidTargetPlatform (29)
[2016.01.06-22.59.14:257][139]LogModuleManager: Shutting down and abandoning module WindowsTargetPlatform (28)
[2016.01.06-22.59.14:257][139]LogModuleManager: Shutting down and abandoning module WindowsServerTargetPlatform (27)
[2016.01.06-22.59.14:257][139]LogModuleManager: Shutting down and abandoning module WindowsNoEditorTargetPlatform (26)
[2016.01.06-22.59.14:257][139]LogModuleManager: Shutting down and abandoning module WindowsClientTargetPlatform (25)
[2016.01.06-22.59.14:257][139]LogModuleManager: Shutting down and abandoning module AllDesktopTargetPlatform (24)
[2016.01.06-22.59.14:257][139]LogModuleManager: Shutting down and abandoning module TargetPlatform (23)
[2016.01.06-22.59.14:257][139]LogModuleManager: Shutting down and abandoning module InputCore (22)
[2016.01.06-22.59.14:257][139]LogModuleManager: Shutting down and abandoning module Settings (21)
[2016.01.06-22.59.14:257][139]LogModuleManager: Shutting down and abandoning module OnlineSubsystem (19)
[2016.01.06-22.59.14:257][139]LogModuleManager: Shutting down and abandoning module HTTP (18)
[2016.01.06-22.59.14:257][139]LogModuleManager: Shutting down and abandoning module XMPP (17)
[2016.01.06-22.59.14:257][139]LogModuleManager: Shutting down and abandoning module OculusRift (16)
[2016.01.06-22.59.14:257][139]LogModuleManager: Shutting down and abandoning module ExampleDeviceProfileSelector (15)
[2016.01.06-22.59.14:257][139]LogModuleManager: Shutting down and abandoning module TextureCompressor (14)
[2016.01.06-22.59.14:257][139]LogModuleManager: Shutting down and abandoning module ShaderCore (13)
[2016.01.06-22.59.14:257][139]LogModuleManager: Shutting down and abandoning module Landscape (12)
[2016.01.06-22.59.14:257][139]LogModuleManager: Shutting down and abandoning module SlateRHIRenderer (11)
[2016.01.06-22.59.14:258][139]LogModuleManager: Shutting down and abandoning module OpenGLDrv (10)
[2016.01.06-22.59.14:258][139]LogModuleManager: Shutting down and abandoning module D3D11RHI (9)
[2016.01.06-22.59.14:258][139]LogModuleManager: Shutting down and abandoning module AnimGraphRuntime (8)
[2016.01.06-22.59.14:258][139]LogModuleManager: Shutting down and abandoning module Renderer (7)
[2016.01.06-22.59.14:258][139]LogModuleManager: Shutting down and abandoning module Engine (6)
[2016.01.06-22.59.14:258][139]LogModuleManager: Shutting down and abandoning module CoreUObject (5)
[2016.01.06-22.59.14:258][139]LogModuleManager: Shutting down and abandoning module NetworkFile (4)
[2016.01.06-22.59.14:258][139]LogModuleManager: Shutting down and abandoning module StreamingFile (3)
[2016.01.06-22.59.14:258][139]LogModuleManager: Shutting down and abandoning module SandboxFile (2)
[2016.01.06-22.59.14:258][139]LogModuleManager: Shutting down and abandoning module PakFile (1)
[2016.01.06-22.59.14:259][139]LogExit: Exiting.
[2016.01.06-22.59.14:262][139]Log file closed, 01/06/16 16:59:14
