[2016.01.06-20.46.09:914][  0]Log file open, 01/06/16 14:46:09
[2016.01.06-20.46.09:914][  0]LogInit:Display: Running engine for game: Project0Zero
[2016.01.06-20.46.09:914][  0]LogPlatformFile: Not using cached read wrapper
[2016.01.06-20.46.09:914][  0]LogInit:Display: RandInit(1361064288) SRandInit(1361064316).
[2016.01.06-20.46.09:914][  0]LogTaskGraph: Started task graph with 4 named threads and 7 total threads.
[2016.01.06-20.46.09:914][  0]LogStats: Stats thread started at 0.100863
[2016.01.06-20.46.09:914][  0]LogInit: Version: 4.10.1-2791327+++depot+UE4-Releases+4.10
[2016.01.06-20.46.09:914][  0]LogInit: API Version: 2758231
[2016.01.06-20.46.09:914][  0]LogInit: Compiled (64-bit): Dec  4 2015 19:44:40
[2016.01.06-20.46.09:914][  0]LogInit: Compiled with Visual C++: 19.00.23026.00
[2016.01.06-20.46.09:914][  0]LogInit: Build Configuration: Development
[2016.01.06-20.46.09:914][  0]LogInit: Branch Name: ++depot+UE4-Releases+4.10
[2016.01.06-20.46.09:915][  0]LogInit: Command line: 
[2016.01.06-20.46.09:915][  0]LogInit: Base directory: C:/Program Files/Epic Games/4.10/Engine/Binaries/Win64/
[2016.01.06-20.46.09:915][  0]LogInit: Rocket: 1
[2016.01.06-20.46.09:930][  0]LogInit: Using libcurl 7.41.0
[2016.01.06-20.46.09:930][  0]LogInit:  - built for x86_64-pc-win32
[2016.01.06-20.46.09:930][  0]LogInit:  - supports SSL with WinSSL
[2016.01.06-20.46.09:930][  0]LogInit:  - other features:
[2016.01.06-20.46.09:930][  0]LogInit:      CURL_VERSION_SSL
[2016.01.06-20.46.09:930][  0]LogInit:      CURL_VERSION_IPV6
[2016.01.06-20.46.09:930][  0]LogInit:      CURL_VERSION_ASYNCHDNS
[2016.01.06-20.46.09:930][  0]LogInit:      CURL_VERSION_LARGEFILE
[2016.01.06-20.46.09:930][  0]LogInit:      CURL_VERSION_IDN
[2016.01.06-20.46.09:930][  0]LogInit:  CurlRequestOptions (configurable via config and command line):
[2016.01.06-20.46.09:930][  0]LogInit:  - bVerifyPeer = true  - Libcurl will verify peer certificate
[2016.01.06-20.46.09:930][  0]LogInit:  - bUseHttpProxy = false  - Libcurl will NOT use HTTP proxy
[2016.01.06-20.46.09:930][  0]LogInit:  - bDontReuseConnections = false  - Libcurl will reuse connections
[2016.01.06-20.46.09:930][  0]LogInit:  - CertBundlePath = nullptr  - Libcurl will use whatever was configured at build time.
[2016.01.06-20.46.09:941][  0]LogInit: Presizing for 0 objects not considered by GC, pre-allocating 0 bytes.
[2016.01.06-20.46.09:953][  0]LogInit: Object subsystem initialized
[2016.01.06-20.46.09:954][  0]LogInit: Selected Device Profile: [Windows]
[2016.01.06-20.46.09:954][  0]LogInit: Applying CVar settings loaded from the selected device profile: [Windows]
[2016.01.06-20.46.09:995][  0]LogInit: Computer: COMPUTER_
[2016.01.06-20.46.09:995][  0]LogInit: User: seths000
[2016.01.06-20.46.09:995][  0]LogInit: CPU Page size=4096, Cores=4
[2016.01.06-20.46.09:995][  0]LogInit: High frequency timer resolution =14.318180 MHz
[2016.01.06-20.46.09:995][  0]LogMemory: Memory total: Physical=8.0GB (8GB approx)
[2016.01.06-20.46.09:995][  0]LogMemory: Platform Memory Stats for Windows
[2016.01.06-20.46.09:995][  0]LogMemory: Process Physical Memory: 56.50 MB used, 56.50 MB peak
[2016.01.06-20.46.09:995][  0]LogMemory: Process Virtual Memory: 57.07 MB used, 57.07 MB peak
[2016.01.06-20.46.09:995][  0]LogMemory: Physical Memory: 4739.66 MB used, 8173.55 MB total
[2016.01.06-20.46.09:995][  0]LogMemory: Virtual Memory: 379.86 MB used, 134217728.00 MB total
[2016.01.06-20.46.10:051][  0]LogTextLocalizationManager: No specific translations for ('en-US') exist, so ('en') translations will be used.
[2016.01.06-20.46.10:715][  0]LogD3D11RHI: Found D3D11 adapter 0: AMD Radeon HD 7900 Series (Feature Level 11_0)
[2016.01.06-20.46.10:715][  0]LogD3D11RHI: Adapter has 3054MB of dedicated video memory, 0MB of dedicated system memory, and 4086MB of shared system memory, 1 output[s]
[2016.01.06-20.46.10:717][  0]LogD3D11RHI: Found D3D11 adapter 1: Microsoft Basic Render Driver (Feature Level 11_0)
[2016.01.06-20.46.10:717][  0]LogD3D11RHI: Adapter has 0MB of dedicated video memory, 0MB of dedicated system memory, and 4086MB of shared system memory, 0 output[s]
[2016.01.06-20.46.10:717][  0]LogD3D11RHI: Chosen D3D11 Adapter Id = 0
[2016.01.06-20.46.10:732][  0]LogD3D11RHI: !Direct3DDevice
[2016.01.06-20.46.10:732][  0]LogRHI: Texture pool is 1361 MB (70% of 1945 MB)
[2016.01.06-20.46.10:743][  0]LogD3D11RHI: Async texture creation disabled: no driver support
[2016.01.06-20.46.10:758][  0]LogShaderCompilers: Guid format shader working directory is -37 characters bigger than the processId version (../../../../../../Users/seths_000/Dropbox (Project0)/Project0 Team Folder/Project0Zero/Intermediate/Shaders/WorkingDirectory/4400/).
[2016.01.06-20.46.10:758][  0]LogShaderCompilers: Cleaned the shader compiler working directory 'C:/Users/SETHS_~1/AppData/Local/Temp/UnrealShaderWorkingDir/E878F9DA44A1C461B39D71B0F8BC7079/'.
[2016.01.06-20.46.10:758][  0]LogShaderCompilers:Display: Using Local Shader Compiler.
[2016.01.06-20.46.12:314][  0]LogTemp:Display: Loaded TP AllDesktopTargetPlatform
[2016.01.06-20.46.12:323][  0]LogTemp:Display: Loaded TP WindowsClientTargetPlatform
[2016.01.06-20.46.12:330][  0]LogTemp:Display: Loaded TP WindowsNoEditorTargetPlatform
[2016.01.06-20.46.12:337][  0]LogTemp:Display: Loaded TP WindowsServerTargetPlatform
[2016.01.06-20.46.12:344][  0]LogTemp:Display: Loaded TP WindowsTargetPlatform
[2016.01.06-20.46.12:349][  0]LogTemp:Display: Loaded TP AndroidTargetPlatform
[2016.01.06-20.46.12:355][  0]LogTemp:Display: Loaded TP Android_ASTCTargetPlatform
[2016.01.06-20.46.12:360][  0]LogTemp:Display: Loaded TP Android_ATCTargetPlatform
[2016.01.06-20.46.12:365][  0]LogTemp:Display: Loaded TP Android_DXTTargetPlatform
[2016.01.06-20.46.12:370][  0]LogTemp:Display: Loaded TP Android_ETC1TargetPlatform
[2016.01.06-20.46.12:375][  0]LogTemp:Display: Loaded TP Android_ETC2TargetPlatform
[2016.01.06-20.46.12:386][  0]LogTemp:Display: Loaded TP Android_MultiTargetPlatform
[2016.01.06-20.46.12:386][  0]LogTemp:Display: Loaded TP Android_PVRTCTargetPlatform
[2016.01.06-20.46.12:388][  0]LogTemp:Display: Loaded TP HTML5TargetPlatform
[2016.01.06-20.46.12:410][  0]LogTemp:Display: Loaded TP IOSTargetPlatform
[2016.01.06-20.46.12:415][  0]LogTemp:Display: Loaded TP LinuxNoEditorTargetPlatform
[2016.01.06-20.46.12:421][  0]LogTemp:Display: Loaded TP LinuxServerTargetPlatform
[2016.01.06-20.46.12:428][  0]LogTemp:Display: Loaded TP LinuxTargetPlatform
[2016.01.06-20.46.12:428][  0]LogTargetPlatformManager:Display: Building Assets For Windows
[2016.01.06-20.46.12:575][  0]LogDerivedDataCache:Display: Max Cache Size: 512 MB
[2016.01.06-20.46.12:725][  0]LogDerivedDataCache: Loaded boot cache 0.15s 41MB C:/Users/seths_000/AppData/Local/UnrealEngine/4.10/DerivedDataCache/Boot.ddc.
[2016.01.06-20.46.12:725][  0]LogDerivedDataCache:Display: Loaded Boot cache: C:/Users/seths_000/AppData/Local/UnrealEngine/4.10/DerivedDataCache/Boot.ddc
[2016.01.06-20.46.12:726][  0]LogDerivedDataCache: FDerivedDataBackendGraph:  Pak pak cache file ../../../../../../Users/seths_000/Dropbox (Project0)/Project0 Team Folder/Project0Zero/DerivedDataCache/DDC.ddp not found, will not use a pak cache.
[2016.01.06-20.46.12:726][  0]LogDerivedDataCache: Unable to find inner node Pak for hierarchical cache Hierarchy.
[2016.01.06-20.46.12:726][  0]LogDerivedDataCache: FDerivedDataBackendGraph:  CompressedPak pak cache file ../../../../../../Users/seths_000/Dropbox (Project0)/Project0 Team Folder/Project0Zero/DerivedDataCache/Compressed.ddp not found, will not use a pak cache.
[2016.01.06-20.46.12:726][  0]LogDerivedDataCache: Unable to find inner node CompressedPak for hierarchical cache Hierarchy.
[2016.01.06-20.46.12:881][  0]LogDerivedDataCache:Display: Pak cache opened for reading ../../../Engine/DerivedDataCache/Compressed.ddp.
[2016.01.06-20.46.12:894][  0]LogDerivedDataCache: Using Local data cache path C:/Users/seths_000/AppData/Local/UnrealEngine/Common/DerivedDataCache: Writable
[2016.01.06-20.46.13:310][  0]LogInit: Selected Device Profile: [Windows]
[2016.01.06-20.46.13:322][  0]LogContentStreaming: Texture pool size is 0.000000MB
[2016.01.06-20.46.13:546][  0]LogMeshUtilities: No automatic mesh reduction module available
[2016.01.06-20.46.13:546][  0]LogMeshUtilities: No automatic mesh merging module available
[2016.01.06-20.46.14:088][  0]LogInit: WinSock: version 1.1 (2.2), MaxSocks=32767, MaxUdp=65467
[2016.01.06-20.46.15:170][  0]UdpMessaging: Initializing bridge on interface 0.0.0.0:0 to multicast group 230.0.0.1:6666.
[2016.01.06-20.46.15:290][  0]LogAssetRegistry: FAssetRegistry took 0.0111 seconds to start up
[2016.01.06-20.46.15:531][  0]SourceControl: Info Source control is disabled
[2016.01.06-20.46.15:589][  0]SourceControl: Info Source control is disabled
[2016.01.06-20.46.15:608][  0]SourceControl: Info Source control is disabled
[2016.01.06-20.46.15:626][  0]SourceControl: Info Source control is disabled
[2016.01.06-20.46.16:087][  0]LogObj: 28633 objects as part of root set at end of initial load.
[2016.01.06-20.46.16:087][  0]LogUObjectAllocator: 6099752 out of 0 bytes used by permanent object pool.
[2016.01.06-20.46.16:181][  0]LogEngine: Initializing Engine...
[2016.01.06-20.46.16:186][  0]LogHMD: Can't find Oculus library dev build: is proper Runtime installed? Version: 0.8.0.0
[2016.01.06-20.46.16:198][  0]LogHMD: SteamVR failed to initialize.  Err: 108
[2016.01.06-20.46.16:416][  0]LogAIModule: Creating AISystem for world NewWorld
[2016.01.06-20.46.16:453][  0]LogInit: XAudio2 using 'Speakers (5- Logitech G35 Headset)' : 2 channels at 44.1 kHz using 16 bits per sample (channel mask 0x3)
[2016.01.06-20.46.16:472][  0]LogInit: FAudioDevice initialized.
[2016.01.06-20.46.16:538][  0]LogDerivedDataCache: Saved boot cache 0.07s 41MB C:/Users/seths_000/AppData/Local/UnrealEngine/4.10/DerivedDataCache/Boot.ddc.
[2016.01.06-20.46.16:561][  0]LogInit: Texture streaming: Enabled
[2016.01.06-20.46.16:570][  0]LogAnalytics: Creating configured Analytics provider AnalyticsET
[2016.01.06-20.46.16:570][  0]LogAnalytics: [UEEditor.Rocket.Release] APIServer = http://et2.epicgames.com/ET2/. AppVersion = 4.10.1-2791327+++depot+UE4-Releases+4.10
[2016.01.06-20.46.16:570][  0]LogAnalytics: [UEEditor.Rocket.Release] SetUserId d2d90c3d496d435247748b8a862ba2f4|29c3d26b1a8645a790439f2c686e792d|d2c3fc38-7c6d-41c3-b91c-9e8c3168caa7
[2016.01.06-20.46.16:570][  0]LogAnalytics: [UEEditor.Rocket.Release] AnalyticsET::StartSession
[2016.01.06-20.46.16:634][  0]LogInit: Transaction tracking system initialized
[2016.01.06-20.46.16:684][  0]BlueprintLog: New page: Editor Load
[2016.01.06-20.46.16:842][  0]LocalizationService: Info Localization service is disabled
[2016.01.06-20.46.17:000][  0]LogConsoleResponse:Display: 
[2016.01.06-20.46.17:224][  0]LogCook:Display: Done creating registry. It took  0.00s.
[2016.01.06-20.46.17:249][  0]LogFileCache: Scanning file cache for directory 'C:/Users/seths_000/Dropbox (Project0)/Project0 Team Folder/Project0Zero/Content/' took 0.02s
[2016.01.06-20.46.17:349][  0]SourceControl: Info Source control is disabled
[2016.01.06-20.46.17:349][  0]Cmd: MAP LOAD FILE="../../../Engine/Content/Maps/Templates/Template_Default.umap" TEMPLATE=1 SHOWPROGRESS=1 FEATURELEVEL=3
[2016.01.06-20.46.17:350][  0]LightingResults: New page: Lighting Build
[2016.01.06-20.46.17:355][  0]MapCheck: New page: Map Check
[2016.01.06-20.46.17:355][  0]LightingResults: New page: Lighting Build
[2016.01.06-20.46.17:375][  0]LogParticles: Destroying 0 GPU particle simulations for FXSystem 0x0000006794EEE160
[2016.01.06-20.46.18:026][  0]LogAIModule: Creating AISystem for world Untitled_1
[2016.01.06-20.46.18:037][  0]LogEditorServer: Finished looking for orphan Actors (0.000 secs)
[2016.01.06-20.46.18:103][  0]Cmd: MAP CHECKDEP NOCLEARLOG
[2016.01.06-20.46.18:223][  0]MapCheck: Info Map check complete: 0 Error(s), 0 Warning(s), took 119.071ms to complete.
[2016.01.06-20.46.18:223][  0]LogFileHelpers: Loading map 'Template_Default' took 0.874
[2016.01.06-20.46.18:976][  0]LogCollectionManager: Loaded 0 collections in 0.004348 seconds
[2016.01.06-20.46.19:033][  0]LogFileCache: Scanning file cache for directory 'C:/Users/seths_000/Dropbox (Project0)/Project0 Team Folder/Project0Zero/Saved/Collections/' took 0.02s
[2016.01.06-20.46.19:033][  0]LogFileCache: Scanning file cache for directory 'C:/Users/seths_000/Dropbox (Project0)/Project0 Team Folder/Project0Zero/Content/Developers/seths000/Collections/' took 0.01s
[2016.01.06-20.46.19:034][  0]LogFileCache: Scanning file cache for directory 'C:/Users/seths_000/Dropbox (Project0)/Project0 Team Folder/Project0Zero/Content/Collections/' took 0.01s
[2016.01.06-20.46.19:034][  0]LogCollectionManager: Rebuilt the GUID cache for 0 collections in 0.000006 seconds
[2016.01.06-20.46.19:050][  0]LogContentBrowser: Native class hierarchy populated in 0.0164 seconds. Added 1893 classes and 338 folders.
[2016.01.06-20.46.19:067][  0]LogContentBrowser: Native class hierarchy updated for 'WidgetCarousel' in 0.0011 seconds. Added 0 classes and 0 folders.
[2016.01.06-20.46.22:060][  0]LogContentBrowser: Native class hierarchy updated for 'AddContentDialog' in 0.0008 seconds. Added 0 classes and 0 folders.
[2016.01.06-20.46.22:080][  0]LogContentBrowser: Native class hierarchy updated for 'SceneOutliner' in 0.0005 seconds. Added 1 classes and 2 folders.
[2016.01.06-20.46.22:675][  0]LogCrashTracker: Crashtracker disabled due to settings.
[2016.01.06-20.46.22:685][  0]LogUObjectGlobals:Warning: Failed to find object 'Class None.'
[2016.01.06-20.46.22:710][  0]LogLoad: Full Startup: 13.79 seconds (BP compile: 0.10 seconds)
[2016.01.06-20.46.22:724][  0]LogOcInput: Can't find Oculus library dev build: is proper Runtime installed? Version: 0.8.0.0
[2016.01.06-20.46.23:163][  0]LogContentStreaming: Texture pool size now 1000 MB
[2016.01.06-20.46.23:496][  0]LogRenderer: Reallocating scene render targets to support 732x364 (Frame:2).
[2016.01.06-20.46.23:949][  4]LogAssetRegistry: Asset discovery search completed in 8.6708 seconds
[2016.01.06-20.46.23:949][  4]LogCollectionManager: Rebuilt the object cache for 0 collections in 0.000002 seconds (found 0 objects)
[2016.01.06-20.46.23:950][  4]LogCollectionManager: Fixed up redirectors for 0 collections in 0.000054 seconds (updated 0 objects)
[2016.01.06-20.51.52:209][478]LogSavePackage: Save=18.213070ms
[2016.01.06-20.51.52:209][478]LogSavePackage: Moving '../../../../../../Users/seths_000/Dropbox (Project0)/Project0 Team Folder/Project0Zero/Saved/materialtest8A5899CE42D606A91DF28C8C9579EA10.tmp' to '../../../../../../Users/seths_000/Dropbox (Project0)/Project0 Team Folder/Project0Zero/Content/materials2/materialtest.uasset'
[2016.01.06-20.51.52:217][478]LogSavePackage: Total save time: 31.032715ms
[2016.01.06-20.51.52:217][478]LogSavePackage:Display: Finished SavePackage ../../../../../../Users/seths_000/Dropbox (Project0)/Project0 Team Folder/Project0Zero/Content/materials2/materialtest.uasset
[2016.01.06-20.51.52:227][478]Cmd: OBJ SAVEPACKAGE PACKAGE="/Game/materials/materialtest" FILE="../../../../../../Users/seths_000/Dropbox (Project0)/Project0 Team Folder/Project0Zero/Content/materials/materialtest.uasset" SILENT=true
[2016.01.06-20.51.52:256][478]LogSavePackage: Save=5.256045ms
[2016.01.06-20.51.52:257][478]LogSavePackage: Moving '../../../../../../Users/seths_000/Dropbox (Project0)/Project0 Team Folder/Project0Zero/Saved/materialtest843070E44ED4077CBCD253A076FF9FF0.tmp' to '../../../../../../Users/seths_000/Dropbox (Project0)/Project0 Team Folder/Project0Zero/Content/materials/materialtest.uasset'
[2016.01.06-20.51.52:261][478]LogSavePackage: Total save time: 30.028049ms
[2016.01.06-20.51.52:261][478]LogSavePackage:Display: Finished SavePackage ../../../../../../Users/seths_000/Dropbox (Project0)/Project0 Team Folder/Project0Zero/Content/materials/materialtest.uasset
[2016.01.06-20.52.51:304][847]AssetReimport: New page: Outstanding source content changes 8:52:51 AM
[2016.01.06-20.52.51:368][848]LogFactory: FactoryCreateBinary: StaticMesh with FbxFactory (0 0 C:/Users/seths_000/Dropbox (Project0)/Project0 Team Folder/Project0Zero/Content/Models/ReallyPlainHouseForVeryFirstGame.fbx)
[2016.01.06-20.52.51:635][848]LogFbx: ItemName: GlobalSettings, ItemCount : 1
[2016.01.06-20.52.51:636][848]LogFbx: ItemName: NodeAttribute, ItemCount : 1
[2016.01.06-20.52.51:636][848]LogFbx: ItemName: Geometry, ItemCount : 3
[2016.01.06-20.52.51:636][848]LogFbx: ItemName: Model, ItemCount : 4
[2016.01.06-20.52.51:636][848]LogFbx: ItemName: Material, ItemCount : 2
[2016.01.06-20.52.51:749][848]LogFbx: Loading FBX Scene from C:/Users/seths_000/Dropbox (Project0)/Project0 Team Folder/Project0Zero/Content/Models/ReallyPlainHouseForVeryFirstGame.fbx
[2016.01.06-20.52.51:919][848]LogFbx: FBX Scene Loaded Succesfully
[2016.01.06-20.52.59:185][195]AssetReimport: Info Importing new asset /Game/Models/ReallyPlainHouseForVeryFirstGame.
[2016.01.06-20.52.59:185][195]AssetReimport: Info Failed to import file C:/Users/seths_000/Dropbox (Project0)/Project0 Team Folder/Project0Zero/Content/Models/ReallyPlainHouseForVeryFirstGame.fbx.
[2016.01.06-20.53.10:208][962]LogWindowsTextInputMethodSystem:Display: IME system now deactivated.
[2016.01.06-20.53.10:587][963]Cmd: QUIT_EDITOR
[2016.01.06-20.53.10:912][963]LogExit: Preparing to exit.
[2016.01.06-20.53.11:345][963]LogExit: Editor shut down
[2016.01.06-20.53.11:346][963]LogExit: Transaction tracking system shut down
[2016.01.06-20.53.11:347][963]LogParticles: Destroying 0 GPU particle simulations for FXSystem 0x0000006785991800
[2016.01.06-20.53.11:348][963]LogParticles: Destroying 0 GPU particle simulations for FXSystem 0x0000006791913A60
[2016.01.06-20.53.11:564][963]LogParticles: Destroying 0 GPU particle simulations for FXSystem 0x000000678591E7A0
[2016.01.06-20.53.11:564][963]LogExit: Object subsystem successfully closed.
[2016.01.06-20.53.11:580][963]LogD3D11RHI: Shutdown
[2016.01.06-20.53.11:580][963]LogD3D11RHI: CleanupD3DDevice
[2016.01.06-20.53.11:693][963]LogD3D11RHI: ~FD3D11DynamicRHI
[2016.01.06-20.53.11:715][963]LogModuleManager: Shutting down and abandoning module CookingStats (199)
[2016.01.06-20.53.11:715][963]LogModuleManager: Shutting down and abandoning module CrashTracker (198)
[2016.01.06-20.53.11:715][963]LogModuleManager: Shutting down and abandoning module SceneOutliner (197)
[2016.01.06-20.53.11:715][963]LogModuleManager: Shutting down and abandoning module SuperSearch (196)
[2016.01.06-20.53.11:716][963]LogModuleManager: Shutting down and abandoning module WidgetCarousel (195)
[2016.01.06-20.53.11:716][963]LogModuleManager: Shutting down and abandoning module AddContentDialog (194)
[2016.01.06-20.53.11:718][963]LogModuleManager: Shutting down and abandoning module EditorWidgets (193)
[2016.01.06-20.53.11:718][963]LogModuleManager: Shutting down and abandoning module CollectionManager (192)
[2016.01.06-20.53.11:718][963]LogModuleManager: Shutting down and abandoning module StatsViewer (191)
[2016.01.06-20.53.11:718][963]LogModuleManager: Shutting down and abandoning module FoliageEdit (190)
[2016.01.06-20.53.11:718][963]LogModuleManager: Shutting down and abandoning module LandscapeEditor (189)
[2016.01.06-20.53.11:719][963]LogModuleManager: Shutting down and abandoning module ActorPickerMode (188)
[2016.01.06-20.53.11:719][963]LogModuleManager: Shutting down and abandoning module GeometryMode (187)
[2016.01.06-20.53.11:719][963]LogModuleManager: Shutting down and abandoning module TextureAlignMode (186)
[2016.01.06-20.53.11:719][963]LogModuleManager: Shutting down and abandoning module BspMode (185)
[2016.01.06-20.53.11:719][963]LogModuleManager: Shutting down and abandoning module PlacementMode (184)
[2016.01.06-20.53.11:719][963]LogModuleManager: Shutting down and abandoning module AutomationWorker (183)
[2016.01.06-20.53.11:719][963]LogModuleManager: Shutting down and abandoning module CharacterAI (182)
[2016.01.06-20.53.11:719][963]LogModuleManager: Shutting down and abandoning module SmartSnapping (181)
[2016.01.06-20.53.11:719][963]LogModuleManager: Shutting down and abandoning module ViewportSnapping (180)
[2016.01.06-20.53.11:719][963]LogModuleManager: Shutting down and abandoning module LogVisualizer (179)
[2016.01.06-20.53.11:719][963]LogModuleManager: Shutting down and abandoning module GameProjectGeneration (178)
[2016.01.06-20.53.11:719][963]LogModuleManager: Shutting down and abandoning module IntroTutorials (177)
[2016.01.06-20.53.11:719][963]LogModuleManager: Shutting down and abandoning module EditorLiveStreaming (176)
[2016.01.06-20.53.11:719][963]LogModuleManager: Shutting down and abandoning module IOSPlatformEditor (175)
[2016.01.06-20.53.11:719][963]LogModuleManager: Shutting down and abandoning module HTML5PlatformEditor (174)
[2016.01.06-20.53.11:719][963]LogModuleManager: Shutting down and abandoning module AndroidDeviceDetection (173)
[2016.01.06-20.53.12:064][963]LogModuleManager: Shutting down and abandoning module AndroidPlatformEditor (172)
[2016.01.06-20.53.12:064][963]LogModuleManager: Shutting down and abandoning module IOSRuntimeSettings (171)
[2016.01.06-20.53.12:064][963]LogModuleManager: Shutting down and abandoning module AndroidRuntimeSettings (170)
[2016.01.06-20.53.12:064][963]LogModuleManager: Shutting down and abandoning module MergeActors (169)
[2016.01.06-20.53.12:064][963]LogModuleManager: Shutting down and abandoning module SizeMap (168)
[2016.01.06-20.53.12:064][963]LogModuleManager: Shutting down and abandoning module TreeMap (167)
[2016.01.06-20.53.12:064][963]LogModuleManager: Shutting down and abandoning module ReferenceViewer (166)
[2016.01.06-20.53.12:064][963]LogModuleManager: Shutting down and abandoning module LocalizationService (165)
[2016.01.06-20.53.12:064][963]LogModuleManager: Shutting down and abandoning module LocalizationDashboard (164)
[2016.01.06-20.53.12:064][963]LogModuleManager: Shutting down and abandoning module HardwareTargeting (163)
[2016.01.06-20.53.12:064][963]LogModuleManager: Shutting down and abandoning module DeviceProfileEditor (162)
[2016.01.06-20.53.12:064][963]LogModuleManager: Shutting down and abandoning module UndoHistory (161)
[2016.01.06-20.53.12:064][963]LogModuleManager: Shutting down and abandoning module GameplayTagsEditor (160)
[2016.01.06-20.53.12:064][963]LogModuleManager: Shutting down and abandoning module UserFeedback (159)
[2016.01.06-20.53.12:064][963]LogModuleManager: Shutting down and abandoning module XmlParser (158)
[2016.01.06-20.53.12:065][963]LogModuleManager: Shutting down and abandoning module Blutility (157)
[2016.01.06-20.53.12:065][963]LogModuleManager: Shutting down and abandoning module ProjectTargetPlatformEditor (156)
[2016.01.06-20.53.12:065][963]LogModuleManager: Shutting down and abandoning module ProjectSettingsViewer (155)
[2016.01.06-20.53.12:065][963]LogModuleManager: Shutting down and abandoning module InputBindingEditor (154)
[2016.01.06-20.53.12:065][963]LogModuleManager: Shutting down and abandoning module EditorSettingsViewer (153)
[2016.01.06-20.53.12:065][963]LogModuleManager: Shutting down and abandoning module SettingsEditor (152)
[2016.01.06-20.53.12:065][963]LogModuleManager: Shutting down and abandoning module ProjectLauncher (151)
[2016.01.06-20.53.12:065][963]LogModuleManager: Shutting down and abandoning module SessionFrontend (150)
[2016.01.06-20.53.12:065][963]LogModuleManager: Shutting down and abandoning module ProfilerClient (149)
[2016.01.06-20.53.12:065][963]LogModuleManager: Shutting down and abandoning module TargetDeviceServices (148)
[2016.01.06-20.53.12:065][963]LogModuleManager: Shutting down and abandoning module DeviceManager (147)
[2016.01.06-20.53.12:065][963]LogModuleManager: Shutting down and abandoning module AutomationController (146)
[2016.01.06-20.53.12:065][963]LogModuleManager: Shutting down and abandoning module AutomationWindow (145)
[2016.01.06-20.53.12:065][963]LogModuleManager: Shutting down and abandoning module Layers (144)
[2016.01.06-20.53.12:065][963]LogModuleManager: Shutting down and abandoning module ComponentVisualizers (143)
[2016.01.06-20.53.12:065][963]LogModuleManager: Shutting down and abandoning module DetailCustomizations (142)
[2016.01.06-20.53.12:065][963]LogModuleManager: Shutting down and abandoning module PackagesDialog (141)
[2016.01.06-20.53.12:066][963]LogModuleManager: Shutting down and abandoning module Persona (140)
[2016.01.06-20.53.12:066][963]LogModuleManager: Shutting down and abandoning module Kismet (139)
[2016.01.06-20.53.12:066][963]LogModuleManager: Shutting down and abandoning module GraphEditor (138)
[2016.01.06-20.53.12:066][963]LogModuleManager: Shutting down and abandoning module ClassViewer (137)
[2016.01.06-20.53.12:066][963]LogModuleManager: Shutting down and abandoning module Toolbox (136)
[2016.01.06-20.53.12:066][963]LogModuleManager: Shutting down and abandoning module ModuleUI (135)
[2016.01.06-20.53.12:066][963]LogModuleManager: Shutting down and abandoning module MovieSceneTools (134)
[2016.01.06-20.53.12:066][963]LogModuleManager: Shutting down and abandoning module OutputLog (133)
[2016.01.06-20.53.12:066][963]LogModuleManager: Shutting down and abandoning module GammaUI (132)
[2016.01.06-20.53.12:066][963]LogModuleManager: Shutting down and abandoning module Documentation (131)
[2016.01.06-20.53.12:066][963]LogModuleManager: Shutting down and abandoning module GameLiveStreaming (130)
[2016.01.06-20.53.12:067][963]LogModuleManager: Shutting down and abandoning module StreamingPauseRendering (129)
[2016.01.06-20.53.12:067][963]LogModuleManager: Shutting down and abandoning module AnalyticsET (128)
[2016.01.06-20.53.12:067][963]LogModuleManager: Shutting down and abandoning module Analytics (127)
[2016.01.06-20.53.12:067][963]LogModuleManager: Shutting down and abandoning module AITestSuite (126)
[2016.01.06-20.53.12:067][963]LogModuleManager: Shutting down and abandoning module GameplayDebugger (125)
[2016.01.06-20.53.12:067][963]LogModuleManager: Shutting down and abandoning module AIModule (124)
[2016.01.06-20.53.12:067][963]LogModuleManager: Shutting down and abandoning module ProfilerService (123)
[2016.01.06-20.53.12:257][963]LogModuleManager: Shutting down and abandoning module TaskGraph (122)
[2016.01.06-20.53.12:257][963]LogModuleManager: Shutting down and abandoning module SlateRemote (121)
[2016.01.06-20.53.12:257][963]LogModuleManager: Shutting down and abandoning module SteamVRController (120)
[2016.01.06-20.53.12:257][963]LogModuleManager: Shutting down and abandoning module SteamVR (119)
[2016.01.06-20.53.12:257][963]LogModuleManager: Shutting down and abandoning module ProceduralMeshComponent (118)
[2016.01.06-20.53.12:257][963]LogModuleManager: Shutting down and abandoning module OculusLibrary (117)
[2016.01.06-20.53.12:257][963]LogModuleManager: Shutting down and abandoning module OculusInput (116)
[2016.01.06-20.53.12:257][963]LogModuleManager: Shutting down and abandoning module LeapMotionController (115)
[2016.01.06-20.53.12:296][963]LogModuleManager: Shutting down and abandoning module CustomMeshComponent (114)
[2016.01.06-20.53.12:296][963]LogModuleManager: Shutting down and abandoning module CableComponent (113)
[2016.01.06-20.53.12:296][963]LogModuleManager: Shutting down and abandoning module ArchVisCharacter (112)
[2016.01.06-20.53.12:296][963]LogModuleManager: Shutting down and abandoning module MessagingDebugger (111)
[2016.01.06-20.53.12:296][963]LogModuleManager: Shutting down and abandoning module MediaPlayerEditor (110)
[2016.01.06-20.53.12:296][963]LogModuleManager: Shutting down and abandoning module HTML5Networking (109)
[2016.01.06-20.53.12:296][963]LogModuleManager: Shutting down and abandoning module SpeedTreeImporter (108)
[2016.01.06-20.53.12:296][963]LogModuleManager: Shutting down and abandoning module PluginBrowser (107)
[2016.01.06-20.53.12:296][963]LogModuleManager: Shutting down and abandoning module EpicSurvey (106)
[2016.01.06-20.53.12:296][963]LogModuleManager: Shutting down and abandoning module DesktopPlatform (105)
[2016.01.06-20.53.12:296][963]LogModuleManager: Shutting down and abandoning module VisualStudioSourceCodeAccess (104)
[2016.01.06-20.53.12:296][963]LogModuleManager: Shutting down and abandoning module UObjectPlugin (103)
[2016.01.06-20.53.12:296][963]LogModuleManager: Shutting down and abandoning module SubversionSourceControl (102)
[2016.01.06-20.53.12:296][963]LogModuleManager: Shutting down and abandoning module PerforceSourceControl (101)
[2016.01.06-20.53.12:296][963]LogModuleManager: Shutting down and abandoning module SourceControl (100)
[2016.01.06-20.53.12:296][963]LogModuleManager: Shutting down and abandoning module GitSourceControl (99)
[2016.01.06-20.53.12:296][963]LogModuleManager: Shutting down and abandoning module LightPropagationVolumeEditor (98)
[2016.01.06-20.53.12:296][963]LogModuleManager: Shutting down and abandoning module PaperTiledImporter (97)
[2016.01.06-20.53.12:296][963]LogModuleManager: Shutting down and abandoning module PaperSpriteSheetImporter (96)
[2016.01.06-20.53.12:296][963]LogModuleManager: Shutting down and abandoning module MeshPaint (95)
[2016.01.06-20.53.12:296][963]LogModuleManager: Shutting down and abandoning module SlateReflector (94)
[2016.01.06-20.53.12:296][963]LogModuleManager: Shutting down and abandoning module HotReload (93)
[2016.01.06-20.53.12:296][963]LogModuleManager: Shutting down and abandoning module MainFrame (92)
[2016.01.06-20.53.12:297][963]LogModuleManager: Shutting down and abandoning module LevelEditor (91)
[2016.01.06-20.53.12:298][963]LogModuleManager: Shutting down and abandoning module DirectoryWatcher (90)
[2016.01.06-20.53.12:300][963]LogModuleManager: Shutting down and abandoning module AssetRegistry (89)
[2016.01.06-20.53.12:371][963]LogModuleManager: Shutting down and abandoning module ContentBrowser (88)
[2016.01.06-20.53.12:372][963]LogModuleManager: Shutting down and abandoning module Paper2DEditor (87)
[2016.01.06-20.53.12:372][963]LogModuleManager: Shutting down and abandoning module UdpMessaging (86)
[2016.01.06-20.53.12:473][963]LogModuleManager: Shutting down and abandoning module LightPropagationVolumeRuntime (85)
[2016.01.06-20.53.12:473][963]LogModuleManager: Shutting down and abandoning module Paper2D (84)
[2016.01.06-20.53.12:473][963]LogModuleManager: Shutting down and abandoning module WindowsMoviePlayer (83)
[2016.01.06-20.53.12:476][963]LogModuleManager: Shutting down and abandoning module Media (82)
[2016.01.06-20.53.12:476][963]LogModuleManager: Shutting down and abandoning module WmfMedia (81)
[2016.01.06-20.53.12:476][963]LogModuleManager: Shutting down and abandoning module OnlineBlueprintSupport (80)
[2016.01.06-20.53.12:476][963]LogModuleManager: Shutting down and abandoning module GameplayTasksEditor (79)
[2016.01.06-20.53.12:476][963]LogModuleManager: Shutting down and abandoning module PropertyEditor (78)
[2016.01.06-20.53.12:476][963]LogModuleManager: Shutting down and abandoning module BehaviorTreeEditor (77)
[2016.01.06-20.53.12:476][963]LogModuleManager: Shutting down and abandoning module FunctionalTesting (76)
[2016.01.06-20.53.12:476][963]LogModuleManager: Shutting down and abandoning module CollisionAnalyzer (75)
[2016.01.06-20.53.12:476][963]LogModuleManager: Shutting down and abandoning module WorkspaceMenuStructure (74)
[2016.01.06-20.53.12:476][963]LogModuleManager: Shutting down and abandoning module MessageLog (73)
[2016.01.06-20.53.12:476][963]LogModuleManager: Shutting down and abandoning module Sequencer (72)
[2016.01.06-20.53.12:476][963]LogModuleManager: Shutting down and abandoning module AssetTools (71)
[2016.01.06-20.53.12:476][963]LogModuleManager: Shutting down and abandoning module UMGEditor (70)
[2016.01.06-20.53.12:476][963]LogModuleManager: Shutting down and abandoning module UMG (69)
[2016.01.06-20.53.12:476][963]LogModuleManager: Shutting down and abandoning module Slate (68)
[2016.01.06-20.53.12:476][963]LogModuleManager: Shutting down and abandoning module EditorStyle (67)
[2016.01.06-20.53.12:479][963]LogModuleManager: Shutting down and abandoning module SessionServices (66)
[2016.01.06-20.53.12:479][963]LogModuleManager: Shutting down and abandoning module SourceCodeAccess (65)
[2016.01.06-20.53.12:479][963]LogModuleManager: Shutting down and abandoning module HeadMountedDisplay (64)
[2016.01.06-20.53.12:479][963]LogModuleManager: Shutting down and abandoning module XAudio2 (63)
[2016.01.06-20.53.12:479][963]LogModuleManager: Shutting down and abandoning module Networking (61)
[2016.01.06-20.53.12:479][963]LogModuleManager: Shutting down and abandoning module Core (60)
[2016.01.06-20.53.12:479][963]LogModuleManager: Shutting down and abandoning module KismetCompiler (59)
[2016.01.06-20.53.12:479][963]LogModuleManager: Shutting down and abandoning module PhysXFormats (58)
[2016.01.06-20.53.12:479][963]LogModuleManager: Shutting down and abandoning module MeshUtilities (57)
[2016.01.06-20.53.12:479][963]LogModuleManager: Shutting down and abandoning module DerivedDataCache (56)
[2016.01.06-20.53.12:517][963]LogDerivedDataCache: Shutdown
[2016.01.06-20.53.12:517][963]LogModuleManager: Shutting down and abandoning module ShaderFormatOpenGL (55)
[2016.01.06-20.53.12:517][963]LogModuleManager: Shutting down and abandoning module ShaderFormatD3D (54)
[2016.01.06-20.53.12:517][963]LogModuleManager: Shutting down and abandoning module MetalShaderFormat (53)
[2016.01.06-20.53.12:517][963]LogModuleManager: Shutting down and abandoning module TextureFormatUncompressed (52)
[2016.01.06-20.53.12:517][963]LogModuleManager: Shutting down and abandoning module TextureFormatPVR (51)
[2016.01.06-20.53.12:517][963]LogModuleManager: Shutting down and abandoning module TextureFormatIntelISPCTexComp (50)
[2016.01.06-20.53.12:517][963]LogModuleManager: Shutting down and abandoning module TextureFormatDXT (49)
[2016.01.06-20.53.12:517][963]LogModuleManager: Shutting down and abandoning module ImageWrapper (48)
[2016.01.06-20.53.12:517][963]LogModuleManager: Shutting down and abandoning module TextureFormatASTC (47)
[2016.01.06-20.53.12:517][963]LogModuleManager: Shutting down and abandoning module TextureFormatAndroid (46)
[2016.01.06-20.53.12:517][963]LogModuleManager: Shutting down and abandoning module AudioFormatOpus (45)
[2016.01.06-20.53.12:517][963]LogModuleManager: Shutting down and abandoning module AudioFormatOgg (44)
[2016.01.06-20.53.12:517][963]LogModuleManager: Shutting down and abandoning module AudioFormatADPCM (43)
[2016.01.06-20.53.12:517][963]LogModuleManager: Shutting down and abandoning module LinuxTargetPlatform (42)
[2016.01.06-20.53.12:517][963]LogModuleManager: Shutting down and abandoning module LinuxServerTargetPlatform (41)
[2016.01.06-20.53.12:517][963]LogModuleManager: Shutting down and abandoning module LinuxNoEditorTargetPlatform (40)
[2016.01.06-20.53.12:517][963]LogModuleManager: Shutting down and abandoning module Messaging (39)
[2016.01.06-20.53.12:517][963]LogModuleManager: Shutting down and abandoning module IOSTargetPlatform (38)
[2016.01.06-20.53.12:517][963]LogModuleManager: Shutting down and abandoning module HTML5TargetPlatform (37)
[2016.01.06-20.53.12:517][963]LogModuleManager: Shutting down and abandoning module Android_PVRTCTargetPlatform (36)
[2016.01.06-20.53.12:517][963]LogModuleManager: Shutting down and abandoning module Android_MultiTargetPlatform (35)
[2016.01.06-20.53.12:517][963]LogModuleManager: Shutting down and abandoning module Android_ETC2TargetPlatform (34)
[2016.01.06-20.53.12:517][963]LogModuleManager: Shutting down and abandoning module Android_ETC1TargetPlatform (33)
[2016.01.06-20.53.12:517][963]LogModuleManager: Shutting down and abandoning module Android_DXTTargetPlatform (32)
[2016.01.06-20.53.12:517][963]LogModuleManager: Shutting down and abandoning module Android_ATCTargetPlatform (31)
[2016.01.06-20.53.12:517][963]LogModuleManager: Shutting down and abandoning module Android_ASTCTargetPlatform (30)
[2016.01.06-20.53.12:517][963]LogModuleManager: Shutting down and abandoning module AndroidTargetPlatform (29)
[2016.01.06-20.53.12:517][963]LogModuleManager: Shutting down and abandoning module WindowsTargetPlatform (28)
[2016.01.06-20.53.12:517][963]LogModuleManager: Shutting down and abandoning module WindowsServerTargetPlatform (27)
[2016.01.06-20.53.12:517][963]LogModuleManager: Shutting down and abandoning module WindowsNoEditorTargetPlatform (26)
[2016.01.06-20.53.12:517][963]LogModuleManager: Shutting down and abandoning module WindowsClientTargetPlatform (25)
[2016.01.06-20.53.12:517][963]LogModuleManager: Shutting down and abandoning module AllDesktopTargetPlatform (24)
[2016.01.06-20.53.12:517][963]LogModuleManager: Shutting down and abandoning module TargetPlatform (23)
[2016.01.06-20.53.12:517][963]LogModuleManager: Shutting down and abandoning module InputCore (22)
[2016.01.06-20.53.12:517][963]LogModuleManager: Shutting down and abandoning module Settings (21)
[2016.01.06-20.53.12:517][963]LogModuleManager: Shutting down and abandoning module OnlineSubsystem (19)
[2016.01.06-20.53.12:517][963]LogModuleManager: Shutting down and abandoning module HTTP (18)
[2016.01.06-20.53.13:519][963]LogModuleManager: Shutting down and abandoning module XMPP (17)
[2016.01.06-20.53.13:519][963]LogModuleManager: Shutting down and abandoning module OculusRift (16)
[2016.01.06-20.53.13:519][963]LogModuleManager: Shutting down and abandoning module ExampleDeviceProfileSelector (15)
[2016.01.06-20.53.13:519][963]LogModuleManager: Shutting down and abandoning module TextureCompressor (14)
[2016.01.06-20.53.13:519][963]LogModuleManager: Shutting down and abandoning module ShaderCore (13)
[2016.01.06-20.53.13:519][963]LogModuleManager: Shutting down and abandoning module Landscape (12)
[2016.01.06-20.53.13:519][963]LogModuleManager: Shutting down and abandoning module SlateRHIRenderer (11)
[2016.01.06-20.53.13:521][963]LogModuleManager: Shutting down and abandoning module OpenGLDrv (10)
[2016.01.06-20.53.13:521][963]LogModuleManager: Shutting down and abandoning module D3D11RHI (9)
[2016.01.06-20.53.13:521][963]LogModuleManager: Shutting down and abandoning module AnimGraphRuntime (8)
[2016.01.06-20.53.13:521][963]LogModuleManager: Shutting down and abandoning module Renderer (7)
[2016.01.06-20.53.13:521][963]LogModuleManager: Shutting down and abandoning module Engine (6)
[2016.01.06-20.53.13:521][963]LogModuleManager: Shutting down and abandoning module CoreUObject (5)
[2016.01.06-20.53.13:522][963]LogModuleManager: Shutting down and abandoning module NetworkFile (4)
[2016.01.06-20.53.13:522][963]LogModuleManager: Shutting down and abandoning module StreamingFile (3)
[2016.01.06-20.53.13:522][963]LogModuleManager: Shutting down and abandoning module SandboxFile (2)
[2016.01.06-20.53.13:522][963]LogModuleManager: Shutting down and abandoning module PakFile (1)
[2016.01.06-20.53.13:524][963]LogExit: Exiting.
[2016.01.06-20.53.13:526][963]Log file closed, 01/06/16 14:53:13
