[2016.01.07-21.34.34:433][  0]Log file open, 01/07/16 15:34:34
[2016.01.07-21.34.34:433][  0]LogInit:Display: Running engine for game: Project0Zero
[2016.01.07-21.34.34:433][  0]LogPlatformFile: Not using cached read wrapper
[2016.01.07-21.34.34:433][  0]LogInit:Display: RandInit(966243799) SRandInit(966243834).
[2016.01.07-21.34.34:433][  0]LogTaskGraph: Started task graph with 4 named threads and 7 total threads.
[2016.01.07-21.34.34:433][  0]LogStats: Stats thread started at 0.125523
[2016.01.07-21.34.34:433][  0]LogInit: Version: 4.10.1-2791327+++depot+UE4-Releases+4.10
[2016.01.07-21.34.34:433][  0]LogInit: API Version: 2758231
[2016.01.07-21.34.34:433][  0]LogInit: Compiled (64-bit): Dec  4 2015 19:44:40
[2016.01.07-21.34.34:433][  0]LogInit: Compiled with Visual C++: 19.00.23026.00
[2016.01.07-21.34.34:433][  0]LogInit: Build Configuration: Development
[2016.01.07-21.34.34:433][  0]LogInit: Branch Name: ++depot+UE4-Releases+4.10
[2016.01.07-21.34.34:433][  0]LogInit: Command line:  /Temp/Autosaves/Temp/UEDPCUntitled_1 -game -PIEVIACONSOLE -ResX=1280 -ResY=720  -Multiprocess -featureleveles2 -faketouches 
[2016.01.07-21.34.34:433][  0]LogInit: Base directory: C:/Program Files/Epic Games/4.10/Engine/Binaries/Win64/
[2016.01.07-21.34.34:433][  0]LogInit: Rocket: 1
[2016.01.07-21.34.34:460][  0]LogInit: Using libcurl 7.41.0
[2016.01.07-21.34.34:460][  0]LogInit:  - built for x86_64-pc-win32
[2016.01.07-21.34.34:460][  0]LogInit:  - supports SSL with WinSSL
[2016.01.07-21.34.34:460][  0]LogInit:  - other features:
[2016.01.07-21.34.34:460][  0]LogInit:      CURL_VERSION_SSL
[2016.01.07-21.34.34:460][  0]LogInit:      CURL_VERSION_IPV6
[2016.01.07-21.34.34:460][  0]LogInit:      CURL_VERSION_ASYNCHDNS
[2016.01.07-21.34.34:460][  0]LogInit:      CURL_VERSION_LARGEFILE
[2016.01.07-21.34.34:460][  0]LogInit:      CURL_VERSION_IDN
[2016.01.07-21.34.34:460][  0]LogInit:  CurlRequestOptions (configurable via config and command line):
[2016.01.07-21.34.34:460][  0]LogInit:  - bVerifyPeer = true  - Libcurl will verify peer certificate
[2016.01.07-21.34.34:460][  0]LogInit:  - bUseHttpProxy = false  - Libcurl will NOT use HTTP proxy
[2016.01.07-21.34.34:460][  0]LogInit:  - bDontReuseConnections = false  - Libcurl will reuse connections
[2016.01.07-21.34.34:460][  0]LogInit:  - CertBundlePath = nullptr  - Libcurl will use whatever was configured at build time.
[2016.01.07-21.34.34:474][  0]LogInit: Presizing for 0 objects not considered by GC, pre-allocating 0 bytes.
[2016.01.07-21.34.34:487][  0]LogInit: Object subsystem initialized
[2016.01.07-21.34.34:491][  0]LogInit: Selected Device Profile: [Windows]
[2016.01.07-21.34.34:491][  0]LogInit: Applying CVar settings loaded from the selected device profile: [Windows]
[2016.01.07-21.34.34:507][  0]LogInit: Computer: COMPUTER_
[2016.01.07-21.34.34:507][  0]LogInit: User: seths000
[2016.01.07-21.34.34:507][  0]LogInit: CPU Page size=4096, Cores=4
[2016.01.07-21.34.34:507][  0]LogInit: High frequency timer resolution =14.318180 MHz
[2016.01.07-21.34.34:507][  0]LogMemory: Memory total: Physical=8.0GB (8GB approx)
[2016.01.07-21.34.34:507][  0]LogMemory: Platform Memory Stats for Windows
[2016.01.07-21.34.34:507][  0]LogMemory: Process Physical Memory: 56.06 MB used, 56.06 MB peak
[2016.01.07-21.34.34:507][  0]LogMemory: Process Virtual Memory: 56.86 MB used, 56.86 MB peak
[2016.01.07-21.34.34:507][  0]LogMemory: Physical Memory: 5144.30 MB used, 8173.55 MB total
[2016.01.07-21.34.34:507][  0]LogMemory: Virtual Memory: 379.86 MB used, 134217728.00 MB total
[2016.01.07-21.34.34:614][  0]LogTextLocalizationManager: No specific translations for ('en-US') exist, so ('en') translations will be used.
[2016.01.07-21.34.35:392][  0]LogD3D11RHI: Found D3D11 adapter 0: AMD Radeon HD 7900 Series (Feature Level 11_0)
[2016.01.07-21.34.35:392][  0]LogD3D11RHI: Adapter has 3054MB of dedicated video memory, 0MB of dedicated system memory, and 4086MB of shared system memory, 1 output[s]
[2016.01.07-21.34.35:395][  0]LogD3D11RHI: Found D3D11 adapter 1: Microsoft Basic Render Driver (Feature Level 11_0)
[2016.01.07-21.34.35:395][  0]LogD3D11RHI: Adapter has 0MB of dedicated video memory, 0MB of dedicated system memory, and 4086MB of shared system memory, 0 output[s]
[2016.01.07-21.34.35:395][  0]LogD3D11RHI: Chosen D3D11 Adapter Id = 0
[2016.01.07-21.34.35:409][  0]LogD3D11RHI: !Direct3DDevice
[2016.01.07-21.34.35:409][  0]LogRHI: Texture pool is 1361 MB (70% of 1945 MB)
[2016.01.07-21.34.35:419][  0]LogD3D11RHI: Async texture creation disabled: no driver support
[2016.01.07-21.34.35:431][  0]LogShaderCompilers: Guid format shader working directory is -38 characters bigger than the processId version (../../../../../../Users/seths_000/Dropbox (Project0)/Project0 Team Folder/Project0Zero/Intermediate/Shaders/WorkingDirectory/25920/).
[2016.01.07-21.34.35:432][  0]LogShaderCompilers: Cleaned the shader compiler working directory 'C:/Users/SETHS_~1/AppData/Local/Temp/UnrealShaderWorkingDir/0ED2577947D246FA2C8BD0BFCBF5F2D4/'.
[2016.01.07-21.34.35:432][  0]LogShaderCompilers:Display: Using Local Shader Compiler.
[2016.01.07-21.34.37:296][  0]LogTemp:Display: Loaded TP AllDesktopTargetPlatform
[2016.01.07-21.34.37:305][  0]LogTemp:Display: Loaded TP WindowsClientTargetPlatform
[2016.01.07-21.34.37:312][  0]LogTemp:Display: Loaded TP WindowsNoEditorTargetPlatform
[2016.01.07-21.34.37:319][  0]LogTemp:Display: Loaded TP WindowsServerTargetPlatform
[2016.01.07-21.34.37:327][  0]LogTemp:Display: Loaded TP WindowsTargetPlatform
[2016.01.07-21.34.37:336][  0]LogTemp:Display: Loaded TP AndroidTargetPlatform
[2016.01.07-21.34.37:341][  0]LogTemp:Display: Loaded TP Android_ASTCTargetPlatform
[2016.01.07-21.34.37:346][  0]LogTemp:Display: Loaded TP Android_ATCTargetPlatform
[2016.01.07-21.34.37:350][  0]LogTemp:Display: Loaded TP Android_DXTTargetPlatform
[2016.01.07-21.34.37:357][  0]LogTemp:Display: Loaded TP Android_ETC1TargetPlatform
[2016.01.07-21.34.37:362][  0]LogTemp:Display: Loaded TP Android_ETC2TargetPlatform
[2016.01.07-21.34.37:373][  0]LogTemp:Display: Loaded TP Android_MultiTargetPlatform
[2016.01.07-21.34.37:373][  0]LogTemp:Display: Loaded TP Android_PVRTCTargetPlatform
[2016.01.07-21.34.37:374][  0]LogTemp:Display: Loaded TP HTML5TargetPlatform
[2016.01.07-21.34.37:394][  0]LogTemp:Display: Loaded TP IOSTargetPlatform
[2016.01.07-21.34.37:397][  0]LogTemp:Display: Loaded TP LinuxNoEditorTargetPlatform
[2016.01.07-21.34.37:403][  0]LogTemp:Display: Loaded TP LinuxServerTargetPlatform
[2016.01.07-21.34.37:409][  0]LogTemp:Display: Loaded TP LinuxTargetPlatform
[2016.01.07-21.34.37:409][  0]LogTargetPlatformManager:Display: Building Assets For Windows
[2016.01.07-21.34.37:524][  0]LogDerivedDataCache:Display: Max Cache Size: 512 MB
[2016.01.07-21.34.37:651][  0]LogDerivedDataCache: Loaded boot cache 0.13s 41MB C:/Users/seths_000/AppData/Local/UnrealEngine/4.10/DerivedDataCache/Boot.ddc.
[2016.01.07-21.34.37:652][  0]LogDerivedDataCache:Display: Loaded Boot cache: C:/Users/seths_000/AppData/Local/UnrealEngine/4.10/DerivedDataCache/Boot.ddc
[2016.01.07-21.34.37:652][  0]LogDerivedDataCache: FDerivedDataBackendGraph:  Pak pak cache file ../../../../../../Users/seths_000/Dropbox (Project0)/Project0 Team Folder/Project0Zero/DerivedDataCache/DDC.ddp not found, will not use a pak cache.
[2016.01.07-21.34.37:652][  0]LogDerivedDataCache: Unable to find inner node Pak for hierarchical cache Hierarchy.
[2016.01.07-21.34.37:652][  0]LogDerivedDataCache: FDerivedDataBackendGraph:  CompressedPak pak cache file ../../../../../../Users/seths_000/Dropbox (Project0)/Project0 Team Folder/Project0Zero/DerivedDataCache/Compressed.ddp not found, will not use a pak cache.
[2016.01.07-21.34.37:652][  0]LogDerivedDataCache: Unable to find inner node CompressedPak for hierarchical cache Hierarchy.
[2016.01.07-21.34.37:739][  0]LogDerivedDataCache:Display: Pak cache opened for reading ../../../Engine/DerivedDataCache/Compressed.ddp.
[2016.01.07-21.34.37:751][  0]LogDerivedDataCache: Using Local data cache path C:/Users/seths_000/AppData/Local/UnrealEngine/Commo