[2016.01.06-23.00.45:581][  0]Log file open, 01/06/16 17:00:45
[2016.01.06-23.00.45:581][  0]LogInit:Display: Running engine for game: Project0Zero
[2016.01.06-23.00.45:581][  0]LogPlatformFile: Not using cached read wrapper
[2016.01.06-23.00.45:581][  0]LogInit:Display: RandInit(1034426967) SRandInit(1034427002).
[2016.01.06-23.00.45:581][  0]LogTaskGraph: Started task graph with 4 named threads and 7 total threads.
[2016.01.06-23.00.45:581][  0]LogStats: Stats thread started at 0.113963
[2016.01.06-23.00.45:581][  0]LogInit: Version: 4.10.1-2791327+++depot+UE4-Releases+4.10
[2016.01.06-23.00.45:581][  0]LogInit: API Version: 2758231
[2016.01.06-23.00.45:581][  0]LogInit: Compiled (64-bit): Dec  4 2015 19:44:40
[2016.01.06-23.00.45:581][  0]LogInit: Compiled with Visual C++: 19.00.23026.00
[2016.01.06-23.00.45:581][  0]LogInit: Build Configuration: Development
[2016.01.06-23.00.45:581][  0]LogInit: Branch Name: ++depot+UE4-Releases+4.10
[2016.01.06-23.00.45:581][  0]LogInit: Command line:  /Temp/Autosaves/Game/Maps/UEDPCUntitled -game -PIEVIACONSOLE -ResX=1280 -ResY=720  -Multiprocess 
[2016.01.06-23.00.45:581][  0]LogInit: Base directory: C:/Program Files/Epic Games/4.10/Engine/Binaries/Win64/
[2016.01.06-23.00.45:581][  0]LogInit: Rocket: 1
[2016.01.06-23.00.45:601][  0]LogInit: Using libcurl 7.41.0
[2016.01.06-23.00.45:601][  0]LogInit:  - built for x86_64-pc-win32
[2016.01.06-23.00.45:601][  0]LogInit:  - supports SSL with WinSSL
[2016.01.06-23.00.45:601][  0]LogInit:  - other features:
[2016.01.06-23.00.45:601][  0]LogInit:      CURL_VERSION_SSL
[2016.01.06-23.00.45:601][  0]LogInit:      CURL_VERSION_IPV6
[2016.01.06-23.00.45:601][  0]LogInit:      CURL_VERSION_ASYNCHDNS
[2016.01.06-23.00.45:601][  0]LogInit:      CURL_VERSION_LARGEFILE
[2016.01.06-23.00.45:601][  0]LogInit:      CURL_VERSION_IDN
[2016.01.06-23.00.45:601][  0]LogInit:  CurlRequestOptions (configurable via config and command line):
[2016.01.06-23.00.45:601][  0]LogInit:  - bVerifyPeer = true  - Libcurl will verify peer certificate
[2016.01.06-23.00.45:601][  0]LogInit:  - bUseHttpProxy = false  - Libcurl will NOT use HTTP proxy
[2016.01.06-23.00.45:601][  0]LogInit:  - bDontReuseConnections = false  - Libcurl will reuse connections
[2016.01.06-23.00.45:601][  0]LogInit:  - CertBundlePath = nullptr  - Libcurl will use whatever was configured at build time.
[2016.01.06-23.00.45:620][  0]LogInit: Presizing for 0 objects not considered by GC, pre-allocating 0 bytes.
[2016.01.06-23.00.45:632][  0]LogInit: Object subsystem initialized
[2016.01.06-23.00.45:633][  0]LogInit: Selected Device Profile: [Windows]
[2016.01.06-23.00.45:633][  0]LogInit: Applying CVar settings loaded from the selected device profile: [Windows]
[2016.01.06-23.00.45:639][  0]LogInit: Computer: COMPUTER_
[2016.01.06-23.00.45:639][  0]LogInit: User: seths000
[2016.01.06-23.00.45:639][  0]LogInit: CPU Page size=4096, Cores=4
[2016.01.06-23.00.45:639][  0]LogInit: High frequency timer resolution =14.318180 MHz
[2016.01.06-23.00.45:639][  0]LogMemory: Memory total: Physical=8.0GB (8GB approx)
[2016.01.06-23.00.45:639][  0]LogMemory: Platform Memory Stats for Windows
[2016.01.06-23.00.45:639][  0]LogMemory: Process Physical Memory: 56.13 MB used, 56.13 MB peak
[2016.01.06-23.00.45:639][  0]LogMemory: Process Virtual Memory: 57.00 MB used, 57.00 MB peak
[2016.01.06-23.00.45:639][  0]LogMemory: Physical Memory: 5163.24 MB used, 8173.55 MB total
[2016.01.06-23.00.45:639][  0]LogMemory: Virtual Memory: 379.86 MB used, 134217728.00 MB total
[2016.01.06-23.00.45:689][  0]LogTextLocalizationManager: No specific translations for ('en-US') exist, so ('en') translations will be used.
[2016.01.06-23.00.46:438][  0]LogD3D11RHI: Found D3D11 adapter 0: AMD Radeon HD 7900 Series (Feature Level 11_0)
[2016.01.06-23.00.46:438][  0]LogD3D11RHI: Adapter has 3054MB of dedicated video memory, 0MB of dedicated system memory, and 4086MB of shared system memory, 1 output[s]
[2016.01.06-23.00.46:442][  0]LogD3D11RHI: Found D3D11 adapter 1: Microsoft Basic Render Driver (Feature Level 11_0)
[2016.01.06-23.00.46:442][  0]LogD3D11RHI: Adapter has 0MB of dedicated video memory, 0MB of dedicated system memory, and 4086MB of shared system memory, 0 output[s]
[2016.01.06-23.00.46:442][  0]LogD3D11RHI: Chosen D3D11 Adapter Id = 0
[2016.01.06-23.00.46:459][  0]LogD3D11RHI: !Direct3DDevice
[2016.01.06-23.00.46:460][  0]LogRHI: Texture pool is 1361 MB (70% of 1945 MB)
[2016.01.06-23.00.46:471][  0]LogD3D11RHI: Async texture creation disabled: no driver support
[2016.01.06-23.00.46:491][  0]LogShaderCompilers: Guid format shader working directory is -38 characters bigger than the processId version (../../../../../../Users/seths_000/Dropbox (Project0)/Project0 Team Folder/Project0Zero/Intermediate/Shaders/WorkingDirectory/20560/).
[2016.01.06-23.00.46:491][  0]LogShaderCompilers: Cleaned the shader compiler working directory 'C:/Users/SETHS_~1/AppData/Local/Temp/UnrealShaderWorkingDir/3E73616F40CA6C840A57C19FD1718A44/'.
[2016.01.06-23.00.46:492][  0]LogShaderCompilers:Display: Using Local Shader Compiler.
[2016.01.06-23.00.47:855][  0]LogTemp:Display: Loaded TP AllDesktopTargetPlatform
[2016.01.06-23.00.47:864][  0]LogTemp:Display: Loaded TP WindowsClientTargetPlatform
[2016.01.06-23.00.47:873][  0]LogTemp:Display: Loaded TP WindowsNoEditorTargetPlatform
[2016.01.06-23.00.47:881][  0]LogTemp:Display: Loaded TP WindowsServerTargetPlatform
[2016.01.06-23.00.47:888][  0]LogTemp:Display: Loaded TP WindowsTargetPlatform
[2016.01.06-23.00.47:895][  0]LogTemp:Display: Loaded TP AndroidTargetPlatform
[2016.01.06-23.00.47:900][  0]LogTemp:Display: Loaded TP Android_ASTCTargetPlatform
[2016.01.06-23.00.47:905][  0]LogTemp:Display: Loaded TP Android_ATCTargetPlatform
[2016.01.06-23.00.47:911][  0]LogTemp:Display: Loaded TP Android_DXTTargetPlatform
[2016.01.06-23.00.47:918][  0]LogTemp:Display: Loaded TP Android_ETC1TargetPlatform
[2016.01.06-23.00.47:924][  0]LogTemp:Display: Loaded TP Android_ETC2TargetPlatform
[2016.01.06-23.00.47:939][  0]LogTemp:Display: Loaded TP Android_MultiTargetPlatform
[2016.01.06-23.00.47:939][  0]LogTemp:Display: Loaded TP Android_PVRTCTargetPlatform
[2016.01.06-23.00.47:941][  0]LogTemp:Display: Loaded TP HTML5TargetPlatform
[2016.01.06-23.00.47:963][  0]LogTemp:Display: Loaded TP IOSTargetPlatform
[2016.01.06-23.00.47:967][  0]LogTemp:Display: Loaded TP LinuxNoEditorTargetPlatform
[2016.01.06-23.00.47:972][  0]LogTemp:Display: Loaded TP LinuxServerTargetPlatform
[2016.01.06-23.00.47:977][  0]LogTemp:Display: Loaded TP LinuxTargetPlatform
[2016.01.06-23.00.47:977][  0]LogTargetPlatformManager:Display: Building Assets For Windows
[2016.01.06-23.00.48:108][  0]LogDerivedDataCache:Display: Max Cache Size: 512 MB
[2016.01.06-23.00.48:240][  0]LogDerivedDataCache: Loaded boot cache 0.13s 41MB C:/Users/seths_000/AppData/Local/UnrealEngine/4.10/DerivedDataCache/Boot.ddc.
[2016.01.06-23.00.48:240][  0]LogDerivedDataCache:Display: Loaded Boot cache: C:/Users/seths_000/AppData/Local/UnrealEngine/4.10/DerivedDataCache/Boot.ddc
[2016.01.06-23.00.48:240][  0]LogDerivedDataCache: FDerivedDataBackendGraph:  Pak pak cache file ../../../../../../Users/seths_000/Dropbox (Project0)/Project0 Team Folder/Project0Zero/DerivedDataCache/DDC.ddp not found, will not use a pak cache.
[2016.01.06-23.00.48:240][  0]LogDerivedDataCache: Unable to find inner node Pak for hierarchical cache Hierarchy.
[2016.01.06-23.00.48:240][  0]LogDerivedDataCache: FDerivedDataBackendGraph:  CompressedPak pak cache file ../../../../../../Users/seths_000/Dropbox (Project0)/Project0 Team Folder/Project0Zero/DerivedDataCache/Compressed.ddp not found, will not use a pak cache.
[2016.01.06-23.00.48:240][  0]LogDerivedDataCache: Unable to find inner node CompressedPak for hierarchical cache Hierarchy.
[2016.01.06-23.00.48:326][  0]LogDerivedDataCache:Display: Pak cache opened for reading ../../../Engine/DerivedDataCache/Compressed.ddp.
[2016.01.06-23.00.48:338][  0]LogDerivedDataCache: Using Local data cache path C:/Users/seths_000/AppData/Local/UnrealEngine/Common/DerivedDataCache: Writable
[2016.01.06-23.00.48:666][  0]LogInit: Selected Device Profile: [Windows]
[2016.01.06-23.00.48:671][  0]LogContentStreaming: Texture pool size is 1000.000000MB
[2016.01.06-23.00.48:861][  0]LogMeshUtilities: No automatic mesh reduction module available
[2016.01.06-23.00.48:861][  0]LogMeshUtilities: No automatic mesh merging module available
[2016.01.06-23.00.49:299][  0]LogInit: WinSock: version 1.1 (2.2), MaxSocks=32767, MaxUdp=65467
[2016.01.06-23.00.49:595][  0]LogWindowsMoviePlayer: Unable to load movie: ../../../../../../Users/seths_000/Dropbox (Project0)/Project0 Team Folder/Project0Zero/Content/Movies/Default_Startup.mp4
[2016.01.06-23.00.49:728][  0]SourceControl: Info Source control is disabled
[2016.01.06-23.00.49:728][  0]SourceControl: Info Source control is disabled
[2016.01.06-23.00.49:749][  0]SourceControl: Info Source control is disabled
[2016.01.06-23.00.50:069][  0]LogObj: 27935 objects as part of root set at end of initial load.
[2016.01.06-23.00.50:069][  0]LogUObjectAllocator: 5830072 out of 0 bytes used by permanent object pool.
[2016.01.06-23.00.50:154][  0]LogEngine: Initializing Engine...
[2016.01.06-23.00.50:159][  0]LogHMD: Can't find Oculus library dev build: is proper Runtime installed? Version: 0.8.0.0
[2016.01.06-23.00.50:167][  0]LogHMD: SteamVR failed to initialize.  Err: 108
[2016.01.06-23.00.50:379][  0]LogInit: XAudio2 using 'Speakers (5- Logitech G35 Headset)' : 2 channels at 44.1 kHz using 16 bits per sample (channel mask 0x3)
[2016.01.06-23.00.50:395][  0]LogInit: FAudioDevice initialized.
[2016.01.06-23.00.50:417][  0]LogInit: Texture streaming: Enabled
[2016.01.06-23.00.50:519][  0]LogNet: Browse: /Temp/Autosaves/Game/Maps/UEDPCUntitled?Name=Player
[2016.01.06-23.00.50:519][  0]LogLoad: LoadMap: /Temp/Autosaves/Game/Maps/UEDPCUntitled?Name=Player
[2016.01.06-23.00.50:542][  0]LogParticles: Destroying 0 GPU particle simulations for FXSystem 0x000000076ADC6F20
[2016.01.06-23.00.50:563][  0]LogMemory: Platform Memory Stats for Windows
[2016.01.06-23.00.50:563][  0]LogMemory: Process Physical Memory: 368.15 MB used, 368.15 MB peak
[2016.01.06-23.00.50:563][  0]LogMemory: Process Virtual Memory: 448.57 MB used, 448.57 MB peak
[2016.01.06-23.00.50:563][  0]LogMemory: Physical Memory: 5426.84 MB used, 8173.55 MB total
[2016.01.06-23.00.50:563][  0]LogMemory: Virtual Memory: 1021.69 MB used, 134217728.00 MB total
[2016.01.06-23.00.50:563][  0]LogMemory: 
[2016.01.06-23.00.50:563][  0]Allocator Stats for TBB: (not implemented)
[2016.01.06-23.00.51:034][  0]LogLinker:Warning: Can't find file '/Game/Models/Material'
[2016.01.06-23.00.51:034][  0]LoadErrors: Info Failed to load /Game/Models/Material.Material Referenced by ReallyPlainHouseForVeryFirstGamev2
[2016.01.06-23.00.51:034][  0]LogUObjectGlobals:Warning: Failed to load '/Game/Models/Material': Can't find file '/Game/Models/Material'
[2016.01.06-23.00.51:034][  0]LogLinker:Warning: Can't find file for asset '/Game/Models/Material' while loading NULL.
[2016.01.06-23.00.51:034][  0]LoadErrors: Info Failed to load /Game/Models/Material.Material Referenced by ReallyPlainHouseForVeryFirstGamev2
[2016.01.06-23.00.51:034][  0]LogUObjectGlobals:Warning: Failed to load '/Game/Models/Material': Can't find file for asset '/Game/Models/Material' while loading NULL.
[2016.01.06-23.00.51:122][  0]LogAIModule: Creating AISystem for world Untitled
[2016.01.06-23.00.51:124][  0]LogWorld: Game class is 'Sandbox_C'
[2016.01.06-23.00.51:134][  0]LogWorld: Bringing World /Temp/Autosaves/Game/Maps/UEDPCUntitled.Untitled up for play (max tick rate 0) at 2016.01.06-17.00.51
[2016.01.06-23.00.51:135][  0]LogWorld: Bringing up level for play took: 0.008027
[2016.01.06-23.00.51:137][  0]LogInit:Display: Game Engine Initialized.
[2016.01.06-23.00.51:367][  0]LogLoad: Full Startup: 6.19 seconds (BP compile: 0.12 seconds)
[2016.01.06-23.00.51:388][  0]LogOcInput: Can't find Oculus library dev build: is proper Runtime installed? Version: 0.8.0.0
[2016.01.06-23.00.51:507][  2]LogRenderer: Reallocating scene render targets to support 1280x720 (Frame:2).
[2016.01.06-23.01.18:504][667]LogCharacterMovement: Default_Player_C_0 is stuck and failed to move!
[2016.01.06-23.01.18:520][668]LogCharacterMovement: Default_Player_C_0 is stuck and failed to move!
[2016.01.06-23.01.18:537][669]LogCharacterMovement: Default_Player_C_0 is stuck and failed to move!
[2016.01.06-23.01.20:182][771]LogCharacterMovement: Default_Player_C_0 is stuck and failed to move!
[2016.01.06-23.01.20:198][772]LogCharacterMovement: Default_Player_C_0 is stuck and failed to move!
[2016.01.06-23.01.20:214][773]LogCharacterMovement: Default_Player_C_0 is stuck and failed to move!
[2016.01.06-23.01.20:231][774]LogCharacterMovement: Default_Player_C_0 is stuck and failed to move!
[2016.01.06-23.01.20:408][785]LogCharacterMovement: Default_Player_C_0 is stuck and failed to move!
[2016.01.06-23.01.20:424][786]LogCharacterMovement: Default_Player_C_0 is stuck and failed to move!
[2016.01.06-23.01.20:440][787]LogCharacterMovement: Default_Player_C_0 is stuck and failed to move!
[2016.01.06-23.01.20:456][788]LogCharacterMovement: Default_Player_C_0 is stuck and failed to move!
[2016.01.06-23.01.20:473][789]LogCharacterMovement: Default_Player_C_0 is stuck and failed to move!
[2016.01.06-23.01.20:489][790]LogCharacterMovement: Default_Player_C_0 is stuck and failed to move!
[2016.01.06-23.01.20:505][791]LogCharacterMovement: Default_Player_C_0 is stuck and failed to move!
[2016.01.06-23.01.20:521][792]LogCharacterMovement: Default_Player_C_0 is stuck and failed to move!
[2016.01.06-23.01.20:666][801]LogCharacterMovement: Default_Player_C_0 is stuck and failed to move!
[2016.01.06-23.01.20:683][802]LogCharacterMovement: Default_Player_C_0 is stuck and failed to move!
[2016.01.06-23.01.20:698][803]LogCharacterMovement: Default_Player_C_0 is stuck and failed to move!
[2016.01.06-23.01.20:715][804]LogCharacterMovement: Default_Player_C_0 is stuck and failed to move!
[2016.01.06-23.01.20:731][805]LogCharacterMovement: Default_Player_C_0 is stuck and failed to move!
[2016.01.06-23.01.20:747][806]LogCharacterMovement: Default_Player_C_0 is stuck and failed to move!
[2016.01.06-23.01.20:763][807]LogCharacterMovement: Default_Player_C_0 is stuck and failed to move!
[2016.01.06-23.01.20:779][808]LogCharacterMovement: Default_Player_C_0 is stuck and failed to move!
[2016.01.06-23.01.20:795][809]LogCharacterMovement: Default_Player_C_0 is stuck and failed to move!
[2016.01.06-23.01.20:811][810]LogCharacterMovement: Default_Player_C_0 is stuck and failed to move!
[2016.01.06-23.01.20:827][811]LogCharacterMovement: Default_Player_C_0 is stuck and failed to move!
[2016.01.06-23.01.20:844][812]LogCharacterMovement: Default_Player_C_0 is stuck and failed to move!
[2016.01.06-23.01.26:183][143]LogCharacterMovement: Default_Player_C_0 is stuck and failed to move!
[2016.01.06-23.01.26:199][144]LogCharacterMovement: Default_Player_C_0 is stuck and failed to move!
[2016.01.06-23.01.26:215][145]LogCharacterMovement: Default_Player_C_0 is stuck and failed to move!
[2016.01.06-23.01.26:231][146]LogCharacterMovement: Default_Player_C_0 is stuck and failed to move!
[2016.01.06-23.01.26:264][148]LogCharacterMovement: Default_Player_C_0 is stuck and failed to move!
[2016.01.06-23.01.26:280][149]LogCharacterMovement: Default_Player_C_0 is stuck and failed to move!
[2016.01.06-23.01.26:312][151]LogCharacterMovement: Default_Player_C_0 is stuck and failed to move!
[2016.01.06-23.01.26:344][153]LogCharacterMovement: Default_Player_C_0 is stuck and failed to move!
[2016.01.06-23.01.26:360][154]LogCharacterMovement: Default_Player_C_0 is stuck and failed to move!
[2016.01.06-23.01.26:377][155]LogCharacterMovement: Default_Player_C_0 is stuck and failed to move!
[2016.01.06-23.01.26:393][156]LogCharacterMovement: Default_Player_C_0 is stuck and failed to move!
[2016.01.06-23.01.26:699][175]LogCharacterMovement: Default_Player_C_0 is stuck and failed to move!
[2016.01.06-23.01.26:715][176]LogCharacterMovement: Default_Player_C_0 is stuck and failed to move!
[2016.01.06-23.01.26:731][177]LogCharacterMovement: Default_Player_C_0 is stuck and failed to move!
[2016.01.06-23.01.26:748][178]LogCharacterMovement: Default_Player_C_0 is stuck and failed to move!
[2016.01.06-23.01.26:764][179]LogCharacterMovement: Default_Player_C_0 is stuck and failed to move!
[2016.01.06-23.01.26:780][180]LogCharacterMovement: Default_Player_C_0 is stuck and failed to move!
[2016.01.06-23.01.26:796][181]LogCharacterMovement: Default_Player_C_0 is stuck and failed to move!
[2016.01.06-23.01.26:813][182]LogCharacterMovement: Default_Player_C_0 is stuck and failed to move!
[2016.01.06-23.01.26:828][183]LogCharacterMovement: Default_Player_C_0 is stuck and failed to move!
[2016.01.06-23.01.26:844][184]LogCharacterMovement: Default_Player_C_0 is stuck and failed to move!
[2016.01.06-23.01.26:861][185]LogCharacterMovement: Default_Player_C_0 is stuck and failed to move!
[2016.01.06-23.01.26:877][186]LogCharacterMovement: Default_Player_C_0 is stuck and failed to move!
[2016.01.06-23.01.26:893][187]LogCharacterMovement: Default_Player_C_0 is stuck and failed to move!
[2016.01.06-23.01.26:909][188]LogCharacterMovement: Default_Player_C_0 is stuck and failed to move!
[2016.01.06-23.01.26:925][189]LogCharacterMovement: Default_Player_C_0 is stuck and failed to move!
[2016.01.06-23.01.26:941][190]LogCharacterMovement: Default_Player_C_0 is stuck and failed to move!
[2016.01.06-23.01.26:957][191]LogCharacterMovement: Default_Player_C_0 is stuck and failed to move!
[2016.01.06-23.01.26:974][192]LogCharacterMovement: Default_Player_C_0 is stuck and failed to move!
[2016.01.06-23.01.26:989][193]LogCharacterMovement: Default_Player_C_0 is stuck and failed to move!
[2016.01.06-23.01.27:006][194]LogCharacterMovement: Default_Player_C_0 is stuck and failed to move!
[2016.01.06-23.01.27:022][195]LogCharacterMovement: Default_Player_C_0 is stuck and failed to move!
[2016.01.06-23.01.27:038][196]LogCharacterMovement: Default_Player_C_0 is stuck and failed to move!
[2016.01.06-23.01.27:054][197]LogCharacterMovement: Default_Player_C_0 is stuck and failed to move!
[2016.01.06-23.01.27:070][198]LogCharacterMovement: Default_Player_C_0 is stuck and failed to move!
[2016.01.06-23.01.27:086][199]LogCharacterMovement: Default_Player_C_0 is stuck and failed to move!
[2016.01.06-23.01.27:102][200]LogCharacterMovement: Default_Player_C_0 is stuck and failed to move!
[2016.01.06-23.01.27:118][201]LogCharacterMovement: Default_Player_C_0 is stuck and failed to move!
[2016.01.06-23.01.27:135][202]LogCharacterMovement: Default_Player_C_0 is stuck and failed to move!
[2016.01.06-23.01.27:151][203]LogCharacterMovement: Default_Player_C_0 is stuck and failed to move!
[2016.01.06-23.01.27:166][204]LogCharacterMovement: Default_Player_C_0 is stuck and failed to move!
[2016.01.06-23.01.27:183][205]LogCharacterMovement: Default_Player_C_0 is stuck and failed to move!
[2016.01.06-23.01.27:199][206]LogCharacterMovement: Default_Player_C_0 is stuck and failed to move!
[2016.01.06-23.01.27:215][207]LogCharacterMovement: Default_Player_C_0 is stuck and failed to move!
[2016.01.06-23.01.27:231][208]LogCharacterMovement: Default_Player_C_0 is stuck and failed to move!
[2016.01.06-23.01.27:247][209]LogCharacterMovement: Default_Player_C_0 is stuck and failed to move!
[2016.01.06-23.01.27:264][210]LogCharacterMovement: Default_Player_C_0 is stuck and failed to move!
[2016.01.06-23.01.27:280][211]LogCharacterMovement: Default_Player_C_0 is stuck and failed to move!
[2016.01.06-23.01.27:296][212]LogCharacterMovement: Default_Player_C_0 is stuck and failed to move!
[2016.01.06-23.01.27:313][213]LogCharacterMovement: Default_Player_C_0 is stuck and failed to move!
[2016.01.06-23.01.27:328][214]LogCharacterMovement: Default_Player_C_0 is stuck and failed to move!
[2016.01.06-23.01.27:344][215]LogCharacterMovement: Default_Player_C_0 is stuck and failed to move!
[2016.01.06-23.01.27:360][216]LogCharacterMovement: Default_Player_C_0 is stuck and failed to move!
[2016.01.06-23.01.27:377][217]LogCharacterMovement: Default_Player_C_0 is stuck and failed to move!
[2016.01.06-23.01.27:393][218]LogCharacterMovement: Default_Player_C_0 is stuck and failed to move!
[2016.01.06-23.01.29:183][329]LogCharacterMovement: Default_Player_C_0 is stuck and failed to move!
[2016.01.06-23.01.29:199][330]LogCharacterMovement: Default_Player_C_0 is stuck and failed to move!
[2016.01.06-23.01.29:216][331]LogCharacterMovement: Default_Player_C_0 is stuck and failed to move!
[2016.01.06-23.01.29:233][332]LogCharacterMovement: Default_Player_C_0 is stuck and failed to move!
[2016.01.06-23.01.29:248][333]LogCharacterMovement: Default_Player_C_0 is stuck and failed to move!
[2016.01.06-23.01.29:264][334]LogCharacterMovement: Default_Player_C_0 is stuck and failed to move!
[2016.01.06-23.01.29:280][335]LogCharacterMovement: Default_Player_C_0 is stuck and failed to move!
[2016.01.06-23.01.29:296][336]LogCharacterMovement: Default_Player_C_0 is stuck and failed to move!
[2016.01.06-23.01.29:312][337]LogCharacterMovement: Default_Player_C_0 is stuck and failed to move!
[2016.01.06-23.01.29:328][338]LogCharacterMovement: Default_Player_C_0 is stuck and failed to move!
[2016.01.06-23.01.29:344][339]LogCharacterMovement: Default_Player_C_0 is stuck and failed to move!
[2016.01.06-23.01.29:360][340]LogCharacterMovement: Default_Player_C_0 is stuck and failed to move!
[2016.01.06-23.01.29:377][341]LogCharacterMovement: Default_Player_C_0 is stuck and failed to move!
[2016.01.06-23.01.29:393][342]LogCharacterMovement: Default_Player_C_0 is stuck and failed to move!
[2016.01.06-23.01.31:474][471]LogCharacterMovement: Default_Player_C_0 is stuck and failed to move!
[2016.01.06-23.01.31:490][472]LogCharacterMovement: Default_Player_C_0 is stuck and failed to move!
[2016.01.06-23.01.31:506][473]LogCharacterMovement: Default_Player_C_0 is stuck and failed to move!
[2016.01.06-23.01.31:523][474]LogCharacterMovement: Default_Player_C_0 is stuck and failed to move!
[2016.01.06-23.01.31:539][475]LogCharacterMovement: Default_Player_C_0 is stuck and failed to move!
[2016.01.06-23.01.31:555][476]LogCharacterMovement: Default_Player_C_0 is stuck and failed to move!
[2016.01.06-23.01.31:571][477]LogCharacterMovement: Default_Player_C_0 is stuck and failed to move!
[2016.01.06-23.01.31:587][478]LogCharacterMovement: Default_Player_C_0 is stuck and failed to move!
[2016.01.06-23.01.31:603][479]LogCharacterMovement: Default_Player_C_0 is stuck and failed to move!
[2016.01.06-23.01.31:619][480]LogCharacterMovement: Default_Player_C_0 is stuck and failed to move!
[2016.01.06-23.01.31:635][481]LogCharacterMovement: Default_Player_C_0 is stuck and failed to move!
[2016.01.06-23.01.31:651][482]LogCharacterMovement: Default_Player_C_0 is stuck and failed to move!
[2016.01.06-23.01.31:668][483]LogCharacterMovement: Default_Player_C_0 is stuck and failed to move!
[2016.01.06-23.01.31:684][484]LogCharacterMovement: Default_Player_C_0 is stuck and failed to move!
[2016.01.06-23.01.31:700][485]LogCharacterMovement: Default_Player_C_0 is stuck and failed to move!
[2016.01.06-23.01.31:716][486]LogCharacterMovement: Default_Player_C_0 is stuck and failed to move!
[2016.01.06-23.01.31:733][487]LogCharacterMovement: Default_Player_C_0 is stuck and failed to move!
[2016.01.06-23.01.31:748][488]LogCharacterMovement: Default_Player_C_0 is stuck and failed to move!
[2016.01.06-23.01.31:764][489]LogCharacterMovement: Default_Player_C_0 is stuck and failed to move!
[2016.01.06-23.01.31:781][490]LogCharacterMovement: Default_Player_C_0 is stuck and failed to move!
[2016.01.06-23.01.31:797][491]LogCharacterMovement: Default_Player_C_0 is stuck and failed to move!
[2016.01.06-23.01.31:813][492]LogCharacterMovement: Default_Player_C_0 is stuck and failed to move!
[2016.01.06-23.01.31:829][493]LogCharacterMovement: Default_Player_C_0 is stuck and failed to move!
[2016.01.06-23.01.31:845][494]LogCharacterMovement: Default_Player_C_0 is stuck and failed to move!
[2016.01.06-23.01.31:861][495]LogCharacterMovement: Default_Player_C_0 is stuck and failed to move!
[2016.01.06-23.01.31:877][496]LogCharacterMovement: Default_Player_C_0 is stuck and failed to move!
[2016.01.06-23.01.31:893][497]LogCharacterMovement: Default_Player_C_0 is stuck and failed to move!
[2016.01.06-23.01.31:910][498]LogCharacterMovement: Default_Player_C_0 is stuck and failed to move!
[2016.01.06-23.01.31:926][499]LogCharacterMovement: Default_Player_C_0 is stuck and failed to move!
[2016.01.06-23.01.31:942][500]LogCharacterMovement: Default_Player_C_0 is stuck and failed to move!
[2016.01.06-23.01.31:958][501]LogCharacterMovement: Default_Player_C_0 is stuck and failed to move!
[2016.01.06-23.01.31:974][502]LogCharacterMovement: Default_Player_C_0 is stuck and failed to move!
[2016.01.06-23.01.31:990][503]LogCharacterMovement: Default_Player_C_0 is stuck and failed to move!
[2016.01.06-23.01.38:491][906]LogCharacterMovement: Default_Player_C_0 is stuck and failed to move!
[2016.01.06-23.01.38:507][907]LogCharacterMovement: Default_Player_C_0 is stuck and failed to move!
[2016.01.06-23.01.38:524][908]LogCharacterMovement: Default_Player_C_0 is stuck and failed to move!
[2016.01.06-23.01.38:540][909]LogCharacterMovement: Default_Player_C_0 is stuck and failed to move!
[2016.01.06-23.01.38:572][911]LogCharacterMovement: Default_Player_C_0 is stuck and failed to move!
[2016.01.06-23.01.38:588][912]LogCharacterMovement: Default_Player_C_0 is stuck and failed to move!
[2016.01.06-23.01.38:605][913]LogCharacterMovement: Default_Player_C_0 is stuck and failed to move!
[2016.01.06-23.01.38:621][914]LogCharacterMovement: Default_Player_C_0 is stuck and failed to move!
[2016.01.06-23.01.38:637][915]LogCharacterMovement: Default_Player_C_0 is stuck and failed to move!
[2016.01.06-23.01.38:653][916]LogCharacterMovement: Default_Player_C_0 is stuck and failed to move!
[2016.01.06-23.01.38:783][924]LogCharacterMovement: Default_Player_C_0 is stuck and failed to move!
[2016.01.06-23.01.38:798][925]LogCharacterMovement: Default_Player_C_0 is stuck and failed to move!
[2016.01.06-23.01.38:814][926]LogCharacterMovement: Default_Player_C_0 is stuck and failed to move!
[2016.01.06-23.01.38:830][927]LogCharacterMovement: Default_Player_C_0 is stuck and failed to move!
[2016.01.06-23.01.38:847][928]LogCharacterMovement: Default_Player_C_0 is stuck and failed to move!
[2016.01.06-23.01.38:863][929]LogCharacterMovement: Default_Player_C_0 is stuck and failed to move!
[2016.01.06-23.01.38:879][930]LogCharacterMovement: Default_Player_C_0 is stuck and failed to move!
[2016.01.06-23.01.38:895][931]LogCharacterMovement: Default_Player_C_0 is stuck and failed to move!
[2016.01.06-23.01.38:911][932]LogCharacterMovement: Default_Player_C_0 is stuck and failed to move!
[2016.01.06-23.01.38:928][933]LogCharacterMovement: Default_Player_C_0 is stuck and failed to move!
[2016.01.06-23.01.38:943][934]LogCharacterMovement: Default_Player_C_0 is stuck and failed to move!
[2016.01.06-23.01.38:960][935]LogCharacterMovement: Default_Player_C_0 is stuck and failed to move!
[2016.01.06-23.01.38:976][936]LogCharacterMovement: Default_Player_C_0 is stuck and failed to move!
[2016.01.06-23.01.38:992][937]LogCharacterMovement: Default_Player_C_0 is stuck and failed to move!
[2016.01.06-23.01.39:443][965]LogCharacterMovement: Default_Player_C_0 is stuck and failed to move!
[2016.01.06-23.01.39:459][966]LogCharacterMovement: Default_Player_C_0 is stuck and failed to move!
[2016.01.06-23.01.39:476][967]LogCharacterMovement: Default_Player_C_0 is stuck and failed to move!
[2016.01.06-23.01.39:492][968]LogCharacterMovement: Default_Player_C_0 is stuck and failed to move!
[2016.01.06-23.01.39:508][969]LogCharacterMovement: Default_Player_C_0 is stuck and failed to move!
[2016.01.06-23.01.39:524][970]LogCharacterMovement: Default_Player_C_0 is stuck and failed to move!
[2016.01.06-23.01.39:540][971]LogCharacterMovement: Default_Player_C_0 is stuck and failed to move!
[2016.01.06-23.01.39:556][972]LogCharacterMovement: Default_Player_C_0 is stuck and failed to move!
[2016.01.06-23.01.39:573][973]LogCharacterMovement: Default_Player_C_0 is stuck and failed to move!
[2016.01.06-23.01.39:589][974]LogCharacterMovement: Default_Player_C_0 is stuck and failed to move!
[2016.01.06-23.01.39:621][976]LogCharacterMovement: Default_Player_C_0 is stuck and failed to move!
[2016.01.06-23.01.39:638][977]LogCharacterMovement: Default_Player_C_0 is stuck and failed to move!
[2016.01.06-23.01.39:653][978]LogCharacterMovement: Default_Player_C_0 is stuck and failed to move!
[2016.01.06-23.01.40:250][ 15]LogCharacterMovement: Default_Player_C_0 is stuck and failed to move!
[2016.01.06-23.01.40:266][ 16]LogCharacterMovement: Default_Player_C_0 is stuck and failed to move!
[2016.01.06-23.01.40:282][ 17]LogCharacterMovement: Default_Player_C_0 is stuck and failed to move!
[2016.01.06-23.01.40:298][ 18]LogCharacterMovement: Default_Player_C_0 is stuck and failed to move!
[2016.01.06-23.01.40:314][ 19]LogCharacterMovement: Default_Player_C_0 is stuck and failed to move!
[2016.01.06-23.01.40:330][ 20]LogCharacterMovement: Default_Player_C_0 is stuck and failed to move!
[2016.01.06-23.01.40:347][ 21]LogCharacterMovement: Default_Player_C_0 is stuck and failed to move!
[2016.01.06-23.01.40:363][ 22]LogCharacterMovement: Default_Player_C_0 is stuck and failed to move!
[2016.01.06-23.01.40:378][ 23]LogCharacterMovement: Default_Player_C_0 is stuck and failed to move!
[2016.01.06-23.01.40:395][ 24]LogCharacterMovement: Default_Player_C_0 is stuck and failed to move!
[2016.01.06-23.01.40:411][ 25]LogCharacterMovement: Default_Player_C_0 is stuck and failed to move!
[2016.01.06-23.01.40:427][ 26]LogCharacterMovement: Default_Player_C_0 is stuck and failed to move!
[2016.01.06-23.01.40:443][ 27]LogCharacterMovement: Default_Player_C_0 is stuck and failed to move!
[2016.01.06-23.01.40:459][ 28]LogCharacterMovement: Default_Player_C_0 is stuck and failed to move!
[2016.01.06-23.01.40:475][ 29]LogCharacterMovement: Default_Player_C_0 is stuck and failed to move!
[2016.01.06-23.01.40:492][ 30]LogCharacterMovement: Default_Player_C_0 is stuck and failed to move!
[2016.01.06-23.01.40:508][ 31]LogCharacterMovement: Default_Player_C_0 is stuck and failed to move!
[2016.01.06-23.01.40:524][ 32]LogCharacterMovement: Default_Player_C_0 is stuck and failed to move!
[2016.01.06-23.01.40:540][ 33]LogCharacterMovement: Default_Player_C_0 is stuck and failed to move!
[2016.01.06-23.01.40:556][ 34]LogCharacterMovement: Default_Player_C_0 is stuck and failed to move!
[2016.01.06-23.01.55:146][937]LogCharacterMovement: Default_Player_C_0 is stuck and failed to move!
[2016.01.06-23.01.55:163][938]LogCharacterMovement: Default_Player_C_0 is stuck and failed to move!
[2016.01.06-23.02.09:314][815]Closing by request
[2016.01.06-23.02.09:314][815]LogWindows: FPlatformMisc::RequestExit(0)
[2016.01.06-23.02.10:219][816]LogWindowsTextInputMethodSystem:Display: IME system now deactivated.
[2016.01.06-23.02.10:232][816]LogExit: Preparing to exit.
[2016.01.06-23.02.10:366][816]LogExit: Game engine shut down
[2016.01.06-23.02.10:369][816]LogParticles: Destroying 0 GPU particle simulations for FXSystem 0x000000076D9F5120
[2016.01.06-23.02.10:549][816]LogExit: Object subsystem successfully closed.
[2016.01.06-23.02.10:566][816]LogD3D11RHI: Shutdown
[2016.01.06-23.02.10:566][816]LogD3D11RHI: CleanupD3DDevice
[2016.01.06-23.02.10:697][816]LogD3D11RHI: ~FD3D11DynamicRHI
[2016.01.06-23.02.10:710][816]LogModuleManager: Shutting down and abandoning module AndroidDeviceDetection (117)
[2016.01.06-23.02.11:402][816]LogModuleManager: Shutting down and abandoning module AutomationController (116)
[2016.01.06-23.02.11:402][816]LogModuleManager: Shutting down and abandoning module AutomationWorker (115)
[2016.01.06-23.02.11:402][816]LogModuleManager: Shutting down and abandoning module CharacterAI (114)
[2016.01.06-23.02.11:403][816]LogModuleManager: Shutting down and abandoning module AITestSuite (113)
[2016.01.06-23.02.11:403][816]LogModuleManager: Shutting down and abandoning module GameplayDebugger (112)
[2016.01.06-23.02.11:403][816]LogModuleManager: Shutting down and abandoning module AIModule (111)
[2016.01.06-23.02.11:403][816]LogModuleManager: Shutting down and abandoning module MovieSceneCapture (110)
[2016.01.06-23.02.11:403][816]LogModuleManager: Shutting down and abandoning module GameLiveStreaming (109)
[2016.01.06-23.02.11:403][816]LogModuleManager: Shutting down and abandoning module StreamingPauseRendering (108)
[2016.01.06-23.02.11:403][816]LogModuleManager: Shutting down and abandoning module ProfilerService (107)
[2016.01.06-23.02.11:615][816]LogModuleManager: Shutting down and abandoning module TaskGraph (106)
[2016.01.06-23.02.11:615][816]LogModuleManager: Shutting down and abandoning module SlateRemote (105)
[2016.01.06-23.02.11:615][816]LogModuleManager: Shutting down and abandoning module SteamVRController (104)
[2016.01.06-23.02.11:615][816]LogModuleManager: Shutting down and abandoning module SteamVR (103)
[2016.01.06-23.02.11:615][816]LogModuleManager: Shutting down and abandoning module ProceduralMeshComponent (102)
[2016.01.06-23.02.11:615][816]LogModuleManager: Shutting down and abandoning module OculusLibrary (101)
[2016.01.06-23.02.11:615][816]LogModuleManager: Shutting down and abandoning module OculusInput (100)
[2016.01.06-23.02.11:615][816]LogModuleManager: Shutting down and abandoning module LeapMotionController (99)
[2016.01.06-23.02.11:663][816]LogModuleManager: Shutting down and abandoning module CustomMeshComponent (98)
[2016.01.06-23.02.11:663][816]LogModuleManager: Shutting down and abandoning module CableComponent (97)
[2016.01.06-23.02.11:663][816]LogModuleManager: Shutting down and abandoning module ArchVisCharacter (96)
[2016.01.06-23.02.11:663][816]LogModuleManager: Shutting down and abandoning module HTML5Networking (95)
[2016.01.06-23.02.11:663][816]LogModuleManager: Shutting down and abandoning module DesktopPlatform (94)
[2016.01.06-23.02.11:663][816]LogModuleManager: Shutting down and abandoning module DirectoryWatcher (93)
[2016.01.06-23.02.11:663][816]LogModuleManager: Shutting down and abandoning module HotReload (92)
[2016.01.06-23.02.11:663][816]LogModuleManager: Shutting down and abandoning module VisualStudioSourceCodeAccess (91)
[2016.01.06-23.02.11:663][816]LogModuleManager: Shutting down and abandoning module UObjectPlugin (90)
[2016.01.06-23.02.11:663][816]LogModuleManager: Shutting down and abandoning module SubversionSourceControl (89)
[2016.01.06-23.02.11:663][816]LogModuleManager: Shutting down and abandoning module SourceControl (88)
[2016.01.06-23.02.11:663][816]LogModuleManager: Shutting down and abandoning module PerforceSourceControl (87)
[2016.01.06-23.02.11:664][816]LogModuleManager: Shutting down and abandoning module UdpMessaging (86)
[2016.01.06-23.02.11:664][816]LogModuleManager: Shutting down and abandoning module LightPropagationVolumeRuntime (85)
[2016.01.06-23.02.11:664][816]LogModuleManager: Shutting down and abandoning module Paper2D (84)
[2016.01.06-23.02.11:664][816]LogModuleManager: Shutting down and abandoning module WindowsMoviePlayer (83)
[2016.01.06-23.02.11:668][816]LogModuleManager: Shutting down and abandoning module Media (82)
[2016.01.06-23.02.11:668][816]LogModuleManager: Shutting down and abandoning module WmfMedia (81)
[2016.01.06-23.02.11:668][816]LogModuleManager: Shutting down and abandoning module OnlineBlueprintSupport (80)
[2016.01.06-23.02.11:668][816]LogModuleManager: Shutting down and abandoning module GameplayTasksEditor (79)
[2016.01.06-23.02.11:668][816]LogModuleManager: Shutting down and abandoning module PropertyEditor (78)
[2016.01.06-23.02.11:668][816]LogModuleManager: Shutting down and abandoning module BehaviorTreeEditor (77)
[2016.01.06-23.02.11:668][816]LogModuleManager: Shutting down and abandoning module FunctionalTesting (76)
[2016.01.06-23.02.11:668][816]LogModuleManager: Shutting down and abandoning module CollisionAnalyzer (75)
[2016.01.06-23.02.11:668][816]LogModuleManager: Shutting down and abandoning module WorkspaceMenuStructure (74)
[2016.01.06-23.02.11:668][816]LogModuleManager: Shutting down and abandoning module MessageLog (73)
[2016.01.06-23.02.11:668][816]LogModuleManager: Shutting down and abandoning module Sequencer (72)
[2016.01.06-23.02.11:669][816]LogModuleManager: Shutting down and abandoning module AssetTools (71)
[2016.01.06-23.02.11:669][816]LogModuleManager: Shutting down and abandoning module UMGEditor (70)
[2016.01.06-23.02.11:669][816]LogModuleManager: Shutting down and abandoning module UMG (69)
[2016.01.06-23.02.11:669][816]LogModuleManager: Shutting down and abandoning module Slate (68)
[2016.01.06-23.02.11:669][816]LogModuleManager: Shutting down and abandoning module EditorStyle (67)
[2016.01.06-23.02.11:672][816]LogModuleManager: Shutting down and abandoning module SessionServices (66)
[2016.01.06-23.02.11:672][816]LogModuleManager: Shutting down and abandoning module SourceCodeAccess (65)
[2016.01.06-23.02.11:672][816]LogModuleManager: Shutting down and abandoning module HeadMountedDisplay (64)
[2016.01.06-23.02.11:672][816]LogModuleManager: Shutting down and abandoning module XAudio2 (63)
[2016.01.06-23.02.11:672][816]LogModuleManager: Shutting down and abandoning module Networking (61)
[2016.01.06-23.02.11:672][816]LogModuleManager: Shutting down and abandoning module Core (60)
[2016.01.06-23.02.11:672][816]LogModuleManager: Shutting down and abandoning module KismetCompiler (59)
[2016.01.06-23.02.11:672][816]LogModuleManager: Shutting down and abandoning module PhysXFormats (58)
[2016.01.06-23.02.11:672][816]LogModuleManager: Shutting down and abandoning module MeshUtilities (57)
[2016.01.06-23.02.11:672][816]LogModuleManager: Shutting down and abandoning module DerivedDataCache (56)
[2016.01.06-23.02.11:859][816]LogDerivedDataCache: Shutdown
[2016.01.06-23.02.11:859][816]LogModuleManager: Shutting down and abandoning module ShaderFormatOpenGL (55)
[2016.01.06-23.02.11:859][816]LogModuleManager: Shutting down and abandoning module ShaderFormatD3D (54)
[2016.01.06-23.02.11:859][816]LogModuleManager: Shutting down and abandoning module MetalShaderFormat (53)
[2016.01.06-23.02.11:859][816]LogModuleManager: Shutting down and abandoning module TextureFormatUncompressed (52)
[2016.01.06-23.02.11:859][816]LogModuleManager: Shutting down and abandoning module TextureFormatPVR (51)
[2016.01.06-23.02.11:860][816]LogModuleManager: Shutting down and abandoning module TextureFormatIntelISPCTexComp (50)
[2016.01.06-23.02.11:860][816]LogModuleManager: Shutting down and abandoning module TextureFormatDXT (49)
[2016.01.06-23.02.11:860][816]LogModuleManager: Shutting down and abandoning module ImageWrapper (48)
[2016.01.06-23.02.11:860][816]LogModuleManager: Shutting down and abandoning module TextureFormatASTC (47)
[2016.01.06-23.02.11:860][816]LogModuleManager: Shutting down and abandoning module TextureFormatAndroid (46)
[2016.01.06-23.02.11:860][816]LogModuleManager: Shutting down and abandoning module AudioFormatOpus (45)
[2016.01.06-23.02.11:860][816]LogModuleManager: Shutting down and abandoning module AudioFormatOgg (44)
[2016.01.06-23.02.11:860][816]LogModuleManager: Shutting down and abandoning module AudioFormatADPCM (43)
[2016.01.06-23.02.11:860][816]LogModuleManager: Shutting down and abandoning module LinuxTargetPlatform (42)
[2016.01.06-23.02.11:860][816]LogModuleManager: Shutting down and abandoning module LinuxServerTargetPlatform (41)
[2016.01.06-23.02.11:860][816]LogModuleManager: Shutting down and abandoning module LinuxNoEditorTargetPlatform (40)
[2016.01.06-23.02.11:860][816]LogModuleManager: Shutting down and abandoning module Messaging (39)
[2016.01.06-23.02.11:860][816]LogModuleManager: Shutting down and abandoning module IOSTargetPlatform (38)
[2016.01.06-23.02.11:860][816]LogModuleManager: Shutting down and abandoning module HTML5TargetPlatform (37)
[2016.01.06-23.02.11:860][816]LogModuleManager: Shutting down and abandoning module Android_PVRTCTargetPlatform (36)
[2016.01.06-23.02.11:860][816]LogModuleManager: Shutting down and abandoning module Android_MultiTargetPlatform (35)
[2016.01.06-23.02.11:860][816]LogModuleManager: Shutting down and abandoning module Android_ETC2TargetPlatform (34)
[2016.01.06-23.02.11:860][816]LogModuleManager: Shutting down and abandoning module Android_ETC1TargetPlatform (33)
[2016.01.06-23.02.11:860][816]LogModuleManager: Shutting down and abandoning module Android_DXTTargetPlatform (32)
[2016.01.06-23.02.11:860][816]LogModuleManager: Shutting down and abandoning module Android_ATCTargetPlatform (31)
[2016.01.06-23.02.11:860][816]LogModuleManager: Shutting down and abandoning module Android_ASTCTargetPlatform (30)
[2016.01.06-23.02.11:860][816]LogModuleManager: Shutting down and abandoning module AndroidTargetPlatform (29)
[2016.01.06-23.02.11:860][816]LogModuleManager: Shutting down and abandoning module WindowsTargetPlatform (28)
[2016.01.06-23.02.11:860][816]LogModuleManager: Shutting down and abandoning module WindowsServerTargetPlatform (27)
[2016.01.06-23.02.11:860][816]LogModuleManager: Shutting down and abandoning module WindowsNoEditorTargetPlatform (26)
[2016.01.06-23.02.11:860][816]LogModuleManager: Shutting down and abandoning module WindowsClientTargetPlatform (25)
[2016.01.06-23.02.11:860][816]LogModuleManager: Shutting down and abandoning module AllDesktopTargetPlatform (24)
[2016.01.06-23.02.11:860][816]LogModuleManager: Shutting down and abandoning module TargetPlatform (23)
[2016.01.06-23.02.11:860][816]LogModuleManager: Shutting down and abandoning module InputCore (22)
[2016.01.06-23.02.11:860][816]LogModuleManager: Shutting down and abandoning module Settings (21)
[2016.01.06-23.02.11:860][816]LogModuleManager: Shutting down and abandoning module OnlineSubsystem (19)
[2016.01.06-23.02.11:860][816]LogModuleManager: Shutting down and abandoning module HTTP (18)
[2016.01.06-23.02.11:861][816]LogModuleManager: Shutting down and abandoning module XMPP (17)
[2016.01.06-23.02.11:861][816]LogModuleManager: Shutting down and abandoning module OculusRift (16)
[2016.01.06-23.02.11:861][816]LogModuleManager: Shutting down and abandoning module ExampleDeviceProfileSelector (15)
[2016.01.06-23.02.11:861][816]LogModuleManager: Shutting down and abandoning module TextureCompressor (14)
[2016.01.06-23.02.11:862][816]LogModuleManager: Shutting down and abandoning module ShaderCore (13)
[2016.01.06-23.02.11:862][816]LogModuleManager: Shutting down and abandoning module Landscape (12)
[2016.01.06-23.02.11:862][816]LogModuleManager: Shutting down and abandoning module SlateRHIRenderer (11)
[2016.01.06-23.02.11:864][816]LogModuleManager: Shutting down and abandoning module OpenGLDrv (10)
[2016.01.06-23.02.11:864][816]LogModuleManager: Shutting down and abandoning module D3D11RHI (9)
[2016.01.06-23.02.11:864][816]LogModuleManager: Shutting down and abandoning module AnimGraphRuntime (8)
[2016.01.06-23.02.11:864][816]LogModuleManager: Shutting down and abandoning module Renderer (7)
[2016.01.06-23.02.11:864][816]LogModuleManager: Shutting down and abandoning module Engine (6)
[2016.01.06-23.02.11:864][816]LogModuleManager: Shutting down and abandoning module CoreUObject (5)
[2016.01.06-23.02.11:864][816]LogModuleManager: Shutting down and abandoning module NetworkFile (4)
[2016.01.06-23.02.11:864][816]LogModuleManager: Shutting down and abandoning module StreamingFile (3)
[2016.01.06-23.02.11:864][816]LogModuleManager: Shutting down and abandoning module SandboxFile (2)
[2016.01.06-23.02.11:864][816]LogModuleManager: Shutting down and abandoning module PakFile (1)
[2016.01.06-23.02.11:867][816]LogExit: Exiting.
[2016.01.06-23.02.11:869][816]Log file closed, 01/06/16 17:02:11
