[2016.01.10-19.34.56:547][  0]Log file open, 01/10/16 13:34:56
[2016.01.10-19.34.56:547][  0]LogInit:Display: Running engine for game: Project0Zero
[2016.01.10-19.34.56:547][  0]LogPlatformFile: Not using cached read wrapper
[2016.01.10-19.34.56:547][  0]LogInit:Display: RandInit(-1689501627) SRandInit(-1689501606).
[2016.01.10-19.34.56:548][  0]LogTaskGraph: Started task graph with 4 named threads and 7 total threads.
[2016.01.10-19.34.56:548][  0]LogStats: Stats thread started at 0.122665
[2016.01.10-19.34.56:548][  0]LogInit: Version: 4.10.1-2791327+++depot+UE4-Releases+4.10
[2016.01.10-19.34.56:548][  0]LogInit: API Version: 2758231
[2016.01.10-19.34.56:548][  0]LogInit: Compiled (64-bit): Dec  4 2015 19:44:40
[2016.01.10-19.34.56:548][  0]LogInit: Compiled with Visual C++: 19.00.23026.00
[2016.01.10-19.34.56:548][  0]LogInit: Build Configuration: Development
[2016.01.10-19.34.56:548][  0]LogInit: Branch Name: ++depot+UE4-Releases+4.10
[2016.01.10-19.34.56:548][  0]LogInit: Command line: 
[2016.01.10-19.34.56:548][  0]LogInit: Base directory: C:/Program Files/Epic Games/4.10/Engine/Binaries/Win64/
[2016.01.10-19.34.56:548][  0]LogInit: Rocket: 1
[2016.01.10-19.34.56:603][  0]LogInit: Using libcurl 7.41.0
[2016.01.10-19.34.56:603][  0]LogInit:  - built for x86_64-pc-win32
[2016.01.10-19.34.56:603][  0]LogInit:  - supports SSL with WinSSL
[2016.01.10-19.34.56:603][  0]LogInit:  - other features:
[2016.01.10-19.34.56:603][  0]LogInit:      CURL_VERSION_SSL
[2016.01.10-19.34.56:603][  0]LogInit:      CURL_VERSION_IPV6
[2016.01.10-19.34.56:603][  0]LogInit:      CURL_VERSION_ASYNCHDNS
[2016.01.10-19.34.56:603][  0]LogInit:      CURL_VERSION_LARGEFILE
[2016.01.10-19.34.56:603][  0]LogInit:      CURL_VERSION_IDN
[2016.01.10-19.34.56:603][  0]LogInit:  CurlRequestOptions (configurable via config and command line):
[2016.01.10-19.34.56:603][  0]LogInit:  - bVerifyPeer = true  - Libcurl will verify peer certificate
[2016.01.10-19.34.56:603][  0]LogInit:  - bUseHttpProxy = false  - Libcurl will NOT use HTTP proxy
[2016.01.10-19.34.56:603][  0]LogInit:  - bDontReuseConnections = false  - Libcurl will reuse connections
[2016.01.10-19.34.56:603][  0]LogInit:  - CertBundlePath = nullptr  - Libcurl will use whatever was configured at build time.
[2016.01.10-19.34.56:613][  0]LogInit: Presizing for 0 objects not considered by GC, pre-allocating 0 bytes.
[2016.01.10-19.34.56:625][  0]LogInit: Object subsystem initialized
[2016.01.10-19.34.56:627][  0]LogInit: Selected Device Profile: [Windows]
[2016.01.10-19.34.56:627][  0]LogInit: Applying CVar settings loaded from the selected device profile: [Windows]
[2016.01.10-19.34.56:669][  0]LogInit: Computer: COMPUTER_
[2016.01.10-19.34.56:669][  0]LogInit: User: seths000
[2016.01.10-19.34.56:669][  0]LogInit: CPU Page size=4096, Cores=4
[2016.01.10-19.34.56:669][  0]LogInit: High frequency timer resolution =14.318180 MHz
[2016.01.10-19.34.56:669][  0]LogMemory: Memory total: Physical=8.0GB (8GB approx)
[2016.01.10-19.34.56:669][  0]LogMemory: Platform Memory Stats for Windows
[2016.01.10-19.34.56:669][  0]LogMemory: Process Physical Memory: 56.39 MB used, 56.39 MB peak
[2016.01.10-19.34.56:669][  0]LogMemory: Process Virtual Memory: 58.80 MB used, 58.80 MB peak
[2016.01.10-19.34.56:669][  0]LogMemory: Physical Memory: 5248.36 MB used, 8173.55 MB total
[2016.01.10-19.34.56:669][  0]LogMemory: Virtual Memory: 381.80 MB used, 134217728.00 MB total
[2016.01.10-19.34.56:727][  0]LogTextLocalizationManager: No specific translations for ('en-US') exist, so ('en') translations will be used.
[2016.01.10-19.34.57:354][  0]LogD3D11RHI: Found D3D11 adapter 0: AMD Radeon HD 7900 Series (Feature Level 11_0)
[2016.01.10-19.34.57:354][  0]LogD3D11RHI: Adapter has 3054MB of dedicated video memory, 0MB of dedicated system memory, and 4086MB of shared system memory, 1 output[s]
[2016.01.10-19.34.57:357][  0]LogD3D11RHI: Found D3D11 adapter 1: Microsoft Basic Render Driver (Feature Level 11_0)
[2016.01.10-19.34.57:357][  0]LogD3D11RHI: Adapter has 0MB of dedicated video memory, 0MB of dedicated system memory, and 4086MB of shared system memory, 0 output[s]
[2016.01.10-19.34.57:357][  0]LogD3D11RHI: Chosen D3D11 Adapter Id = 0
[2016.01.10-19.34.57:375][  0]LogD3D11RHI: !Direct3DDevice
[2016.01.10-19.34.57:375][  0]LogRHI: Texture pool is 1361 MB (70% of 1945 MB)
[2016.01.10-19.34.57:385][  0]LogD3D11RHI: Async texture creation disabled: no driver support
[2016.01.10-19.34.57:397][  0]LogShaderCompilers: Guid format shader working directory is -38 characters bigger than the processId version (../../../../../../Users/seths_000/Dropbox (Project0)/Project0 Team Folder/Project0Zero/Intermediate/Shaders/WorkingDirectory/24880/).
[2016.01.10-19.34.57:398][  0]LogShaderCompilers: Cleaned the shader compiler working directory 'C:/Users/SETHS_~1/AppData/Local/Temp/UnrealShaderWorkingDir/E27D00FF4DE2D39097A2FA9FA78238D8/'.
[2016.01.10-19.34.57:398][  0]LogShaderCompilers:Display: Using Local Shader Compiler.
[2016.01.10-19.34.58:770][  0]LogTemp:Display: Loaded TP AllDesktopTargetPlatform
[2016.01.10-19.34.58:777][  0]LogTemp:Display: Loaded TP WindowsClientTargetPlatform
[2016.01.10-19.34.58:786][  0]LogTemp:Display: Loaded TP WindowsNoEditorTargetPlatform
[2016.01.10-19.34.58:798][  0]LogTemp:Display: Loaded TP WindowsServerTargetPlatform
[2016.01.10-19.34.58:810][  0]LogTemp:Display: Loaded TP WindowsTargetPlatform
[2016.01.10-19.34.58:815][  0]LogTemp:Display: Loaded TP AndroidTargetPlatform
[2016.01.10-19.34.58:819][  0]LogTemp:Display: Loaded TP Android_ASTCTargetPlatform
[2016.01.10-19.34.58:826][  0]LogTemp:Display: Loaded TP Android_ATCTargetPlatform
[2016.01.10-19.34.58:832][  0]LogTemp:Display: Loaded TP Android_DXTTargetPlatform
[2016.01.10-19.34.58:837][  0]LogTemp:Display: Loaded TP Android_ETC1TargetPlatform
[2016.01.10-19.34.58:844][  0]LogTemp:Display: Loaded TP Android_ETC2TargetPlatform
[2016.01.10-19.34.58:859][  0]LogTemp:Display: Loaded TP Android_MultiTargetPlatform
[2016.01.10-19.34.58:859][  0]LogTemp:Display: Loaded TP Android_PVRTCTargetPlatform
[2016.01.10-19.34.58:860][  0]LogTemp:Display: Loaded TP HTML5TargetPlatform
[2016.01.10-19.34.58:883][  0]LogTemp:Display: Loaded TP IOSTargetPlatform
[2016.01.10-19.34.58:890][  0]LogTemp:Display: Loaded TP LinuxNoEditorTargetPlatform
[2016.01.10-19.34.58:896][  0]LogTemp:Display: Loaded TP LinuxServerTargetPlatform
[2016.01.10-19.34.58:902][  0]LogTemp:Display: Loaded TP LinuxTargetPlatform
[2016.01.10-19.34.58:902][  0]LogTargetPlatformManager:Display: Building Assets For Windows
[2016.01.10-19.34.59:039][  0]LogDerivedDataCache:Display: Max Cache Size: 512 MB
[2016.01.10-19.34.59:187][  0]LogDerivedDataCache: Loaded boot cache 0.15s 41MB C:/Users/seths_000/AppData/Local/UnrealEngine/4.10/DerivedDataCache/Boot.ddc.
[2016.01.10-19.34.59:187][  0]LogDerivedDataCache:Display: Loaded Boot cache: C:/Users/seths_000/AppData/Local/UnrealEngine/4.10/DerivedDataCache/Boot.ddc
[2016.01.10-19.34.59:188][  0]LogDerivedDataCache: FDerivedDataBackendGraph:  Pak pak cache file ../../../../../../Users/seths_000/Dropbox (Project0)/Project0 Team Folder/Project0Zero/DerivedDataCache/DDC.ddp not found, will not use a pak cache.
[2016.01.10-19.34.59:188][  0]LogDerivedDataCache: Unable to find inner node Pak for hierarchical cache Hierarchy.
[2016.01.10-19.34.59:188][  0]LogDerivedDataCache: FDerivedDataBackendGraph:  CompressedPak pak cache file ../../../../../../Users/seths_000/Dropbox (Project0)/Project0 Team Folder/Project0Zero/DerivedDataCache/Compressed.ddp not found, will not use a pak cache.
[2016.01.10-19.34.59:188][  0]LogDerivedDataCache: Unable to find inner node CompressedPak for hierarchical cache Hierarchy.
[2016.01.10-19.34.59:284][  0]LogDerivedDataCache:Display: Pak cache opened for reading ../../../Engine/DerivedDataCache/Compressed.ddp.
[2016.01.10-19.34.59:297][  0]LogDerivedDataCache: Using Local data cache path C:/Users/seths_000/AppData/Local/UnrealEngine/Common/DerivedDataCache: Writable
[2016.01.10-19.34.59:667][  0]LogInit: Selected Device Profile: [Windows]
[2016.01.10-19.34.59:672][  0]LogContentStreaming: Texture pool size is 0.000000MB
[2016.01.10-19.34.59:857][  0]LogMeshUtilities: No automatic mesh reduction module available
[2016.01.10-19.34.59:857][  0]LogMeshUtilities: No automatic mesh merging module available
[2016.01.10-19.35.00:267][  0]LogInit: WinSock: version 1.1 (2.2), MaxSocks=32767, MaxUdp=65467
[2016.01.10-19.35.01:296][  0]UdpMessaging: Initializing bridge on interface 0.0.0.0:0 to multicast group 230.0.0.1:6666.
[2016.01.10-19.35.01:409][  0]LogAssetRegistry: FAssetRegistry took 0.0108 seconds to start up
[2016.01.10-19.35.01:686][  0]SourceControl: Info Source control is disabled
[2016.01.10-19.35.01:731][  0]SourceControl: Info Source control is disabled
[2016.01.10-19.35.01:747][  0]SourceControl: Info Source control is disabled
[2016.01.10-19.35.01:765][  0]SourceControl: Info Source control is disabled
[2016.01.10-19.35.02:111][  0]LogObj: 28633 objects as part of root set at end of initial load.
[2016.01.10-19.35.02:111][  0]LogUObjectAllocator: 6099752 out of 0 bytes used by permanent object pool.
[2016.01.10-19.35.02:192][  0]LogEngine: Initializing Engine...
[2016.01.10-19.35.02:196][  0]LogHMD: Can't find Oculus library dev build: is proper Runtime installed? Version: 0.8.0.0
[2016.01.10-19.35.02:203][  0]LogHMD: SteamVR failed to initialize.  Err: 108
[2016.01.10-19.35.02:393][  0]LogAIModule: Creating AISystem for world NewWorld
[2016.01.10-19.35.02:425][  0]LogInit: XAudio2 using 'Speakers (5- Logitech G35 Headset)' : 2 channels at 44.1 kHz using 16 bits per sample (channel mask 0x3)
[2016.01.10-19.35.02:442][  0]LogInit: FAudioDevice initialized.
[2016.01.10-19.35.02:512][  0]LogDerivedDataCache: Saved boot cache 0.07s 41MB C:/Users/seths_000/AppData/Local/UnrealEngine/4.10/DerivedDataCache/Boot.ddc.
[2016.01.10-19.35.02:535][  0]LogInit: Texture streaming: Enabled
[2016.01.10-19.35.02:547][  0]LogAnalytics: Creating configured Analytics provider AnalyticsET
[2016.01.10-19.35.02:547][  0]LogAnalytics: [UEEditor.Rocket.Release] APIServer = http://et2.epicgames.com/ET2/. AppVersion = 4.10.1-2791327+++depot+UE4-Releases+4.10
[2016.01.10-19.35.02:547][  0]LogAnalytics: [UEEditor.Rocket.Release] SetUserId d2d90c3d496d435247748b8a862ba2f4|29c3d26b1a8645a790439f2c686e792d|d2c3fc38-7c6d-41c3-b91c-9e8c3168caa7
[2016.01.10-19.35.02:547][  0]LogAnalytics: [UEEditor.Rocket.Release] AnalyticsET::StartSession
[2016.01.10-19.35.02:617][  0]LogInit: Transaction tracking system initialized
[2016.01.10-19.35.02:665][  0]BlueprintLog: New page: Editor Load
[2016.01.10-19.35.02:802][  0]LocalizationService: Info Localization service is disabled
[2016.01.10-19.35.02:931][  0]LogConsoleResponse:Display: 
[2016.01.10-19.35.03:160][  0]LogCook:Display: Done creating registry. It took  0.00s.
[2016.01.10-19.35.03:248][  0]LogFileCache: Scanning file cache for directory 'C:/Users/seths_000/Dropbox (Project0)/Project0 Team Folder/Project0Zero/Content/' took 0.06s
[2016.01.10-19.35.03:248][  0]SourceControl: Info Source control is disabled
[2016.01.10-19.35.03:248][  0]Cmd: MAP LOAD FILE="../../../Engine/Content/Maps/Templates/Template_Default.umap" TEMPLATE=1 SHOWPROGRESS=1 FEATURELEVEL=3
[2016.01.10-19.35.03:249][  0]LightingResults: New page: Lighting Build
[2016.01.10-19.35.03:253][  0]MapCheck: New page: Map Check
[2016.01.10-19.35.03:253][  0]LightingResults: New page: Lighting Build
[2016.01.10-19.35.03:272][  0]LogParticles: Destroying 0 GPU particle simulations for FXSystem 0x00000014BAFB3420
[2016.01.10-19.35.03:718][  0]LogAIModule: Creating AISystem for world Untitled_1
[2016.01.10-19.35.03:730][  0]LogEditorServer: Finished looking for orphan Actors (0.000 secs)
[2016.01.10-19.35.03:779][  0]Cmd: MAP CHECKDEP NOCLEARLOG
[2016.01.10-19.35.03:856][  0]MapCheck: Info Map check complete: 0 Error(s), 0 Warning(s), took 77.483ms to complete.
[2016.01.10-19.35.03:856][  0]LogFileHelpers: Loading map 'Template_Default' took 0.609
[2016.01.10-19.35.04:511][  0]LogCollectionManager: Loaded 0 collections in 0.002634 seconds
[2016.01.10-19.