[2016.01.10-13.31.20:049][  0]Log file open, 01/10/16 07:31:20
[2016.01.10-13.31.20:049][  0]LogInit:Display: Running engine for game: Project0Zero
[2016.01.10-13.31.20:049][  0]LogPlatformFile: Not using cached read wrapper
[2016.01.10-13.31.20:049][  0]LogInit:Display: RandInit(-794547217) SRandInit(-794547215).
[2016.01.10-13.31.20:049][  0]LogTaskGraph: Started task graph with 4 named threads and 7 total threads.
[2016.01.10-13.31.20:049][  0]LogStats: Stats thread started at 0.080972
[2016.01.10-13.31.20:049][  0]LogInit: Version: 4.10.1-2791327+++depot+UE4-Releases+4.10
[2016.01.10-13.31.20:049][  0]LogInit: API Version: 2758231
[2016.01.10-13.31.20:049][  0]LogInit: Compiled (64-bit): Dec  4 2015 19:44:40
[2016.01.10-13.31.20:049][  0]LogInit: Compiled with Visual C++: 19.00.23026.00
[2016.01.10-13.31.20:049][  0]LogInit: Build Configuration: Development
[2016.01.10-13.31.20:049][  0]LogInit: Branch Name: ++depot+UE4-Releases+4.10
[2016.01.10-13.31.20:049][  0]LogInit: Command line: 
[2016.01.10-13.31.20:049][  0]LogInit: Base directory: C:/Program Files (x86)/Epic Games/4.10/Engine/Binaries/Win64/
[2016.01.10-13.31.20:049][  0]LogInit: Rocket: 1
[2016.01.10-13.31.20:235][  0]LogInit: Using libcurl 7.41.0
[2016.01.10-13.31.20:235][  0]LogInit:  - built for x86_64-pc-win32
[2016.01.10-13.31.20:235][  0]LogInit:  - supports SSL with WinSSL
[2016.01.10-13.31.20:235][  0]LogInit:  - other features:
[2016.01.10-13.31.20:235][  0]LogInit:      CURL_VERSION_SSL
[2016.01.10-13.31.20:235][  0]LogInit:      CURL_VERSION_IPV6
[2016.01.10-13.31.20:235][  0]LogInit:      CURL_VERSION_ASYNCHDNS
[2016.01.10-13.31.20:235][  0]LogInit:      CURL_VERSION_LARGEFILE
[2016.01.10-13.31.20:235][  0]LogInit:      CURL_VERSION_IDN
[2016.01.10-13.31.20:235][  0]LogInit:  CurlRequestOptions (configurable via config and command line):
[2016.01.10-13.31.20:235][  0]LogInit:  - bVerifyPeer = true  - Libcurl will verify peer certificate
[2016.01.10-13.31.20:235][  0]LogInit:  - bUseHttpProxy = false  - Libcurl will NOT use HTTP proxy
[2016.01.10-13.31.20:235][  0]LogInit:  - bDontReuseConnections = false  - Libcurl will reuse connections
[2016.01.10-13.31.20:235][  0]LogInit:  - CertBundlePath = nullptr  - Libcurl will use whatever was configured at build time.
[2016.01.10-13.31.20:241][  0]LogInit: Presizing for 0 objects not considered by GC, pre-allocating 0 bytes.
[2016.01.10-13.31.20:248][  0]LogInit: Object subsystem initialized
[2016.01.10-13.31.20:249][  0]LogInit: Selected Device Profile: [Windows]
[2016.01.10-13.31.20:249][  0]LogInit: Applying CVar settings loaded from the selected device profile: [Windows]
[2016.01.10-13.31.20:260][  0]LogInit: Computer: JESUS-PC
[2016.01.10-13.31.20:260][  0]LogInit: User: Jesus
[2016.01.10-13.31.20:260][  0]LogInit: CPU Page size=4096, Cores=4
[2016.01.10-13.31.20:260][  0]LogInit: High frequency timer resolution =3.417988 MHz
[2016.01.10-13.31.20:260][  0]LogMemory: Memory total: Physical=15.9GB (16GB approx)
[2016.01.10-13.31.20:260][  0]LogMemory: Platform Memory Stats for Windows
[2016.01.10-13.31.20:260][  0]LogMemory: Process Physical Memory: 56.12 MB used, 56.12 MB peak
[2016.01.10-13.31.20:260][  0]LogMemory: Process Virtual Memory: 58.75 MB used, 58.75 MB peak
[2016.01.10-13.31.20:260][  0]LogMemory: Physical Memory: 6366.20 MB used, 16268.07 MB total
[2016.01.10-13.31.20:260][  0]LogMemory: Virtual Memory: 385.68 MB used, 134217728.00 MB total
[2016.01.10-13.31.20:291][  0]LogTextLocalizationManager: No specific translations for ('en-US') exist, so ('en') translations will be used.
[2016.01.10-13.31.20:720][  0]LogD3D11RHI: Found D3D11 adapter 0: NVIDIA GeForce GTX 670 (Feature Level 11_0)
[2016.01.10-13.31.20:720][  0]LogD3D11RHI: Adapter has 1989MB of dedicated video memory, 0MB of dedicated system memory, and 8134MB of shared system memory, 2 output[s]
[2016.01.10-13.31.20:726][  0]LogD3D11RHI: Found D3D11 adapter 1: Intel(R) HD Graphics 4000 (Feature Level 11_0)
[2016.01.10-13.31.20:726][  0]LogD3D11RHI: Adapter has 32MB of dedicated video memory, 0MB of dedicated system memory, and 1760MB of shared system memory, 0 output[s]
[2016.01.10-13.31.20:728][  0]LogD3D11RHI: Found D3D11 adapter 2: Microsoft Basic Render Driver (Feature Level 11_0)
[2016.01.10-13.31.20:728][  0]LogD3D11RHI: Adapter has 0MB of dedicated video memory, 0MB of dedicated system memory, and 8134MB of shared system memory, 0 output[s]
[2016.01.10-13.31.20:728][  0]LogD3D11RHI: Chosen D3D11 Adapter Id = 0
[2016.01.10-13.31.20:733][  0]LogD3D11RHI: !Direct3DDevice
[2016.01.10-13.31.20:733][  0]LogRHI: Texture pool is 1361 MB (70% of 1945 MB)
[2016.01.10-13.31.20:750][  0]LogD3D11RHI: Async texture creation enabled
[2016.01.10-13.31.20:766][  0]LogShaderCompilers: Guid format shader working directory is -37 characters bigger than the processId version (../../../../../../Users/Jesus/Dropbox (Project0)/Project0 Team Folder/Project0Zero/Intermediate/Shaders/WorkingDirectory/13856/).
[2016.01.10-13.31.20:766][  0]LogShaderCompilers: Cleaned the shader compiler working directory 'C:/Users/Jesus/AppData/Local/Temp/UnrealShaderWorkingDir/AC7EA094461AF9AC6D2DDBBC3C0E5351/'.
[2016.01.10-13.31.20:766][  0]LogShaderCompilers:Display: Using Local Shader Compiler.
[2016.01.10-13.31.21:561][  0]LogTemp:Display: Loaded TP AllDesktopTargetPlatform
[2016.01.10-13.31.21:567][  0]LogTemp:Display: Loaded TP WindowsClientTargetPlatform
[2016.01.10-13.31.21:572][  0]LogTemp:Display: Loaded TP WindowsNoEditorTargetPlatform
[2016.01.10-13.31.21:578][  0]LogTemp:Display: Loaded TP WindowsServerTargetPlatform
[2016.01.10-13.31.21:585][  0]LogTemp:Display: Loaded TP WindowsTargetPlatform
[2016.01.10-13.31.21:590][  0]LogTemp:Display: Loaded TP AndroidTargetPlatform
[2016.01.10-13.31.21:592][  0]LogTemp:Display: Loaded TP Android_ASTCTargetPlatform
[2016.01.10-13.31.21:595][  0]LogTemp:Display: Loaded TP Android_ATCTargetPlatform
[2016.01.10-13.31.21:598][  0]LogTemp:Display: Loaded TP Android_DXTTargetPlatform
[2016.01.10-13.31.21:601][  0]LogTemp:Display: Loaded TP Android_ETC1TargetPlatform
[2016.01.10-13.31.21:604][  0]LogTemp:Display: Loaded TP Android_ETC2TargetPlatform
[2016.01.10-13.31.21:610][  0]LogTemp:Display: Loaded TP Android_MultiTargetPlatform
[2016.01.10-13.31.21:610][  0]LogTemp:Display: Loaded TP Android_PVRTCTargetPlatform
[2016.01.10-13.31.21:611][  0]LogTemp:Display: Loaded TP HTML5TargetPlatform
[2016.01.10-13.31.21:628][  0]LogTemp:Display: Loaded TP IOSTargetPlatform
[2016.01.10-13.31.21:631][  0]LogTemp:Display: Loaded TP LinuxNoEditorTargetPlatform
[2016.01.10-13.31.21:633][  0]LogTemp:Display: Loaded TP LinuxServerTargetPlatform
[2016.01.10-13.31.21:638][  0]LogTemp:Display: Loaded TP LinuxTargetPlatform
[2016.01.10-13.31.21:638][  0]LogTargetPlatformManager:Display: Building Assets For Windows
[2016.01.10-13.31.21:729][  0]LogDerivedDataCache:Display: Max Cache Size: 512 MB
[2016.01.10-13.31.21:831][  0]LogDerivedDataCache: Loaded boot cache 0.04s 41MB C:/Users/Jesus/AppData/Local/UnrealEngine/4.10/DerivedDataCache/Boot.ddc.
[2016.01.10-13.31.21:868][  0]LogDerivedDataCache:Display: Loaded Boot cache: C:/Users/Jesus/AppData/Local/UnrealEngine/4.10/DerivedDataCache/Boot.ddc
[2016.01.10-13.31.21:868][  0]LogDerivedDataCache: FDerivedDataBackendGraph:  Pak pak cache file ../../../../../../Users/Jesus/Dropbox (Project0)/Project0 Team Folder/Project0Zero/DerivedDataCache/DDC.ddp not found, will not use a pak cache.
[2016.01.10-13.31.21:868][  0]LogDerivedDataCache: Unable to find inner node Pak for hierarchical cache Hierarchy.
[2016.01.10-13.31.21:868][  0]LogDerivedDataCache: FDerivedDataBackendGraph:  CompressedPak pak cache file ../../../../../../Users/Jesus/Dropbox (Project0)/Project0 Team Folder/Project0Zero/DerivedDataCache/Compressed.ddp not found, will not use a pak cache.
[2016.01.10-13.31.21:868][  0]LogDerivedDataCache: Unable to find inner node CompressedPak for hierarchical cache Hierarchy.
[2016.01.10-13.31.21:922][  0]LogDerivedDataCache:Display: Pak cache opened for reading ../../../Engine/DerivedDataCache/Compressed.ddp.
[2016.01.10-13.31.21:934][  0]LogDerivedDataCache: Using Local data cache path C:/Users/Jesus/AppData/Local/UnrealEngine/Common/DerivedDataCache: Writable
[2016.01.10-13.31.22:122][  0]LogInit: Selected Device Profile: [Windows]
[2016.01.10-13.31.22:124][  0]LogContentStreaming: Texture pool size is 0.000000MB
[2016.01.10-13.31.22:233][  0]LogMeshUtilities: No automatic mesh reduction module available
[2016.01.10-13.31.22:233][  0]LogMeshUtilities: No automatic mesh merging module available
[2016.01.10-13.31.22:463][  0]LogInit: WinSock: version 1.1 (2.2), MaxSocks=32767, MaxUdp=65467
[2016.01.10-13.31.23:157][  0]UdpMessaging: Initializing bridge on interface 0.0.0.0:0 to multicast group 230.0.0.1:6666.
[2016.01.10-13.31.23:252][  0]LogAssetRegistry: FAssetRegistry took 0.0108 seconds to start up
[2016.01.10-13.31.23:488][  0]SourceControl: Info Source control is disabled
[2016.01.10-13.31.23:489][  0]SourceControl: Info Source control is disabled
[2016.01.10-13.31.23:501][  0]SourceControl: Info Source control is disabled
[2016.01.10-13.31.23:513][  0]SourceControl: Info Source control is disabled
[2016.01.10-13.31.23:768][  0]LogObj: 28633 objects as part of root set at end of initial load.
[2016.01.10-13.31.23:768][  0]LogUObjectAllocator: 6099752 out of 0 bytes used by permanent object pool.
[2016.01.10-13.31.23:819][  0]LogEngine: Initializing Engine...
[2016.01.10-13.31.23:822][  0]LogHMD: Can't find Oculus library dev build: is proper Runtime installed? Version: 0.8.0.0
[2016.01.10-13.31.23:822][  0]LogHMD: SteamVR failed to initialize.  Err: 110
[2016.01.10-13.31.23:930][  0]LogAIModule: Creating AISystem for world NewWorld
[2016.01.10-13.31.23:938][  0]LogInit: XAudio2 using 'Speakers (2- Wireless Stereo Headset)' : 2 channels at 44.1 kHz using 16 bits per sample (channel mask 0x3)
[2016.01.10-13.31.23:945][  0]LogInit: FAudioDevice initialized.
[2016.01.10-13.31.23:968][  0]LogDerivedDataCache: Saved boot cache 0.02s 41MB C:/Users/Jesus/AppData/Local/UnrealEngine/4.10/DerivedDataCache/Boot.ddc.
[2016.01.10-13.31.23:974][  0]LogInit: Texture streaming: Enabled
[2016.01.10-13.31.23:980][  0]LogAnalytics: Creating configured Analytics provider AnalyticsET
[2016.01.10-13.31.23:980][  0]LogAnalytics: [UEEditor.Rocket.Release] APIServer = http://et2.epicgames.com/ET2/. AppVersion = 4.10.1-2791327+++depot+UE4-Releases+4.10
[2016.01.10-13.31.23:980][  0]LogAnalytics: [UEEditor.Rocket.Release] SetUserId 23a9019d435a13faa8443d84a757bc1f|ec12d995b3f24d5f8f13e00808a805ff|59957613-4f4e-4b76-9029-d7b3a19fea7b
[2016.01.10-13.31.23:980][  0]LogAnalytics: [UEEditor.Rocket.Release] AnalyticsET::StartSession
[2016.01.10-13.31.23:993][  0]LogWindowsTextInputMethodSystem:Display: IME system now deactivated.
[2016.01.10-13.31.23:994][  0]LogWindowsTextInputMethodSystem:Display: IME system now deactivated.
[2016.01.10-13.31.24:011][  0]LogInit: Transaction tracking system initialized
[2016.01.10-13.31.24:049][  0]BlueprintLog: New page: Editor Load
[2016.01.10-13.31.24:179][  0]LocalizationService: Info Localization service is disabled
[2016.01.10-13.31.24:309][  0]LogConsoleResponse:Display: 
[2016.01.10-13.31.24:539][  0]LogCook:Display: Done creating registry. It took  0.00s.
[2016.01.10-13.31.24:614][  0]SourceControl: Info Source control is disabled
[2016.01.10-13.31.24:614][  0]Cmd: MAP LOAD FILE="../../../Engine/Content/Maps/Templates/Template_Default.umap" TEMPLATE=1 SHOWPROGRESS=1 FEATURELEVEL=3
[2016.01.10-13.31.24:615][  0]LightingResults: New page: Lighting Build
[2016.01.10-13.31.24:618][  0]MapCheck: New page: Map Check
[2016.01.10-13.31.24:618][  0]LightingResults: New page: Lighting Build
[2016.01.10-13.31.24:630][  0]LogParticles: Destroying 0 GPU particle simulations for FXSystem 0x000001E289AEF420
[2016.01.10-13.31.24:871][  0]LogFileCache: Scanning file cache for directory 'C:/Users/Jesus/Dropbox (Project0)/Project0 Team Folder/Project0Zero/Content/' took 0.19s
[2016.01.10-13.31.24:872][  0]LogAIModule: Creating AISystem for world Untitled_1
[2016.01.10-13.31.24:877][  0]LogEditorServer: Finished looking for orphan Actors (0.000 secs)
[2016.01.10-13.31.24:881][  0]Cmd: MAP CHECKDEP NOCLEARLOG
[2016.01.10-13.31.24:921][  0]MapCheck: Info Map check complete: 0 Error(s), 0 Warning(s), took 39.949ms to complete.
[2016.01.10-13.31.24:921][  0]LogFileHelpers: Loading map 'Template_Default' took 0.308
[2016.01.10-13.31.27:097][  0]LogCollectionManager: Loaded 0 collections in 0.002720 seconds
[2016.01.10-13.31.28:372][  0]LogFileCache: Scanning file cache for directory 'C:/Users/Jesus/Dropbox (Project0)/Project0 Team Folder/Project0Zero/Saved/Collections/' took 0.01s
[2016.01.10-13.31.28:372][  0]LogFileCache: Scanning file cache for directory 'C:/Users/Jesus/Dropbox (Project0)/Project0 Team Folder/Project0Zero/Content/Developers/Jesus/Collections/' took 0.01s
[2016.01.10-13.31.28:372][  0]LogFileCache: Scanning file cache for directory 'C:/Users/Jesus/Dropbox (Project0)/Project0 Team Folder/Project0Zero/Content/Collections/' took 0.01s
[2016.01.10-13.31.28:372][  0]LogCollectionManager: Rebuilt the GUID cache for 0 collections in 0.000002 seconds
[2016.01.10-13.31.28:386][  0]LogContentBrowser: Native class hierarchy populated in 0.0124 seconds. Added 1893 classes and 338 folders.
[2016.01.10-13.31.28:611][  0]LogContentBrowser: Native class hierarchy updated for 'WidgetCarousel' in 0.0003 seconds. Added 0 classes and 0 folders.
[2016.01.10-13.31.34:237][  0]LogContentBrowser: Native class hierarchy updated for 'AddContentDialog' in 0.0007 seconds. Added 0 classes and 0 folders.
[2016.01.10-13.31.34:703][  0]LogContentBrowser: Native class hierarchy updated for 'SceneOutliner' in 0.0007 seconds. Added 1 classes and 2 folders.
[2016.01.10-13.31.36:307][  0]LogCrashTracker: Crashtracker disabled due to settings.
[2016.01.10-13.31.36:542][  0]LogUObjectGlobals:Warning: Failed to find object 'Class None.'
[2016.01.10-13.31.36:587][  0]LogLoad: Full Startup: 17.31 seconds (BP compile: 0.04 seconds)
[2016.01.10-13.31.36:931][  0]LogOcInput: Can't find Oculus library dev build: is proper Runtime installed? Version: 0.8.0.0
[2016.01.10-13.31.37:493][  0]LogContentStreaming: Texture pool size now 1000 MB
[2016.01.10-13.31.37:862][  0]LogRenderer: Reallocating scene render targets to support 1208x572 (Frame:2).
[2016.01.10-13.32.09:304][765]LogFactory: FactoryCreateBinary: StaticMesh with FbxFactory (0 0 ../../../../../../Users/Jesus/Dropbox (Project0)/Project0 Team Folder/Project0Zero/models_test/grenade.fbx)
[2016.01.10-13.32.09:502][765]LogFbx: ItemName: GlobalSettings, ItemCount : 1
[2016.01.10-13.32.09:502][765]LogFbx: ItemName: NodeAttribute, ItemCount : 1
[2016.01.10-13.32.09:502][765]LogFbx: ItemName: Geometry, ItemCount : 1
[2016.01.10-13.32.09:502][765]LogFbx: ItemName: Model, ItemCount : 2
[2016.01.10-13.32.09:502][765]LogFbx: ItemName: Material, ItemCount : 2
[2016.01.10-13.32.09:579][765]LogFbx: Loading FBX Scene from ../../../../../../Users/Jesus/Dropbox (Project0)/Project0 Team Folder/Project0Zero/models_test/grenade.fbx
[2016.01.10-13.32.09:688][765]LogFbx: FBX Scene Loaded Succesfully
[2016.01.10-13.32.18:357][765]LogFbx: Loading FBX Scene from ../../../../../../Users/Jesus/Dropbox (Project0)/Project0 Team Folder/Project0Zero/models_test/grenade.fbx
[2016.01.10-13.32.18:438][765]LogFbx: FBX Scene Loaded Succesfully
[2016.01.10-13.32.18:512][765]LogLinker:Warning: Can't find file '/Game/Models/Material_002'
[2016.01.10-13.32.18:512][765]LogLinker:Warning: Can't find file '/Game/Models/Material_002'
[2016.01.10-13.32.18:513][765]LogLinker: Can't find file '/Game/Models/Material_002'
[2016.01.10-13.32.18:626][765]LogMaterial: Missing cached shader map for material Material_002, compiling. 
[2016.01.10-13.32.18:644][765]LogLinker:Warning: Can't find file '/Game/Models/green'
[2016.01.10-13.32.18:644][765]LogLinker:Warning: Can't find file '/Game/Models/green'
[2016.01.10-13.32.18:644][765]LogLinker: Can't find file '/Game/Models/green'
[2016.01.10-13.32.18:735][765]LogMaterial: Missing cached shader map for material green, compiling. 
[2016.01.10-13.32.18:745][765]LogFbx:Warning: Triangulating static mesh Cylinder
[2016.01.10-13.32.19:559][765]LogStaticMesh: Building static mesh grenade...
[2016.01.10-13.32.19:591][765]LogStaticMesh: Built static mesh [0.051474.2s] /Game/Models/grenade.grenade
[2016.01.10-13.32.19:778][765]FBXImport:Warning: Warning Warning: No smoothing group information was found in this FBX scene.  Please make sure to enable the 'Export Smoothing Groups' option in the FBX Exporter plug-in before exporting the file.  Even for tools that don't support smoothing groups, the FBX Exporter will generate appropriate smoothing data at export-time so that correct vertex normals can be inferred while importing. 
[2016.01.10-13.32.19:939][765]LogAssetRegistry: Asset discovery search completed in 56.6977 seconds
[2016.01.10-13.32.19:940][765]LogCollectionManager: Rebuilt the object cache for 0 collections in 0.000001 seconds (found 0 objects)
[2016.01.10-13.32.19:940][765]LogCollectionManager: Fixed up redirectors for 0 collections in 0.000021 seconds (updated 0 objects)
[2016.01.10-13.32.38:474][422]LogActorFactory: Actor Factory created grenade
[2016.01.10-13.32.40:317][634]LogActorFactory: Actor Factory created grenade
[2016.01.10-13.32.47:417][450]LogEditorViewport: Clicking on Actor (context menu): BP_Sky_Sphere_C (Sky Sphere)
[2016.01.10-13.32.48:228][538]LogEditorViewport: Clicking on Actor (context menu): BP_Sky_Sphere_C (Sky Sphere)
[2016.01.10-13.32.48:969][623]LogEditorViewport: Clicking on Actor (LMB): BP_Sky_Sphere_C (Sky Sphere)
[2016.01.10-13.33.23:801][524]LogEditorViewport: Clicking on Actor (context menu): StaticMeshActor (grenade)
[2016.01.10-13.35.16:069][776]LogFactory: FactoryCreateBinary: StaticMesh with FbxFactory (0 0 ../../../../../../Users/Jesus/Dropbox (Project0)/Project0 Team Folder/Project0Zero/models_test/grenade.fbx)
[2016.01.10-13.35.16:077][776]LogFbx: ItemName: GlobalSettings, ItemCount : 1
[2016.01.10-13.35.16:077][776]LogFbx: ItemName: NodeAttribute, ItemCount : 1
[2016.01.10-13.35.16:077][776]LogFbx: ItemName: Geometry, ItemCount : 1
[2016.01.10-13.35.16:077][776]LogFbx: ItemName: Model, ItemCount : 2
[2016.01.10-13.35.16:077][776]LogFbx: ItemName: Material, ItemCount : 2
[2016.01.10-13.35.16:138][776]LogFbx: Loading FBX Scene from ../../../../../../Users/Jesus/Dropbox (Project0)/Project0 Team Folder/Project0Zero/models_test/grenade.fbx
[2016.01.10-13.35.16:216][776]LogFbx: FBX Scene Loaded Succesfully
[2016.01.10-13.35.31:891][776]LogFbx: Loading FBX Scene from ../../../../../../Users/Jesus/Dropbox (Project0)/Project0 Team Folder/Project0Zero/models_test/grenade.fbx
[2016.01.10-13.35.31:970][776]LogFbx: FBX Scene Loaded Succesfully
[2016.01.10-13.35.31:994][776]LogLinker:Warning: Can't find file '/Game/Models/Material_002'
[2016.01.10-13.35.31:994][776]LogLinker:Warning: Can't find file '/Game/Models/Material_002'
[2016.01.10-13.35.32:025][776]LogMaterial: Missing cached shader map for material Material_002, compiling. 
[2016.01.10-13.35.32:032][776]LogLinker:Warning: Can't find file '/Game/Models/green'
[2016.01.10-13.35.32:032][776]LogLinker:Warning: Can't find file '/Game/Models/green'
[2016.01.10-13.35.32:036][776]LogMaterial: Missing cached shader map for material green, compiling. 
[2016.01.10-13.35.32:041][776]LogFbx:Warning: Triangulating static mesh Cylinder
[2016.01.10-13.35.32:670][776]LogStaticMesh: Building static mesh grenade...
[2016.01.10-13.35.32:715][776]LogStaticMesh: Built static mesh [0.045606.2s] /Game/Models/grenade.grenade
[2016.01.10-13.35.32:759][776]FBXImport:Warning: Warning Warning: No smoothing group information was found in this FBX scene.  Please make sure to enable the 'Export Smoothing Groups' option in the FBX Exporter plug-in before exporting the file.  Even for tools that don't support smoothing groups, the FBX Exporter will generate appropriate smoothing data at export-time so that correct vertex normals can be inferred while importing. 
[2016.01.10-13.38.27:021][527]LogExportMeshUtils: Fbx LOD loading
[2016.01.10-13.38.27:112][527]LogFbx: Loading FBX Scene from ../../../../../../Users/Jesus/Dropbox (Project0)/Project0 Team Folder/Project0Zero/models_test/grenade.fbx
[2016.01.10-13.38.27:190][527]LogFbx: FBX Scene Loaded Succesfully
[2016.01.10-13.38.27:214][527]LogFbx:Warning: Triangulating static mesh Cylinder
[2016.01.10-13.38.27:734][527]LogStaticMesh: Building static mesh grenade...
[2016.01.10-13.38.27:792][527]LogStaticMesh: Built static mesh [0.057349.2s] /Game/Models/grenade.grenade
[2016.01.10-13.38.27:812][527]FBXImport:Warning: Warning Warning: No smoothing group information was found in this FBX scene.  Please make sure to enable the 'Export Smoothing Groups' option in the FBX Exporter plug-in before exporting the file.  Even for tools that don't support smoothing groups, the FBX Exporter will generate appropriate smoothing data at export-time so that correct vertex normals can be inferred while importing. 
[2016.01.10-13.41.37:238][ 17]LogSavePackage: Save=30.975826ms
[2016.01.10-13.41.37:238][ 17]LogSavePackage: Moving '../../../../../../Users/Jesus/Dropbox (Project0)/Project0 Team Folder/Project0Zero/Saved/Untitled_1_Auto1C746FBC341B44653BB400B9DB0790D5B.tmp' to '../../../../../../Users/Jesus/Dropbox (Project0)/Project0 Team Folder/Project0Zero/Saved/Autosaves/Temp/Untitled_1_Auto1.umap'
[2016.01.10-13.41.37:240][ 17]LogSavePackage: Total save time: 36.453318ms
[2016.01.10-13.41.37:240][ 17]LogSavePackage:Display: Finished SavePackage ../../../../../../Users/Jesus/Dropbox (Project0)/Project0 Team Folder/Project0Zero/Saved/Autosaves/Temp/Untitled_1_Auto1.umap
[2016.01.10-13.41.37:241][ 17]LogFileHelpers: Editor autosave (incl. sublevels) for '/Temp/Untitled_1' took 0.056
[2016.01.10-13.41.37:241][ 17]LogFileHelpers: Editor autosave (incl. sublevels) for all levels took 0.056
[2016.01.10-13.41.37:245][ 17]OBJ SavePackage: Generating thumbnails for [1] asset(s) in package [/Game/Models/green] ([1] browsable assets)...
[2016.01.10-13.41.37:274][ 17]OBJ SavePackage:     Rendered thumbnail for [Material /Game/Models/green.green]
[2016.01.10-13.41.37:274][ 17]OBJ SavePackage: Finished generating thumbnails for package [/Game/Models/green]
[2016.01.10-13.41.37:287][ 17]LogSavePackage: Save=11.791147ms
[2016.01.10-13.41.37:287][ 17]LogSavePackage: Moving '../../../../../../Users/Jesus/Dropbox (Project0)/Project0 Team Folder/Project0Zero/Saved/green_Auto1FA59F3A54809316DA18CBBB8BE08C4CB.tmp' to '../../../../../../Users/Jesus/Dropbox (Project0)/Project0 Team Folder/Project0Zero/Saved/Autosaves/Game/Models/green_Auto1.uasset'
[2016.01.10-13.41.37:288][ 17]LogSavePackage: Total save time: 12.875997ms
[2016.01.10-13.41.37:288][ 17]LogSavePackage:Display: Finished SavePackage ../../../../../../Users/Jesus/Dropbox (Project0)/Project0 Team Folder/Project0Zero/Saved/Autosaves/Game/Models/green_Auto1.uasset
[2016.01.10-13.41.37:291][ 17]OBJ SavePackage: Generating thumbnails for [1] asset(s) in package [/Game/Models/Material_002] ([1] browsable assets)...
[2016.01.10-13.41.37:320][ 17]OBJ SavePackage:     Rendered thumbnail for [Material /Game/Models/Material_002.Material_002]
[2016.01.10-13.41.37:320][ 17]OBJ SavePackage: Finished generating thumbnails for package [/Game/Models/Material_002]
[2016.01.10-13.41.37:332][ 17]LogSavePackage: Save=11.395301ms
[2016.01.10-13.41.37:332][ 17]LogSavePackage: Moving '../../../../../../Users/Jesus/Dropbox (Project0)/Project0 Team Folder/Project0Zero/Saved/Material_002_Auto14592CA17413A5D26BFAB648138F448CE.tmp' to '../../../../../../Users/Jesus/Dropbox (Project0)/Project0 Team Folder/Project0Zero/Saved/Autosaves/Game/Models/Material_002_Auto1.uasset'
[2016.01.10-13.41.37:333][ 17]LogSavePackage: Total save time: 12.596887ms
[2016.01.10-13.41.37:333][ 17]LogSavePackage:Display: Finished SavePackage ../../../../../../Users/Jesus/Dropbox (Project0)/Project0 Team Folder/Project0Zero/Saved/Autosaves/Game/Models/Material_002_Auto1.uasset
[2016.01.10-13.41.37:336][ 17]OBJ SavePackage: Generating thumbnails for [1] asset(s) in package [/Game/Models/grenade] ([1] browsable assets)...
[2016.01.10-13.41.37:365][ 17]OBJ SavePackage:     Rendered thumbnail for [StaticMesh /Game/Models/grenade.grenade]
[2016.01.10-13.41.37:365][ 17]OBJ SavePackage: Finished generating thumbnails for package [/Game/Models/grenade]
[2016.01.10-13.41.37:380][ 17]LogSavePackage: Save=13.524916ms
[2016.01.10-13.41.37:380][ 17]LogSavePackage: Moving '../../../../../../Users/Jesus/Dropbox (Project0)/Project0 Team Folder/Project0Zero/Saved/grenade_Auto147AAADB24A9EA0C544E837BE47FE02BD.tmp' to '../../../../../../Users/Jesus/Dropbox (Project0)/Project0 Team Folder/Project0Zero/Saved/Autosaves/Game/Models/grenade_Auto1.uasset'
[2016.01.10-13.41.37:413][ 17]LogSavePackage: Total save time: 46.728075ms
[2016.01.10-13.41.37:413][ 17]LogSavePackage:Display: Finished SavePackage ../../../../../../Users/Jesus/Dropbox (Project0)/Project0 Team Folder/Project0Zero/Saved/Autosaves/Game/Models/grenade_Auto1.uasset
[2016.01.10-13.41.37:413][ 17]LogFileHelpers: Auto-saving content packages took 0.171
[2016.01.10-13.44.40:323][ 44]LogFactory: FactoryCreateBinary: StaticMesh with FbxFactory (0 0 ../../../../../../Users/Jesus/Dropbox (Project0)/Project0 Team Folder/Project0Zero/models_test/grenade.fbx)
[2016.01.10-13.44.40:336][ 44]LogFbx: ItemName: GlobalSettings, ItemCount : 1
[2016.01.10-13.44.40:336][ 44]LogFbx: ItemName: NodeAttribute, ItemCount : 1
[2016.01.10-13.44.40:336][ 44]LogFbx: ItemName: Geometry, ItemCount : 1
[2016.01.10-13.44.40:336][ 44]LogFbx: ItemName: Model, ItemCount : 2
[2016.01.10-13.44.40:336][ 44]LogFbx: ItemName: Material, ItemCount : 2
[2016.01.10-13.44.40:400][ 44]LogFbx: Loading FBX Scene from ../../../../../../Users/Jesus/Dropbox (Project0)/Project0 Team Folder/Project0Zero/models_test/grenade.fbx
[2016.01.10-13.44.40:482][ 44]LogFbx: FBX Scene Loaded Succesfully
[2016.01.10-13.44.46:086][ 44]LogFbx: Loading FBX Scene from ../../../../../../Users/Jesus/Dropbox (Project0)/Project0 Team Folder/Project0Zero/models_test/grenade.fbx
[2016.01.10-13.44.46:165][ 44]LogFbx: FBX Scene Loaded Succesfully
[2016.01.10-13.44.46:189][ 44]LogLinker:Warning: Can't find file '/Game/Models/Material_002'
[2016.01.10-13.44.46:189][ 44]LogLinker:Warning: Can't find file '/Game/Models/Material_002'
[2016.01.10-13.44.46:212][ 44]LogMaterial: Missing cached shader map for material Material_002, compiling. 
[2016.01.10-13.44.46:218][ 44]LogLinker:Warning: Can't find file '/Game/Models/green'
[2016.01.10-13.44.46:219][ 44]LogLinker:Warning: Can't find file '/Game/Models/green'
[2016.01.10-13.44.46:226][ 44]LogMaterial: Missing cached shader map for material green, compiling. 
[2016.01.10-13.44.46:231][ 44]LogFbx:Warning: Triangulating static mesh Cylinder
[2016.01.10-13.44.46:834][ 44]LogStaticMesh: Building static mesh grenade...
[2016.01.10-13.44.46:870][ 44]LogStaticMesh: Built static mesh [0.036454.2s] /Game/Models/grenade.grenade
[2016.01.10-13.44.56:823][779]LogActorFactory: Actor Factory created grenade
[2016.01.10-13.44.59:411][ 56]LogActorFactory: Actor Factory created grenade
[2016.01.10-13.45.03:136][492]LogEditorViewport: Clicking on Actor (context menu): StaticMeshActor (grenade2)
[2016.01.10-13.45.27:100][802]LogMaterial: Missing cached shader map for material green, compiling. 
[2016.01.10-13.45.27:168][802]LogMaterial: Missing cached shader map for material green, compiling. 
[2016.01.10-13.45.27:174][802]LogMaterial: 0.001766 seconds spent updating 1 materials, 1 interfaces, 0 instances, 0 with static permutations.
[2016.01.10-13.45.27:205][802]LogMaterial: Missing cached shader map for material FMatExpressionPreview MaterialExpressionVectorParameter_5, compiling. 
[2016.01.10-13.45.28:151][833]MaterialEditorStats: Info Base pass shader with only dynamic lighting: 31 instructions
[2016.01.10-13.45.28:151][833]MaterialEditorStats: Info Vertex shader: 31 instructions
[2016.01.10-13.45.28:151][833]MaterialEditorStats: Info Texture samplers: 0/16
[2016.01.10-13.49.36:395][696]LogRenderer: Reallocating scene render targets to support 1208x616 (Frame:31325).
[2016.01.10-13.49.41:793][154]LogMaterial: Missing cached shader map for material Material_002, compiling. 
[2016.01.10-13.49.41:835][154]LogMaterial: Missing cached shader map for material Material_002, compiling. 
[2016.01.10-13.49.41:839][154]LogMaterial: 0.000080 seconds spent updating 1 materials, 1 interfaces, 0 instances, 0 with static permutations.
[2016.01.10-13.49.41:868][154]LogMaterial: Missing cached shader map for material FMatExpressionPreview MaterialExpressionVectorParameter_4, compiling. 
[2016.01.10-13.49.42:821][204]MaterialEditorStats: Info Base pass shader with only dynamic lighting: 31 instructions
[2016.01.10-13.49.42:821][204]MaterialEditorStats: Info Vertex shader: 31 instructions
[2016.01.10-13.49.42:821][204]MaterialEditorStats: Info Texture samplers: 0/16
[2016.01.10-13.49.54:918][224]LogMaterial: Missing cached shader map for material Material_002, compiling. 
[2016.01.10-13.49.54:922][224]LogMaterial: 0.000064 seconds spent updating 1 materials, 1 interfaces, 0 instances, 0 with static permutations.
[2016.01.10-13.49.54:951][224]LogMaterial: Missing cached shader map for material FMatExpressionPreview MaterialExpressionVectorParameter_4, compiling. 
[2016.01.10-13.49.55:656][260]MaterialEditorStats: Info Base pass shader with only dynamic lighting: 31 instructions
[2016.01.10-13.49.55:656][260]MaterialEditorStats: Info Vertex shader: 31 instructions
[2016.01.10-13.49.55:656][260]MaterialEditorStats: Info Texture samplers: 0/16
[2016.01.10-13.50.03:581][573]LogMaterial: Missing cached shader map for material Material_002, compiling. 
[2016.01.10-13.50.03:590][573]LogMaterial: 0.000126 seconds spent updating 1 materials, 1 interfaces, 0 instances, 0 with static permutations.
[2016.01.10-13.50.03:620][573]LogMaterial: Missing cached shader map for material Material_002, compiling. 
[2016.01.10-13.50.03:634][573]LogMaterial: Missing cached shader map for material Material_002, compiling. 
[2016.01.10-13.50.03:643][573]LogMaterial: 0.000653 seconds spent updating 1 materials, 1 interfaces, 0 instances, 0 with static permutations.
[2016.01.10-13.50.36:776][983]LogMaterial: Missing cached shader map for material PreviewMaterial_0, compiling. 
[2016.01.10-13.50.36:847][983]LogMaterial: Missing cached shader map for material PreviewMaterial_0, compiling. 
[2016.01.10-13.50.36:852][983]LogMaterial: 0.000073 seconds spent updating 1 materials, 1 interfaces, 0 instances, 0 with static permutations.
[2016.01.10-13.50.36:879][983]LogMaterial: Missing cached shader map for material FMatExpressionPreview MaterialExpressionVectorParameter_4, compiling. 
[2016.01.10-13.50.37:954][ 34]MaterialEditorStats: Info Base pass shader with only dynamic lighting: 31 instructions
[2016.01.10-13.50.37:954][ 34]MaterialEditorStats: Info Vertex shader: 31 instructions
[2016.01.10-13.50.37:954][ 34]MaterialEditorStats: Info Texture samplers: 0/16
[2016.01.10-13.50.43:510][520]LogMaterial: Missing cached shader map for material PreviewMaterial_0, compiling. 
[2016.01.10-13.50.43:514][520]LogMaterial: 0.000068 seconds spent updating 1 materials, 1 interfaces, 0 instances, 0 with static permutations.
[2016.01.10-13.50.43:545][520]LogMaterial: Missing cached shader map for material FMatExpressionPreview MaterialExpressionVectorParameter_4, compiling. 
[2016.01.10-13.50.44:247][558]MaterialEditorStats: Info Base pass shader with only dynamic lighting: 31 instructions
[2016.01.10-13.50.44:247][558]MaterialEditorStats: Info Vertex shader: 31 instructions
[2016.01.10-13.50.44:247][558]MaterialEditorStats: Info Texture samplers: 0/16
[2016.01.10-13.50.48:286][895]LogMaterial: Missing cached shader map for material PreviewMaterial_0, compiling. 
[2016.01.10-13.50.48:289][895]LogMaterial: 0.000045 seconds spent updating 1 materials, 1 interfaces, 0 instances, 0 with static permutations.
[2016.01.10-13.50.48:316][895]LogMaterial: Missing cached shader map for material FMatExpressionPreview MaterialExpressionVectorParameter_4, compiling. 
[2016.01.10-13.50.48:979][930]MaterialEditorStats: Info Base pass shader with only dynamic lighting: 31 instructions
[2016.01.10-13.50.48:979][930]MaterialEditorStats: Info Vertex shader: 31 instructions
[2016.01.10-13.50.48:979][930]MaterialEditorStats: Info Texture samplers: 0/16
[2016.01.10-13.51.05:620][405]LogParticles: Destroying 0 GPU particle simulations for FXSystem 0x000001E28148D3A0
[2016.01.10-13.51.05:620][405]LogParticles: Destroying 0 GPU particle simulations for FXSystem 0x000001E2FC4779C0
[2016.01.10-13.51.05:620][405]LogParticles: Destroying 0 GPU particle simulations for FXSystem 0x000001E2A107A020
[2016.01.10-13.51.50:221][ 17]LogSavePackage: Save=40.374924ms
[2016.01.10-13.51.50:221][ 17]LogSavePackage: Moving '../../../../../../Users/Jesus/Dropbox (Project0)/Project0 Team Folder/Project0Zero/Saved/Untitled_1_Auto28B72E544484AB409FFED70AF7289476F.tmp' to '../../../../../../Users/Jesus/Dropbox (Project0)/Project0 Team Folder/Project0Zero/Saved/Autosaves/Temp/Untitled_1_Auto2.umap'
[2016.01.10-13.51.50:223][ 17]LogSavePackage: Total save time: 42.415306ms
[2016.01.10-13.51.50:223][ 17]LogSavePackage:Display: Finished SavePackage ../../../../../../Users/Jesus/Dropbox (Project0)/Project0 Team Folder/Project0Zero/Saved/Autosaves/Temp/Untitled_1_Auto2.umap
[2016.01.10-13.51.50:227][ 17]LogFileHelpers: Editor autosave (incl. sublevels) for '/Temp/Untitled_1' took 0.071
[2016.01.10-13.51.50:227][ 17]LogFileHelpers: Editor autosave (incl. sublevels) for all levels took 0.071
[2016.01.10-13.51.50:236][ 17]OBJ SavePackage: Generating thumbnails for [1] asset(s) in package [/Game/Models/green] ([1] browsable assets)...
[2016.01.10-13.51.50:269][ 17]OBJ SavePackage:     Rendered thumbnail for [Material /Game/Models/green.green]
[2016.01.10-13.51.50:269][ 17]OBJ SavePackage: Finished generating thumbnails for package [/Game/Models/green]
[2016.01.10-13.51.50:288][ 17]LogSavePackage: Save=16.589876ms
[2016.01.10-13.51.50:288][ 17]LogSavePackage: Moving '../../../../../../Users/Jesus/Dropbox (Project0)/Project0 Team Folder/Project0Zero/Saved/green_Auto20D8058134AC73C9200E8B0BF06DF4767.tmp' to '../../../../../../Users/Jesus/Dropbox (Project0)/Project0 Team Folder/Project0Zero/Saved/Autosaves/Game/Models/green_Auto2.uasset'
[2016.01.10-13.51.50:289][ 17]LogSavePackage: Total save time: 17.820716ms
[2016.01.10-13.51.50:289][ 17]LogSavePackage:Display: Finished SavePackage ../../../../../../Users/Jesus/Dropbox (Project0)/Project0 Team Folder/Project0Zero/Saved/Autosaves/Game/Models/green_Auto2.uasset
[2016.01.10-13.51.50:292][ 17]OBJ SavePackage: Generating thumbnails for [1] asset(s) in package [/Game/Models/Material_002] ([1] browsable assets)...
[2016.01.10-13.51.50:321][ 17]OBJ SavePackage:     Rendered thumbnail for [Material /Game/Models/Material_002.Material_002]
[2016.01.10-13.51.50:321][ 17]OBJ SavePackage: Finished generating thumbnails for package [/Game/Models/Material_002]
[2016.01.10-13.51.50:336][ 17]LogSavePackage: Save=14.594844ms
[2016.01.10-13.51.50:336][ 17]LogSavePackage: Moving '../../../../../../Users/Jesus/Dropbox (Project0)/Project0 Team Folder/Project0Zero/Saved/Material_002_Auto2B572C8CF41370740C6B42D9356F4E902.tmp' to '../../../../../../Users/Jesus/Dropbox (Project0)/Project0 Team Folder/Project0Zero/Saved/Autosaves/Game/Models/Material_002_Auto2.uasset'
[2016.01.10-13.51.50:338][ 17]LogSavePackage: Total save time: 15.759271ms
[2016.01.10-13.51.50:338][ 17]LogSavePackage:Display: Finished SavePackage ../../../../../../Users/Jesus/Dropbox (Project0)/Project0 Team Folder/Project0Zero/Saved/Autosaves/Game/Models/Material_002_Auto2.uasset
[2016.01.10-13.51.50:341][ 17]OBJ SavePackage: Generating thumbnails for [1] asset(s) in package [/Game/Models/grenade] ([1] browsable assets)...
[2016.01.10-13.51.50:372][ 17]OBJ SavePackage:     Rendered thumbnail for [StaticMesh /Game/Models/grenade.grenade]
[2016.01.10-13.51.50:372][ 17]OBJ SavePackage: Finished generating thumbnails for package [/Game/Models/grenade]
[2016.01.10-13.51.50:387][ 17]LogSavePackage: Save=12.977225ms
[2016.01.10-13.51.50:387][ 17]LogSavePackage: Moving '../../../../../../Users/Jesus/Dropbox (Project0)/Project0 Team Folder/Project0Zero/Saved/grenade_Auto231ABF5974564B9D72F4D9DAF89C938DE.tmp' to '../../../../../../Users/Jesus/Dropbox (Project0)/Project0 Team Folder/Project0Zero/Saved/Autosaves/Game/Models/grenade_Auto2.uasset'
[2016.01.10-13.51.50:390][ 17]LogSavePackage: Total save time: 15.830953ms
[2016.01.10-13.51.50:390][ 17]LogSavePackage:Display: Finished SavePackage ../../../../../../Users/Jesus/Dropbox (Project0)/Project0 Team Folder/Project0Zero/Saved/Autosaves/Game/Models/grenade_Auto2.uasset
[2016.01.10-13.51.50:390][ 17]LogFileHelpers: Auto-saving content packages took 0.157
[2016.01.10-13.54.02:085][534]LogMaterial: Missing cached shader map for material PreviewMaterial_0, compiling. 
[2016.01.10-13.54.02:088][534]LogMaterial: 0.000051 seconds spent updating 1 materials, 1 interfaces, 0 instances, 0 with static permutations.
[2016.01.10-13.54.03:443][606]MaterialEditorStats: Info Base pass shader with only dynamic lighting: 31 instructions
[2016.01.10-13.54.03:444][606]MaterialEditorStats: Info Vertex shader: 31 instructions
[2016.01.10-13.54.03:444][606]MaterialEditorStats: Info Texture samplers: 0/16
[2016.01.10-13.54.04:588][704]LogMaterial: Missing cached shader map for material PreviewMaterial_0, compiling. 
[2016.01.10-13.54.04:593][704]LogMaterial: 0.000046 seconds spent updating 1 materials, 1 interfaces, 0 instances, 0 with static permutations.
[2016.01.10-13.54.05:510][754]MaterialEditorStats: Info Base pass shader with only dynamic lighting: 31 instructions
[2016.01.10-13.54.05:510][754]MaterialEditorStats: Info Vertex shader: 31 instructions
[2016.01.10-13.54.05:510][754]MaterialEditorStats: Info Texture samplers: 0/16
[2016.01.10-13.54.12:015][221]LogMaterial: Missing cached shader map for material PreviewMaterial_0, compiling. 
[2016.01.10-13.54.12:020][221]LogMaterial: 0.000055 seconds spent updating 1 materials, 1 interfaces, 0 instances, 0 with static permutations.
[2016.01.10-13.54.12:062][221]LogMaterial: Missing cached shader map for material FMatExpressionPreview MaterialExpressionVectorParameter_4, compiling. 
[2016.01.10-13.54.13:145][274]MaterialEditorStats: Info Base pass shader with only dynamic lighting: 31 instructions
[2016.01.10-13.54.13:145][274]MaterialEditorStats: Info Vertex shader: 31 instructions
[2016.01.10-13.54.13:145][274]MaterialEditorStats: Info Texture samplers: 0/16
[2016.01.10-13.54.18:363][687]LogMaterial: Missing cached shader map for material PreviewMaterial_0, compiling. 
[2016.01.10-13.54.18:365][687]LogMaterial: 0.000111 seconds spent updating 1 materials, 1 interfaces, 0 instances, 0 with static permutations.
[2016.01.10-13.54.19:104][729]MaterialEditorStats: Info Base pass shader with only dynamic lighting: 34 instructions
[2016.01.10-13.54.19:104][729]MaterialEditorStats: Info Vertex shader: 31 instructions
[2016.01.10-13.54.19:104][729]MaterialEditorStats: Info Texture samplers: 0/16
[2016.01.10-13.54.25:291][136]LogMaterial: Missing cached shader map for material PreviewMaterial_0, compiling. 
[2016.01.10-13.54.25:301][136]LogMaterial: 0.000045 seconds spent updating 1 materials, 1 interfaces, 0 instances, 0 with static permutations.
[2016.01.10-13.54.25:337][136]LogMaterial: Missing cached shader map for material Material_002, compiling. 
[2016.01.10-13.54.25:353][136]LogMaterial: Missing cached shader map for material Material_002, compiling. 
[2016.01.10-13.54.25:362][136]LogMaterial: 0.000537 seconds spent updating 1 materials, 1 interfaces, 0 instances, 0 with static permutations.
[2016.01.10-13.54.56:126][249]LogStaticMesh: Building static mesh Map_Colored...
[2016.01.10-13.54.56:218][249]LogStaticMesh: Built static mesh [0.103709.2s] /Game/Models/Map_Colored.Map_Colored
[2016.01.10-13.54.56:384][249]LogRenderer: Reallocating scene render targets to support 1208x636 (Frame:50379).
[2016.01.10-13.55.32:699][595]LogParticles: Destroying 0 GPU particle simulations for FXSystem 0x000001E28996E660
[2016.01.10-13.55.32:731][595]LogParticles: Destroying 0 GPU particle simulations for FXSystem 0x000001E2D92EE8E0
[2016.01.10-13.55.37:514][595]Cmd: OBJ SAVEPACKAGE PACKAGE="/Game/Models/green" FILE="../../../../../../Users/Jesus/Dropbox (Project0)/Project0 Team Folder/Project0Zero/Content/Models/green.uasset" SILENT=true
[2016.01.10-13.55.37:530][595]LogSavePackage: Save=13.835040ms
[2016.01.10-13.55.37:530][595]LogSavePackage: Moving '../../../../../../Users/Jesus/Dropbox (Project0)/Project0 Team Folder/Project0Zero/Saved/greenA2C0BB02494BCA134EEBEA9725F57B81.tmp' to '../../../../../../Users/Jesus/Dropbox (Project0)/Project0 Team Folder/Project0Zero/Content/Models/green.uasset'
[2016.01.10-13.55.37:534][595]LogSavePackage: Total save time: 18.651906ms
[2016.01.10-13.55.37:534][595]LogSavePackage:Display: Finished SavePackage ../../../../../../Users/Jesus/Dropbox (Project0)/Project0 Team Folder/Project0Zero/Content/Models/green.uasset
[2016.01.10-13.55.37:556][595]Cmd: OBJ SAVEPACKAGE PACKAGE="/Game/Models/grenade" FILE="../../../../../../Users/Jesus/Dropbox (Project0)/Project0 Team Folder/Project0Zero/Content/Models/grenade.uasset" SILENT=true
[2016.01.10-13.55.37:572][595]LogSavePackage: Save=14.623222ms
[2016.01.10-13.55.37:572][595]LogSavePackage: Moving '../../../../../../Users/Jesus/Dropbox (Project0)/Project0 Team Folder/Project0Zero/Saved/grenadeFD820DCA4FC80B76B2423FB464E0776A.tmp' to '../../../../../../Users/Jesus/Dropbox (Project0)/Project0 Team Folder/Project0Zero/Content/Models/grenade.uasset'
[2016.01.10-13.55.37:577][595]LogSavePackage: Total save time: 19.500654ms
[2016.01.10-13.55.37:577][595]LogSavePackage:Display: Finished SavePackage ../../../../../../Users/Jesus/Dropbox (Project0)/Project0 Team Folder/Project0Zero/Content/Models/grenade.uasset
[2016.01.10-13.55.37:600][595]Cmd: OBJ SAVEPACKAGE PACKAGE="/Game/Models/Material_002" FILE="../../../../../../Users/Jesus/Dropbox (Project0)/Project0 Team Folder/Project0Zero/Content/Models/Material_002.uasset" SILENT=true
[2016.01.10-13.55.37:615][595]LogSavePackage: Save=13.413155ms
[2016.01.10-13.55.37:615][595]LogSavePackage: Moving '../../../../../../Users/Jesus/Dropbox (Project0)/Project0 Team Folder/Project0Zero/Saved/Material_0020BBD2AFA44AA92051F56B1933329C156.tmp' to '../../../../../../Users/Jesus/Dropbox (Project0)/Project0 Team Folder/Project0Zero/Content/Models/Material_002.uasset'
[2016.01.10-13.55.37:620][595]LogSavePackage: Total save time: 18.005330ms
[2016.01.10-13.55.37:620][595]LogSavePackage:Display: Finished SavePackage ../../../../../../Users/Jesus/Dropbox (Project0)/Project0 Team Folder/Project0Zero/Content/Models/Material_002.uasset
[2016.01.10-13.56.00:693][979]LogSavePackage: Save=26.197283ms
[2016.01.10-13.56.00:693][979]LogSavePackage: Moving '../../../../../../Users/Jesus/Dropbox (Project0)/Project0 Team Folder/Project0Zero/Saved/UntitledC23A50F644D9C5858A90028C41C38273.tmp' to '../../../../../../Users/Jesus/Dropbox (Project0)/Project0 Team Folder/Project0Zero/Content/Maps/Untitled.umap'
[2016.01.10-13.56.00:697][979]LogSavePackage: Total save time: 332.659155ms
[2016.01.10-13.56.00:697][979]LogSavePackage:Display: Finished SavePackage ../../../../../../Users/Jesus/Dropbox (Project0)/Project0 Team Folder/Project0Zero/Content/Maps/Untitled.umap
[2016.01.10-13.56.00:750][979]LogFileHelpers: Saving map 'Untitled' took 0.493
[2016.01.10-13.56.01:346][980]Cmd: QUIT_EDITOR
[2016.01.10-13.56.01:478][980]LogWindowsTextInputMethodSystem:Display: IME system now deactivated.
[2016.01.10-13.56.01:479][980]LogWindowsTextInputMethodSystem:Display: IME system now deactivated.
[2016.01.10-13.56.01:537][980]LogExit: Preparing to exit.
[2016.01.10-13.56.02:610][980]LogExit: Editor shut down
[2016.01.10-13.56.02:611][980]LogExit: Transaction tracking system shut down
[2016.01.10-13.56.02:621][980]LogParticles: Destroying 0 GPU particle simulations for FXSystem 0x000001E2FC707880
[2016.01.10-13.56.02:621][980]LogParticles: Destroying 0 GPU particle simulations for FXSystem 0x000001E294ED9300
[2016.01.10-13.56.02:621][980]LogParticles: Destroying 0 GPU particle simulations for FXSystem 0x000001E296034680
[2016.01.10-13.56.02:621][980]LogParticles: Destroying 0 GPU particle simulations for FXSystem 0x000001E2992CF880
[2016.01.10-13.56.02:761][980]LogExit: Object subsystem successfully closed.
[2016.01.10-13.56.02:765][980]LogD3D11RHI: Shutdown
[2016.01.10-13.56.02:765][980]LogD3D11RHI: CleanupD3DDevice
[2016.01.10-13.56.02:811][980]LogD3D11RHI: ~FD3D11DynamicRHI
[2016.01.10-13.56.02:826][980]LogModuleManager: Shutting down and abandoning module StaticMeshEditor (201)
[2016.01.10-13.56.02:826][980]LogModuleManager: Shutting down and abandoning module MaterialEditor (200)
[2016.01.10-13.56.02:826][980]LogModuleManager: Shutting down and abandoning module CookingStats (199)
[2016.01.10-13.56.02:826][980]LogModuleManager: Shutting down and abandoning module CrashTracker (198)
[2016.01.10-13.56.02:826][980]LogModuleManager: Shutting down and abandoning module SceneOutliner (197)
[2016.01.10-13.56.02:826][980]LogModuleManager: Shutting down and abandoning module SuperSearch (196)
[2016.01.10-13.56.02:826][980]LogModuleManager: Shutting down and abandoning module WidgetCarousel (195)
[2016.01.10-13.56.02:826][980]LogModuleManager: Shutting down and abandoning module AddContentDialog (194)
[2016.01.10-13.56.02:827][980]LogModuleManager: Shutting down and abandoning module EditorWidgets (193)
[2016.01.10-13.56.02:827][980]LogModuleManager: Shutting down and abandoning module CollectionManager (192)
[2016.01.10-13.56.02:827][980]LogModuleManager: Shutting down and abandoning module StatsViewer (191)
[2016.01.10-13.56.02:827][980]LogModuleManager: Shutting down and abandoning module FoliageEdit (190)
[2016.01.10-13.56.02:827][980]LogModuleManager: Shutting down and abandoning module LandscapeEditor (189)
[2016.01.10-13.56.02:827][980]LogModuleManager: Shutting down and abandoning module ActorPickerMode (188)
[2016.01.10-13.56.02:827][980]LogModuleManager: Shutting down and abandoning module GeometryMode (187)
[2016.01.10-13.56.02:827][980]LogModuleManager: Shutting down and abandoning module TextureAlignMode (186)
[2016.01.10-13.56.02:827][980]LogModuleManager: Shutting down and abandoning module BspMode (185)
[2016.01.10-13.56.02:827][980]LogModuleManager: Shutting down and abandoning module PlacementMode (184)
[2016.01.10-13.56.02:827][980]LogModuleManager: Shutting down and abandoning module AutomationWorker (183)
[2016.01.10-13.56.02:827][980]LogModuleManager: Shutting down and abandoning module CharacterAI (182)
[2016.01.10-13.56.02:827][980]LogModuleManager: Shutting down and abandoning module SmartSnapping (181)
[2016.01.10-13.56.02:827][980]LogModuleManager: Shutting down and abandoning module ViewportSnapping (180)
[2016.01.10-13.56.02:827][980]LogModuleManager: Shutting down and abandoning module LogVisualizer (179)
[2016.01.10-13.56.02:828][980]LogModuleManager: Shutting down and abandoning module GameProjectGeneration (178)
[2016.01.10-13.56.02:828][980]LogModuleManager: Shutting down and abandoning module IntroTutorials (177)
[2016.01.10-13.56.02:828][980]LogModuleManager: Shutting down and abandoning module EditorLiveStreaming (176)
[2016.01.10-13.56.02:828][980]LogModuleManager: Shutting down and abandoning module IOSPlatformEditor (175)
[2016.01.10-13.56.02:828][980]LogModuleManager: Shutting down and abandoning module HTML5PlatformEditor (174)
[2016.01.10-13.56.02:828][980]LogModuleManager: Shutting down and abandoning module AndroidDeviceDetection (173)
[2016.01.10-13.56.03:711][980]LogModuleManager: Shutting down and abandoning module AndroidPlatformEditor (172)
[2016.01.10-13.56.03:712][980]LogModuleManager: Shutting down and abandoning module IOSRuntimeSettings (171)
[2016.01.10-13.56.03:712][980]LogModuleManager: Shutting down and abandoning module AndroidRuntimeSettings (170)
[2016.01.10-13.56.03:712][980]LogModuleManager: Shutting down and abandoning module MergeActors (169)
[2016.01.10-13.56.03:712][980]LogModuleManager: Shutting down and abandoning module SizeMap (168)
[2016.01.10-13.56.03:712][980]LogModuleManager: Shutting down and abandoning module TreeMap (167)
[2016.01.10-13.56.03:712][980]LogModuleManager: Shutting down and abandoning module ReferenceViewer (166)
[2016.01.10-13.56.03:712][980]LogModuleManager: Shutting down and abandoning module LocalizationService (165)
[2016.01.10-13.56.03:712][980]LogModuleManager: Shutting down and abandoning module LocalizationDashboard (164)
[2016.01.10-13.56.03:712][980]LogModuleManager: Shutting down and abandoning module HardwareTargeting (163)
[2016.01.10-13.56.03:712][980]LogModuleManager: Shutting down and abandoning module DeviceProfileEditor (162)
[2016.01.10-13.56.03:712][980]LogModuleManager: Shutting down and abandoning module UndoHistory (161)
[2016.01.10-13.56.03:712][980]LogModuleManager: Shutting down and abandoning module GameplayTagsEditor (160)
[2016.01.10-13.56.03:712][980]LogModuleManager: Shutting down and abandoning module UserFeedback (159)
[2016.01.10-13.56.03:712][980]LogModuleManager: Shutting down and abandoning module XmlParser (158)
[2016.01.10-13.56.03:712][980]LogModuleManager: Shutting down and abandoning module Blutility (157)
[2016.01.10-13.56.03:712][980]LogModuleManager: Shutting down and abandoning module ProjectTargetPlatformEditor (156)
[2016.01.10-13.56.03:712][980]LogModuleManager: Shutting down and abandoning module ProjectSettingsViewer (155)
[2016.01.10-13.56.03:712][980]LogModuleManager: Shutting down and abandoning module InputBindingEditor (154)
[2016.01.10-13.56.03:712][980]LogModuleManager: Shutting down and abandoning module EditorSettingsViewer (153)
[2016.01.10-13.56.03:712][980]LogModuleManager: Shutting down and abandoning module SettingsEditor (152)
[2016.01.10-13.56.03:712][980]LogModuleManager: Shutting down and abandoning module ProjectLauncher (151)
[2016.01.10-13.56.03:712][980]LogModuleManager: Shutting down and abandoning module SessionFrontend (150)
[2016.01.10-13.56.03:712][980]LogModuleManager: Shutting down and abandoning module ProfilerClient (149)
[2016.01.10-13.56.03:712][980]LogModuleManager: Shutting down and abandoning module TargetDeviceServices (148)
[2016.01.10-13.56.03:712][980]LogModuleManager: Shutting down and abandoning module DeviceManager (147)
[2016.01.10-13.56.03:712][980]LogModuleManager: Shutting down and abandoning module AutomationController (146)
[2016.01.10-13.56.03:712][980]LogModuleManager: Shutting down and abandoning module AutomationWindow (145)
[2016.01.10-13.56.03:712][980]LogModuleManager: Shutting down and abandoning module Layers (144)
[2016.01.10-13.56.03:712][980]LogModuleManager: Shutting down and abandoning module ComponentVisualizers (143)
[2016.01.10-13.56.03:712][980]LogModuleManager: Shutting down and abandoning module DetailCustomizations (142)
[2016.01.10-13.56.03:712][980]LogModuleManager: Shutting down and abandoning module PackagesDialog (141)
[2016.01.10-13.56.03:712][980]LogModuleManager: Shutting down and abandoning module Persona (140)
[2016.01.10-13.56.03:712][980]LogModuleManager: Shutting down and abandoning module Kismet (139)
[2016.01.10-13.56.03:712][980]LogModuleManager: Shutting down and abandoning module GraphEditor (138)
[2016.01.10-13.56.03:713][980]LogModuleManager: Shutting down and abandoning module ClassViewer (137)
[2016.01.10-13.56.03:713][980]LogModuleManager: Shutting down and abandoning module Toolbox (136)
[2016.01.10-13.56.03:713][980]LogModuleManager: Shutting down and abandoning module ModuleUI (135)
[2016.01.10-13.56.03:713][980]LogModuleManager: Shutting down and abandoning module MovieSceneTools (134)
[2016.01.10-13.56.03:713][980]LogModuleManager: Shutting down and abandoning module OutputLog (133)
[2016.01.10-13.56.03:713][980]LogModuleManager: Shutting down and abandoning module GammaUI (132)
[2016.01.10-13.56.03:713][980]LogModuleManager: Shutting down and abandoning module Documentation (131)
[2016.01.10-13.56.03:713][980]LogModuleManager: Shutting down and abandoning module GameLiveStreaming (130)
[2016.01.10-13.56.03:713][980]LogModuleManager: Shutting down and abandoning module StreamingPauseRendering (129)
[2016.01.10-13.56.03:713][980]LogModuleManager: Shutting down and abandoning module AnalyticsET (128)
[2016.01.10-13.56.03:713][980]LogModuleManager: Shutting down and abandoning module Analytics (127)
[2016.01.10-13.56.03:713][980]LogModuleManager: Shutting down and abandoning module AITestSuite (126)
[2016.01.10-13.56.03:713][980]LogModuleManager: Shutting down and abandoning module GameplayDebugger (125)
[2016.01.10-13.56.03:713][980]LogModuleManager: Shutting down and abandoning module AIModule (124)
[2016.01.10-13.56.03:713][980]LogModuleManager: Shutting down and abandoning module ProfilerService (123)
[2016.01.10-13.56.03:829][980]LogModuleManager: Shutting down and abandoning module TaskGraph (122)
[2016.01.10-13.56.03:829][980]LogModuleManager: Shutting down and abandoning module SlateRemote (121)
[2016.01.10-13.56.03:829][980]LogModuleManager: Shutting down and abandoning module SteamVRController (120)
[2016.01.10-13.56.03:829][980]LogModuleManager: Shutting down and abandoning module SteamVR (119)
[2016.01.10-13.56.03:829][980]LogModuleManager: Shutting down and abandoning module ProceduralMeshComponent (118)
[2016.01.10-13.56.03:829][980]LogModuleManager: Shutting down and abandoning module OculusLibrary (117)
[2016.01.10-13.56.03:829][980]LogModuleManager: Shutting down and abandoning module OculusInput (116)
[2016.01.10-13.56.03:829][980]LogModuleManager: Shutting down and abandoning module LeapMotionController (115)
[2016.01.10-13.56.03:872][980]LogModuleManager: Shutting down and abandoning module CustomMeshComponent (114)
[2016.01.10-13.56.03:872][980]LogModuleManager: Shutting down and abandoning module CableComponent (113)
[2016.01.10-13.56.03:872][980]LogModuleManager: Shutting down and abandoning module ArchVisCharacter (112)
[2016.01.10-13.56.03:872][980]LogModuleManager: Shutting down and abandoning module MessagingDebugger (111)
[2016.01.10-13.56.03:872][980]LogModuleManager: Shutting down and abandoning module MediaPlayerEditor (110)
[2016.01.10-13.56.03:873][980]LogModuleManager: Shutting down and abandoning module HTML5Networking (109)
[2016.01.10-13.56.03:873][980]LogModuleManager: Shutting down and abandoning module SpeedTreeImporter (108)
[2016.01.10-13.56.03:873][980]LogModuleManager: Shutting down and abandoning module PluginBrowser (107)
[2016.01.10-13.56.03:873][980]LogModuleManager: Shutting down and abandoning module EpicSurvey (106)
[2016.01.10-13.56.03:873][980]LogModuleManager: Shutting down and abandoning module DesktopPlatform (105)
[2016.01.10-13.56.03:873][980]LogModuleManager: Shutting down and abandoning module VisualStudioSourceCodeAccess (104)
[2016.01.10-13.56.03:873][980]LogModuleManager: Shutting down and abandoning module UObjectPlugin (103)
[2016.01.10-13.56.03:873][980]LogModuleManager: Shutting down and abandoning module SubversionSourceControl (102)
[2016.01.10-13.56.03:873][980]LogModuleManager: Shutting down and abandoning module PerforceSourceControl (101)
[2016.01.10-13.56.03:873][980]LogModuleManager: Shutting down and abandoning module SourceControl (100)
[2016.01.10-13.56.03:873][980]LogModuleManager: Shutting down and abandoning module GitSourceControl (99)
[2016.01.10-13.56.03:873][980]LogModuleManager: Shutting down and abandoning module LightPropagationVolumeEditor (98)
[2016.01.10-13.56.03:873][980]LogModuleManager: Shutting down and abandoning module PaperTiledImporter (97)
[2016.01.10-13.56.03:873][980]LogModuleManager: Shutting down and abandoning module PaperSpriteSheetImporter (96)
[2016.01.10-13.56.03:873][980]LogModuleManager: Shutting down and abandoning module MeshPaint (95)
[2016.01.10-13.56.03:873][980]LogModuleManager: Shutting down and abandoning module SlateReflector (94)
[2016.01.10-13.56.03:873][980]LogModuleManager: Shutting down and abandoning module HotReload (93)
[2016.01.10-13.56.03:873][980]LogModuleManager: Shutting down and abandoning module MainFrame (92)
[2016.01.10-13.56.03:873][980]LogModuleManager: Shutting down and abandoning module LevelEditor (91)
[2016.01.10-13.56.03:874][980]LogModuleManager: Shutting down and abandoning module DirectoryWatcher (90)
[2016.01.10-13.56.03:874][980]LogModuleManager: Shutting down and abandoning module AssetRegistry (89)
[2016.01.10-13.56.03:982][980]LogModuleManager: Shutting down and abandoning module ContentBrowser (88)
[2016.01.10-13.56.03:983][980]LogModuleManager: Shutting down and abandoning module Paper2DEditor (87)
[2016.01.10-13.56.03:983][980]LogModuleManager: Shutting down and abandoning module UdpMessaging (86)
[2016.01.10-13.56.04:084][980]LogModuleManager: Shutting down and abandoning module LightPropagationVolumeRuntime (85)
[2016.01.10-13.56.04:084][980]LogModuleManager: Shutting down and abandoning module Paper2D (84)
[2016.01.10-13.56.04:084][980]LogModuleManager: Shutting down and abandoning module WindowsMoviePlayer (83)
[2016.01.10-13.56.04:084][980]LogModuleManager: Shutting down and abandoning module Media (82)
[2016.01.10-13.56.04:084][980]LogModuleManager: Shutting down and abandoning module WmfMedia (81)
[2016.01.10-13.56.04:084][980]LogModuleManager: Shutting down and abandoning module OnlineBlueprintSupport (80)
[2016.01.10-13.56.04:084][980]LogModuleManager: Shutting down and abandoning module GameplayTasksEditor (79)
[2016.01.10-13.56.04:084][980]LogModuleManager: Shutting down and abandoning module PropertyEditor (78)
[2016.01.10-13.56.04:084][980]LogModuleManager: Shutting down and abandoning module BehaviorTreeEditor (77)
[2016.01.10-13.56.04:084][980]LogModuleManager: Shutting down and abandoning module FunctionalTesting (76)
[2016.01.10-13.56.04:084][980]LogModuleManager: Shutting down and abandoning module CollisionAnalyzer (75)
[2016.01.10-13.56.04:084][980]LogModuleManager: Shutting down and abandoning module WorkspaceMenuStructure (74)
[2016.01.10-13.56.04:084][980]LogModuleManager: Shutting down and abandoning module MessageLog (73)
[2016.01.10-13.56.04:084][980]LogModuleManager: Shutting down and abandoning module Sequencer (72)
[2016.01.10-13.56.04:084][980]LogModuleManager: Shutting down and abandoning module AssetTools (71)
[2016.01.10-13.56.04:084][980]LogModuleManager: Shutting down and abandoning module UMGEditor (70)
[2016.01.10-13.56.04:084][980]LogModuleManager: Shutting down and abandoning module UMG (69)
[2016.01.10-13.56.04:085][980]LogModuleManager: Shutting down and abandoning module Slate (68)
[2016.01.10-13.56.04:085][980]LogModuleManager: Shutting down and abandoning module EditorStyle (67)
[2016.01.10-13.56.04:089][980]LogModuleManager: Shutting down and abandoning module SessionServices (66)
[2016.01.10-13.56.04:089][980]LogModuleManager: Shutting down and abandoning module SourceCodeAccess (65)
[2016.01.10-13.56.04:089][980]LogModuleManager: Shutting down and abandoning module HeadMountedDisplay (64)
[2016.01.10-13.56.04:089][980]LogModuleManager: Shutting down and abandoning module XAudio2 (63)
[2016.01.10-13.56.04:089][980]LogModuleManager: Shutting down and abandoning module Networking (61)
[2016.01.10-13.56.04:089][980]LogModuleManager: Shutting down and abandoning module Core (60)
[2016.01.10-13.56.04:089][980]LogModuleManager: Shutting down and abandoning module KismetCompiler (59)
[2016.01.10-13.56.04:089][980]LogModuleManager: Shutting down and abandoning module PhysXFormats (58)
[2016.01.10-13.56.04:089][980]LogModuleManager: Shutting down and abandoning module MeshUtilities (57)
[2016.01.10-13.56.04:089][980]LogModuleManager: Shutting down and abandoning module DerivedDataCache (56)
[2016.01.10-13.56.04:183][980]LogDerivedDataCache: Shutdown
[2016.01.10-13.56.04:183][980]LogModuleManager: Shutting down and abandoning module ShaderFormatOpenGL (55)
[2016.01.10-13.56.04:183][980]LogModuleManager: Shutting down and abandoning module ShaderFormatD3D (54)
[2016.01.10-13.56.04:183][980]LogModuleManager: Shutting down and abandoning module MetalShaderFormat (53)
[2016.01.10-13.56.04:183][980]LogModuleManager: Shutting down and abandoning module TextureFormatUncompressed (52)
[2016.01.10-13.56.04:183][980]LogModuleManager: Shutting down and abandoning module TextureFormatPVR (51)
[2016.01.10-13.56.04:183][980]LogModuleManager: Shutting down and abandoning module TextureFormatIntelISPCTexComp (50)
[2016.01.10-13.56.04:183][980]LogModuleManager: Shutting down and abandoning module TextureFormatDXT (49)
[2016.01.10-13.56.04:183][980]LogModuleManager: Shutting down and abandoning module ImageWrapper (48)
[2016.01.10-13.56.04:183][980]LogModuleManager: Shutting down and abandoning module TextureFormatASTC (47)
[2016.01.10-13.56.04:183][980]LogModuleManager: Shutting down and abandoning module TextureFormatAndroid (46)
[2016.01.10-13.56.04:183][980]LogModuleManager: Shutting down and abandoning module AudioFormatOpus (45)
[2016.01.10-13.56.04:183][980]LogModuleManager: Shutting down and abandoning module AudioFormatOgg (44)
[2016.01.10-13.56.04:183][980]LogModuleManager: Shutting down and abandoning module AudioFormatADPCM (43)
[2016.01.10-13.56.04:183][980]LogModuleManager: Shutting down and abandoning module LinuxTargetPlatform (42)
[2016.01.10-13.56.04:183][980]LogModuleManager: Shutting down and abandoning module LinuxServerTargetPlatform (41)
[2016.01.10-13.56.04:183][980]LogModuleManager: Shutting down and abandoning module LinuxNoEditorTargetPlatform (40)
[2016.01.10-13.56.04:183][980]LogModuleManager: Shutting down and abandoning module Messaging (39)
[2016.01.10-13.56.04:183][980]LogModuleManager: Shutting down and abandoning module IOSTargetPlatform (38)
[2016.01.10-13.56.04:183][980]LogModuleManager: Shutting down and abandoning module HTML5TargetPlatform (37)
[2016.01.10-13.56.04:183][980]LogModuleManager: Shutting down and abandoning module Android_PVRTCTargetPlatform (36)
[2016.01.10-13.56.04:183][980]LogModuleManager: Shutting down and abandoning module Android_MultiTargetPlatform (35)
[2016.01.10-13.56.04:183][980]LogModuleManager: Shutting down and abandoning module Android_ETC2TargetPlatform (34)
[2016.01.10-13.56.04:183][980]LogModuleManager: Shutting down and abandoning module Android_ETC1TargetPlatform (33)
[2016.01.10-13.56.04:183][980]LogModuleManager: Shutting down and abandoning module Android_DXTTargetPlatform (32)
[2016.01.10-13.56.04:183][980]LogModuleManager: Shutting down and abandoning module Android_ATCTargetPlatform (31)
[2016.01.10-13.56.04:183][980]LogModuleManager: Shutting down and abandoning module Android_ASTCTargetPlatform (30)
[2016.01.10-13.56.04:183][980]LogModuleManager: Shutting down and abandoning module AndroidTargetPlatform (29)
[2016.01.10-13.56.04:183][980]LogModuleManager: Shutting down and abandoning module WindowsTargetPlatform (28)
[2016.01.10-13.56.04:183][980]LogModuleManager: Shutting down and abandoning module WindowsServerTargetPlatform (27)
[2016.01.10-13.56.04:183][980]LogModuleManager: Shutting down and abandoning module WindowsNoEditorTargetPlatform (26)
[2016.01.10-13.56.04:183][980]LogModuleManager: Shutting down and abandoning module WindowsClientTargetPlatform (25)
[2016.01.10-13.56.04:183][980]LogModuleManager: Shutting down and abandoning module AllDesktopTargetPlatform (24)
[2016.01.10-13.56.04:183][980]LogModuleManager: Shutting down and abandoning module TargetPlatform (23)
[2016.01.10-13.56.04:183][980]LogModuleManager: Shutting down and abandoning module InputCore (22)
[2016.01.10-13.56.04:184][980]LogModuleManager: Shutting down and abandoning module Settings (21)
[2016.01.10-13.56.04:184][980]LogModuleManager: Shutting down and abandoning module OnlineSubsystem (19)
[2016.01.10-13.56.04:184][980]LogModuleManager: Shutting down and abandoning module HTTP (18)
[2016.01.10-13.56.06:186][980]LogModuleManager: Shutting down and abandoning module XMPP (17)
[2016.01.10-13.56.06:186][980]LogModuleManager: Shutting down and abandoning module OculusRift (16)
[2016.01.10-13.56.06:186][980]LogModuleManager: Shutting down and abandoning module ExampleDeviceProfileSelector (15)
[2016.01.10-13.56.06:186][980]LogModuleManager: Shutting down and abandoning module TextureCompressor (14)
[2016.01.10-13.56.06:186][980]LogModuleManager: Shutting down and abandoning module ShaderCore (13)
[2016.01.10-13.56.06:186][980]LogModuleManager: Shutting down and abandoning module Landscape (12)
[2016.01.10-13.56.06:187][980]LogModuleManager: Shutting down and abandoning module SlateRHIRenderer (11)
[2016.01.10-13.56.06:190][980]LogModuleManager: Shutting down and abandoning module OpenGLDrv (10)
[2016.01.10-13.56.06:190][980]LogModuleManager: Shutting down and abandoning module D3D11RHI (9)
[2016.01.10-13.56.06:190][980]LogModuleManager: Shutting down and abandoning module AnimGraphRuntime (8)
[2016.01.10-13.56.06:190][980]LogModuleManager: Shutting down and abandoning module Renderer (7)
[2016.01.10-13.56.06:190][980]LogModuleManager: Shutting down and abandoning module Engine (6)
[2016.01.10-13.56.06:190][980]LogModuleManager: Shutting down and abandoning module CoreUObject (5)
[2016.01.10-13.56.06:190][980]LogModuleManager: Shutting down and abandoning module NetworkFile (4)
[2016.01.10-13.56.06:190][980]LogModuleManager: Shutting down and abandoning module StreamingFile (3)
[2016.01.10-13.56.06:190][980]LogModuleManager: Shutting down and abandoning module SandboxFile (2)
[2016.01.10-13.56.06:190][980]LogModuleManager: Shutting down and abandoning module PakFile (1)
[2016.01.10-13.56.06:193][980]LogExit: Exiting.
[2016.01.10-13.56.06:230][980]Log file closed, 01/10/16 07:56:06
