[2016.01.06-21.23.32:937][  0]Log file open, 01/06/16 15:23:32
[2016.01.06-21.23.32:937][  0]LogInit:Display: Running engine for game: Project0Zero
[2016.01.06-21.23.32:937][  0]LogPlatformFile: Not using cached read wrapper
[2016.01.06-21.23.32:937][  0]LogInit:Display: RandInit(-875025418) SRandInit(-875025376).
[2016.01.06-21.23.32:937][  0]LogTaskGraph: Started task graph with 4 named threads and 7 total threads.
[2016.01.06-21.23.32:937][  0]LogStats: Stats thread started at 0.110855
[2016.01.06-21.23.32:937][  0]LogInit: Version: 4.10.1-2791327+++depot+UE4-Releases+4.10
[2016.01.06-21.23.32:937][  0]LogInit: API Version: 2758231
[2016.01.06-21.23.32:937][  0]LogInit: Compiled (64-bit): Dec  4 2015 19:44:40
[2016.01.06-21.23.32:937][  0]LogInit: Compiled with Visual C++: 19.00.23026.00
[2016.01.06-21.23.32:937][  0]LogInit: Build Configuration: Development
[2016.01.06-21.23.32:937][  0]LogInit: Branch Name: ++depot+UE4-Releases+4.10
[2016.01.06-21.23.32:937][  0]LogInit: Command line:  /Temp/Autosaves/Temp/UEDPCUntitled_1 -game -PIEVIACONSOLE -ResX=1280 -ResY=720  -Multiprocess 
[2016.01.06-21.23.32:937][  0]LogInit: Base directory: C:/Program Files/Epic Games/4.10/Engine/Binaries/Win64/
[2016.01.06-21.23.32:937][  0]LogInit: Rocket: 1
[2016.01.06-21.23.32:965][  0]LogInit: Using libcurl 7.41.0
[2016.01.06-21.23.32:965][  0]LogInit:  - built for x86_64-pc-win32
[2016.01.06-21.23.32:965][  0]LogInit:  - supports SSL with WinSSL
[2016.01.06-21.23.32:965][  0]LogInit:  - other features:
[2016.01.06-21.23.32:965][  0]LogInit:      CURL_VERSION_SSL
[2016.01.06-21.23.32:965][  0]LogInit:      CURL_VERSION_IPV6
[2016.01.06-21.23.32:965][  0]LogInit:      CURL_VERSION_ASYNCHDNS
[2016.01.06-21.23.32:965][  0]LogInit:      CURL_VERSION_LARGEFILE
[2016.01.06-21.23.32:965][  0]LogInit:      CURL_VERSION_IDN
[2016.01.06-21.23.32:965][  0]LogInit:  CurlRequestOptions (configurable via config and command line):
[2016.01.06-21.23.32:965][  0]LogInit:  - bVerifyPeer = true  - Libcurl will verify peer certificate
[2016.01.06-21.23.32:965][  0]LogInit:  - bUseHttpProxy = false  - Libcurl will NOT use HTTP proxy
[2016.01.06-21.23.32:965][  0]LogInit:  - bDontReuseConnections = false  - Libcurl will reuse connections
[2016.01.06-21.23.32:965][  0]LogInit:  - CertBundlePath = nullptr  - Libcurl will use whatever was configured at build time.
[2016.01.06-21.23.32:986][  0]LogInit: Presizing for 0 objects not considered by GC, pre-allocating 0 bytes.
[2016.01.06-21.23.32:997][  0]LogInit: Object subsystem initialized
[2016.01.06-21.23.32:999][  0]LogInit: Selected Device Profile: [Windows]
[2016.01.06-21.23.32:999][  0]LogInit: Applying CVar settings loaded from the selected device profile: [Windows]
[2016.01.06-21.23.33:005][  0]LogInit: Computer: COMPUTER_
[2016.01.06-21.23.33:005][  0]LogInit: User: seths000
[2016.01.06-21.23.33:005][  0]LogInit: CPU Page size=4096, Cores=4
[2016.01.06-21.23.33:005][  0]LogInit: High frequency timer resolution =14.318180 MHz
[2016.01.06-21.23.33:005][  0]LogMemory: Memory total: Physical=8.0GB (8GB approx)
[2016.01.06-21.23.33:005][  0]LogMemory: Platform Memory Stats for Windows
[2016.01.06-21.23.33:005][  0]LogMemory: Process Physical Memory: 56.11 MB used, 56.11 MB peak
[2016.01.06-21.23.33:005][  0]LogMemory: Process Virtual Memory: 56.91 MB used, 56.91 MB peak
[2016.01.06-21.23.33:005][  0]LogMemory: Physical Memory: 4707.21 MB used, 8173.55 MB total
[2016.01.06-21.23.33:005][  0]LogMemory: Virtual Memory: 379.86 MB used, 134217728.00 MB total
[2016.01.06-21.23.33:070][  0]LogTextLocalizationManager: No specific translations for ('en-US') exist, so ('en') translations will be used.
[2016.01.06-21.23.33:827][  0]LogD3D11RHI: Found D3D11 adapter 0: AMD Radeon HD 7900 Series (Feature Level 11_0)
[2016.01.06-21.23.33:827][  0]LogD3D11RHI: Adapter has 3054MB of dedicated video memory, 0MB of dedicated system memory, and 4086MB of shared system memory, 1 output[s]
[2016.01.06-21.23.33:829][  0]LogD3D11RHI: Found D3D11 adapter 1: Microsoft Basic Render Driver (Feature Level 11_0)
[2016.01.06-21.23.33:829][  0]LogD3D11RHI: Adapter has 0MB of dedicated video memory, 0MB of dedicated system memory, and 4086MB of shared system memory, 0 output[s]
[2016.01.06-21.23.33:829][  0]LogD3D11RHI: Chosen D3D11 Adapter Id = 0
[2016.01.06-21.23.33:846][  0]LogD3D11RHI: !Direct3DDevice
[2016.01.06-21.23.33:846][  0]LogRHI: Texture pool is 1361 MB (70% of 1945 MB)
[2016.01.06-21.23.33:856][  0]LogD3D11RHI: Async texture creation disabled: no driver support
[2016.01.06-21.23.33:871][  0]LogShaderCompilers: Guid format shader working directory is -38 characters bigger than the processId version (../../../../../../Users/seths_000/Dropbox (Project0)/Project0 Team Folder/Project0Zero/Intermediate/Shaders/WorkingDirectory/21816/).
[2016.01.06-21.23.33:871][  0]LogShaderCompilers: Cleaned the shader compiler working directory 'C:/Users/SETHS_~1/AppData/Local/Temp/UnrealShaderWorkingDir/6DF1B1F6479E913A9495E6A09B1D20AB/'.
[2016.01.06-21.23.33:871][  0]LogShaderCompilers:Display: Using Local Shader Compiler.
[2016.01.06-21.23.35:228][  0]LogTemp:Display: Loaded TP AllDesktopTargetPlatform
[2016.01.06-21.23.35:241][  0]LogTemp:Display: Loaded TP WindowsClientTargetPlatform
[2016.01.06-21.23.35:254][  0]LogTemp:Display: Loaded TP WindowsNoEditorTargetPlatform
[2016.01.06-21.23.35:267][  0]LogTemp:Display: Loaded TP WindowsServerTargetPlatform
[2016.01.06-21.23.35:276][  0]LogTemp:Display: Loaded TP WindowsTargetPlatform
[2016.01.06-21.23.35:286][  0]LogTemp:Display: Loaded TP AndroidTargetPlatform
[2016.01.06-21.23.35:291][  0]LogTemp:Display: Loaded TP Android_ASTCTargetPlatform
[2016.01.06-21.23.35:296][  0]LogTemp:Display: Loaded TP Android_ATCTargetPlatform
[2016.01.06-21.23.35:302][  0]LogTemp:Display: Loaded TP Android_DXTTargetPlatform
[2016.01.06-21.23.35:308][  0]LogTemp:Display: Loaded TP Android_ETC1TargetPlatform
[2016.01.06-21.23.35:314][  0]LogTemp:Display: Loaded TP Android_ETC2TargetPlatform
[2016.01.06-21.23.35:327][  0]LogTemp:Display: Loaded TP Android_MultiTargetPlatform
[2016.01.06-21.23.35:327][  0]LogTemp:Display: Loaded TP Android_PVRTCTargetPlatform
[2016.01.06-21.23.35:329][  0]LogTemp:Display: Loaded TP HTML5TargetPlatform
[2016.01.06-21.23.35:357][  0]LogTemp:Display: Loaded TP IOSTargetPlatform
[2016.01.06-21.23.35:361][  0]LogTemp:Display: Loaded TP LinuxNoEditorTargetPlatform
[2016.01.06-21.23.35:367][  0]LogTemp:Display: Loaded TP LinuxServerTargetPlatform
[2016.01.06-21.23.35:372][  0]LogTemp:Display: Loaded TP LinuxTargetPlatform
[2016.01.06-21.23.35:373][  0]LogTargetPlatformManager:Display: Building Assets For Windows
[2016.01.06-21.23.35:523][  0]LogDerivedDataCache:Display: Max Cache Size: 512 MB
[2016.01.06-21.23.35:679][  0]LogDerivedDataCache: Loaded boot cache 0.16s 41MB C:/Users/seths_000/AppData/Local/UnrealEngine/4.10/DerivedDataCache/Boot.ddc.
[2016.01.06-21.23.35:679][  0]LogDerivedDataCache:Display: Loaded Boot cache: C:/Users/seths_000/AppData/Local/UnrealEngine/4.10/DerivedDataCache/Boot.ddc
[2016.01.06-21.23.35:679][  0]LogDerivedDataCache: FDerivedDataBackendGraph:  Pak pak cache file ../../../../../../Users/seths_000/Dropbox (Project0)/Project0 Team Folder/Project0Zero/DerivedDataCache/DDC.ddp not found, will not use a pak cache.
[2016.01.06-21.23.35:679][  0]LogDerivedDataCache: Unable to find inner node Pak for hierarchical cache Hierarchy.
[2016.01.06-21.23.35:679][  0]LogDerivedDataCache: FDerivedDataBackendGraph:  CompressedPak pak cache file ../../../../../../Users/seths_000/Dropbox (Project0)/Project0 Team Folder/Project0Zero/DerivedDataCache/Compressed.ddp not found, will not use a pak cache.
[2016.01.06-21.23.35:679][  0]LogDerivedDataCache: Unable to find inner node CompressedPak for hierarchical cache Hierarchy.
[2016.01.06-21.23.35:793][  0]LogDerivedDataCache:Display: Pak cache opened for reading ../../../Engine/DerivedDataCache/Compressed.ddp.
[2016.01.06-21.23.35:806][  0]LogDerivedDataCache: Using Local data cache path C:/Users/seths_000/AppData/Local/UnrealEngine/Common/DerivedDataCache: Writable
[2016.01.06-21.23.36:169][  0]LogInit: Selected Device Profile: [Windows]
[2016.01.06-21.23.36:176][  0]LogContentStreaming: Texture pool size is 1000.000000MB
[2016.01.06-21.23.36:363][  0]LogMeshUtilities: No automatic mesh reduction module available
[2016.01.06-21.23.36:363][  0]LogMeshUtilities: No automatic mesh merging module available
[2016.01.06-21.23.36:825][  0]LogInit: WinSock: version 1.1 (2.2), MaxSocks=32767, MaxUdp=65467
[2016.01.06-21.23.37:155][  0]LogWindowsMoviePlayer: Unable to load movie: ../../../../../../Users/seths_000/Dropbox (Project0)/Project0 Team Folder/Project0Zero/Content/Movies/Default_Startup.mp4
[2016.01.06-21.23.37:281][  0]SourceControl: Info Source control is disabled
[2016.01.06-21.23.37:281][  0]SourceControl: Info Source control is disabled
[2016.01.06-21.23.37:295][  0]SourceControl: Info Source control is disabled
[2016.01.06-21.23.37:555][  0]LogObj: 27935 objects as part of root set at end of initial load.
[2016.01.06-21.23.37:555][  0]LogUObjectAllocator: 5830072 out of 0 bytes used by permanent object pool.
[2016.01.06-21.23.37:632][  0]LogEngine: Initializing Engine...
[2016.01.06-21.23.37:637][  0]LogHMD: Can't find Oculus library dev build: is proper Runtime installed? Version: 0.8.0.0
[2016.01.06-21.23.37:642][  0]LogHMD: SteamVR failed to initialize.  Err: 108
[2016.01.06-21.23.37:819][  0]LogInit: XAudio2 using 'Speakers (5- Logitech G35 Headset)' : 2 channels at 44.1 kHz using 16 bits per sample (channel mask 0x3)
[2016.01.06-21.23.37:836][  0]LogInit: FAudioDevice initialized.
[2016.01.06-21.23.37:857][  0]LogInit: Texture streaming: Enabled
[2016.01.06-21.23.37:947][  0]LogNet: Browse: /Temp/Autosaves/Temp/UEDPCUntitled_1?Name=Player
[2016.01.06-21.23.37:947][  0]LogLoad: LoadMap: /Temp/Autosaves/Temp/UEDPCUntitled_1?Name=Player
[2016.01.06-21.23.37:969][  0]LogParticles: Destroying 0 GPU particle simulations for FXSystem 0x000000C69D8FEF20
[2016.01.06-21.23.37:986][  0]LogMemory: Platform Memory Stats for Windows
[2016.01.06-21.23.37:986][  0]LogMemory: Process Physical Memory: 371.27 MB used, 371.27 MB peak
[2016.01.06-21.23.37:986][  0]LogMemory: Process Virtual Memory: 447.18 MB used, 447.18 MB peak
[2016.01.06-21.23.37:986][  0]LogMemory: Physical Memory: 4978.11 MB used, 8173.55 MB total
[2016.01.06-21.23.37:986][  0]LogMemory: Virtual Memory: 1020.19 MB used, 134217728.00 MB total
[2016.01.06-21.23.37:986][  0]LogMemory: 
[2016.01.06-21.23.37:986][  0]Allocator Stats for TBB: (not implemented)
[2016.01.06-21.23.38:262][  0]LogAIModule: Creating AISystem for world Untitled_1
[2016.01.06-21.23.38:323][  0]LogWorld: Game class is 'Sandbox_C'
[2016.01.06-21.23.38:328][  0]LogWorld: Bringing World /Temp/Autosaves/Temp/UEDPCUntitled_1.Untitled_1 up for play (max tick rate 0) at 2016.01.06-15.23.38
[2016.01.06-21.23.38:329][  0]LogWorld: Bringing up level for play took: 0.002712
[2016.01.06-21.23.38:332][  0]LogInit:Display: Game Engine Initialized.
[2016.01.06-21.23.38:560][  0]LogLoad: Full Startup: 6.10 seconds (BP compile: 0.08 seconds)
[2016.01.06-21.23.38:583][  0]LogOcInput: Can't find Oculus library dev build: is proper Runtime installed? Version: 0.8.0.0
[2016.01.06-21.23.38:700][  2]LogRenderer: Reallocating scene render targets to support 1280x720 (Frame:2).
[2016.01.06-21.23.53:052][882]LogWindowsTextInputMethodSystem:Display: IME system now deactivated.
[2016.01.06-21.23.53:059][882]LogEngine: All Windows Closed
[2016.01.06-21.23.53:059][882]LogWindows: FPlatformMisc::RequestExit(0)
[2016.01.06-21.23.53:650][883]LogExit: Preparing to exit.
[2016.01.06-21.23.53:718][883]LogExit: Game engine shut down
[2016.01.06-21.23.53:720][883]LogParticles: Destroying 0 GPU particle simulations for FXSystem 0x000000C69DFD1440
[2016.01.06-21.23.53:947][883]LogExit: Object subsystem successfully closed.
[2016.01.06-21.23.53:963][883]LogD3D11RHI: Shutdown
[2016.01.06-21.23.53:963][883]LogD3D11RHI: CleanupD3DDevice
[2016.01.06-21.23.54:050][883]LogD3D11RHI: ~FD3D11DynamicRHI
[2016.01.06-21.23.54:067][883]LogModuleManager: Shutting down and abandoning module AndroidDeviceDetection (117)
[2016.01.06-21.23.54:582][883]LogModuleManager: Shutting down and abandoning module AutomationController (116)
[2016.01.06-21.23.54:582][883]LogModuleManager: Shutting down and abandoning module AutomationWorker (115)
[2016.01.06-21.23.54:582][883]LogModuleManager: Shutting down and abandoning module CharacterAI (114)
[2016.01.06-21.23.54:582][883]LogModuleManager: Shutting down and abandoning module AITestSuite (113)
[2016.01.06-21.23.54:582][883]LogModuleManager: Shutting down and abandoning module GameplayDebugger (112)
[2016.01.06-21.23.54:582][883]LogModuleManager: Shutting down and abandoning module AIModule (111)
[2016.01.06-21.23.54:582][883]LogModuleManager: Shutting down and abandoning module MovieSceneCapture (110)
[2016.01.06-21.23.54:582][883]LogModuleManager: Shutting down and abandoning module GameLiveStreaming (109)
[2016.01.06-21.23.54:582][883]LogModuleManager: Shutting down and abandoning module StreamingPauseRendering (108)
[2016.01.06-21.23.54:582][883]LogModuleManager: Shutting down and abandoning module ProfilerService (107)
[2016.01.06-21.23.54:825][883]LogModuleManager: Shutting down and abandoning module TaskGraph (106)
[2016.01.06-21.23.54:825][883]LogModuleManager: Shutting down and abandoning module SlateRemote (105)
[2016.01.06-21.23.54:825][883]LogModuleManager: Shutting down and abandoning module SteamVRController (104)
[2016.01.06-21.23.54:825][883]LogModuleManager: Shutting down and abandoning module SteamVR (103)
[2016.01.06-21.23.54:825][883]LogModuleManager: Shutting down and abandoning module ProceduralMeshComponent (102)
[2016.01.06-21.23.54:825][883]LogModuleManager: Shutting down and abandoning module OculusLibrary (101)
[2016.01.06-21.23.54:825][883]LogModuleManager: Shutting down and abandoning module OculusInput (100)
[2016.01.06-21.23.54:825][883]LogModuleManager: Shutting down and abandoning module LeapMotionController (99)
[2016.01.06-21.23.54:868][883]LogModuleManager: Shutting down and abandoning module CustomMeshComponent (98)
[2016.01.06-21.23.54:868][883]LogModuleManager: Shutting down and abandoning module CableComponent (97)
[2016.01.06-21.23.54:868][883]LogModuleManager: Shutting down and abandoning module ArchVisCharacter (96)
[2016.01.06-21.23.54:868][883]LogModuleManager: Shutting down and abandoning module HTML5Networking (95)
[2016.01.06-21.23.54:868][883]LogModuleManager: Shutting down and abandoning module DesktopPlatform (94)
[2016.01.06-21.23.54:868][883]LogModuleManager: Shutting down and abandoning module DirectoryWatcher (93)
[2016.01.06-21.23.54:868][883]LogModuleManager: Shutting down and abandoning module HotReload (92)
[2016.01.06-21.23.54:868][883]LogModuleManager: Shutting down and abandoning module VisualStudioSourceCodeAccess (91)
[2016.01.06-21.23.54:868][883]LogModuleManager: Shutting down and abandoning module UObjectPlugin (90)
[2016.01.06-21.23.54:868][883]LogModuleManager: Shutting down and abandoning module SubversionSourceControl (89)
[2016.01.06-21.23.54:868][883]LogModuleManager: Shutting down and abandoning module SourceControl (88)
[2016.01.06-21.23.54:868][883]LogModuleManager: Shutting down and abandoning module PerforceSourceControl (87)
[2016.01.06-21.23.54:868][883]LogModuleManager: Shutting down and abandoning module UdpMessaging (86)
[2016.01.06-21.23.54:868][883]LogModuleManager: Shutting down and abandoning module LightPropagationVolumeRuntime (85)
[2016.01.06-21.23.54:868][883]LogModuleManager: Shutting down and abandoning module Paper2D (84)
[2016.01.06-21.23.54:868][883]LogModuleManager: Shutting down and abandoning module WindowsMoviePlayer (83)
[2016.01.06-21.23.54:874][883]LogModuleManager: Shutting down and abandoning module Media (82)
[2016.01.06-21.23.54:874][883]LogModuleManager: Shutting down and abandoning module WmfMedia (81)
[2016.01.06-21.23.54:875][883]LogModuleManager: Shutting down and abandoning module OnlineBlueprintSupport (80)
[2016.01.06-21.23.54:875][883]LogModuleManager: Shutting down and abandoning module GameplayTasksEditor (79)
[2016.01.06-21.23.54:875][883]LogModuleManager: Shutting down and abandoning module PropertyEditor (78)
[2016.01.06-21.23.54:875][883]LogModuleManager: Shutting down and abandoning module BehaviorTreeEditor (77)
[2016.01.06-21.23.54:875][883]LogModuleManager: Shutting down and abandoning module FunctionalTesting (76)
[2016.01.06-21.23.54:875][883]LogModuleManager: Shutting down and abandoning module CollisionAnalyzer (75)
[2016.01.06-21.23.54:875][883]LogModuleManager: Shutting down and abandoning module WorkspaceMenuStructure (74)
[2016.01.06-21.23.54:875][883]LogModuleManager: Shutting down and abandoning module MessageLog (73)
[2016.01.06-21.23.54:875][883]LogModuleManager: Shutting down and abandoning module Sequencer (72)
[2016.01.06-21.23.54:875][883]LogModuleManager: Shutting down and abandoning module AssetTools (71)
[2016.01.06-21.23.54:875][883]LogModuleManager: Shutting down and abandoning module UMGEditor (70)
[2016.01.06-21.23.54:875][883]LogModuleManager: Shutting down and abandoning module UMG (69)
[2016.01.06-21.23.54:875][883]LogModuleManager: Shutting down and abandoning module Slate (68)
[2016.01.06-21.23.54:875][883]LogModuleManager: Shutting down and abandoning module EditorStyle (67)
[2016.01.06-21.23.54:879][883]LogModuleManager: Shutting down and abandoning module SessionServices (66)
[2016.01.06-21.23.54:879][883]LogModuleManager: Shutting down and abandoning module SourceCodeAccess (65)
[2016.01.06-21.23.54:879][883]LogModuleManager: Shutting down and abandoning module HeadMountedDisplay (64)
[2016.01.06-21.23.54:879][883]LogModuleManager: Shutting down and abandoning module XAudio2 (63)
[2016.01.06-21.23.54:879][883]LogModuleManager: Shutting down and abandoning module Networking (61)
[2016.01.06-21.23.54:879][883]LogModuleManager: Shutting down and abandoning module Core (60)
[2016.01.06-21.23.54:879][883]LogModuleManager: Shutting down and abandoning module KismetCompiler (59)
[2016.01.06-21.23.54:879][883]LogModuleManager: Shutting down and abandoning module PhysXFormats (58)
[2016.01.06-21.23.54:879][883]LogModuleManager: Shutting down and abandoning module MeshUtilities (57)
[2016.01.06-21.23.54:879][883]LogModuleManager: Shutting down and abandoning module DerivedDataCache (56)
[2016.01.06-21.23.55:306][883]LogDerivedDataCache: Shutdown
[2016.01.06-21.23.55:306][883]LogModuleManager: Shutting down and abandoning module ShaderFormatOpenGL (55)
[2016.01.06-21.23.55:306][883]LogModuleManager: Shutting down and abandoning module ShaderFormatD3D (54)
[2016.01.06-21.23.55:306][883]LogModuleManager: Shutting down and abandoning module MetalShaderFormat (53)
[2016.01.06-21.23.55:306][883]LogModuleManager: Shutting down and abandoning module TextureFormatUncompressed (52)
[2016.01.06-21.23.55:306][883]LogModuleManager: Shutting down and abandoning module TextureFormatPVR (51)
[2016.01.06-21.23.55:306][883]LogModuleManager: Shutting down and abandoning module TextureFormatIntelISPCTexComp (50)
[2016.01.06-21.23.55:306][883]LogModuleManager: Shutting down and abandoning module TextureFormatDXT (49)
[2016.01.06-21.23.55:306][883]LogModuleManager: Shutting down and abandoning module ImageWrapper (48)
[2016.01.06-21.23.55:306][883]LogModuleManager: Shutting down and abandoning module TextureFormatASTC (47)
[2016.01.06-21.23.55:306][883]LogModuleManager: Shutting down and abandoning module TextureFormatAndroid (46)
[2016.01.06-21.23.55:306][883]LogModuleManager: Shutting down and abandoning module AudioFormatOpus (45)
[2016.01.06-21.23.55:306][883]LogModuleManager: Shutting down and abandoning module AudioFormatOgg (44)
[2016.01.06-21.23.55:307][883]LogModuleManager: Shutting down and abandoning module AudioFormatADPCM (43)
[2016.01.06-21.23.55:307][883]LogModuleManager: Shutting down and abandoning module LinuxTargetPlatform (42)
[2016.01.06-21.23.55:307][883]LogModuleManager: Shutting down and abandoning module LinuxServerTargetPlatform (41)
[2016.01.06-21.23.55:307][883]LogModuleManager: Shutting down and abandoning module LinuxNoEditorTargetPlatform (40)
[2016.01.06-21.23.55:307][883]LogModuleManager: Shutting down and abandoning module Messaging (39)
[2016.01.06-21.23.55:307][883]LogModuleManager: Shutting down and abandoning module IOSTargetPlatform (38)
[2016.01.06-21.23.55:307][883]LogModuleManager: Shutting down and abandoning module HTML5TargetPlatform (37)
[2016.01.06-21.23.55:307][883]LogModuleManager: Shutting down and abandoning module Android_PVRTCTargetPlatform (36)
[2016.01.06-21.23.55:307][883]LogModuleManager: Shutting down and abandoning module Android_MultiTargetPlatform (35)
[2016.01.06-21.23.55:307][883]LogModuleManager: Shutting down and abandoning module Android_ETC2TargetPlatform (34)
[2016.01.06-21.23.55:307][883]LogModuleManager: Shutting down and abandoning module Android_ETC1TargetPlatform (33)
[2016.01.06-21.23.55:307][883]LogModuleManager: Shutting down and abandoning module Android_DXTTargetPlatform (32)
[2016.01.06-21.23.55:307][883]LogModuleManager: Shutting down and abandoning module Android_ATCTargetPlatform (31)
[2016.01.06-21.23.55:307][883]LogModuleManager: Shutting down and abandoning module Android_ASTCTargetPlatform (30)
[2016.01.06-21.23.55:307][883]LogModuleManager: Shutting down and abandoning module AndroidTargetPlatform (29)
[2016.01.06-21.23.55:307][883]LogModuleManager: Shutting down and abandoning module WindowsTargetPlatform (28)
[2016.01.06-21.23.55:307][883]LogModuleManager: Shutting down and abandoning module WindowsServerTargetPlatform (27)
[2016.01.06-21.23.55:307][883]LogModuleManager: Shutting down and abandoning module WindowsNoEditorTargetPlatform (26)
[2016.01.06-21.23.55:307][883]LogModuleManager: Shutting down and abandoning module WindowsClientTargetPlatform (25)
[2016.01.06-21.23.55:307][883]LogModuleManager: Shutting down and abandoning module AllDesktopTargetPlatform (24)
[2016.01.06-21.23.55:307][883]LogModuleManager: Shutting down and abandoning module TargetPlatform (23)
[2016.01.06-21.23.55:307][883]LogModuleManager: Shutting down and abandoning module InputCore (22)
[2016.01.06-21.23.55:307][883]LogModuleManager: Shutting down and abandoning module Settings (21)
[2016.01.06-21.23.55:307][883]LogModuleManager: Shutting down and abandoning module OnlineSubsystem (19)
[2016.01.06-21.23.55:307][883]LogModuleManager: Shutting down and abandoning module HTTP (18)
[2016.01.06-21.23.55:308][883]LogModuleManager: Shutting down and abandoning module XMPP (17)
[2016.01.06-21.23.55:308][883]LogModuleManager: Shutting down and abandoning module OculusRift (16)
[2016.01.06-21.23.55:308][883]LogModuleManager: Shutting down and abandoning module ExampleDeviceProfileSelector (15)
[2016.01.06-21.23.55:308][883]LogModuleManager: Shutting down and abandoning module TextureCompressor (14)
[2016.01.06-21.23.55:308][883]LogModuleManager: Shutting down and abandoning module ShaderCore (13)
[2016.01.06-21.23.55:308][883]LogModuleManager: Shutting down and abandoning module Landscape (12)
[2016.01.06-21.23.55:308][883]LogModuleManager: Shutting down and abandoning module SlateRHIRenderer (11)
[2016.01.06-21.23.55:309][883]LogModuleManager: Shutting down and abandoning module OpenGLDrv (10)
[2016.01.06-21.23.55:309][883]LogModuleManager: Shutting down and abandoning module D3D11RHI (9)
[2016.01.06-21.23.55:309][883]LogModuleManager: Shutting down and abandoning module AnimGraphRuntime (8)
[2016.01.06-21.23.55:309][883]LogModuleManager: Shutting down and abandoning module Renderer (7)
[2016.01.06-21.23.55:309][883]LogModuleManager: Shutting down and abandoning module Engine (6)
[2016.01.06-21.23.55:309][883]LogModuleManager: Shutting down and abandoning module CoreUObject (5)
[2016.01.06-21.23.55:309][883]LogModuleManager: Shutting down and abandoning module NetworkFile (4)
[2016.01.06-21.23.55:309][883]LogModuleManager: Shutting down and abandoning module StreamingFile (3)
[2016.01.06-21.23.55:309][883]LogModuleManager: Shutting down and abandoning module SandboxFile (2)
[2016.01.06-21.23.55:309][883]LogModuleManager: Shutting down and abandoning module PakFile (1)
[2016.01.06-21.23.55:311][883]LogExit: Exiting.
[2016.01.06-21.23.55:316][883]Log file closed, 01/06/16 15:23:55
